[2022-03-03 19:11:17,116] {scheduler_job.py:154} INFO - Started process (PID=19177) to work on /run/datapipeline/airflow/dags/twitter_dag.py
[2022-03-03 19:11:17,117] {scheduler_job.py:1572} INFO - Processing file /run/datapipeline/airflow/dags/twitter_dag.py for tasks to queue
[2022-03-03 19:11:17,117] {logging_mixin.py:112} INFO - [2022-03-03 19:11:17,117] {dagbag.py:417} INFO - Filling up the DagBag from /run/datapipeline/airflow/dags/twitter_dag.py
[2022-03-03 19:11:17,120] {logging_mixin.py:112} WARNING - /run/datapipeline/airflow/dags/twitter_dag.py:6: FutureWarning: Importing 'TwitterOperator' from under 'airflow.operators.*' has been deprecated and should be directly imported as 'operators.twitter_operator.TwitterOperator' instead.

Support for importing from within the airflow namespace for plugins will be dropped entirely in Airflow 2.0. See <http://airflow.apache.org/docs/stable/howto/custom-operator.html>.
  from airflow.operators.alura import TwitterOperator
[2022-03-03 19:11:17,123] {scheduler_job.py:1584} INFO - DAG(s) dict_keys(['twitter_dag']) retrieved from /run/datapipeline/airflow/dags/twitter_dag.py
[2022-03-03 19:11:17,136] {scheduler_job.py:162} INFO - Processing /run/datapipeline/airflow/dags/twitter_dag.py took 0.019 seconds
[2022-03-03 19:12:09,171] {scheduler_job.py:154} INFO - Started process (PID=20020) to work on /run/datapipeline/airflow/dags/twitter_dag.py
[2022-03-03 19:12:09,172] {scheduler_job.py:1572} INFO - Processing file /run/datapipeline/airflow/dags/twitter_dag.py for tasks to queue
[2022-03-03 19:12:09,172] {logging_mixin.py:112} INFO - [2022-03-03 19:12:09,172] {dagbag.py:417} INFO - Filling up the DagBag from /run/datapipeline/airflow/dags/twitter_dag.py
[2022-03-03 19:12:09,175] {logging_mixin.py:112} WARNING - /run/datapipeline/airflow/dags/twitter_dag.py:6: FutureWarning: Importing 'TwitterOperator' from under 'airflow.operators.*' has been deprecated and should be directly imported as 'operators.twitter_operator.TwitterOperator' instead.

Support for importing from within the airflow namespace for plugins will be dropped entirely in Airflow 2.0. See <http://airflow.apache.org/docs/stable/howto/custom-operator.html>.
  from airflow.operators.alura import TwitterOperator
[2022-03-03 19:12:09,179] {scheduler_job.py:1584} INFO - DAG(s) dict_keys(['twitter_dag']) retrieved from /run/datapipeline/airflow/dags/twitter_dag.py
[2022-03-03 19:12:09,192] {scheduler_job.py:162} INFO - Processing /run/datapipeline/airflow/dags/twitter_dag.py took 0.021 seconds
[2022-03-03 19:13:01,224] {scheduler_job.py:154} INFO - Started process (PID=20836) to work on /run/datapipeline/airflow/dags/twitter_dag.py
[2022-03-03 19:13:01,225] {scheduler_job.py:1572} INFO - Processing file /run/datapipeline/airflow/dags/twitter_dag.py for tasks to queue
[2022-03-03 19:13:01,225] {logging_mixin.py:112} INFO - [2022-03-03 19:13:01,225] {dagbag.py:417} INFO - Filling up the DagBag from /run/datapipeline/airflow/dags/twitter_dag.py
[2022-03-03 19:13:01,227] {logging_mixin.py:112} WARNING - /run/datapipeline/airflow/dags/twitter_dag.py:6: FutureWarning: Importing 'TwitterOperator' from under 'airflow.operators.*' has been deprecated and should be directly imported as 'operators.twitter_operator.TwitterOperator' instead.

Support for importing from within the airflow namespace for plugins will be dropped entirely in Airflow 2.0. See <http://airflow.apache.org/docs/stable/howto/custom-operator.html>.
  from airflow.operators.alura import TwitterOperator
[2022-03-03 19:13:01,231] {scheduler_job.py:1584} INFO - DAG(s) dict_keys(['twitter_dag']) retrieved from /run/datapipeline/airflow/dags/twitter_dag.py
[2022-03-03 19:13:01,248] {scheduler_job.py:162} INFO - Processing /run/datapipeline/airflow/dags/twitter_dag.py took 0.024 seconds
[2022-03-03 19:13:53,279] {scheduler_job.py:154} INFO - Started process (PID=21756) to work on /run/datapipeline/airflow/dags/twitter_dag.py
[2022-03-03 19:13:53,280] {scheduler_job.py:1572} INFO - Processing file /run/datapipeline/airflow/dags/twitter_dag.py for tasks to queue
[2022-03-03 19:13:53,280] {logging_mixin.py:112} INFO - [2022-03-03 19:13:53,280] {dagbag.py:417} INFO - Filling up the DagBag from /run/datapipeline/airflow/dags/twitter_dag.py
[2022-03-03 19:13:53,282] {logging_mixin.py:112} WARNING - /run/datapipeline/airflow/dags/twitter_dag.py:6: FutureWarning: Importing 'TwitterOperator' from under 'airflow.operators.*' has been deprecated and should be directly imported as 'operators.twitter_operator.TwitterOperator' instead.

Support for importing from within the airflow namespace for plugins will be dropped entirely in Airflow 2.0. See <http://airflow.apache.org/docs/stable/howto/custom-operator.html>.
  from airflow.operators.alura import TwitterOperator
[2022-03-03 19:13:53,285] {scheduler_job.py:1584} INFO - DAG(s) dict_keys(['twitter_dag']) retrieved from /run/datapipeline/airflow/dags/twitter_dag.py
[2022-03-03 19:13:53,296] {scheduler_job.py:162} INFO - Processing /run/datapipeline/airflow/dags/twitter_dag.py took 0.017 seconds
[2022-03-03 19:14:45,336] {scheduler_job.py:154} INFO - Started process (PID=22610) to work on /run/datapipeline/airflow/dags/twitter_dag.py
[2022-03-03 19:14:45,337] {scheduler_job.py:1572} INFO - Processing file /run/datapipeline/airflow/dags/twitter_dag.py for tasks to queue
[2022-03-03 19:14:45,338] {logging_mixin.py:112} INFO - [2022-03-03 19:14:45,338] {dagbag.py:417} INFO - Filling up the DagBag from /run/datapipeline/airflow/dags/twitter_dag.py
[2022-03-03 19:14:45,340] {logging_mixin.py:112} WARNING - /run/datapipeline/airflow/dags/twitter_dag.py:6: FutureWarning: Importing 'TwitterOperator' from under 'airflow.operators.*' has been deprecated and should be directly imported as 'operators.twitter_operator.TwitterOperator' instead.

Support for importing from within the airflow namespace for plugins will be dropped entirely in Airflow 2.0. See <http://airflow.apache.org/docs/stable/howto/custom-operator.html>.
  from airflow.operators.alura import TwitterOperator
[2022-03-03 19:14:45,344] {scheduler_job.py:1584} INFO - DAG(s) dict_keys(['twitter_dag']) retrieved from /run/datapipeline/airflow/dags/twitter_dag.py
[2022-03-03 19:14:45,356] {scheduler_job.py:162} INFO - Processing /run/datapipeline/airflow/dags/twitter_dag.py took 0.020 seconds
[2022-03-03 19:15:37,390] {scheduler_job.py:154} INFO - Started process (PID=23533) to work on /run/datapipeline/airflow/dags/twitter_dag.py
[2022-03-03 19:15:37,391] {scheduler_job.py:1572} INFO - Processing file /run/datapipeline/airflow/dags/twitter_dag.py for tasks to queue
[2022-03-03 19:15:37,391] {logging_mixin.py:112} INFO - [2022-03-03 19:15:37,391] {dagbag.py:417} INFO - Filling up the DagBag from /run/datapipeline/airflow/dags/twitter_dag.py
[2022-03-03 19:15:37,393] {logging_mixin.py:112} WARNING - /run/datapipeline/airflow/dags/twitter_dag.py:6: FutureWarning: Importing 'TwitterOperator' from under 'airflow.operators.*' has been deprecated and should be directly imported as 'operators.twitter_operator.TwitterOperator' instead.

Support for importing from within the airflow namespace for plugins will be dropped entirely in Airflow 2.0. See <http://airflow.apache.org/docs/stable/howto/custom-operator.html>.
  from airflow.operators.alura import TwitterOperator
[2022-03-03 19:15:37,397] {scheduler_job.py:1584} INFO - DAG(s) dict_keys(['twitter_dag']) retrieved from /run/datapipeline/airflow/dags/twitter_dag.py
[2022-03-03 19:15:37,407] {scheduler_job.py:162} INFO - Processing /run/datapipeline/airflow/dags/twitter_dag.py took 0.018 seconds
[2022-03-03 19:16:29,445] {scheduler_job.py:154} INFO - Started process (PID=24483) to work on /run/datapipeline/airflow/dags/twitter_dag.py
[2022-03-03 19:16:29,447] {scheduler_job.py:1572} INFO - Processing file /run/datapipeline/airflow/dags/twitter_dag.py for tasks to queue
[2022-03-03 19:16:29,447] {logging_mixin.py:112} INFO - [2022-03-03 19:16:29,447] {dagbag.py:417} INFO - Filling up the DagBag from /run/datapipeline/airflow/dags/twitter_dag.py
[2022-03-03 19:16:29,449] {logging_mixin.py:112} WARNING - /run/datapipeline/airflow/dags/twitter_dag.py:6: FutureWarning: Importing 'TwitterOperator' from under 'airflow.operators.*' has been deprecated and should be directly imported as 'operators.twitter_operator.TwitterOperator' instead.

Support for importing from within the airflow namespace for plugins will be dropped entirely in Airflow 2.0. See <http://airflow.apache.org/docs/stable/howto/custom-operator.html>.
  from airflow.operators.alura import TwitterOperator
[2022-03-03 19:16:29,452] {scheduler_job.py:1584} INFO - DAG(s) dict_keys(['twitter_dag']) retrieved from /run/datapipeline/airflow/dags/twitter_dag.py
[2022-03-03 19:16:29,465] {scheduler_job.py:1288} INFO - Processing twitter_dag
[2022-03-03 19:16:29,479] {scheduler_job.py:1298} INFO - Created <DagRun twitter_dag @ 2022-01-31 09:00:00+00:00: scheduled__2022-01-31T09:00:00+00:00, externally triggered: False>
[2022-03-03 19:16:29,480] {scheduler_job.py:771} INFO - Examining DAG run <DagRun twitter_dag @ 2022-01-31 09:00:00+00:00: scheduled__2022-01-31T09:00:00+00:00, externally triggered: False>
[2022-03-03 19:16:29,482] {logging_mixin.py:112} INFO - [2022-03-03 19:16:29,482] {dagrun.py:307} INFO - Marking run <DagRun twitter_dag @ 2022-01-31 09:00:00+00:00: scheduled__2022-01-31T09:00:00+00:00, externally triggered: False> successful
[2022-03-03 19:16:29,486] {scheduler_job.py:459} INFO - Skipping SLA check for <DAG: twitter_dag> because no tasks in DAG have SLAs
[2022-03-03 19:16:29,487] {scheduler_job.py:162} INFO - Processing /run/datapipeline/airflow/dags/twitter_dag.py took 0.042 seconds
[2022-03-03 19:17:25,462] {scheduler_job.py:154} INFO - Started process (PID=25357) to work on /run/datapipeline/airflow/dags/twitter_dag.py
[2022-03-03 19:17:25,463] {scheduler_job.py:1572} INFO - Processing file /run/datapipeline/airflow/dags/twitter_dag.py for tasks to queue
[2022-03-03 19:17:25,463] {logging_mixin.py:112} INFO - [2022-03-03 19:17:25,463] {dagbag.py:417} INFO - Filling up the DagBag from /run/datapipeline/airflow/dags/twitter_dag.py
[2022-03-03 19:17:25,465] {logging_mixin.py:112} WARNING - /run/datapipeline/airflow/dags/twitter_dag.py:6: FutureWarning: Importing 'TwitterOperator' from under 'airflow.operators.*' has been deprecated and should be directly imported as 'operators.twitter_operator.TwitterOperator' instead.

Support for importing from within the airflow namespace for plugins will be dropped entirely in Airflow 2.0. See <http://airflow.apache.org/docs/stable/howto/custom-operator.html>.
  from airflow.operators.alura import TwitterOperator
[2022-03-03 19:17:25,468] {scheduler_job.py:1584} INFO - DAG(s) dict_keys(['twitter_dag']) retrieved from /run/datapipeline/airflow/dags/twitter_dag.py
[2022-03-03 19:17:25,480] {scheduler_job.py:1288} INFO - Processing twitter_dag
[2022-03-03 19:17:25,493] {scheduler_job.py:1298} INFO - Created <DagRun twitter_dag @ 2022-02-01 09:00:00+00:00: scheduled__2022-02-01T09:00:00+00:00, externally triggered: False>
[2022-03-03 19:17:25,494] {scheduler_job.py:771} INFO - Examining DAG run <DagRun twitter_dag @ 2022-02-01 09:00:00+00:00: scheduled__2022-02-01T09:00:00+00:00, externally triggered: False>
[2022-03-03 19:17:25,496] {logging_mixin.py:112} INFO - [2022-03-03 19:17:25,496] {dagrun.py:307} INFO - Marking run <DagRun twitter_dag @ 2022-02-01 09:00:00+00:00: scheduled__2022-02-01T09:00:00+00:00, externally triggered: False> successful
[2022-03-03 19:17:25,500] {scheduler_job.py:459} INFO - Skipping SLA check for <DAG: twitter_dag> because no tasks in DAG have SLAs
[2022-03-03 19:17:25,501] {scheduler_job.py:162} INFO - Processing /run/datapipeline/airflow/dags/twitter_dag.py took 0.039 seconds
[2022-03-03 19:18:17,518] {scheduler_job.py:154} INFO - Started process (PID=26439) to work on /run/datapipeline/airflow/dags/twitter_dag.py
[2022-03-03 19:18:17,519] {scheduler_job.py:1572} INFO - Processing file /run/datapipeline/airflow/dags/twitter_dag.py for tasks to queue
[2022-03-03 19:18:17,519] {logging_mixin.py:112} INFO - [2022-03-03 19:18:17,519] {dagbag.py:417} INFO - Filling up the DagBag from /run/datapipeline/airflow/dags/twitter_dag.py
[2022-03-03 19:18:17,522] {logging_mixin.py:112} WARNING - /run/datapipeline/airflow/dags/twitter_dag.py:6: FutureWarning: Importing 'TwitterOperator' from under 'airflow.operators.*' has been deprecated and should be directly imported as 'operators.twitter_operator.TwitterOperator' instead.

Support for importing from within the airflow namespace for plugins will be dropped entirely in Airflow 2.0. See <http://airflow.apache.org/docs/stable/howto/custom-operator.html>.
  from airflow.operators.alura import TwitterOperator
[2022-03-03 19:18:17,525] {scheduler_job.py:1584} INFO - DAG(s) dict_keys(['twitter_dag']) retrieved from /run/datapipeline/airflow/dags/twitter_dag.py
[2022-03-03 19:18:17,537] {scheduler_job.py:1288} INFO - Processing twitter_dag
[2022-03-03 19:18:17,550] {scheduler_job.py:1298} INFO - Created <DagRun twitter_dag @ 2022-02-02 09:00:00+00:00: scheduled__2022-02-02T09:00:00+00:00, externally triggered: False>
[2022-03-03 19:18:17,551] {scheduler_job.py:771} INFO - Examining DAG run <DagRun twitter_dag @ 2022-02-02 09:00:00+00:00: scheduled__2022-02-02T09:00:00+00:00, externally triggered: False>
[2022-03-03 19:18:17,553] {logging_mixin.py:112} INFO - [2022-03-03 19:18:17,553] {dagrun.py:307} INFO - Marking run <DagRun twitter_dag @ 2022-02-02 09:00:00+00:00: scheduled__2022-02-02T09:00:00+00:00, externally triggered: False> successful
[2022-03-03 19:18:17,557] {scheduler_job.py:459} INFO - Skipping SLA check for <DAG: twitter_dag> because no tasks in DAG have SLAs
[2022-03-03 19:18:17,558] {scheduler_job.py:162} INFO - Processing /run/datapipeline/airflow/dags/twitter_dag.py took 0.040 seconds
[2022-03-03 19:23:44,757] {scheduler_job.py:154} INFO - Started process (PID=29808) to work on /run/datapipeline/airflow/dags/twitter_dag.py
[2022-03-03 19:23:44,758] {scheduler_job.py:1572} INFO - Processing file /run/datapipeline/airflow/dags/twitter_dag.py for tasks to queue
[2022-03-03 19:23:44,758] {logging_mixin.py:112} INFO - [2022-03-03 19:23:44,758] {dagbag.py:417} INFO - Filling up the DagBag from /run/datapipeline/airflow/dags/twitter_dag.py
[2022-03-03 19:23:44,760] {logging_mixin.py:112} INFO - [2022-03-03 19:23:44,760] {dagbag.py:259} ERROR - Failed to import: /run/datapipeline/airflow/dags/twitter_dag.py
Traceback (most recent call last):
  File "/run/datapipeline/.env/lib/python3.8/site-packages/airflow/models/dagbag.py", line 256, in process_file
    m = imp.load_source(mod_name, filepath)
  File "/usr/lib/python3.8/imp.py", line 171, in load_source
    module = _load(spec)
  File "<frozen importlib._bootstrap>", line 702, in _load
  File "<frozen importlib._bootstrap>", line 671, in _load_unlocked
  File "<frozen importlib._bootstrap_external>", line 848, in exec_module
  File "<frozen importlib._bootstrap>", line 219, in _call_with_frames_removed
  File "/run/datapipeline/airflow/dags/twitter_dag.py", line 6, in <module>
    from airflow.operators.alura import TwitterOperator
ModuleNotFoundError: No module named 'airflow.operators.alura'
[2022-03-03 19:23:44,760] {scheduler_job.py:1586} WARNING - No viable dags retrieved from /run/datapipeline/airflow/dags/twitter_dag.py
[2022-03-03 19:23:44,766] {scheduler_job.py:162} INFO - Processing /run/datapipeline/airflow/dags/twitter_dag.py took 0.009 seconds
[2022-03-03 19:24:36,808] {scheduler_job.py:154} INFO - Started process (PID=30636) to work on /run/datapipeline/airflow/dags/twitter_dag.py
[2022-03-03 19:24:36,809] {scheduler_job.py:1572} INFO - Processing file /run/datapipeline/airflow/dags/twitter_dag.py for tasks to queue
[2022-03-03 19:24:36,809] {logging_mixin.py:112} INFO - [2022-03-03 19:24:36,809] {dagbag.py:417} INFO - Filling up the DagBag from /run/datapipeline/airflow/dags/twitter_dag.py
[2022-03-03 19:24:36,813] {logging_mixin.py:112} INFO - [2022-03-03 19:24:36,812] {dagbag.py:259} ERROR - Failed to import: /run/datapipeline/airflow/dags/twitter_dag.py
Traceback (most recent call last):
  File "/run/datapipeline/.env/lib/python3.8/site-packages/airflow/models/dagbag.py", line 256, in process_file
    m = imp.load_source(mod_name, filepath)
  File "/usr/lib/python3.8/imp.py", line 171, in load_source
    module = _load(spec)
  File "<frozen importlib._bootstrap>", line 702, in _load
  File "<frozen importlib._bootstrap>", line 671, in _load_unlocked
  File "<frozen importlib._bootstrap_external>", line 848, in exec_module
  File "<frozen importlib._bootstrap>", line 219, in _call_with_frames_removed
  File "/run/datapipeline/airflow/dags/twitter_dag.py", line 6, in <module>
    from airflow.operators.bbb22 import TwitterOperator
ModuleNotFoundError: No module named 'airflow.operators.bbb22'
[2022-03-03 19:24:36,813] {scheduler_job.py:1586} WARNING - No viable dags retrieved from /run/datapipeline/airflow/dags/twitter_dag.py
[2022-03-03 19:24:36,827] {scheduler_job.py:162} INFO - Processing /run/datapipeline/airflow/dags/twitter_dag.py took 0.019 seconds
[2022-03-03 19:25:30,869] {scheduler_job.py:154} INFO - Started process (PID=31543) to work on /run/datapipeline/airflow/dags/twitter_dag.py
[2022-03-03 19:25:30,870] {scheduler_job.py:1572} INFO - Processing file /run/datapipeline/airflow/dags/twitter_dag.py for tasks to queue
[2022-03-03 19:25:30,871] {logging_mixin.py:112} INFO - [2022-03-03 19:25:30,871] {dagbag.py:417} INFO - Filling up the DagBag from /run/datapipeline/airflow/dags/twitter_dag.py
[2022-03-03 19:25:30,873] {logging_mixin.py:112} WARNING - /run/datapipeline/airflow/dags/twitter_dag.py:6: FutureWarning: Importing 'TwitterOperator' from under 'airflow.operators.*' has been deprecated and should be directly imported as 'operators.twitter_operator.TwitterOperator' instead.

Support for importing from within the airflow namespace for plugins will be dropped entirely in Airflow 2.0. See <http://airflow.apache.org/docs/stable/howto/custom-operator.html>.
  from airflow.operators.bbb22 import TwitterOperator
[2022-03-03 19:25:30,876] {scheduler_job.py:1584} INFO - DAG(s) dict_keys(['twitter_dag']) retrieved from /run/datapipeline/airflow/dags/twitter_dag.py
[2022-03-03 19:25:30,889] {scheduler_job.py:1288} INFO - Processing twitter_dag
[2022-03-03 19:25:30,902] {scheduler_job.py:1298} INFO - Created <DagRun twitter_dag @ 2022-02-03 09:00:00+00:00: scheduled__2022-02-03T09:00:00+00:00, externally triggered: False>
[2022-03-03 19:25:30,904] {scheduler_job.py:771} INFO - Examining DAG run <DagRun twitter_dag @ 2022-02-03 09:00:00+00:00: scheduled__2022-02-03T09:00:00+00:00, externally triggered: False>
[2022-03-03 19:25:30,907] {logging_mixin.py:112} INFO - [2022-03-03 19:25:30,907] {dagrun.py:307} INFO - Marking run <DagRun twitter_dag @ 2022-02-03 09:00:00+00:00: scheduled__2022-02-03T09:00:00+00:00, externally triggered: False> successful
[2022-03-03 19:25:30,910] {scheduler_job.py:459} INFO - Skipping SLA check for <DAG: twitter_dag> because no tasks in DAG have SLAs
[2022-03-03 19:25:30,915] {scheduler_job.py:162} INFO - Processing /run/datapipeline/airflow/dags/twitter_dag.py took 0.045 seconds
[2022-03-03 19:26:22,925] {scheduler_job.py:154} INFO - Started process (PID=32504) to work on /run/datapipeline/airflow/dags/twitter_dag.py
[2022-03-03 19:26:22,927] {scheduler_job.py:1572} INFO - Processing file /run/datapipeline/airflow/dags/twitter_dag.py for tasks to queue
[2022-03-03 19:26:22,927] {logging_mixin.py:112} INFO - [2022-03-03 19:26:22,927] {dagbag.py:417} INFO - Filling up the DagBag from /run/datapipeline/airflow/dags/twitter_dag.py
[2022-03-03 19:26:22,930] {logging_mixin.py:112} WARNING - /run/datapipeline/airflow/dags/twitter_dag.py:6: FutureWarning: Importing 'TwitterOperator' from under 'airflow.operators.*' has been deprecated and should be directly imported as 'operators.twitter_operator.TwitterOperator' instead.

Support for importing from within the airflow namespace for plugins will be dropped entirely in Airflow 2.0. See <http://airflow.apache.org/docs/stable/howto/custom-operator.html>.
  from airflow.operators.bbb22 import TwitterOperator
[2022-03-03 19:26:22,933] {scheduler_job.py:1584} INFO - DAG(s) dict_keys(['twitter_dag']) retrieved from /run/datapipeline/airflow/dags/twitter_dag.py
[2022-03-03 19:26:22,947] {scheduler_job.py:1288} INFO - Processing twitter_dag
[2022-03-03 19:26:22,960] {scheduler_job.py:1298} INFO - Created <DagRun twitter_dag @ 2022-02-04 09:00:00+00:00: scheduled__2022-02-04T09:00:00+00:00, externally triggered: False>
[2022-03-03 19:26:22,962] {scheduler_job.py:771} INFO - Examining DAG run <DagRun twitter_dag @ 2022-02-04 09:00:00+00:00: scheduled__2022-02-04T09:00:00+00:00, externally triggered: False>
[2022-03-03 19:26:22,964] {logging_mixin.py:112} INFO - [2022-03-03 19:26:22,964] {dagrun.py:307} INFO - Marking run <DagRun twitter_dag @ 2022-02-04 09:00:00+00:00: scheduled__2022-02-04T09:00:00+00:00, externally triggered: False> successful
[2022-03-03 19:26:22,968] {scheduler_job.py:459} INFO - Skipping SLA check for <DAG: twitter_dag> because no tasks in DAG have SLAs
[2022-03-03 19:26:22,969] {scheduler_job.py:162} INFO - Processing /run/datapipeline/airflow/dags/twitter_dag.py took 0.044 seconds
[2022-03-03 19:27:14,982] {scheduler_job.py:154} INFO - Started process (PID=1184) to work on /run/datapipeline/airflow/dags/twitter_dag.py
[2022-03-03 19:27:14,983] {scheduler_job.py:1572} INFO - Processing file /run/datapipeline/airflow/dags/twitter_dag.py for tasks to queue
[2022-03-03 19:27:14,983] {logging_mixin.py:112} INFO - [2022-03-03 19:27:14,983] {dagbag.py:417} INFO - Filling up the DagBag from /run/datapipeline/airflow/dags/twitter_dag.py
[2022-03-03 19:27:14,985] {logging_mixin.py:112} WARNING - /run/datapipeline/airflow/dags/twitter_dag.py:6: FutureWarning: Importing 'TwitterOperator' from under 'airflow.operators.*' has been deprecated and should be directly imported as 'operators.twitter_operator.TwitterOperator' instead.

Support for importing from within the airflow namespace for plugins will be dropped entirely in Airflow 2.0. See <http://airflow.apache.org/docs/stable/howto/custom-operator.html>.
  from airflow.operators.bbb22 import TwitterOperator
[2022-03-03 19:27:14,989] {scheduler_job.py:1584} INFO - DAG(s) dict_keys(['twitter_dag']) retrieved from /run/datapipeline/airflow/dags/twitter_dag.py
[2022-03-03 19:27:14,993] {logging_mixin.py:112} INFO - [2022-03-03 19:27:14,993] {dag.py:1520} INFO - Creating ORM DAG for twitter_dag
[2022-03-03 19:27:15,007] {scheduler_job.py:162} INFO - Processing /run/datapipeline/airflow/dags/twitter_dag.py took 0.026 seconds
[2022-03-03 19:27:34,357] {scheduler_job.py:154} INFO - Started process (PID=1657) to work on /run/datapipeline/airflow/dags/twitter_dag.py
[2022-03-03 19:27:34,358] {scheduler_job.py:1572} INFO - Processing file /run/datapipeline/airflow/dags/twitter_dag.py for tasks to queue
[2022-03-03 19:27:34,359] {logging_mixin.py:112} INFO - [2022-03-03 19:27:34,359] {dagbag.py:417} INFO - Filling up the DagBag from /run/datapipeline/airflow/dags/twitter_dag.py
[2022-03-03 19:27:34,362] {logging_mixin.py:112} WARNING - /run/datapipeline/airflow/dags/twitter_dag.py:6: FutureWarning: Importing 'TwitterOperator' from under 'airflow.operators.*' has been deprecated and should be directly imported as 'operators.twitter_operator.TwitterOperator' instead.

Support for importing from within the airflow namespace for plugins will be dropped entirely in Airflow 2.0. See <http://airflow.apache.org/docs/stable/howto/custom-operator.html>.
  from airflow.operators.bbb22 import TwitterOperator
[2022-03-03 19:27:34,366] {scheduler_job.py:1584} INFO - DAG(s) dict_keys(['twitter_dag']) retrieved from /run/datapipeline/airflow/dags/twitter_dag.py
[2022-03-03 19:27:34,386] {scheduler_job.py:162} INFO - Processing /run/datapipeline/airflow/dags/twitter_dag.py took 0.029 seconds
[2022-03-03 19:28:26,406] {scheduler_job.py:154} INFO - Started process (PID=2593) to work on /run/datapipeline/airflow/dags/twitter_dag.py
[2022-03-03 19:28:26,407] {scheduler_job.py:1572} INFO - Processing file /run/datapipeline/airflow/dags/twitter_dag.py for tasks to queue
[2022-03-03 19:28:26,408] {logging_mixin.py:112} INFO - [2022-03-03 19:28:26,408] {dagbag.py:417} INFO - Filling up the DagBag from /run/datapipeline/airflow/dags/twitter_dag.py
[2022-03-03 19:28:26,410] {logging_mixin.py:112} WARNING - /run/datapipeline/airflow/dags/twitter_dag.py:6: FutureWarning: Importing 'TwitterOperator' from under 'airflow.operators.*' has been deprecated and should be directly imported as 'operators.twitter_operator.TwitterOperator' instead.

Support for importing from within the airflow namespace for plugins will be dropped entirely in Airflow 2.0. See <http://airflow.apache.org/docs/stable/howto/custom-operator.html>.
  from airflow.operators.bbb22 import TwitterOperator
[2022-03-03 19:28:26,413] {scheduler_job.py:1584} INFO - DAG(s) dict_keys(['twitter_dag']) retrieved from /run/datapipeline/airflow/dags/twitter_dag.py
[2022-03-03 19:28:26,432] {scheduler_job.py:1288} INFO - Processing twitter_dag
[2022-03-03 19:28:26,449] {scheduler_job.py:1298} INFO - Created <DagRun twitter_dag @ 2022-02-25 09:00:00+00:00: scheduled__2022-02-25T09:00:00+00:00, externally triggered: False>
[2022-03-03 19:28:26,451] {scheduler_job.py:771} INFO - Examining DAG run <DagRun twitter_dag @ 2022-02-25 09:00:00+00:00: scheduled__2022-02-25T09:00:00+00:00, externally triggered: False>
[2022-03-03 19:28:26,456] {scheduler_job.py:459} INFO - Skipping SLA check for <DAG: twitter_dag> because no tasks in DAG have SLAs
[2022-03-03 19:28:26,457] {scheduler_job.py:1651} INFO - Creating / updating <TaskInstance: twitter_dag.twitter_bbb22 2022-02-25 09:00:00+00:00 [scheduled]> in ORM
[2022-03-03 19:28:26,462] {scheduler_job.py:162} INFO - Processing /run/datapipeline/airflow/dags/twitter_dag.py took 0.056 seconds
[2022-03-03 19:31:43,606] {scheduler_job.py:154} INFO - Started process (PID=4855) to work on /run/datapipeline/airflow/dags/twitter_dag.py
[2022-03-03 19:31:43,607] {scheduler_job.py:1572} INFO - Processing file /run/datapipeline/airflow/dags/twitter_dag.py for tasks to queue
[2022-03-03 19:31:43,607] {logging_mixin.py:112} INFO - [2022-03-03 19:31:43,607] {dagbag.py:417} INFO - Filling up the DagBag from /run/datapipeline/airflow/dags/twitter_dag.py
[2022-03-03 19:31:43,609] {logging_mixin.py:112} WARNING - /run/datapipeline/airflow/dags/twitter_dag.py:6: FutureWarning: Importing 'TwitterOperator' from under 'airflow.operators.*' has been deprecated and should be directly imported as 'operators.twitter_operator.TwitterOperator' instead.

Support for importing from within the airflow namespace for plugins will be dropped entirely in Airflow 2.0. See <http://airflow.apache.org/docs/stable/howto/custom-operator.html>.
  from airflow.operators.bbb22 import TwitterOperator
[2022-03-03 19:31:43,612] {scheduler_job.py:1584} INFO - DAG(s) dict_keys(['twitter_dag']) retrieved from /run/datapipeline/airflow/dags/twitter_dag.py
[2022-03-03 19:31:43,625] {scheduler_job.py:1288} INFO - Processing twitter_dag
[2022-03-03 19:31:43,628] {scheduler_job.py:771} INFO - Examining DAG run <DagRun twitter_dag @ 2022-02-25 09:00:00+00:00: scheduled__2022-02-25T09:00:00+00:00, externally triggered: False>
[2022-03-03 19:31:43,646] {scheduler_job.py:459} INFO - Skipping SLA check for <DAG: twitter_dag> because no tasks in DAG have SLAs
[2022-03-03 19:31:43,648] {scheduler_job.py:162} INFO - Processing /run/datapipeline/airflow/dags/twitter_dag.py took 0.042 seconds
[2022-03-03 19:32:35,661] {scheduler_job.py:154} INFO - Started process (PID=5686) to work on /run/datapipeline/airflow/dags/twitter_dag.py
[2022-03-03 19:32:35,662] {scheduler_job.py:1572} INFO - Processing file /run/datapipeline/airflow/dags/twitter_dag.py for tasks to queue
[2022-03-03 19:32:35,662] {logging_mixin.py:112} INFO - [2022-03-03 19:32:35,662] {dagbag.py:417} INFO - Filling up the DagBag from /run/datapipeline/airflow/dags/twitter_dag.py
[2022-03-03 19:32:35,665] {logging_mixin.py:112} WARNING - /run/datapipeline/airflow/dags/twitter_dag.py:6: FutureWarning: Importing 'TwitterOperator' from under 'airflow.operators.*' has been deprecated and should be directly imported as 'operators.twitter_operator.TwitterOperator' instead.

Support for importing from within the airflow namespace for plugins will be dropped entirely in Airflow 2.0. See <http://airflow.apache.org/docs/stable/howto/custom-operator.html>.
  from airflow.operators.bbb22 import TwitterOperator
[2022-03-03 19:32:35,670] {scheduler_job.py:1584} INFO - DAG(s) dict_keys(['twitter_dag']) retrieved from /run/datapipeline/airflow/dags/twitter_dag.py
[2022-03-03 19:32:35,685] {scheduler_job.py:1288} INFO - Processing twitter_dag
[2022-03-03 19:32:35,688] {scheduler_job.py:771} INFO - Examining DAG run <DagRun twitter_dag @ 2022-02-25 09:00:00+00:00: scheduled__2022-02-25T09:00:00+00:00, externally triggered: False>
[2022-03-03 19:32:35,691] {logging_mixin.py:112} INFO - [2022-03-03 19:32:35,691] {dagrun.py:298} INFO - Marking run <DagRun twitter_dag @ 2022-02-25 09:00:00+00:00: scheduled__2022-02-25T09:00:00+00:00, externally triggered: False> failed
[2022-03-03 19:32:35,696] {scheduler_job.py:459} INFO - Skipping SLA check for <DAG: twitter_dag> because no tasks in DAG have SLAs
[2022-03-03 19:32:35,698] {scheduler_job.py:162} INFO - Processing /run/datapipeline/airflow/dags/twitter_dag.py took 0.037 seconds
[2022-03-03 19:33:27,717] {scheduler_job.py:154} INFO - Started process (PID=6479) to work on /run/datapipeline/airflow/dags/twitter_dag.py
[2022-03-03 19:33:27,718] {scheduler_job.py:1572} INFO - Processing file /run/datapipeline/airflow/dags/twitter_dag.py for tasks to queue
[2022-03-03 19:33:27,718] {logging_mixin.py:112} INFO - [2022-03-03 19:33:27,718] {dagbag.py:417} INFO - Filling up the DagBag from /run/datapipeline/airflow/dags/twitter_dag.py
[2022-03-03 19:33:27,720] {logging_mixin.py:112} WARNING - /run/datapipeline/airflow/dags/twitter_dag.py:6: FutureWarning: Importing 'TwitterOperator' from under 'airflow.operators.*' has been deprecated and should be directly imported as 'operators.twitter_operator.TwitterOperator' instead.

Support for importing from within the airflow namespace for plugins will be dropped entirely in Airflow 2.0. See <http://airflow.apache.org/docs/stable/howto/custom-operator.html>.
  from airflow.operators.bbb22 import TwitterOperator
[2022-03-03 19:33:27,724] {scheduler_job.py:1584} INFO - DAG(s) dict_keys(['twitter_dag']) retrieved from /run/datapipeline/airflow/dags/twitter_dag.py
[2022-03-03 19:33:27,744] {scheduler_job.py:1288} INFO - Processing twitter_dag
[2022-03-03 19:33:27,773] {scheduler_job.py:1298} INFO - Created <DagRun twitter_dag @ 2022-02-26 09:00:00+00:00: scheduled__2022-02-26T09:00:00+00:00, externally triggered: False>
[2022-03-03 19:33:27,775] {scheduler_job.py:771} INFO - Examining DAG run <DagRun twitter_dag @ 2022-02-26 09:00:00+00:00: scheduled__2022-02-26T09:00:00+00:00, externally triggered: False>
[2022-03-03 19:33:27,781] {scheduler_job.py:459} INFO - Skipping SLA check for <DAG: twitter_dag> because no tasks in DAG have SLAs
[2022-03-03 19:33:27,783] {scheduler_job.py:1651} INFO - Creating / updating <TaskInstance: twitter_dag.twitter_bbb22 2022-02-26 09:00:00+00:00 [scheduled]> in ORM
[2022-03-03 19:33:27,789] {scheduler_job.py:162} INFO - Processing /run/datapipeline/airflow/dags/twitter_dag.py took 0.072 seconds
[2022-03-03 19:34:24,829] {scheduler_job.py:154} INFO - Started process (PID=7482) to work on /run/datapipeline/airflow/dags/twitter_dag.py
[2022-03-03 19:34:24,830] {scheduler_job.py:1572} INFO - Processing file /run/datapipeline/airflow/dags/twitter_dag.py for tasks to queue
[2022-03-03 19:34:24,831] {logging_mixin.py:112} INFO - [2022-03-03 19:34:24,831] {dagbag.py:417} INFO - Filling up the DagBag from /run/datapipeline/airflow/dags/twitter_dag.py
[2022-03-03 19:34:24,834] {logging_mixin.py:112} WARNING - /run/datapipeline/airflow/dags/twitter_dag.py:6: FutureWarning: Importing 'TwitterOperator' from under 'airflow.operators.*' has been deprecated and should be directly imported as 'operators.twitter_operator.TwitterOperator' instead.

Support for importing from within the airflow namespace for plugins will be dropped entirely in Airflow 2.0. See <http://airflow.apache.org/docs/stable/howto/custom-operator.html>.
  from airflow.operators.bbb22 import TwitterOperator
[2022-03-03 19:34:24,839] {scheduler_job.py:1584} INFO - DAG(s) dict_keys(['twitter_dag']) retrieved from /run/datapipeline/airflow/dags/twitter_dag.py
[2022-03-03 19:34:24,854] {scheduler_job.py:1288} INFO - Processing twitter_dag
[2022-03-03 19:34:24,857] {scheduler_job.py:771} INFO - Examining DAG run <DagRun twitter_dag @ 2022-02-26 09:00:00+00:00: scheduled__2022-02-26T09:00:00+00:00, externally triggered: False>
[2022-03-03 19:34:24,875] {scheduler_job.py:459} INFO - Skipping SLA check for <DAG: twitter_dag> because no tasks in DAG have SLAs
[2022-03-03 19:34:24,877] {scheduler_job.py:162} INFO - Processing /run/datapipeline/airflow/dags/twitter_dag.py took 0.047 seconds
[2022-03-03 19:35:16,884] {scheduler_job.py:154} INFO - Started process (PID=8395) to work on /run/datapipeline/airflow/dags/twitter_dag.py
[2022-03-03 19:35:16,886] {scheduler_job.py:1572} INFO - Processing file /run/datapipeline/airflow/dags/twitter_dag.py for tasks to queue
[2022-03-03 19:35:16,886] {logging_mixin.py:112} INFO - [2022-03-03 19:35:16,886] {dagbag.py:417} INFO - Filling up the DagBag from /run/datapipeline/airflow/dags/twitter_dag.py
[2022-03-03 19:35:16,888] {logging_mixin.py:112} WARNING - /run/datapipeline/airflow/dags/twitter_dag.py:6: FutureWarning: Importing 'TwitterOperator' from under 'airflow.operators.*' has been deprecated and should be directly imported as 'operators.twitter_operator.TwitterOperator' instead.

Support for importing from within the airflow namespace for plugins will be dropped entirely in Airflow 2.0. See <http://airflow.apache.org/docs/stable/howto/custom-operator.html>.
  from airflow.operators.bbb22 import TwitterOperator
[2022-03-03 19:35:16,892] {scheduler_job.py:1584} INFO - DAG(s) dict_keys(['twitter_dag']) retrieved from /run/datapipeline/airflow/dags/twitter_dag.py
[2022-03-03 19:35:16,902] {scheduler_job.py:162} INFO - Processing /run/datapipeline/airflow/dags/twitter_dag.py took 0.018 seconds
[2022-03-03 19:36:08,944] {scheduler_job.py:154} INFO - Started process (PID=9214) to work on /run/datapipeline/airflow/dags/twitter_dag.py
[2022-03-03 19:36:08,946] {scheduler_job.py:1572} INFO - Processing file /run/datapipeline/airflow/dags/twitter_dag.py for tasks to queue
[2022-03-03 19:36:08,946] {logging_mixin.py:112} INFO - [2022-03-03 19:36:08,946] {dagbag.py:417} INFO - Filling up the DagBag from /run/datapipeline/airflow/dags/twitter_dag.py
[2022-03-03 19:36:08,949] {logging_mixin.py:112} WARNING - /run/datapipeline/airflow/dags/twitter_dag.py:6: FutureWarning: Importing 'TwitterOperator' from under 'airflow.operators.*' has been deprecated and should be directly imported as 'operators.twitter_operator.TwitterOperator' instead.

Support for importing from within the airflow namespace for plugins will be dropped entirely in Airflow 2.0. See <http://airflow.apache.org/docs/stable/howto/custom-operator.html>.
  from airflow.operators.bbb22 import TwitterOperator
[2022-03-03 19:36:08,952] {scheduler_job.py:1584} INFO - DAG(s) dict_keys(['twitter_dag']) retrieved from /run/datapipeline/airflow/dags/twitter_dag.py
[2022-03-03 19:36:08,964] {scheduler_job.py:162} INFO - Processing /run/datapipeline/airflow/dags/twitter_dag.py took 0.020 seconds
[2022-03-03 19:37:00,997] {scheduler_job.py:154} INFO - Started process (PID=9953) to work on /run/datapipeline/airflow/dags/twitter_dag.py
[2022-03-03 19:37:00,998] {scheduler_job.py:1572} INFO - Processing file /run/datapipeline/airflow/dags/twitter_dag.py for tasks to queue
[2022-03-03 19:37:00,998] {logging_mixin.py:112} INFO - [2022-03-03 19:37:00,998] {dagbag.py:417} INFO - Filling up the DagBag from /run/datapipeline/airflow/dags/twitter_dag.py
[2022-03-03 19:37:01,000] {logging_mixin.py:112} WARNING - /run/datapipeline/airflow/dags/twitter_dag.py:6: FutureWarning: Importing 'TwitterOperator' from under 'airflow.operators.*' has been deprecated and should be directly imported as 'operators.twitter_operator.TwitterOperator' instead.

Support for importing from within the airflow namespace for plugins will be dropped entirely in Airflow 2.0. See <http://airflow.apache.org/docs/stable/howto/custom-operator.html>.
  from airflow.operators.bbb22 import TwitterOperator
[2022-03-03 19:37:01,005] {scheduler_job.py:1584} INFO - DAG(s) dict_keys(['twitter_dag']) retrieved from /run/datapipeline/airflow/dags/twitter_dag.py
[2022-03-03 19:37:01,018] {scheduler_job.py:162} INFO - Processing /run/datapipeline/airflow/dags/twitter_dag.py took 0.020 seconds
[2022-03-03 19:37:53,053] {scheduler_job.py:154} INFO - Started process (PID=10749) to work on /run/datapipeline/airflow/dags/twitter_dag.py
[2022-03-03 19:37:53,055] {scheduler_job.py:1572} INFO - Processing file /run/datapipeline/airflow/dags/twitter_dag.py for tasks to queue
[2022-03-03 19:37:53,055] {logging_mixin.py:112} INFO - [2022-03-03 19:37:53,055] {dagbag.py:417} INFO - Filling up the DagBag from /run/datapipeline/airflow/dags/twitter_dag.py
[2022-03-03 19:37:53,057] {logging_mixin.py:112} WARNING - /run/datapipeline/airflow/dags/twitter_dag.py:6: FutureWarning: Importing 'TwitterOperator' from under 'airflow.operators.*' has been deprecated and should be directly imported as 'operators.twitter_operator.TwitterOperator' instead.

Support for importing from within the airflow namespace for plugins will be dropped entirely in Airflow 2.0. See <http://airflow.apache.org/docs/stable/howto/custom-operator.html>.
  from airflow.operators.bbb22 import TwitterOperator
[2022-03-03 19:37:53,061] {scheduler_job.py:1584} INFO - DAG(s) dict_keys(['twitter_dag']) retrieved from /run/datapipeline/airflow/dags/twitter_dag.py
[2022-03-03 19:37:53,072] {scheduler_job.py:162} INFO - Processing /run/datapipeline/airflow/dags/twitter_dag.py took 0.018 seconds
[2022-03-03 19:38:45,108] {scheduler_job.py:154} INFO - Started process (PID=11559) to work on /run/datapipeline/airflow/dags/twitter_dag.py
[2022-03-03 19:38:45,109] {scheduler_job.py:1572} INFO - Processing file /run/datapipeline/airflow/dags/twitter_dag.py for tasks to queue
[2022-03-03 19:38:45,110] {logging_mixin.py:112} INFO - [2022-03-03 19:38:45,110] {dagbag.py:417} INFO - Filling up the DagBag from /run/datapipeline/airflow/dags/twitter_dag.py
[2022-03-03 19:38:45,112] {logging_mixin.py:112} WARNING - /run/datapipeline/airflow/dags/twitter_dag.py:6: FutureWarning: Importing 'TwitterOperator' from under 'airflow.operators.*' has been deprecated and should be directly imported as 'operators.twitter_operator.TwitterOperator' instead.

Support for importing from within the airflow namespace for plugins will be dropped entirely in Airflow 2.0. See <http://airflow.apache.org/docs/stable/howto/custom-operator.html>.
  from airflow.operators.bbb22 import TwitterOperator
[2022-03-03 19:38:45,115] {scheduler_job.py:1584} INFO - DAG(s) dict_keys(['twitter_dag']) retrieved from /run/datapipeline/airflow/dags/twitter_dag.py
[2022-03-03 19:38:45,134] {scheduler_job.py:162} INFO - Processing /run/datapipeline/airflow/dags/twitter_dag.py took 0.025 seconds
[2022-03-03 19:39:37,163] {scheduler_job.py:154} INFO - Started process (PID=12367) to work on /run/datapipeline/airflow/dags/twitter_dag.py
[2022-03-03 19:39:37,165] {scheduler_job.py:1572} INFO - Processing file /run/datapipeline/airflow/dags/twitter_dag.py for tasks to queue
[2022-03-03 19:39:37,165] {logging_mixin.py:112} INFO - [2022-03-03 19:39:37,165] {dagbag.py:417} INFO - Filling up the DagBag from /run/datapipeline/airflow/dags/twitter_dag.py
[2022-03-03 19:39:37,167] {logging_mixin.py:112} WARNING - /run/datapipeline/airflow/dags/twitter_dag.py:6: FutureWarning: Importing 'TwitterOperator' from under 'airflow.operators.*' has been deprecated and should be directly imported as 'operators.twitter_operator.TwitterOperator' instead.

Support for importing from within the airflow namespace for plugins will be dropped entirely in Airflow 2.0. See <http://airflow.apache.org/docs/stable/howto/custom-operator.html>.
  from airflow.operators.bbb22 import TwitterOperator
[2022-03-03 19:39:37,172] {scheduler_job.py:1584} INFO - DAG(s) dict_keys(['twitter_dag']) retrieved from /run/datapipeline/airflow/dags/twitter_dag.py
[2022-03-03 19:39:37,188] {scheduler_job.py:162} INFO - Processing /run/datapipeline/airflow/dags/twitter_dag.py took 0.025 seconds
[2022-03-03 19:40:29,218] {scheduler_job.py:154} INFO - Started process (PID=13152) to work on /run/datapipeline/airflow/dags/twitter_dag.py
[2022-03-03 19:40:29,219] {scheduler_job.py:1572} INFO - Processing file /run/datapipeline/airflow/dags/twitter_dag.py for tasks to queue
[2022-03-03 19:40:29,219] {logging_mixin.py:112} INFO - [2022-03-03 19:40:29,219] {dagbag.py:417} INFO - Filling up the DagBag from /run/datapipeline/airflow/dags/twitter_dag.py
[2022-03-03 19:40:29,222] {logging_mixin.py:112} WARNING - /run/datapipeline/airflow/dags/twitter_dag.py:6: FutureWarning: Importing 'TwitterOperator' from under 'airflow.operators.*' has been deprecated and should be directly imported as 'operators.twitter_operator.TwitterOperator' instead.

Support for importing from within the airflow namespace for plugins will be dropped entirely in Airflow 2.0. See <http://airflow.apache.org/docs/stable/howto/custom-operator.html>.
  from airflow.operators.bbb22 import TwitterOperator
[2022-03-03 19:40:29,225] {scheduler_job.py:1584} INFO - DAG(s) dict_keys(['twitter_dag']) retrieved from /run/datapipeline/airflow/dags/twitter_dag.py
[2022-03-03 19:40:29,236] {scheduler_job.py:162} INFO - Processing /run/datapipeline/airflow/dags/twitter_dag.py took 0.018 seconds
[2022-03-03 19:41:21,276] {scheduler_job.py:154} INFO - Started process (PID=13969) to work on /run/datapipeline/airflow/dags/twitter_dag.py
[2022-03-03 19:41:21,277] {scheduler_job.py:1572} INFO - Processing file /run/datapipeline/airflow/dags/twitter_dag.py for tasks to queue
[2022-03-03 19:41:21,277] {logging_mixin.py:112} INFO - [2022-03-03 19:41:21,277] {dagbag.py:417} INFO - Filling up the DagBag from /run/datapipeline/airflow/dags/twitter_dag.py
[2022-03-03 19:41:21,280] {logging_mixin.py:112} WARNING - /run/datapipeline/airflow/dags/twitter_dag.py:6: FutureWarning: Importing 'TwitterOperator' from under 'airflow.operators.*' has been deprecated and should be directly imported as 'operators.twitter_operator.TwitterOperator' instead.

Support for importing from within the airflow namespace for plugins will be dropped entirely in Airflow 2.0. See <http://airflow.apache.org/docs/stable/howto/custom-operator.html>.
  from airflow.operators.bbb22 import TwitterOperator
[2022-03-03 19:41:21,283] {scheduler_job.py:1584} INFO - DAG(s) dict_keys(['twitter_dag']) retrieved from /run/datapipeline/airflow/dags/twitter_dag.py
[2022-03-03 19:41:21,294] {scheduler_job.py:162} INFO - Processing /run/datapipeline/airflow/dags/twitter_dag.py took 0.019 seconds
[2022-03-03 19:42:13,334] {scheduler_job.py:154} INFO - Started process (PID=14778) to work on /run/datapipeline/airflow/dags/twitter_dag.py
[2022-03-03 19:42:13,335] {scheduler_job.py:1572} INFO - Processing file /run/datapipeline/airflow/dags/twitter_dag.py for tasks to queue
[2022-03-03 19:42:13,336] {logging_mixin.py:112} INFO - [2022-03-03 19:42:13,336] {dagbag.py:417} INFO - Filling up the DagBag from /run/datapipeline/airflow/dags/twitter_dag.py
[2022-03-03 19:42:13,338] {logging_mixin.py:112} WARNING - /run/datapipeline/airflow/dags/twitter_dag.py:6: FutureWarning: Importing 'TwitterOperator' from under 'airflow.operators.*' has been deprecated and should be directly imported as 'operators.twitter_operator.TwitterOperator' instead.

Support for importing from within the airflow namespace for plugins will be dropped entirely in Airflow 2.0. See <http://airflow.apache.org/docs/stable/howto/custom-operator.html>.
  from airflow.operators.bbb22 import TwitterOperator
[2022-03-03 19:42:13,341] {scheduler_job.py:1584} INFO - DAG(s) dict_keys(['twitter_dag']) retrieved from /run/datapipeline/airflow/dags/twitter_dag.py
[2022-03-03 19:42:13,360] {scheduler_job.py:162} INFO - Processing /run/datapipeline/airflow/dags/twitter_dag.py took 0.025 seconds
[2022-03-03 19:43:05,386] {scheduler_job.py:154} INFO - Started process (PID=15559) to work on /run/datapipeline/airflow/dags/twitter_dag.py
[2022-03-03 19:43:05,387] {scheduler_job.py:1572} INFO - Processing file /run/datapipeline/airflow/dags/twitter_dag.py for tasks to queue
[2022-03-03 19:43:05,387] {logging_mixin.py:112} INFO - [2022-03-03 19:43:05,387] {dagbag.py:417} INFO - Filling up the DagBag from /run/datapipeline/airflow/dags/twitter_dag.py
[2022-03-03 19:43:05,390] {logging_mixin.py:112} WARNING - /run/datapipeline/airflow/dags/twitter_dag.py:6: FutureWarning: Importing 'TwitterOperator' from under 'airflow.operators.*' has been deprecated and should be directly imported as 'operators.twitter_operator.TwitterOperator' instead.

Support for importing from within the airflow namespace for plugins will be dropped entirely in Airflow 2.0. See <http://airflow.apache.org/docs/stable/howto/custom-operator.html>.
  from airflow.operators.bbb22 import TwitterOperator
[2022-03-03 19:43:05,393] {scheduler_job.py:1584} INFO - DAG(s) dict_keys(['twitter_dag']) retrieved from /run/datapipeline/airflow/dags/twitter_dag.py
[2022-03-03 19:43:05,404] {scheduler_job.py:162} INFO - Processing /run/datapipeline/airflow/dags/twitter_dag.py took 0.017 seconds
[2022-03-03 19:43:57,441] {scheduler_job.py:154} INFO - Started process (PID=16378) to work on /run/datapipeline/airflow/dags/twitter_dag.py
[2022-03-03 19:43:57,442] {scheduler_job.py:1572} INFO - Processing file /run/datapipeline/airflow/dags/twitter_dag.py for tasks to queue
[2022-03-03 19:43:57,442] {logging_mixin.py:112} INFO - [2022-03-03 19:43:57,442] {dagbag.py:417} INFO - Filling up the DagBag from /run/datapipeline/airflow/dags/twitter_dag.py
[2022-03-03 19:43:57,445] {logging_mixin.py:112} WARNING - /run/datapipeline/airflow/dags/twitter_dag.py:6: FutureWarning: Importing 'TwitterOperator' from under 'airflow.operators.*' has been deprecated and should be directly imported as 'operators.twitter_operator.TwitterOperator' instead.

Support for importing from within the airflow namespace for plugins will be dropped entirely in Airflow 2.0. See <http://airflow.apache.org/docs/stable/howto/custom-operator.html>.
  from airflow.operators.bbb22 import TwitterOperator
[2022-03-03 19:43:57,448] {scheduler_job.py:1584} INFO - DAG(s) dict_keys(['twitter_dag']) retrieved from /run/datapipeline/airflow/dags/twitter_dag.py
[2022-03-03 19:43:57,459] {scheduler_job.py:162} INFO - Processing /run/datapipeline/airflow/dags/twitter_dag.py took 0.018 seconds
[2022-03-03 19:44:49,497] {scheduler_job.py:154} INFO - Started process (PID=17171) to work on /run/datapipeline/airflow/dags/twitter_dag.py
[2022-03-03 19:44:49,498] {scheduler_job.py:1572} INFO - Processing file /run/datapipeline/airflow/dags/twitter_dag.py for tasks to queue
[2022-03-03 19:44:49,498] {logging_mixin.py:112} INFO - [2022-03-03 19:44:49,498] {dagbag.py:417} INFO - Filling up the DagBag from /run/datapipeline/airflow/dags/twitter_dag.py
[2022-03-03 19:44:49,501] {logging_mixin.py:112} WARNING - /run/datapipeline/airflow/dags/twitter_dag.py:6: FutureWarning: Importing 'TwitterOperator' from under 'airflow.operators.*' has been deprecated and should be directly imported as 'operators.twitter_operator.TwitterOperator' instead.

Support for importing from within the airflow namespace for plugins will be dropped entirely in Airflow 2.0. See <http://airflow.apache.org/docs/stable/howto/custom-operator.html>.
  from airflow.operators.bbb22 import TwitterOperator
[2022-03-03 19:44:49,505] {scheduler_job.py:1584} INFO - DAG(s) dict_keys(['twitter_dag']) retrieved from /run/datapipeline/airflow/dags/twitter_dag.py
[2022-03-03 19:44:49,516] {scheduler_job.py:162} INFO - Processing /run/datapipeline/airflow/dags/twitter_dag.py took 0.019 seconds
[2022-03-03 19:45:41,565] {scheduler_job.py:154} INFO - Started process (PID=17899) to work on /run/datapipeline/airflow/dags/twitter_dag.py
[2022-03-03 19:45:41,566] {scheduler_job.py:1572} INFO - Processing file /run/datapipeline/airflow/dags/twitter_dag.py for tasks to queue
[2022-03-03 19:45:41,566] {logging_mixin.py:112} INFO - [2022-03-03 19:45:41,566] {dagbag.py:417} INFO - Filling up the DagBag from /run/datapipeline/airflow/dags/twitter_dag.py
[2022-03-03 19:45:41,568] {logging_mixin.py:112} WARNING - /run/datapipeline/airflow/dags/twitter_dag.py:6: FutureWarning: Importing 'TwitterOperator' from under 'airflow.operators.*' has been deprecated and should be directly imported as 'operators.twitter_operator.TwitterOperator' instead.

Support for importing from within the airflow namespace for plugins will be dropped entirely in Airflow 2.0. See <http://airflow.apache.org/docs/stable/howto/custom-operator.html>.
  from airflow.operators.bbb22 import TwitterOperator
[2022-03-03 19:45:41,572] {scheduler_job.py:1584} INFO - DAG(s) dict_keys(['twitter_dag']) retrieved from /run/datapipeline/airflow/dags/twitter_dag.py
[2022-03-03 19:45:41,583] {scheduler_job.py:162} INFO - Processing /run/datapipeline/airflow/dags/twitter_dag.py took 0.018 seconds
[2022-03-03 19:46:33,608] {scheduler_job.py:154} INFO - Started process (PID=18697) to work on /run/datapipeline/airflow/dags/twitter_dag.py
[2022-03-03 19:46:33,610] {scheduler_job.py:1572} INFO - Processing file /run/datapipeline/airflow/dags/twitter_dag.py for tasks to queue
[2022-03-03 19:46:33,610] {logging_mixin.py:112} INFO - [2022-03-03 19:46:33,610] {dagbag.py:417} INFO - Filling up the DagBag from /run/datapipeline/airflow/dags/twitter_dag.py
[2022-03-03 19:46:33,612] {logging_mixin.py:112} WARNING - /run/datapipeline/airflow/dags/twitter_dag.py:6: FutureWarning: Importing 'TwitterOperator' from under 'airflow.operators.*' has been deprecated and should be directly imported as 'operators.twitter_operator.TwitterOperator' instead.

Support for importing from within the airflow namespace for plugins will be dropped entirely in Airflow 2.0. See <http://airflow.apache.org/docs/stable/howto/custom-operator.html>.
  from airflow.operators.bbb22 import TwitterOperator
[2022-03-03 19:46:33,616] {scheduler_job.py:1584} INFO - DAG(s) dict_keys(['twitter_dag']) retrieved from /run/datapipeline/airflow/dags/twitter_dag.py
[2022-03-03 19:46:33,635] {scheduler_job.py:162} INFO - Processing /run/datapipeline/airflow/dags/twitter_dag.py took 0.027 seconds
[2022-03-03 19:47:25,665] {scheduler_job.py:154} INFO - Started process (PID=19494) to work on /run/datapipeline/airflow/dags/twitter_dag.py
[2022-03-03 19:47:25,666] {scheduler_job.py:1572} INFO - Processing file /run/datapipeline/airflow/dags/twitter_dag.py for tasks to queue
[2022-03-03 19:47:25,666] {logging_mixin.py:112} INFO - [2022-03-03 19:47:25,666] {dagbag.py:417} INFO - Filling up the DagBag from /run/datapipeline/airflow/dags/twitter_dag.py
[2022-03-03 19:47:25,668] {logging_mixin.py:112} WARNING - /run/datapipeline/airflow/dags/twitter_dag.py:6: FutureWarning: Importing 'TwitterOperator' from under 'airflow.operators.*' has been deprecated and should be directly imported as 'operators.twitter_operator.TwitterOperator' instead.

Support for importing from within the airflow namespace for plugins will be dropped entirely in Airflow 2.0. See <http://airflow.apache.org/docs/stable/howto/custom-operator.html>.
  from airflow.operators.bbb22 import TwitterOperator
[2022-03-03 19:47:25,672] {scheduler_job.py:1584} INFO - DAG(s) dict_keys(['twitter_dag']) retrieved from /run/datapipeline/airflow/dags/twitter_dag.py
[2022-03-03 19:47:25,690] {scheduler_job.py:162} INFO - Processing /run/datapipeline/airflow/dags/twitter_dag.py took 0.026 seconds
[2022-03-03 19:48:38,736] {scheduler_job.py:154} INFO - Started process (PID=21033) to work on /run/datapipeline/airflow/dags/twitter_dag.py
[2022-03-03 19:48:38,738] {scheduler_job.py:1572} INFO - Processing file /run/datapipeline/airflow/dags/twitter_dag.py for tasks to queue
[2022-03-03 19:48:38,738] {logging_mixin.py:112} INFO - [2022-03-03 19:48:38,738] {dagbag.py:417} INFO - Filling up the DagBag from /run/datapipeline/airflow/dags/twitter_dag.py
[2022-03-03 19:48:38,741] {logging_mixin.py:112} WARNING - /run/datapipeline/airflow/dags/twitter_dag.py:6: FutureWarning: Importing 'TwitterOperator' from under 'airflow.operators.*' has been deprecated and should be directly imported as 'operators.twitter_operator.TwitterOperator' instead.

Support for importing from within the airflow namespace for plugins will be dropped entirely in Airflow 2.0. See <http://airflow.apache.org/docs/stable/howto/custom-operator.html>.
  from airflow.operators.bbb22 import TwitterOperator
[2022-03-03 19:48:38,745] {scheduler_job.py:1584} INFO - DAG(s) dict_keys(['twitter_dag']) retrieved from /run/datapipeline/airflow/dags/twitter_dag.py
[2022-03-03 19:48:38,750] {logging_mixin.py:112} INFO - [2022-03-03 19:48:38,750] {dag.py:1520} INFO - Creating ORM DAG for twitter_dag
[2022-03-03 19:48:38,758] {scheduler_job.py:162} INFO - Processing /run/datapipeline/airflow/dags/twitter_dag.py took 0.021 seconds
[2022-03-03 19:49:19,782] {scheduler_job.py:154} INFO - Started process (PID=21901) to work on /run/datapipeline/airflow/dags/twitter_dag.py
[2022-03-03 19:49:19,783] {scheduler_job.py:1572} INFO - Processing file /run/datapipeline/airflow/dags/twitter_dag.py for tasks to queue
[2022-03-03 19:49:19,784] {logging_mixin.py:112} INFO - [2022-03-03 19:49:19,784] {dagbag.py:417} INFO - Filling up the DagBag from /run/datapipeline/airflow/dags/twitter_dag.py
[2022-03-03 19:49:19,786] {logging_mixin.py:112} WARNING - /run/datapipeline/airflow/dags/twitter_dag.py:6: FutureWarning: Importing 'TwitterOperator' from under 'airflow.operators.*' has been deprecated and should be directly imported as 'operators.twitter_operator.TwitterOperator' instead.

Support for importing from within the airflow namespace for plugins will be dropped entirely in Airflow 2.0. See <http://airflow.apache.org/docs/stable/howto/custom-operator.html>.
  from airflow.operators.bbb22 import TwitterOperator
[2022-03-03 19:49:19,790] {scheduler_job.py:1584} INFO - DAG(s) dict_keys(['twitter_dag']) retrieved from /run/datapipeline/airflow/dags/twitter_dag.py
[2022-03-03 19:49:19,803] {scheduler_job.py:1288} INFO - Processing twitter_dag
[2022-03-03 19:49:19,823] {scheduler_job.py:1298} INFO - Created <DagRun twitter_dag @ 2022-02-25 09:00:00+00:00: scheduled__2022-02-25T09:00:00+00:00, externally triggered: False>
[2022-03-03 19:49:19,824] {scheduler_job.py:771} INFO - Examining DAG run <DagRun twitter_dag @ 2022-02-25 09:00:00+00:00: scheduled__2022-02-25T09:00:00+00:00, externally triggered: False>
[2022-03-03 19:49:19,830] {scheduler_job.py:459} INFO - Skipping SLA check for <DAG: twitter_dag> because no tasks in DAG have SLAs
[2022-03-03 19:49:19,831] {scheduler_job.py:1651} INFO - Creating / updating <TaskInstance: twitter_dag.twitter_bbb22 2022-02-25 09:00:00+00:00 [scheduled]> in ORM
[2022-03-03 19:49:19,837] {scheduler_job.py:162} INFO - Processing /run/datapipeline/airflow/dags/twitter_dag.py took 0.055 seconds
[2022-03-03 19:53:37,191] {scheduler_job.py:154} INFO - Started process (PID=25136) to work on /run/datapipeline/airflow/dags/twitter_dag.py
[2022-03-03 19:53:37,193] {scheduler_job.py:1572} INFO - Processing file /run/datapipeline/airflow/dags/twitter_dag.py for tasks to queue
[2022-03-03 19:53:37,193] {logging_mixin.py:112} INFO - [2022-03-03 19:53:37,193] {dagbag.py:417} INFO - Filling up the DagBag from /run/datapipeline/airflow/dags/twitter_dag.py
[2022-03-03 19:53:37,195] {logging_mixin.py:112} WARNING - /run/datapipeline/airflow/dags/twitter_dag.py:6: FutureWarning: Importing 'TwitterOperator' from under 'airflow.operators.*' has been deprecated and should be directly imported as 'operators.twitter_operator.TwitterOperator' instead.

Support for importing from within the airflow namespace for plugins will be dropped entirely in Airflow 2.0. See <http://airflow.apache.org/docs/stable/howto/custom-operator.html>.
  from airflow.operators.bbb22 import TwitterOperator
[2022-03-03 19:53:37,199] {scheduler_job.py:1584} INFO - DAG(s) dict_keys(['twitter_dag']) retrieved from /run/datapipeline/airflow/dags/twitter_dag.py
[2022-03-03 19:53:37,213] {scheduler_job.py:1288} INFO - Processing twitter_dag
[2022-03-03 19:53:37,217] {scheduler_job.py:771} INFO - Examining DAG run <DagRun twitter_dag @ 2022-02-25 09:00:00+00:00: scheduled__2022-02-25T09:00:00+00:00, externally triggered: False>
[2022-03-03 19:53:37,235] {scheduler_job.py:459} INFO - Skipping SLA check for <DAG: twitter_dag> because no tasks in DAG have SLAs
[2022-03-03 19:53:37,236] {scheduler_job.py:162} INFO - Processing /run/datapipeline/airflow/dags/twitter_dag.py took 0.045 seconds
[2022-03-03 19:54:29,245] {scheduler_job.py:154} INFO - Started process (PID=25773) to work on /run/datapipeline/airflow/dags/twitter_dag.py
[2022-03-03 19:54:29,246] {scheduler_job.py:1572} INFO - Processing file /run/datapipeline/airflow/dags/twitter_dag.py for tasks to queue
[2022-03-03 19:54:29,246] {logging_mixin.py:112} INFO - [2022-03-03 19:54:29,246] {dagbag.py:417} INFO - Filling up the DagBag from /run/datapipeline/airflow/dags/twitter_dag.py
[2022-03-03 19:54:29,249] {logging_mixin.py:112} WARNING - /run/datapipeline/airflow/dags/twitter_dag.py:6: FutureWarning: Importing 'TwitterOperator' from under 'airflow.operators.*' has been deprecated and should be directly imported as 'operators.twitter_operator.TwitterOperator' instead.

Support for importing from within the airflow namespace for plugins will be dropped entirely in Airflow 2.0. See <http://airflow.apache.org/docs/stable/howto/custom-operator.html>.
  from airflow.operators.bbb22 import TwitterOperator
[2022-03-03 19:54:29,252] {scheduler_job.py:1584} INFO - DAG(s) dict_keys(['twitter_dag']) retrieved from /run/datapipeline/airflow/dags/twitter_dag.py
[2022-03-03 19:54:29,265] {scheduler_job.py:1288} INFO - Processing twitter_dag
[2022-03-03 19:54:29,269] {scheduler_job.py:771} INFO - Examining DAG run <DagRun twitter_dag @ 2022-02-25 09:00:00+00:00: scheduled__2022-02-25T09:00:00+00:00, externally triggered: False>
[2022-03-03 19:54:29,273] {logging_mixin.py:112} INFO - [2022-03-03 19:54:29,273] {dagrun.py:298} INFO - Marking run <DagRun twitter_dag @ 2022-02-25 09:00:00+00:00: scheduled__2022-02-25T09:00:00+00:00, externally triggered: False> failed
[2022-03-03 19:54:29,278] {scheduler_job.py:459} INFO - Skipping SLA check for <DAG: twitter_dag> because no tasks in DAG have SLAs
[2022-03-03 19:54:29,279] {scheduler_job.py:162} INFO - Processing /run/datapipeline/airflow/dags/twitter_dag.py took 0.034 seconds
[2022-03-03 19:55:21,298] {scheduler_job.py:154} INFO - Started process (PID=26528) to work on /run/datapipeline/airflow/dags/twitter_dag.py
[2022-03-03 19:55:21,299] {scheduler_job.py:1572} INFO - Processing file /run/datapipeline/airflow/dags/twitter_dag.py for tasks to queue
[2022-03-03 19:55:21,300] {logging_mixin.py:112} INFO - [2022-03-03 19:55:21,299] {dagbag.py:417} INFO - Filling up the DagBag from /run/datapipeline/airflow/dags/twitter_dag.py
[2022-03-03 19:55:21,302] {logging_mixin.py:112} WARNING - /run/datapipeline/airflow/dags/twitter_dag.py:6: FutureWarning: Importing 'TwitterOperator' from under 'airflow.operators.*' has been deprecated and should be directly imported as 'operators.twitter_operator.TwitterOperator' instead.

Support for importing from within the airflow namespace for plugins will be dropped entirely in Airflow 2.0. See <http://airflow.apache.org/docs/stable/howto/custom-operator.html>.
  from airflow.operators.bbb22 import TwitterOperator
[2022-03-03 19:55:21,305] {scheduler_job.py:1584} INFO - DAG(s) dict_keys(['twitter_dag']) retrieved from /run/datapipeline/airflow/dags/twitter_dag.py
[2022-03-03 19:55:21,325] {scheduler_job.py:1288} INFO - Processing twitter_dag
[2022-03-03 19:55:21,343] {scheduler_job.py:1298} INFO - Created <DagRun twitter_dag @ 2022-02-26 09:00:00+00:00: scheduled__2022-02-26T09:00:00+00:00, externally triggered: False>
[2022-03-03 19:55:21,344] {scheduler_job.py:771} INFO - Examining DAG run <DagRun twitter_dag @ 2022-02-26 09:00:00+00:00: scheduled__2022-02-26T09:00:00+00:00, externally triggered: False>
[2022-03-03 19:55:21,350] {scheduler_job.py:459} INFO - Skipping SLA check for <DAG: twitter_dag> because no tasks in DAG have SLAs
[2022-03-03 19:55:21,351] {scheduler_job.py:1651} INFO - Creating / updating <TaskInstance: twitter_dag.twitter_bbb22 2022-02-26 09:00:00+00:00 [scheduled]> in ORM
[2022-03-03 19:55:21,356] {scheduler_job.py:162} INFO - Processing /run/datapipeline/airflow/dags/twitter_dag.py took 0.058 seconds
[2022-03-03 19:56:18,332] {scheduler_job.py:154} INFO - Started process (PID=27669) to work on /run/datapipeline/airflow/dags/twitter_dag.py
[2022-03-03 19:56:18,333] {scheduler_job.py:1572} INFO - Processing file /run/datapipeline/airflow/dags/twitter_dag.py for tasks to queue
[2022-03-03 19:56:18,333] {logging_mixin.py:112} INFO - [2022-03-03 19:56:18,333] {dagbag.py:417} INFO - Filling up the DagBag from /run/datapipeline/airflow/dags/twitter_dag.py
[2022-03-03 19:56:18,336] {logging_mixin.py:112} WARNING - /run/datapipeline/airflow/dags/twitter_dag.py:6: FutureWarning: Importing 'TwitterOperator' from under 'airflow.operators.*' has been deprecated and should be directly imported as 'operators.twitter_operator.TwitterOperator' instead.

Support for importing from within the airflow namespace for plugins will be dropped entirely in Airflow 2.0. See <http://airflow.apache.org/docs/stable/howto/custom-operator.html>.
  from airflow.operators.bbb22 import TwitterOperator
[2022-03-03 19:56:18,339] {scheduler_job.py:1584} INFO - DAG(s) dict_keys(['twitter_dag']) retrieved from /run/datapipeline/airflow/dags/twitter_dag.py
[2022-03-03 19:56:18,361] {scheduler_job.py:1288} INFO - Processing twitter_dag
[2022-03-03 19:56:18,364] {scheduler_job.py:771} INFO - Examining DAG run <DagRun twitter_dag @ 2022-02-26 09:00:00+00:00: scheduled__2022-02-26T09:00:00+00:00, externally triggered: False>
[2022-03-03 19:56:18,382] {scheduler_job.py:459} INFO - Skipping SLA check for <DAG: twitter_dag> because no tasks in DAG have SLAs
[2022-03-03 19:56:18,384] {scheduler_job.py:162} INFO - Processing /run/datapipeline/airflow/dags/twitter_dag.py took 0.052 seconds
[2022-03-03 19:57:10,388] {scheduler_job.py:154} INFO - Started process (PID=28522) to work on /run/datapipeline/airflow/dags/twitter_dag.py
[2022-03-03 19:57:10,389] {scheduler_job.py:1572} INFO - Processing file /run/datapipeline/airflow/dags/twitter_dag.py for tasks to queue
[2022-03-03 19:57:10,389] {logging_mixin.py:112} INFO - [2022-03-03 19:57:10,389] {dagbag.py:417} INFO - Filling up the DagBag from /run/datapipeline/airflow/dags/twitter_dag.py
[2022-03-03 19:57:10,392] {logging_mixin.py:112} WARNING - /run/datapipeline/airflow/dags/twitter_dag.py:6: FutureWarning: Importing 'TwitterOperator' from under 'airflow.operators.*' has been deprecated and should be directly imported as 'operators.twitter_operator.TwitterOperator' instead.

Support for importing from within the airflow namespace for plugins will be dropped entirely in Airflow 2.0. See <http://airflow.apache.org/docs/stable/howto/custom-operator.html>.
  from airflow.operators.bbb22 import TwitterOperator
[2022-03-03 19:57:10,396] {scheduler_job.py:1584} INFO - DAG(s) dict_keys(['twitter_dag']) retrieved from /run/datapipeline/airflow/dags/twitter_dag.py
[2022-03-03 19:57:10,409] {scheduler_job.py:1288} INFO - Processing twitter_dag
[2022-03-03 19:57:10,413] {scheduler_job.py:771} INFO - Examining DAG run <DagRun twitter_dag @ 2022-02-26 09:00:00+00:00: scheduled__2022-02-26T09:00:00+00:00, externally triggered: False>
[2022-03-03 19:57:10,417] {logging_mixin.py:112} INFO - [2022-03-03 19:57:10,417] {dagrun.py:298} INFO - Marking run <DagRun twitter_dag @ 2022-02-26 09:00:00+00:00: scheduled__2022-02-26T09:00:00+00:00, externally triggered: False> failed
[2022-03-03 19:57:10,422] {scheduler_job.py:459} INFO - Skipping SLA check for <DAG: twitter_dag> because no tasks in DAG have SLAs
[2022-03-03 19:57:10,423] {scheduler_job.py:162} INFO - Processing /run/datapipeline/airflow/dags/twitter_dag.py took 0.035 seconds
[2022-03-03 19:58:02,448] {scheduler_job.py:154} INFO - Started process (PID=29257) to work on /run/datapipeline/airflow/dags/twitter_dag.py
[2022-03-03 19:58:02,449] {scheduler_job.py:1572} INFO - Processing file /run/datapipeline/airflow/dags/twitter_dag.py for tasks to queue
[2022-03-03 19:58:02,449] {logging_mixin.py:112} INFO - [2022-03-03 19:58:02,449] {dagbag.py:417} INFO - Filling up the DagBag from /run/datapipeline/airflow/dags/twitter_dag.py
[2022-03-03 19:58:02,452] {logging_mixin.py:112} WARNING - /run/datapipeline/airflow/dags/twitter_dag.py:6: FutureWarning: Importing 'TwitterOperator' from under 'airflow.operators.*' has been deprecated and should be directly imported as 'operators.twitter_operator.TwitterOperator' instead.

Support for importing from within the airflow namespace for plugins will be dropped entirely in Airflow 2.0. See <http://airflow.apache.org/docs/stable/howto/custom-operator.html>.
  from airflow.operators.bbb22 import TwitterOperator
[2022-03-03 19:58:02,455] {scheduler_job.py:1584} INFO - DAG(s) dict_keys(['twitter_dag']) retrieved from /run/datapipeline/airflow/dags/twitter_dag.py
[2022-03-03 19:58:02,475] {scheduler_job.py:1288} INFO - Processing twitter_dag
[2022-03-03 19:58:02,493] {scheduler_job.py:1298} INFO - Created <DagRun twitter_dag @ 2022-02-27 09:00:00+00:00: scheduled__2022-02-27T09:00:00+00:00, externally triggered: False>
[2022-03-03 19:58:02,494] {scheduler_job.py:771} INFO - Examining DAG run <DagRun twitter_dag @ 2022-02-27 09:00:00+00:00: scheduled__2022-02-27T09:00:00+00:00, externally triggered: False>
[2022-03-03 19:58:02,499] {scheduler_job.py:459} INFO - Skipping SLA check for <DAG: twitter_dag> because no tasks in DAG have SLAs
[2022-03-03 19:58:02,501] {scheduler_job.py:1651} INFO - Creating / updating <TaskInstance: twitter_dag.twitter_bbb22 2022-02-27 09:00:00+00:00 [scheduled]> in ORM
[2022-03-03 19:58:02,507] {scheduler_job.py:162} INFO - Processing /run/datapipeline/airflow/dags/twitter_dag.py took 0.059 seconds
[2022-03-03 19:58:59,582] {scheduler_job.py:154} INFO - Started process (PID=30415) to work on /run/datapipeline/airflow/dags/twitter_dag.py
[2022-03-03 19:58:59,583] {scheduler_job.py:1572} INFO - Processing file /run/datapipeline/airflow/dags/twitter_dag.py for tasks to queue
[2022-03-03 19:58:59,583] {logging_mixin.py:112} INFO - [2022-03-03 19:58:59,583] {dagbag.py:417} INFO - Filling up the DagBag from /run/datapipeline/airflow/dags/twitter_dag.py
[2022-03-03 19:58:59,585] {logging_mixin.py:112} WARNING - /run/datapipeline/airflow/dags/twitter_dag.py:6: FutureWarning: Importing 'TwitterOperator' from under 'airflow.operators.*' has been deprecated and should be directly imported as 'operators.twitter_operator.TwitterOperator' instead.

Support for importing from within the airflow namespace for plugins will be dropped entirely in Airflow 2.0. See <http://airflow.apache.org/docs/stable/howto/custom-operator.html>.
  from airflow.operators.bbb22 import TwitterOperator
[2022-03-03 19:58:59,589] {scheduler_job.py:1584} INFO - DAG(s) dict_keys(['twitter_dag']) retrieved from /run/datapipeline/airflow/dags/twitter_dag.py
[2022-03-03 19:58:59,600] {scheduler_job.py:162} INFO - Processing /run/datapipeline/airflow/dags/twitter_dag.py took 0.019 seconds
[2022-03-03 19:59:51,636] {scheduler_job.py:154} INFO - Started process (PID=31334) to work on /run/datapipeline/airflow/dags/twitter_dag.py
[2022-03-03 19:59:51,637] {scheduler_job.py:1572} INFO - Processing file /run/datapipeline/airflow/dags/twitter_dag.py for tasks to queue
[2022-03-03 19:59:51,637] {logging_mixin.py:112} INFO - [2022-03-03 19:59:51,637] {dagbag.py:417} INFO - Filling up the DagBag from /run/datapipeline/airflow/dags/twitter_dag.py
[2022-03-03 19:59:51,640] {logging_mixin.py:112} WARNING - /run/datapipeline/airflow/dags/twitter_dag.py:6: FutureWarning: Importing 'TwitterOperator' from under 'airflow.operators.*' has been deprecated and should be directly imported as 'operators.twitter_operator.TwitterOperator' instead.

Support for importing from within the airflow namespace for plugins will be dropped entirely in Airflow 2.0. See <http://airflow.apache.org/docs/stable/howto/custom-operator.html>.
  from airflow.operators.bbb22 import TwitterOperator
[2022-03-03 19:59:51,643] {scheduler_job.py:1584} INFO - DAG(s) dict_keys(['twitter_dag']) retrieved from /run/datapipeline/airflow/dags/twitter_dag.py
[2022-03-03 19:59:51,655] {scheduler_job.py:162} INFO - Processing /run/datapipeline/airflow/dags/twitter_dag.py took 0.018 seconds
[2022-03-03 20:00:43,694] {scheduler_job.py:154} INFO - Started process (PID=32268) to work on /run/datapipeline/airflow/dags/twitter_dag.py
[2022-03-03 20:00:43,696] {scheduler_job.py:1572} INFO - Processing file /run/datapipeline/airflow/dags/twitter_dag.py for tasks to queue
[2022-03-03 20:00:43,696] {logging_mixin.py:112} INFO - [2022-03-03 20:00:43,696] {dagbag.py:417} INFO - Filling up the DagBag from /run/datapipeline/airflow/dags/twitter_dag.py
[2022-03-03 20:00:43,699] {logging_mixin.py:112} WARNING - /run/datapipeline/airflow/dags/twitter_dag.py:6: FutureWarning: Importing 'TwitterOperator' from under 'airflow.operators.*' has been deprecated and should be directly imported as 'operators.twitter_operator.TwitterOperator' instead.

Support for importing from within the airflow namespace for plugins will be dropped entirely in Airflow 2.0. See <http://airflow.apache.org/docs/stable/howto/custom-operator.html>.
  from airflow.operators.bbb22 import TwitterOperator
[2022-03-03 20:00:43,703] {scheduler_job.py:1584} INFO - DAG(s) dict_keys(['twitter_dag']) retrieved from /run/datapipeline/airflow/dags/twitter_dag.py
[2022-03-03 20:00:43,709] {logging_mixin.py:112} INFO - [2022-03-03 20:00:43,708] {dag.py:1520} INFO - Creating ORM DAG for twitter_dag
[2022-03-03 20:00:43,724] {scheduler_job.py:162} INFO - Processing /run/datapipeline/airflow/dags/twitter_dag.py took 0.030 seconds
[2022-03-03 20:02:10,503] {scheduler_job.py:154} INFO - Started process (PID=1402) to work on /run/datapipeline/airflow/dags/twitter_dag.py
[2022-03-03 20:02:10,504] {scheduler_job.py:1572} INFO - Processing file /run/datapipeline/airflow/dags/twitter_dag.py for tasks to queue
[2022-03-03 20:02:10,504] {logging_mixin.py:112} INFO - [2022-03-03 20:02:10,504] {dagbag.py:417} INFO - Filling up the DagBag from /run/datapipeline/airflow/dags/twitter_dag.py
[2022-03-03 20:02:10,507] {logging_mixin.py:112} WARNING - /run/datapipeline/airflow/dags/twitter_dag.py:6: FutureWarning: Importing 'TwitterOperator' from under 'airflow.operators.*' has been deprecated and should be directly imported as 'operators.twitter_operator.TwitterOperator' instead.

Support for importing from within the airflow namespace for plugins will be dropped entirely in Airflow 2.0. See <http://airflow.apache.org/docs/stable/howto/custom-operator.html>.
  from airflow.operators.bbb22 import TwitterOperator
[2022-03-03 20:02:10,510] {scheduler_job.py:1584} INFO - DAG(s) dict_keys(['twitter_dag']) retrieved from /run/datapipeline/airflow/dags/twitter_dag.py
[2022-03-03 20:02:10,530] {scheduler_job.py:1288} INFO - Processing twitter_dag
[2022-03-03 20:02:10,547] {scheduler_job.py:1298} INFO - Created <DagRun twitter_dag @ 2022-02-25 09:00:00+00:00: scheduled__2022-02-25T09:00:00+00:00, externally triggered: False>
[2022-03-03 20:02:10,549] {scheduler_job.py:771} INFO - Examining DAG run <DagRun twitter_dag @ 2022-02-25 09:00:00+00:00: scheduled__2022-02-25T09:00:00+00:00, externally triggered: False>
[2022-03-03 20:02:10,554] {scheduler_job.py:459} INFO - Skipping SLA check for <DAG: twitter_dag> because no tasks in DAG have SLAs
[2022-03-03 20:02:10,556] {scheduler_job.py:1651} INFO - Creating / updating <TaskInstance: twitter_dag.twitter_bbb22 2022-02-25 09:00:00+00:00 [scheduled]> in ORM
[2022-03-03 20:02:10,562] {scheduler_job.py:162} INFO - Processing /run/datapipeline/airflow/dags/twitter_dag.py took 0.059 seconds
[2022-03-03 20:03:41,993] {scheduler_job.py:154} INFO - Started process (PID=2833) to work on /run/datapipeline/airflow/dags/twitter_dag.py
[2022-03-03 20:03:41,994] {scheduler_job.py:1572} INFO - Processing file /run/datapipeline/airflow/dags/twitter_dag.py for tasks to queue
[2022-03-03 20:03:41,994] {logging_mixin.py:112} INFO - [2022-03-03 20:03:41,994] {dagbag.py:417} INFO - Filling up the DagBag from /run/datapipeline/airflow/dags/twitter_dag.py
[2022-03-03 20:03:41,997] {logging_mixin.py:112} WARNING - /run/datapipeline/airflow/dags/twitter_dag.py:6: FutureWarning: Importing 'TwitterOperator' from under 'airflow.operators.*' has been deprecated and should be directly imported as 'operators.twitter_operator.TwitterOperator' instead.

Support for importing from within the airflow namespace for plugins will be dropped entirely in Airflow 2.0. See <http://airflow.apache.org/docs/stable/howto/custom-operator.html>.
  from airflow.operators.bbb22 import TwitterOperator
[2022-03-03 20:03:42,000] {scheduler_job.py:1584} INFO - DAG(s) dict_keys(['twitter_dag']) retrieved from /run/datapipeline/airflow/dags/twitter_dag.py
[2022-03-03 20:03:42,004] {logging_mixin.py:112} INFO - [2022-03-03 20:03:42,004] {dag.py:1520} INFO - Creating ORM DAG for twitter_dag
[2022-03-03 20:03:42,011] {scheduler_job.py:162} INFO - Processing /run/datapipeline/airflow/dags/twitter_dag.py took 0.018 seconds
[2022-03-03 20:04:34,049] {scheduler_job.py:154} INFO - Started process (PID=3369) to work on /run/datapipeline/airflow/dags/twitter_dag.py
[2022-03-03 20:04:34,050] {scheduler_job.py:1572} INFO - Processing file /run/datapipeline/airflow/dags/twitter_dag.py for tasks to queue
[2022-03-03 20:04:34,050] {logging_mixin.py:112} INFO - [2022-03-03 20:04:34,050] {dagbag.py:417} INFO - Filling up the DagBag from /run/datapipeline/airflow/dags/twitter_dag.py
[2022-03-03 20:04:34,052] {logging_mixin.py:112} WARNING - /run/datapipeline/airflow/dags/twitter_dag.py:6: FutureWarning: Importing 'TwitterOperator' from under 'airflow.operators.*' has been deprecated and should be directly imported as 'operators.twitter_operator.TwitterOperator' instead.

Support for importing from within the airflow namespace for plugins will be dropped entirely in Airflow 2.0. See <http://airflow.apache.org/docs/stable/howto/custom-operator.html>.
  from airflow.operators.bbb22 import TwitterOperator
[2022-03-03 20:04:34,056] {scheduler_job.py:1584} INFO - DAG(s) dict_keys(['twitter_dag']) retrieved from /run/datapipeline/airflow/dags/twitter_dag.py
[2022-03-03 20:04:34,074] {scheduler_job.py:162} INFO - Processing /run/datapipeline/airflow/dags/twitter_dag.py took 0.026 seconds
[2022-03-03 20:05:26,103] {scheduler_job.py:154} INFO - Started process (PID=3881) to work on /run/datapipeline/airflow/dags/twitter_dag.py
[2022-03-03 20:05:26,104] {scheduler_job.py:1572} INFO - Processing file /run/datapipeline/airflow/dags/twitter_dag.py for tasks to queue
[2022-03-03 20:05:26,105] {logging_mixin.py:112} INFO - [2022-03-03 20:05:26,105] {dagbag.py:417} INFO - Filling up the DagBag from /run/datapipeline/airflow/dags/twitter_dag.py
[2022-03-03 20:05:26,107] {logging_mixin.py:112} WARNING - /run/datapipeline/airflow/dags/twitter_dag.py:6: FutureWarning: Importing 'TwitterOperator' from under 'airflow.operators.*' has been deprecated and should be directly imported as 'operators.twitter_operator.TwitterOperator' instead.

Support for importing from within the airflow namespace for plugins will be dropped entirely in Airflow 2.0. See <http://airflow.apache.org/docs/stable/howto/custom-operator.html>.
  from airflow.operators.bbb22 import TwitterOperator
[2022-03-03 20:05:26,110] {scheduler_job.py:1584} INFO - DAG(s) dict_keys(['twitter_dag']) retrieved from /run/datapipeline/airflow/dags/twitter_dag.py
[2022-03-03 20:05:26,121] {scheduler_job.py:162} INFO - Processing /run/datapipeline/airflow/dags/twitter_dag.py took 0.018 seconds
[2022-03-03 20:06:18,160] {scheduler_job.py:154} INFO - Started process (PID=4423) to work on /run/datapipeline/airflow/dags/twitter_dag.py
[2022-03-03 20:06:18,161] {scheduler_job.py:1572} INFO - Processing file /run/datapipeline/airflow/dags/twitter_dag.py for tasks to queue
[2022-03-03 20:06:18,162] {logging_mixin.py:112} INFO - [2022-03-03 20:06:18,161] {dagbag.py:417} INFO - Filling up the DagBag from /run/datapipeline/airflow/dags/twitter_dag.py
[2022-03-03 20:06:18,164] {logging_mixin.py:112} WARNING - /run/datapipeline/airflow/dags/twitter_dag.py:6: FutureWarning: Importing 'TwitterOperator' from under 'airflow.operators.*' has been deprecated and should be directly imported as 'operators.twitter_operator.TwitterOperator' instead.

Support for importing from within the airflow namespace for plugins will be dropped entirely in Airflow 2.0. See <http://airflow.apache.org/docs/stable/howto/custom-operator.html>.
  from airflow.operators.bbb22 import TwitterOperator
[2022-03-03 20:06:18,167] {scheduler_job.py:1584} INFO - DAG(s) dict_keys(['twitter_dag']) retrieved from /run/datapipeline/airflow/dags/twitter_dag.py
[2022-03-03 20:06:18,178] {scheduler_job.py:162} INFO - Processing /run/datapipeline/airflow/dags/twitter_dag.py took 0.017 seconds
[2022-03-03 20:07:10,218] {scheduler_job.py:154} INFO - Started process (PID=4970) to work on /run/datapipeline/airflow/dags/twitter_dag.py
[2022-03-03 20:07:10,220] {scheduler_job.py:1572} INFO - Processing file /run/datapipeline/airflow/dags/twitter_dag.py for tasks to queue
[2022-03-03 20:07:10,220] {logging_mixin.py:112} INFO - [2022-03-03 20:07:10,220] {dagbag.py:417} INFO - Filling up the DagBag from /run/datapipeline/airflow/dags/twitter_dag.py
[2022-03-03 20:07:10,223] {logging_mixin.py:112} WARNING - /run/datapipeline/airflow/dags/twitter_dag.py:6: FutureWarning: Importing 'TwitterOperator' from under 'airflow.operators.*' has been deprecated and should be directly imported as 'operators.twitter_operator.TwitterOperator' instead.

Support for importing from within the airflow namespace for plugins will be dropped entirely in Airflow 2.0. See <http://airflow.apache.org/docs/stable/howto/custom-operator.html>.
  from airflow.operators.bbb22 import TwitterOperator
[2022-03-03 20:07:10,228] {scheduler_job.py:1584} INFO - DAG(s) dict_keys(['twitter_dag']) retrieved from /run/datapipeline/airflow/dags/twitter_dag.py
[2022-03-03 20:07:10,241] {scheduler_job.py:162} INFO - Processing /run/datapipeline/airflow/dags/twitter_dag.py took 0.023 seconds
[2022-03-03 20:08:02,275] {scheduler_job.py:154} INFO - Started process (PID=5484) to work on /run/datapipeline/airflow/dags/twitter_dag.py
[2022-03-03 20:08:02,276] {scheduler_job.py:1572} INFO - Processing file /run/datapipeline/airflow/dags/twitter_dag.py for tasks to queue
[2022-03-03 20:08:02,276] {logging_mixin.py:112} INFO - [2022-03-03 20:08:02,276] {dagbag.py:417} INFO - Filling up the DagBag from /run/datapipeline/airflow/dags/twitter_dag.py
[2022-03-03 20:08:02,279] {logging_mixin.py:112} WARNING - /run/datapipeline/airflow/dags/twitter_dag.py:6: FutureWarning: Importing 'TwitterOperator' from under 'airflow.operators.*' has been deprecated and should be directly imported as 'operators.twitter_operator.TwitterOperator' instead.

Support for importing from within the airflow namespace for plugins will be dropped entirely in Airflow 2.0. See <http://airflow.apache.org/docs/stable/howto/custom-operator.html>.
  from airflow.operators.bbb22 import TwitterOperator
[2022-03-03 20:08:02,282] {scheduler_job.py:1584} INFO - DAG(s) dict_keys(['twitter_dag']) retrieved from /run/datapipeline/airflow/dags/twitter_dag.py
[2022-03-03 20:08:02,295] {scheduler_job.py:162} INFO - Processing /run/datapipeline/airflow/dags/twitter_dag.py took 0.021 seconds
[2022-03-03 20:08:54,329] {scheduler_job.py:154} INFO - Started process (PID=6011) to work on /run/datapipeline/airflow/dags/twitter_dag.py
[2022-03-03 20:08:54,330] {scheduler_job.py:1572} INFO - Processing file /run/datapipeline/airflow/dags/twitter_dag.py for tasks to queue
[2022-03-03 20:08:54,330] {logging_mixin.py:112} INFO - [2022-03-03 20:08:54,330] {dagbag.py:417} INFO - Filling up the DagBag from /run/datapipeline/airflow/dags/twitter_dag.py
[2022-03-03 20:08:54,333] {logging_mixin.py:112} WARNING - /run/datapipeline/airflow/dags/twitter_dag.py:6: FutureWarning: Importing 'TwitterOperator' from under 'airflow.operators.*' has been deprecated and should be directly imported as 'operators.twitter_operator.TwitterOperator' instead.

Support for importing from within the airflow namespace for plugins will be dropped entirely in Airflow 2.0. See <http://airflow.apache.org/docs/stable/howto/custom-operator.html>.
  from airflow.operators.bbb22 import TwitterOperator
[2022-03-03 20:08:54,337] {scheduler_job.py:1584} INFO - DAG(s) dict_keys(['twitter_dag']) retrieved from /run/datapipeline/airflow/dags/twitter_dag.py
[2022-03-03 20:08:54,353] {scheduler_job.py:162} INFO - Processing /run/datapipeline/airflow/dags/twitter_dag.py took 0.025 seconds
[2022-03-03 20:09:46,385] {scheduler_job.py:154} INFO - Started process (PID=6788) to work on /run/datapipeline/airflow/dags/twitter_dag.py
[2022-03-03 20:09:46,386] {scheduler_job.py:1572} INFO - Processing file /run/datapipeline/airflow/dags/twitter_dag.py for tasks to queue
[2022-03-03 20:09:46,386] {logging_mixin.py:112} INFO - [2022-03-03 20:09:46,386] {dagbag.py:417} INFO - Filling up the DagBag from /run/datapipeline/airflow/dags/twitter_dag.py
[2022-03-03 20:09:46,388] {logging_mixin.py:112} WARNING - /run/datapipeline/airflow/dags/twitter_dag.py:6: FutureWarning: Importing 'TwitterOperator' from under 'airflow.operators.*' has been deprecated and should be directly imported as 'operators.twitter_operator.TwitterOperator' instead.

Support for importing from within the airflow namespace for plugins will be dropped entirely in Airflow 2.0. See <http://airflow.apache.org/docs/stable/howto/custom-operator.html>.
  from airflow.operators.bbb22 import TwitterOperator
[2022-03-03 20:09:46,392] {scheduler_job.py:1584} INFO - DAG(s) dict_keys(['twitter_dag']) retrieved from /run/datapipeline/airflow/dags/twitter_dag.py
[2022-03-03 20:09:46,414] {scheduler_job.py:1288} INFO - Processing twitter_dag
[2022-03-03 20:09:46,433] {scheduler_job.py:1298} INFO - Created <DagRun twitter_dag @ 2022-02-25 09:00:00+00:00: scheduled__2022-02-25T09:00:00+00:00, externally triggered: False>
[2022-03-03 20:09:46,434] {scheduler_job.py:771} INFO - Examining DAG run <DagRun twitter_dag @ 2022-02-25 09:00:00+00:00: scheduled__2022-02-25T09:00:00+00:00, externally triggered: False>
[2022-03-03 20:09:46,440] {scheduler_job.py:459} INFO - Skipping SLA check for <DAG: twitter_dag> because no tasks in DAG have SLAs
[2022-03-03 20:09:46,442] {scheduler_job.py:1651} INFO - Creating / updating <TaskInstance: twitter_dag.twitter_bbb22 2022-02-25 09:00:00+00:00 [scheduled]> in ORM
[2022-03-03 20:09:46,447] {scheduler_job.py:162} INFO - Processing /run/datapipeline/airflow/dags/twitter_dag.py took 0.063 seconds
[2022-03-03 20:12:58,659] {scheduler_job.py:154} INFO - Started process (PID=8673) to work on /run/datapipeline/airflow/dags/twitter_dag.py
[2022-03-03 20:12:58,661] {scheduler_job.py:1572} INFO - Processing file /run/datapipeline/airflow/dags/twitter_dag.py for tasks to queue
[2022-03-03 20:12:58,661] {logging_mixin.py:112} INFO - [2022-03-03 20:12:58,661] {dagbag.py:417} INFO - Filling up the DagBag from /run/datapipeline/airflow/dags/twitter_dag.py
[2022-03-03 20:12:58,663] {logging_mixin.py:112} WARNING - /run/datapipeline/airflow/dags/twitter_dag.py:6: FutureWarning: Importing 'TwitterOperator' from under 'airflow.operators.*' has been deprecated and should be directly imported as 'operators.twitter_operator.TwitterOperator' instead.

Support for importing from within the airflow namespace for plugins will be dropped entirely in Airflow 2.0. See <http://airflow.apache.org/docs/stable/howto/custom-operator.html>.
  from airflow.operators.bbb22 import TwitterOperator
[2022-03-03 20:12:58,667] {scheduler_job.py:1584} INFO - DAG(s) dict_keys(['twitter_dag']) retrieved from /run/datapipeline/airflow/dags/twitter_dag.py
[2022-03-03 20:12:58,680] {scheduler_job.py:1288} INFO - Processing twitter_dag
[2022-03-03 20:12:58,684] {scheduler_job.py:771} INFO - Examining DAG run <DagRun twitter_dag @ 2022-02-25 09:00:00+00:00: scheduled__2022-02-25T09:00:00+00:00, externally triggered: False>
[2022-03-03 20:12:58,701] {scheduler_job.py:459} INFO - Skipping SLA check for <DAG: twitter_dag> because no tasks in DAG have SLAs
[2022-03-03 20:12:58,702] {scheduler_job.py:162} INFO - Processing /run/datapipeline/airflow/dags/twitter_dag.py took 0.043 seconds
[2022-03-03 20:13:50,721] {scheduler_job.py:154} INFO - Started process (PID=9145) to work on /run/datapipeline/airflow/dags/twitter_dag.py
[2022-03-03 20:13:50,723] {scheduler_job.py:1572} INFO - Processing file /run/datapipeline/airflow/dags/twitter_dag.py for tasks to queue
[2022-03-03 20:13:50,723] {logging_mixin.py:112} INFO - [2022-03-03 20:13:50,723] {dagbag.py:417} INFO - Filling up the DagBag from /run/datapipeline/airflow/dags/twitter_dag.py
[2022-03-03 20:13:50,726] {logging_mixin.py:112} WARNING - /run/datapipeline/airflow/dags/twitter_dag.py:6: FutureWarning: Importing 'TwitterOperator' from under 'airflow.operators.*' has been deprecated and should be directly imported as 'operators.twitter_operator.TwitterOperator' instead.

Support for importing from within the airflow namespace for plugins will be dropped entirely in Airflow 2.0. See <http://airflow.apache.org/docs/stable/howto/custom-operator.html>.
  from airflow.operators.bbb22 import TwitterOperator
[2022-03-03 20:13:50,731] {scheduler_job.py:1584} INFO - DAG(s) dict_keys(['twitter_dag']) retrieved from /run/datapipeline/airflow/dags/twitter_dag.py
[2022-03-03 20:13:50,752] {scheduler_job.py:1288} INFO - Processing twitter_dag
[2022-03-03 20:13:50,759] {scheduler_job.py:771} INFO - Examining DAG run <DagRun twitter_dag @ 2022-02-25 09:00:00+00:00: scheduled__2022-02-25T09:00:00+00:00, externally triggered: False>
[2022-03-03 20:13:50,766] {logging_mixin.py:112} INFO - [2022-03-03 20:13:50,766] {dagrun.py:298} INFO - Marking run <DagRun twitter_dag @ 2022-02-25 09:00:00+00:00: scheduled__2022-02-25T09:00:00+00:00, externally triggered: False> failed
[2022-03-03 20:13:50,774] {scheduler_job.py:459} INFO - Skipping SLA check for <DAG: twitter_dag> because no tasks in DAG have SLAs
[2022-03-03 20:13:50,777] {scheduler_job.py:162} INFO - Processing /run/datapipeline/airflow/dags/twitter_dag.py took 0.057 seconds
[2022-03-03 20:14:42,775] {scheduler_job.py:154} INFO - Started process (PID=9624) to work on /run/datapipeline/airflow/dags/twitter_dag.py
[2022-03-03 20:14:42,777] {scheduler_job.py:1572} INFO - Processing file /run/datapipeline/airflow/dags/twitter_dag.py for tasks to queue
[2022-03-03 20:14:42,777] {logging_mixin.py:112} INFO - [2022-03-03 20:14:42,777] {dagbag.py:417} INFO - Filling up the DagBag from /run/datapipeline/airflow/dags/twitter_dag.py
[2022-03-03 20:14:42,782] {logging_mixin.py:112} WARNING - /run/datapipeline/airflow/dags/twitter_dag.py:6: FutureWarning: Importing 'TwitterOperator' from under 'airflow.operators.*' has been deprecated and should be directly imported as 'operators.twitter_operator.TwitterOperator' instead.

Support for importing from within the airflow namespace for plugins will be dropped entirely in Airflow 2.0. See <http://airflow.apache.org/docs/stable/howto/custom-operator.html>.
  from airflow.operators.bbb22 import TwitterOperator
[2022-03-03 20:14:42,788] {scheduler_job.py:1584} INFO - DAG(s) dict_keys(['twitter_dag']) retrieved from /run/datapipeline/airflow/dags/twitter_dag.py
[2022-03-03 20:14:42,807] {scheduler_job.py:1288} INFO - Processing twitter_dag
[2022-03-03 20:14:42,836] {scheduler_job.py:1298} INFO - Created <DagRun twitter_dag @ 2022-02-26 09:00:00+00:00: scheduled__2022-02-26T09:00:00+00:00, externally triggered: False>
[2022-03-03 20:14:42,838] {scheduler_job.py:771} INFO - Examining DAG run <DagRun twitter_dag @ 2022-02-26 09:00:00+00:00: scheduled__2022-02-26T09:00:00+00:00, externally triggered: False>
[2022-03-03 20:14:42,847] {scheduler_job.py:459} INFO - Skipping SLA check for <DAG: twitter_dag> because no tasks in DAG have SLAs
[2022-03-03 20:14:42,851] {scheduler_job.py:1651} INFO - Creating / updating <TaskInstance: twitter_dag.twitter_bbb22 2022-02-26 09:00:00+00:00 [scheduled]> in ORM
[2022-03-03 20:14:42,858] {scheduler_job.py:162} INFO - Processing /run/datapipeline/airflow/dags/twitter_dag.py took 0.083 seconds
[2022-03-03 20:15:40,362] {scheduler_job.py:154} INFO - Started process (PID=10185) to work on /run/datapipeline/airflow/dags/twitter_dag.py
[2022-03-03 20:15:40,363] {scheduler_job.py:1572} INFO - Processing file /run/datapipeline/airflow/dags/twitter_dag.py for tasks to queue
[2022-03-03 20:15:40,364] {logging_mixin.py:112} INFO - [2022-03-03 20:15:40,364] {dagbag.py:417} INFO - Filling up the DagBag from /run/datapipeline/airflow/dags/twitter_dag.py
[2022-03-03 20:15:40,367] {logging_mixin.py:112} WARNING - /run/datapipeline/airflow/dags/twitter_dag.py:6: FutureWarning: Importing 'TwitterOperator' from under 'airflow.operators.*' has been deprecated and should be directly imported as 'operators.twitter_operator.TwitterOperator' instead.

Support for importing from within the airflow namespace for plugins will be dropped entirely in Airflow 2.0. See <http://airflow.apache.org/docs/stable/howto/custom-operator.html>.
  from airflow.operators.bbb22 import TwitterOperator
[2022-03-03 20:15:40,371] {scheduler_job.py:1584} INFO - DAG(s) dict_keys(['twitter_dag']) retrieved from /run/datapipeline/airflow/dags/twitter_dag.py
[2022-03-03 20:15:40,392] {scheduler_job.py:1288} INFO - Processing twitter_dag
[2022-03-03 20:15:40,396] {scheduler_job.py:771} INFO - Examining DAG run <DagRun twitter_dag @ 2022-02-26 09:00:00+00:00: scheduled__2022-02-26T09:00:00+00:00, externally triggered: False>
[2022-03-03 20:15:40,420] {scheduler_job.py:459} INFO - Skipping SLA check for <DAG: twitter_dag> because no tasks in DAG have SLAs
[2022-03-03 20:15:40,422] {scheduler_job.py:162} INFO - Processing /run/datapipeline/airflow/dags/twitter_dag.py took 0.060 seconds
[2022-03-03 20:16:32,436] {scheduler_job.py:154} INFO - Started process (PID=10653) to work on /run/datapipeline/airflow/dags/twitter_dag.py
[2022-03-03 20:16:32,438] {scheduler_job.py:1572} INFO - Processing file /run/datapipeline/airflow/dags/twitter_dag.py for tasks to queue
[2022-03-03 20:16:32,438] {logging_mixin.py:112} INFO - [2022-03-03 20:16:32,438] {dagbag.py:417} INFO - Filling up the DagBag from /run/datapipeline/airflow/dags/twitter_dag.py
[2022-03-03 20:16:32,442] {logging_mixin.py:112} WARNING - /run/datapipeline/airflow/dags/twitter_dag.py:6: FutureWarning: Importing 'TwitterOperator' from under 'airflow.operators.*' has been deprecated and should be directly imported as 'operators.twitter_operator.TwitterOperator' instead.

Support for importing from within the airflow namespace for plugins will be dropped entirely in Airflow 2.0. See <http://airflow.apache.org/docs/stable/howto/custom-operator.html>.
  from airflow.operators.bbb22 import TwitterOperator
[2022-03-03 20:16:32,450] {scheduler_job.py:1584} INFO - DAG(s) dict_keys(['twitter_dag']) retrieved from /run/datapipeline/airflow/dags/twitter_dag.py
[2022-03-03 20:16:32,473] {scheduler_job.py:1288} INFO - Processing twitter_dag
[2022-03-03 20:16:32,478] {scheduler_job.py:771} INFO - Examining DAG run <DagRun twitter_dag @ 2022-02-26 09:00:00+00:00: scheduled__2022-02-26T09:00:00+00:00, externally triggered: False>
[2022-03-03 20:16:32,485] {logging_mixin.py:112} INFO - [2022-03-03 20:16:32,485] {dagrun.py:298} INFO - Marking run <DagRun twitter_dag @ 2022-02-26 09:00:00+00:00: scheduled__2022-02-26T09:00:00+00:00, externally triggered: False> failed
[2022-03-03 20:16:32,492] {scheduler_job.py:459} INFO - Skipping SLA check for <DAG: twitter_dag> because no tasks in DAG have SLAs
[2022-03-03 20:16:32,495] {scheduler_job.py:162} INFO - Processing /run/datapipeline/airflow/dags/twitter_dag.py took 0.059 seconds
[2022-03-03 20:17:24,481] {scheduler_job.py:154} INFO - Started process (PID=11112) to work on /run/datapipeline/airflow/dags/twitter_dag.py
[2022-03-03 20:17:24,483] {scheduler_job.py:1572} INFO - Processing file /run/datapipeline/airflow/dags/twitter_dag.py for tasks to queue
[2022-03-03 20:17:24,483] {logging_mixin.py:112} INFO - [2022-03-03 20:17:24,483] {dagbag.py:417} INFO - Filling up the DagBag from /run/datapipeline/airflow/dags/twitter_dag.py
[2022-03-03 20:17:24,486] {logging_mixin.py:112} WARNING - /run/datapipeline/airflow/dags/twitter_dag.py:6: FutureWarning: Importing 'TwitterOperator' from under 'airflow.operators.*' has been deprecated and should be directly imported as 'operators.twitter_operator.TwitterOperator' instead.

Support for importing from within the airflow namespace for plugins will be dropped entirely in Airflow 2.0. See <http://airflow.apache.org/docs/stable/howto/custom-operator.html>.
  from airflow.operators.bbb22 import TwitterOperator
[2022-03-03 20:17:24,491] {scheduler_job.py:1584} INFO - DAG(s) dict_keys(['twitter_dag']) retrieved from /run/datapipeline/airflow/dags/twitter_dag.py
[2022-03-03 20:17:24,509] {scheduler_job.py:1288} INFO - Processing twitter_dag
[2022-03-03 20:17:24,535] {scheduler_job.py:1298} INFO - Created <DagRun twitter_dag @ 2022-02-27 09:00:00+00:00: scheduled__2022-02-27T09:00:00+00:00, externally triggered: False>
[2022-03-03 20:17:24,538] {scheduler_job.py:771} INFO - Examining DAG run <DagRun twitter_dag @ 2022-02-27 09:00:00+00:00: scheduled__2022-02-27T09:00:00+00:00, externally triggered: False>
[2022-03-03 20:17:24,546] {scheduler_job.py:459} INFO - Skipping SLA check for <DAG: twitter_dag> because no tasks in DAG have SLAs
[2022-03-03 20:17:24,549] {scheduler_job.py:1651} INFO - Creating / updating <TaskInstance: twitter_dag.twitter_bbb22 2022-02-27 09:00:00+00:00 [scheduled]> in ORM
[2022-03-03 20:17:24,558] {scheduler_job.py:162} INFO - Processing /run/datapipeline/airflow/dags/twitter_dag.py took 0.077 seconds
[2022-03-03 20:18:22,093] {scheduler_job.py:154} INFO - Started process (PID=11683) to work on /run/datapipeline/airflow/dags/twitter_dag.py
[2022-03-03 20:18:22,095] {scheduler_job.py:1572} INFO - Processing file /run/datapipeline/airflow/dags/twitter_dag.py for tasks to queue
[2022-03-03 20:18:22,095] {logging_mixin.py:112} INFO - [2022-03-03 20:18:22,095] {dagbag.py:417} INFO - Filling up the DagBag from /run/datapipeline/airflow/dags/twitter_dag.py
[2022-03-03 20:18:22,098] {logging_mixin.py:112} WARNING - /run/datapipeline/airflow/dags/twitter_dag.py:6: FutureWarning: Importing 'TwitterOperator' from under 'airflow.operators.*' has been deprecated and should be directly imported as 'operators.twitter_operator.TwitterOperator' instead.

Support for importing from within the airflow namespace for plugins will be dropped entirely in Airflow 2.0. See <http://airflow.apache.org/docs/stable/howto/custom-operator.html>.
  from airflow.operators.bbb22 import TwitterOperator
[2022-03-03 20:18:22,103] {scheduler_job.py:1584} INFO - DAG(s) dict_keys(['twitter_dag']) retrieved from /run/datapipeline/airflow/dags/twitter_dag.py
[2022-03-03 20:18:22,127] {scheduler_job.py:1288} INFO - Processing twitter_dag
[2022-03-03 20:18:22,133] {scheduler_job.py:771} INFO - Examining DAG run <DagRun twitter_dag @ 2022-02-27 09:00:00+00:00: scheduled__2022-02-27T09:00:00+00:00, externally triggered: False>
[2022-03-03 20:18:22,166] {scheduler_job.py:459} INFO - Skipping SLA check for <DAG: twitter_dag> because no tasks in DAG have SLAs
[2022-03-03 20:18:22,167] {scheduler_job.py:162} INFO - Processing /run/datapipeline/airflow/dags/twitter_dag.py took 0.074 seconds
[2022-03-03 20:19:14,165] {scheduler_job.py:154} INFO - Started process (PID=12188) to work on /run/datapipeline/airflow/dags/twitter_dag.py
[2022-03-03 20:19:14,166] {scheduler_job.py:1572} INFO - Processing file /run/datapipeline/airflow/dags/twitter_dag.py for tasks to queue
[2022-03-03 20:19:14,167] {logging_mixin.py:112} INFO - [2022-03-03 20:19:14,167] {dagbag.py:417} INFO - Filling up the DagBag from /run/datapipeline/airflow/dags/twitter_dag.py
[2022-03-03 20:19:14,171] {logging_mixin.py:112} WARNING - /run/datapipeline/airflow/dags/twitter_dag.py:6: FutureWarning: Importing 'TwitterOperator' from under 'airflow.operators.*' has been deprecated and should be directly imported as 'operators.twitter_operator.TwitterOperator' instead.

Support for importing from within the airflow namespace for plugins will be dropped entirely in Airflow 2.0. See <http://airflow.apache.org/docs/stable/howto/custom-operator.html>.
  from airflow.operators.bbb22 import TwitterOperator
[2022-03-03 20:19:14,176] {scheduler_job.py:1584} INFO - DAG(s) dict_keys(['twitter_dag']) retrieved from /run/datapipeline/airflow/dags/twitter_dag.py
[2022-03-03 20:19:14,367] {scheduler_job.py:1288} INFO - Processing twitter_dag
[2022-03-03 20:19:14,373] {scheduler_job.py:771} INFO - Examining DAG run <DagRun twitter_dag @ 2022-02-27 09:00:00+00:00: scheduled__2022-02-27T09:00:00+00:00, externally triggered: False>
[2022-03-03 20:19:14,381] {logging_mixin.py:112} INFO - [2022-03-03 20:19:14,381] {dagrun.py:298} INFO - Marking run <DagRun twitter_dag @ 2022-02-27 09:00:00+00:00: scheduled__2022-02-27T09:00:00+00:00, externally triggered: False> failed
[2022-03-03 20:19:14,391] {scheduler_job.py:459} INFO - Skipping SLA check for <DAG: twitter_dag> because no tasks in DAG have SLAs
[2022-03-03 20:19:14,393] {scheduler_job.py:162} INFO - Processing /run/datapipeline/airflow/dags/twitter_dag.py took 0.228 seconds
