[2022-01-31 15:53:42,588] {taskinstance.py:670} INFO - Dependencies all met for <TaskInstance: twitter_dag.transform_twitter_aluraonline 2022-01-29T09:00:00+00:00 [queued]>
[2022-01-31 15:53:42,594] {taskinstance.py:670} INFO - Dependencies all met for <TaskInstance: twitter_dag.transform_twitter_aluraonline 2022-01-29T09:00:00+00:00 [queued]>
[2022-01-31 15:53:42,594] {taskinstance.py:880} INFO - 
--------------------------------------------------------------------------------
[2022-01-31 15:53:42,594] {taskinstance.py:881} INFO - Starting attempt 1 of 1
[2022-01-31 15:53:42,594] {taskinstance.py:882} INFO - 
--------------------------------------------------------------------------------
[2022-01-31 15:53:42,599] {taskinstance.py:901} INFO - Executing <Task(SparkSubmitOperator): transform_twitter_aluraonline> on 2022-01-29T09:00:00+00:00
[2022-01-31 15:53:42,601] {standard_task_runner.py:54} INFO - Started process 17028 to run task
[2022-01-31 15:53:42,630] {standard_task_runner.py:77} INFO - Running: ['airflow', 'run', 'twitter_dag', 'transform_twitter_aluraonline', '2022-01-29T09:00:00+00:00', '--job_id', '20', '--pool', 'default_pool', '--raw', '-sd', 'DAGS_FOLDER/twitter_dag.py', '--cfg_path', '/tmp/tmpv493jlkc']
[2022-01-31 15:53:42,630] {standard_task_runner.py:78} INFO - Job 20: Subtask transform_twitter_aluraonline
[2022-01-31 15:53:42,644] {logging_mixin.py:112} INFO - Running <TaskInstance: twitter_dag.transform_twitter_aluraonline 2022-01-29T09:00:00+00:00 [running]> on host 1a222f561522
[2022-01-31 15:53:42,673] {base_hook.py:89} INFO - Using connection to: id: spark_default. Host: local, Port: None, Schema: None, Login: None, Password: None, extra: XXXXXXXX
[2022-01-31 15:53:42,674] {spark_submit_hook.py:325} INFO - Spark-Submit cmd: /run/pypsark/spark-3.1.2-bin-hadoop2.7/bin/spark-submit --master local --name twitter_transformation /run/datapipeline/spark/transformation.py --src /run/datapipeline/datalake/bronze/twitter_aluraonline/extract_date=2022-01-29 --dest /run/datapipeline/datalake/silver/twitter_aluraonline/ --process-date 2022-01-29
[2022-01-31 15:53:43,676] {spark_submit_hook.py:479} INFO - WARNING: An illegal reflective access operation has occurred
[2022-01-31 15:53:43,677] {spark_submit_hook.py:479} INFO - WARNING: Illegal reflective access by org.apache.spark.unsafe.Platform (file:/run/pypsark/spark-3.1.2-bin-hadoop2.7/jars/spark-unsafe_2.12-3.1.2.jar) to constructor java.nio.DirectByteBuffer(long,int)
[2022-01-31 15:53:43,677] {spark_submit_hook.py:479} INFO - WARNING: Please consider reporting this to the maintainers of org.apache.spark.unsafe.Platform
[2022-01-31 15:53:43,677] {spark_submit_hook.py:479} INFO - WARNING: Use --illegal-access=warn to enable warnings of further illegal reflective access operations
[2022-01-31 15:53:43,677] {spark_submit_hook.py:479} INFO - WARNING: All illegal access operations will be denied in a future release
[2022-01-31 15:53:44,080] {spark_submit_hook.py:479} INFO - 22/01/31 15:53:44 WARN NativeCodeLoader: Unable to load native-hadoop library for your platform... using builtin-java classes where applicable
[2022-01-31 15:53:44,656] {spark_submit_hook.py:479} INFO - Using Spark's default log4j profile: org/apache/spark/log4j-defaults.properties
[2022-01-31 15:53:44,663] {spark_submit_hook.py:479} INFO - 22/01/31 15:53:44 INFO SparkContext: Running Spark version 3.1.2
[2022-01-31 15:53:44,689] {spark_submit_hook.py:479} INFO - 22/01/31 15:53:44 INFO ResourceUtils: ==============================================================
[2022-01-31 15:53:44,689] {spark_submit_hook.py:479} INFO - 22/01/31 15:53:44 INFO ResourceUtils: No custom resources configured for spark.driver.
[2022-01-31 15:53:44,689] {spark_submit_hook.py:479} INFO - 22/01/31 15:53:44 INFO ResourceUtils: ==============================================================
[2022-01-31 15:53:44,689] {spark_submit_hook.py:479} INFO - 22/01/31 15:53:44 INFO SparkContext: Submitted application: twitter_transformation
[2022-01-31 15:53:44,712] {spark_submit_hook.py:479} INFO - 22/01/31 15:53:44 INFO ResourceProfile: Default ResourceProfile created, executor resources: Map(cores -> name: cores, amount: 1, script: , vendor: , memory -> name: memory, amount: 1024, script: , vendor: , offHeap -> name: offHeap, amount: 0, script: , vendor: ), task resources: Map(cpus -> name: cpus, amount: 1.0)
[2022-01-31 15:53:44,722] {spark_submit_hook.py:479} INFO - 22/01/31 15:53:44 INFO ResourceProfile: Limiting resource is cpu
[2022-01-31 15:53:44,723] {spark_submit_hook.py:479} INFO - 22/01/31 15:53:44 INFO ResourceProfileManager: Added ResourceProfile id: 0
[2022-01-31 15:53:44,753] {spark_submit_hook.py:479} INFO - 22/01/31 15:53:44 INFO SecurityManager: Changing view acls to: root
[2022-01-31 15:53:44,753] {spark_submit_hook.py:479} INFO - 22/01/31 15:53:44 INFO SecurityManager: Changing modify acls to: root
[2022-01-31 15:53:44,753] {spark_submit_hook.py:479} INFO - 22/01/31 15:53:44 INFO SecurityManager: Changing view acls groups to:
[2022-01-31 15:53:44,753] {spark_submit_hook.py:479} INFO - 22/01/31 15:53:44 INFO SecurityManager: Changing modify acls groups to:
[2022-01-31 15:53:44,754] {spark_submit_hook.py:479} INFO - 22/01/31 15:53:44 INFO SecurityManager: SecurityManager: authentication disabled; ui acls disabled; users  with view permissions: Set(root); groups with view permissions: Set(); users  with modify permissions: Set(root); groups with modify permissions: Set()
[2022-01-31 15:53:44,903] {spark_submit_hook.py:479} INFO - 22/01/31 15:53:44 INFO Utils: Successfully started service 'sparkDriver' on port 46303.
[2022-01-31 15:53:44,923] {spark_submit_hook.py:479} INFO - 22/01/31 15:53:44 INFO SparkEnv: Registering MapOutputTracker
[2022-01-31 15:53:44,942] {spark_submit_hook.py:479} INFO - 22/01/31 15:53:44 INFO SparkEnv: Registering BlockManagerMaster
[2022-01-31 15:53:44,954] {spark_submit_hook.py:479} INFO - 22/01/31 15:53:44 INFO BlockManagerMasterEndpoint: Using org.apache.spark.storage.DefaultTopologyMapper for getting topology information
[2022-01-31 15:53:44,955] {spark_submit_hook.py:479} INFO - 22/01/31 15:53:44 INFO BlockManagerMasterEndpoint: BlockManagerMasterEndpoint up
[2022-01-31 15:53:44,958] {spark_submit_hook.py:479} INFO - 22/01/31 15:53:44 INFO SparkEnv: Registering BlockManagerMasterHeartbeat
[2022-01-31 15:53:44,966] {spark_submit_hook.py:479} INFO - 22/01/31 15:53:44 INFO DiskBlockManager: Created local directory at /tmp/blockmgr-fe2bbb34-c11c-4021-a47b-c2efd5e8d051
[2022-01-31 15:53:44,982] {spark_submit_hook.py:479} INFO - 22/01/31 15:53:44 INFO MemoryStore: MemoryStore started with capacity 434.4 MiB
[2022-01-31 15:53:44,994] {spark_submit_hook.py:479} INFO - 22/01/31 15:53:44 INFO SparkEnv: Registering OutputCommitCoordinator
[2022-01-31 15:53:45,138] {spark_submit_hook.py:479} INFO - 22/01/31 15:53:45 INFO Utils: Successfully started service 'SparkUI' on port 4040.
[2022-01-31 15:53:45,184] {spark_submit_hook.py:479} INFO - 22/01/31 15:53:45 INFO SparkUI: Bound SparkUI to 0.0.0.0, and started at http://1a222f561522:4040
[2022-01-31 15:53:45,341] {spark_submit_hook.py:479} INFO - 22/01/31 15:53:45 INFO Executor: Starting executor ID driver on host 1a222f561522
[2022-01-31 15:53:45,360] {spark_submit_hook.py:479} INFO - 22/01/31 15:53:45 INFO Utils: Successfully started service 'org.apache.spark.network.netty.NettyBlockTransferService' on port 37385.
[2022-01-31 15:53:45,360] {spark_submit_hook.py:479} INFO - 22/01/31 15:53:45 INFO NettyBlockTransferService: Server created on 1a222f561522:37385
[2022-01-31 15:53:45,362] {spark_submit_hook.py:479} INFO - 22/01/31 15:53:45 INFO BlockManager: Using org.apache.spark.storage.RandomBlockReplicationPolicy for block replication policy
[2022-01-31 15:53:45,371] {spark_submit_hook.py:479} INFO - 22/01/31 15:53:45 INFO BlockManagerMaster: Registering BlockManager BlockManagerId(driver, 1a222f561522, 37385, None)
[2022-01-31 15:53:45,380] {spark_submit_hook.py:479} INFO - 22/01/31 15:53:45 INFO BlockManagerMasterEndpoint: Registering block manager 1a222f561522:37385 with 434.4 MiB RAM, BlockManagerId(driver, 1a222f561522, 37385, None)
[2022-01-31 15:53:45,384] {spark_submit_hook.py:479} INFO - 22/01/31 15:53:45 INFO BlockManagerMaster: Registered BlockManager BlockManagerId(driver, 1a222f561522, 37385, None)
[2022-01-31 15:53:45,385] {spark_submit_hook.py:479} INFO - 22/01/31 15:53:45 INFO BlockManager: Initialized BlockManager: BlockManagerId(driver, 1a222f561522, 37385, None)
[2022-01-31 15:53:45,721] {spark_submit_hook.py:479} INFO - 22/01/31 15:53:45 INFO SharedState: Setting hive.metastore.warehouse.dir ('null') to the value of spark.sql.warehouse.dir ('file:/run/datapipeline/spark-warehouse').
[2022-01-31 15:53:45,721] {spark_submit_hook.py:479} INFO - 22/01/31 15:53:45 INFO SharedState: Warehouse path is 'file:/run/datapipeline/spark-warehouse'.
[2022-01-31 15:53:46,277] {spark_submit_hook.py:479} INFO - 22/01/31 15:53:46 INFO InMemoryFileIndex: It took 30 ms to list leaf files for 1 paths.
[2022-01-31 15:53:46,329] {spark_submit_hook.py:479} INFO - 22/01/31 15:53:46 INFO InMemoryFileIndex: It took 2 ms to list leaf files for 1 paths.
[2022-01-31 15:53:47,586] {spark_submit_hook.py:479} INFO - 22/01/31 15:53:47 INFO FileSourceStrategy: Pushed Filters:
[2022-01-31 15:53:47,586] {spark_submit_hook.py:479} INFO - 22/01/31 15:53:47 INFO FileSourceStrategy: Post-Scan Filters:
[2022-01-31 15:53:47,588] {spark_submit_hook.py:479} INFO - 22/01/31 15:53:47 INFO FileSourceStrategy: Output Data Schema: struct<value: string>
[2022-01-31 15:53:47,774] {spark_submit_hook.py:479} INFO - 22/01/31 15:53:47 INFO MemoryStore: Block broadcast_0 stored as values in memory (estimated size 171.5 KiB, free 434.2 MiB)
[2022-01-31 15:53:47,815] {spark_submit_hook.py:479} INFO - 22/01/31 15:53:47 INFO MemoryStore: Block broadcast_0_piece0 stored as bytes in memory (estimated size 24.0 KiB, free 434.2 MiB)
[2022-01-31 15:53:47,817] {spark_submit_hook.py:479} INFO - 22/01/31 15:53:47 INFO BlockManagerInfo: Added broadcast_0_piece0 in memory on 1a222f561522:37385 (size: 24.0 KiB, free: 434.4 MiB)
[2022-01-31 15:53:47,820] {spark_submit_hook.py:479} INFO - 22/01/31 15:53:47 INFO SparkContext: Created broadcast 0 from json at NativeMethodAccessorImpl.java:0
[2022-01-31 15:53:47,827] {spark_submit_hook.py:479} INFO - 22/01/31 15:53:47 INFO FileSourceScanExec: Planning scan with bin packing, max size: 4210385 bytes, open cost is considered as scanning 4194304 bytes.
[2022-01-31 15:53:47,950] {spark_submit_hook.py:479} INFO - 22/01/31 15:53:47 INFO SparkContext: Starting job: json at NativeMethodAccessorImpl.java:0
[2022-01-31 15:53:47,963] {spark_submit_hook.py:479} INFO - 22/01/31 15:53:47 INFO DAGScheduler: Got job 0 (json at NativeMethodAccessorImpl.java:0) with 1 output partitions
[2022-01-31 15:53:47,963] {spark_submit_hook.py:479} INFO - 22/01/31 15:53:47 INFO DAGScheduler: Final stage: ResultStage 0 (json at NativeMethodAccessorImpl.java:0)
[2022-01-31 15:53:47,963] {spark_submit_hook.py:479} INFO - 22/01/31 15:53:47 INFO DAGScheduler: Parents of final stage: List()
[2022-01-31 15:53:47,965] {spark_submit_hook.py:479} INFO - 22/01/31 15:53:47 INFO DAGScheduler: Missing parents: List()
[2022-01-31 15:53:47,970] {spark_submit_hook.py:479} INFO - 22/01/31 15:53:47 INFO DAGScheduler: Submitting ResultStage 0 (MapPartitionsRDD[3] at json at NativeMethodAccessorImpl.java:0), which has no missing parents
[2022-01-31 15:53:48,037] {spark_submit_hook.py:479} INFO - 22/01/31 15:53:48 INFO MemoryStore: Block broadcast_1 stored as values in memory (estimated size 12.0 KiB, free 434.2 MiB)
[2022-01-31 15:53:48,044] {spark_submit_hook.py:479} INFO - 22/01/31 15:53:48 INFO MemoryStore: Block broadcast_1_piece0 stored as bytes in memory (estimated size 6.3 KiB, free 434.2 MiB)
[2022-01-31 15:53:48,045] {spark_submit_hook.py:479} INFO - 22/01/31 15:53:48 INFO BlockManagerInfo: Added broadcast_1_piece0 in memory on 1a222f561522:37385 (size: 6.3 KiB, free: 434.4 MiB)
[2022-01-31 15:53:48,047] {spark_submit_hook.py:479} INFO - 22/01/31 15:53:48 INFO SparkContext: Created broadcast 1 from broadcast at DAGScheduler.scala:1388
[2022-01-31 15:53:48,058] {spark_submit_hook.py:479} INFO - 22/01/31 15:53:48 INFO DAGScheduler: Submitting 1 missing tasks from ResultStage 0 (MapPartitionsRDD[3] at json at NativeMethodAccessorImpl.java:0) (first 15 tasks are for partitions Vector(0))
[2022-01-31 15:53:48,059] {spark_submit_hook.py:479} INFO - 22/01/31 15:53:48 INFO TaskSchedulerImpl: Adding task set 0.0 with 1 tasks resource profile 0
[2022-01-31 15:53:48,096] {spark_submit_hook.py:479} INFO - 22/01/31 15:53:48 INFO TaskSetManager: Starting task 0.0 in stage 0.0 (TID 0) (1a222f561522, executor driver, partition 0, PROCESS_LOCAL, 4935 bytes) taskResourceAssignments Map()
[2022-01-31 15:53:48,106] {spark_submit_hook.py:479} INFO - 22/01/31 15:53:48 INFO Executor: Running task 0.0 in stage 0.0 (TID 0)
[2022-01-31 15:53:48,198] {spark_submit_hook.py:479} INFO - 22/01/31 15:53:48 INFO FileScanRDD: Reading File path: file:///run/datapipeline/datalake/bronze/twitter_aluraonline/extract_date=2022-01-29/AluraOnline_20220129.json, range: 0-16081, partition values: [empty row]
[2022-01-31 15:53:48,407] {spark_submit_hook.py:479} INFO - 22/01/31 15:53:48 INFO CodeGenerator: Code generated in 118.960166 ms
[2022-01-31 15:53:48,455] {spark_submit_hook.py:479} INFO - 22/01/31 15:53:48 INFO Executor: Finished task 0.0 in stage 0.0 (TID 0). 2858 bytes result sent to driver
[2022-01-31 15:53:48,464] {spark_submit_hook.py:479} INFO - 22/01/31 15:53:48 INFO TaskSetManager: Finished task 0.0 in stage 0.0 (TID 0) in 375 ms on 1a222f561522 (executor driver) (1/1)
[2022-01-31 15:53:48,466] {spark_submit_hook.py:479} INFO - 22/01/31 15:53:48 INFO TaskSchedulerImpl: Removed TaskSet 0.0, whose tasks have all completed, from pool
[2022-01-31 15:53:48,471] {spark_submit_hook.py:479} INFO - 22/01/31 15:53:48 INFO DAGScheduler: ResultStage 0 (json at NativeMethodAccessorImpl.java:0) finished in 0.491 s
[2022-01-31 15:53:48,474] {spark_submit_hook.py:479} INFO - 22/01/31 15:53:48 INFO DAGScheduler: Job 0 is finished. Cancelling potential speculative or zombie tasks for this job
[2022-01-31 15:53:48,474] {spark_submit_hook.py:479} INFO - 22/01/31 15:53:48 INFO TaskSchedulerImpl: Killing all running tasks in stage 0: Stage finished
[2022-01-31 15:53:48,476] {spark_submit_hook.py:479} INFO - 22/01/31 15:53:48 INFO DAGScheduler: Job 0 finished: json at NativeMethodAccessorImpl.java:0, took 0.525995 s
[2022-01-31 15:53:48,809] {spark_submit_hook.py:479} INFO - 22/01/31 15:53:48 INFO FileSourceStrategy: Pushed Filters: IsNotNull(data)
[2022-01-31 15:53:48,810] {spark_submit_hook.py:479} INFO - 22/01/31 15:53:48 INFO FileSourceStrategy: Post-Scan Filters: (size(data#7, true) > 0),isnotnull(data#7)
[2022-01-31 15:53:48,810] {spark_submit_hook.py:479} INFO - 22/01/31 15:53:48 INFO FileSourceStrategy: Output Data Schema: struct<data: array<struct<author_id:string,conversation_id:string,created_at:string,id:string,in_reply_to_user_id:string,public_metrics:struct<like_count:bigint,quote_count:bigint,reply_count:bigint,retweet_count:bigint>,text:string>>>
[2022-01-31 15:53:48,843] {spark_submit_hook.py:479} INFO - 22/01/31 15:53:48 INFO BlockManagerInfo: Removed broadcast_1_piece0 on 1a222f561522:37385 in memory (size: 6.3 KiB, free: 434.4 MiB)
[2022-01-31 15:53:48,847] {spark_submit_hook.py:479} INFO - 22/01/31 15:53:48 INFO BlockManagerInfo: Removed broadcast_0_piece0 on 1a222f561522:37385 in memory (size: 24.0 KiB, free: 434.4 MiB)
[2022-01-31 15:53:48,875] {spark_submit_hook.py:479} INFO - 22/01/31 15:53:48 INFO FileOutputCommitter: File Output Committer Algorithm version is 1
[2022-01-31 15:53:48,875] {spark_submit_hook.py:479} INFO - 22/01/31 15:53:48 INFO SQLHadoopMapReduceCommitProtocol: Using output committer class org.apache.hadoop.mapreduce.lib.output.FileOutputCommitter
[2022-01-31 15:53:48,940] {spark_submit_hook.py:479} INFO - 22/01/31 15:53:48 INFO CodeGenerator: Code generated in 33.791735 ms
[2022-01-31 15:53:48,972] {spark_submit_hook.py:479} INFO - 22/01/31 15:53:48 INFO CodeGenerator: Code generated in 20.476009 ms
[2022-01-31 15:53:48,976] {spark_submit_hook.py:479} INFO - 22/01/31 15:53:48 INFO MemoryStore: Block broadcast_2 stored as values in memory (estimated size 171.4 KiB, free 434.2 MiB)
[2022-01-31 15:53:48,983] {spark_submit_hook.py:479} INFO - 22/01/31 15:53:48 INFO MemoryStore: Block broadcast_2_piece0 stored as bytes in memory (estimated size 23.9 KiB, free 434.2 MiB)
[2022-01-31 15:53:48,984] {spark_submit_hook.py:479} INFO - 22/01/31 15:53:48 INFO BlockManagerInfo: Added broadcast_2_piece0 in memory on 1a222f561522:37385 (size: 23.9 KiB, free: 434.4 MiB)
[2022-01-31 15:53:48,985] {spark_submit_hook.py:479} INFO - 22/01/31 15:53:48 INFO SparkContext: Created broadcast 2 from json at NativeMethodAccessorImpl.java:0
[2022-01-31 15:53:48,986] {spark_submit_hook.py:479} INFO - 22/01/31 15:53:48 INFO FileSourceScanExec: Planning scan with bin packing, max size: 4210385 bytes, open cost is considered as scanning 4194304 bytes.
[2022-01-31 15:53:49,055] {spark_submit_hook.py:479} INFO - 22/01/31 15:53:49 INFO SparkContext: Starting job: json at NativeMethodAccessorImpl.java:0
[2022-01-31 15:53:49,056] {spark_submit_hook.py:479} INFO - 22/01/31 15:53:49 INFO DAGScheduler: Got job 1 (json at NativeMethodAccessorImpl.java:0) with 1 output partitions
[2022-01-31 15:53:49,056] {spark_submit_hook.py:479} INFO - 22/01/31 15:53:49 INFO DAGScheduler: Final stage: ResultStage 1 (json at NativeMethodAccessorImpl.java:0)
[2022-01-31 15:53:49,056] {spark_submit_hook.py:479} INFO - 22/01/31 15:53:49 INFO DAGScheduler: Parents of final stage: List()
[2022-01-31 15:53:49,056] {spark_submit_hook.py:479} INFO - 22/01/31 15:53:49 INFO DAGScheduler: Missing parents: List()
[2022-01-31 15:53:49,057] {spark_submit_hook.py:479} INFO - 22/01/31 15:53:49 INFO DAGScheduler: Submitting ResultStage 1 (CoalescedRDD[13] at json at NativeMethodAccessorImpl.java:0), which has no missing parents
[2022-01-31 15:53:49,088] {spark_submit_hook.py:479} INFO - 22/01/31 15:53:49 INFO MemoryStore: Block broadcast_3 stored as values in memory (estimated size 167.6 KiB, free 434.0 MiB)
[2022-01-31 15:53:49,091] {spark_submit_hook.py:479} INFO - 22/01/31 15:53:49 INFO MemoryStore: Block broadcast_3_piece0 stored as bytes in memory (estimated size 59.7 KiB, free 434.0 MiB)
[2022-01-31 15:53:49,091] {spark_submit_hook.py:479} INFO - 22/01/31 15:53:49 INFO BlockManagerInfo: Added broadcast_3_piece0 in memory on 1a222f561522:37385 (size: 59.7 KiB, free: 434.3 MiB)
[2022-01-31 15:53:49,092] {spark_submit_hook.py:479} INFO - 22/01/31 15:53:49 INFO SparkContext: Created broadcast 3 from broadcast at DAGScheduler.scala:1388
[2022-01-31 15:53:49,092] {spark_submit_hook.py:479} INFO - 22/01/31 15:53:49 INFO DAGScheduler: Submitting 1 missing tasks from ResultStage 1 (CoalescedRDD[13] at json at NativeMethodAccessorImpl.java:0) (first 15 tasks are for partitions Vector(0))
[2022-01-31 15:53:49,092] {spark_submit_hook.py:479} INFO - 22/01/31 15:53:49 INFO TaskSchedulerImpl: Adding task set 1.0 with 1 tasks resource profile 0
[2022-01-31 15:53:49,095] {spark_submit_hook.py:479} INFO - 22/01/31 15:53:49 INFO TaskSetManager: Starting task 0.0 in stage 1.0 (TID 1) (1a222f561522, executor driver, partition 0, PROCESS_LOCAL, 5164 bytes) taskResourceAssignments Map()
[2022-01-31 15:53:49,096] {spark_submit_hook.py:479} INFO - 22/01/31 15:53:49 INFO Executor: Running task 0.0 in stage 1.0 (TID 1)
[2022-01-31 15:53:49,139] {spark_submit_hook.py:479} INFO - 22/01/31 15:53:49 INFO FileOutputCommitter: File Output Committer Algorithm version is 1
[2022-01-31 15:53:49,140] {spark_submit_hook.py:479} INFO - 22/01/31 15:53:49 INFO SQLHadoopMapReduceCommitProtocol: Using output committer class org.apache.hadoop.mapreduce.lib.output.FileOutputCommitter
[2022-01-31 15:53:49,186] {spark_submit_hook.py:479} INFO - 22/01/31 15:53:49 INFO CodeGenerator: Code generated in 16.506835 ms
[2022-01-31 15:53:49,188] {spark_submit_hook.py:479} INFO - 22/01/31 15:53:49 INFO FileScanRDD: Reading File path: file:///run/datapipeline/datalake/bronze/twitter_aluraonline/extract_date=2022-01-29/AluraOnline_20220129.json, range: 0-16081, partition values: [empty row]
[2022-01-31 15:53:49,208] {spark_submit_hook.py:479} INFO - 22/01/31 15:53:49 INFO CodeGenerator: Code generated in 17.619335 ms
[2022-01-31 15:53:49,225] {spark_submit_hook.py:479} INFO - 22/01/31 15:53:49 INFO CodeGenerator: Code generated in 4.79987 ms
[2022-01-31 15:53:49,259] {spark_submit_hook.py:479} INFO - 22/01/31 15:53:49 INFO FileOutputCommitter: Saved output of task 'attempt_202201311553497155844608622900480_0001_m_000000_1' to file:/run/datapipeline/datalake/silver/twitter_aluraonline/tweet/process_date=2022-01-29/_temporary/0/task_202201311553497155844608622900480_0001_m_000000
[2022-01-31 15:53:49,259] {spark_submit_hook.py:479} INFO - 22/01/31 15:53:49 INFO SparkHadoopMapRedUtil: attempt_202201311553497155844608622900480_0001_m_000000_1: Committed
[2022-01-31 15:53:49,263] {spark_submit_hook.py:479} INFO - 22/01/31 15:53:49 INFO Executor: Finished task 0.0 in stage 1.0 (TID 1). 2901 bytes result sent to driver
[2022-01-31 15:53:49,265] {spark_submit_hook.py:479} INFO - 22/01/31 15:53:49 INFO TaskSetManager: Finished task 0.0 in stage 1.0 (TID 1) in 172 ms on 1a222f561522 (executor driver) (1/1)
[2022-01-31 15:53:49,265] {spark_submit_hook.py:479} INFO - 22/01/31 15:53:49 INFO TaskSchedulerImpl: Removed TaskSet 1.0, whose tasks have all completed, from pool
[2022-01-31 15:53:49,266] {spark_submit_hook.py:479} INFO - 22/01/31 15:53:49 INFO DAGScheduler: ResultStage 1 (json at NativeMethodAccessorImpl.java:0) finished in 0.208 s
[2022-01-31 15:53:49,266] {spark_submit_hook.py:479} INFO - 22/01/31 15:53:49 INFO DAGScheduler: Job 1 is finished. Cancelling potential speculative or zombie tasks for this job
[2022-01-31 15:53:49,266] {spark_submit_hook.py:479} INFO - 22/01/31 15:53:49 INFO TaskSchedulerImpl: Killing all running tasks in stage 1: Stage finished
[2022-01-31 15:53:49,267] {spark_submit_hook.py:479} INFO - 22/01/31 15:53:49 INFO DAGScheduler: Job 1 finished: json at NativeMethodAccessorImpl.java:0, took 0.212000 s
[2022-01-31 15:53:49,277] {spark_submit_hook.py:479} INFO - 22/01/31 15:53:49 INFO FileFormatWriter: Write Job 998958db-0beb-450e-9334-4df627b31aa7 committed.
[2022-01-31 15:53:49,280] {spark_submit_hook.py:479} INFO - 22/01/31 15:53:49 INFO FileFormatWriter: Finished processing stats for write job 998958db-0beb-450e-9334-4df627b31aa7.
[2022-01-31 15:53:49,322] {spark_submit_hook.py:479} INFO - 22/01/31 15:53:49 INFO FileSourceStrategy: Pushed Filters: IsNotNull(includes)
[2022-01-31 15:53:49,323] {spark_submit_hook.py:479} INFO - 22/01/31 15:53:49 INFO FileSourceStrategy: Post-Scan Filters: isnotnull(includes#8),(size(includes#8.users, true) > 0),isnotnull(includes#8.users)
[2022-01-31 15:53:49,323] {spark_submit_hook.py:479} INFO - 22/01/31 15:53:49 INFO FileSourceStrategy: Output Data Schema: struct<includes: struct<users: array<struct<created_at:string,id:string,name:string,username:string>>>>
[2022-01-31 15:53:49,338] {spark_submit_hook.py:479} INFO - 22/01/31 15:53:49 INFO FileOutputCommitter: File Output Committer Algorithm version is 1
[2022-01-31 15:53:49,339] {spark_submit_hook.py:479} INFO - 22/01/31 15:53:49 INFO SQLHadoopMapReduceCommitProtocol: Using output committer class org.apache.hadoop.mapreduce.lib.output.FileOutputCommitter
[2022-01-31 15:53:49,354] {spark_submit_hook.py:479} INFO - 22/01/31 15:53:49 INFO CodeGenerator: Code generated in 10.245584 ms
[2022-01-31 15:53:49,375] {spark_submit_hook.py:479} INFO - 22/01/31 15:53:49 INFO CodeGenerator: Code generated in 15.823732 ms
[2022-01-31 15:53:49,379] {spark_submit_hook.py:479} INFO - 22/01/31 15:53:49 INFO MemoryStore: Block broadcast_4 stored as values in memory (estimated size 171.4 KiB, free 433.8 MiB)
[2022-01-31 15:53:49,389] {spark_submit_hook.py:479} INFO - 22/01/31 15:53:49 INFO MemoryStore: Block broadcast_4_piece0 stored as bytes in memory (estimated size 23.9 KiB, free 433.8 MiB)
[2022-01-31 15:53:49,390] {spark_submit_hook.py:479} INFO - 22/01/31 15:53:49 INFO BlockManagerInfo: Added broadcast_4_piece0 in memory on 1a222f561522:37385 (size: 23.9 KiB, free: 434.3 MiB)
[2022-01-31 15:53:49,390] {spark_submit_hook.py:479} INFO - 22/01/31 15:53:49 INFO SparkContext: Created broadcast 4 from json at NativeMethodAccessorImpl.java:0
[2022-01-31 15:53:49,391] {spark_submit_hook.py:479} INFO - 22/01/31 15:53:49 INFO FileSourceScanExec: Planning scan with bin packing, max size: 4210385 bytes, open cost is considered as scanning 4194304 bytes.
[2022-01-31 15:53:49,421] {spark_submit_hook.py:479} INFO - 22/01/31 15:53:49 INFO SparkContext: Starting job: json at NativeMethodAccessorImpl.java:0
[2022-01-31 15:53:49,422] {spark_submit_hook.py:479} INFO - 22/01/31 15:53:49 INFO DAGScheduler: Got job 2 (json at NativeMethodAccessorImpl.java:0) with 1 output partitions
[2022-01-31 15:53:49,422] {spark_submit_hook.py:479} INFO - 22/01/31 15:53:49 INFO DAGScheduler: Final stage: ResultStage 2 (json at NativeMethodAccessorImpl.java:0)
[2022-01-31 15:53:49,423] {spark_submit_hook.py:479} INFO - 22/01/31 15:53:49 INFO DAGScheduler: Parents of final stage: List()
[2022-01-31 15:53:49,423] {spark_submit_hook.py:479} INFO - 22/01/31 15:53:49 INFO DAGScheduler: Missing parents: List()
[2022-01-31 15:53:49,424] {spark_submit_hook.py:479} INFO - 22/01/31 15:53:49 INFO DAGScheduler: Submitting ResultStage 2 (CoalescedRDD[25] at json at NativeMethodAccessorImpl.java:0), which has no missing parents
[2022-01-31 15:53:49,448] {spark_submit_hook.py:479} INFO - 22/01/31 15:53:49 INFO MemoryStore: Block broadcast_5 stored as values in memory (estimated size 164.0 KiB, free 433.6 MiB)
[2022-01-31 15:53:49,451] {spark_submit_hook.py:479} INFO - 22/01/31 15:53:49 INFO MemoryStore: Block broadcast_5_piece0 stored as bytes in memory (estimated size 58.8 KiB, free 433.6 MiB)
[2022-01-31 15:53:49,452] {spark_submit_hook.py:479} INFO - 22/01/31 15:53:49 INFO BlockManagerInfo: Added broadcast_5_piece0 in memory on 1a222f561522:37385 (size: 58.8 KiB, free: 434.2 MiB)
[2022-01-31 15:53:49,453] {spark_submit_hook.py:479} INFO - 22/01/31 15:53:49 INFO SparkContext: Created broadcast 5 from broadcast at DAGScheduler.scala:1388
[2022-01-31 15:53:49,453] {spark_submit_hook.py:479} INFO - 22/01/31 15:53:49 INFO DAGScheduler: Submitting 1 missing tasks from ResultStage 2 (CoalescedRDD[25] at json at NativeMethodAccessorImpl.java:0) (first 15 tasks are for partitions Vector(0))
[2022-01-31 15:53:49,453] {spark_submit_hook.py:479} INFO - 22/01/31 15:53:49 INFO TaskSchedulerImpl: Adding task set 2.0 with 1 tasks resource profile 0
[2022-01-31 15:53:49,455] {spark_submit_hook.py:479} INFO - 22/01/31 15:53:49 INFO TaskSetManager: Starting task 0.0 in stage 2.0 (TID 2) (1a222f561522, executor driver, partition 0, PROCESS_LOCAL, 5164 bytes) taskResourceAssignments Map()
[2022-01-31 15:53:49,456] {spark_submit_hook.py:479} INFO - 22/01/31 15:53:49 INFO Executor: Running task 0.0 in stage 2.0 (TID 2)
[2022-01-31 15:53:49,470] {spark_submit_hook.py:479} INFO - 22/01/31 15:53:49 INFO FileOutputCommitter: File Output Committer Algorithm version is 1
[2022-01-31 15:53:49,471] {spark_submit_hook.py:479} INFO - 22/01/31 15:53:49 INFO SQLHadoopMapReduceCommitProtocol: Using output committer class org.apache.hadoop.mapreduce.lib.output.FileOutputCommitter
[2022-01-31 15:53:49,488] {spark_submit_hook.py:479} INFO - 22/01/31 15:53:49 INFO CodeGenerator: Code generated in 7.390236 ms
[2022-01-31 15:53:49,490] {spark_submit_hook.py:479} INFO - 22/01/31 15:53:49 INFO FileScanRDD: Reading File path: file:///run/datapipeline/datalake/bronze/twitter_aluraonline/extract_date=2022-01-29/AluraOnline_20220129.json, range: 0-16081, partition values: [empty row]
[2022-01-31 15:53:49,507] {spark_submit_hook.py:479} INFO - 22/01/31 15:53:49 INFO CodeGenerator: Code generated in 13.817342 ms
[2022-01-31 15:53:49,515] {spark_submit_hook.py:479} INFO - 22/01/31 15:53:49 INFO CodeGenerator: Code generated in 5.313638 ms
[2022-01-31 15:53:49,526] {spark_submit_hook.py:479} INFO - 22/01/31 15:53:49 INFO FileOutputCommitter: Saved output of task 'attempt_202201311553491142893614726059992_0002_m_000000_2' to file:/run/datapipeline/datalake/silver/twitter_aluraonline/user/process_date=2022-01-29/_temporary/0/task_202201311553491142893614726059992_0002_m_000000
[2022-01-31 15:53:49,526] {spark_submit_hook.py:479} INFO - 22/01/31 15:53:49 INFO SparkHadoopMapRedUtil: attempt_202201311553491142893614726059992_0002_m_000000_2: Committed
[2022-01-31 15:53:49,528] {spark_submit_hook.py:479} INFO - 22/01/31 15:53:49 INFO Executor: Finished task 0.0 in stage 2.0 (TID 2). 2858 bytes result sent to driver
[2022-01-31 15:53:49,529] {spark_submit_hook.py:479} INFO - 22/01/31 15:53:49 INFO TaskSetManager: Finished task 0.0 in stage 2.0 (TID 2) in 75 ms on 1a222f561522 (executor driver) (1/1)
[2022-01-31 15:53:49,530] {spark_submit_hook.py:479} INFO - 22/01/31 15:53:49 INFO TaskSchedulerImpl: Removed TaskSet 2.0, whose tasks have all completed, from pool
[2022-01-31 15:53:49,531] {spark_submit_hook.py:479} INFO - 22/01/31 15:53:49 INFO DAGScheduler: ResultStage 2 (json at NativeMethodAccessorImpl.java:0) finished in 0.105 s
[2022-01-31 15:53:49,531] {spark_submit_hook.py:479} INFO - 22/01/31 15:53:49 INFO DAGScheduler: Job 2 is finished. Cancelling potential speculative or zombie tasks for this job
[2022-01-31 15:53:49,531] {spark_submit_hook.py:479} INFO - 22/01/31 15:53:49 INFO TaskSchedulerImpl: Killing all running tasks in stage 2: Stage finished
[2022-01-31 15:53:49,531] {spark_submit_hook.py:479} INFO - 22/01/31 15:53:49 INFO DAGScheduler: Job 2 finished: json at NativeMethodAccessorImpl.java:0, took 0.110479 s
[2022-01-31 15:53:49,541] {spark_submit_hook.py:479} INFO - 22/01/31 15:53:49 INFO FileFormatWriter: Write Job fe8a789b-b843-48fa-80a9-f58fde443708 committed.
[2022-01-31 15:53:49,542] {spark_submit_hook.py:479} INFO - 22/01/31 15:53:49 INFO FileFormatWriter: Finished processing stats for write job fe8a789b-b843-48fa-80a9-f58fde443708.
[2022-01-31 15:53:49,588] {spark_submit_hook.py:479} INFO - 22/01/31 15:53:49 INFO SparkUI: Stopped Spark web UI at http://1a222f561522:4040
[2022-01-31 15:53:49,600] {spark_submit_hook.py:479} INFO - 22/01/31 15:53:49 INFO MapOutputTrackerMasterEndpoint: MapOutputTrackerMasterEndpoint stopped!
[2022-01-31 15:53:49,606] {spark_submit_hook.py:479} INFO - 22/01/31 15:53:49 INFO MemoryStore: MemoryStore cleared
[2022-01-31 15:53:49,607] {spark_submit_hook.py:479} INFO - 22/01/31 15:53:49 INFO BlockManager: BlockManager stopped
[2022-01-31 15:53:49,609] {spark_submit_hook.py:479} INFO - 22/01/31 15:53:49 INFO BlockManagerMaster: BlockManagerMaster stopped
[2022-01-31 15:53:49,611] {spark_submit_hook.py:479} INFO - 22/01/31 15:53:49 INFO OutputCommitCoordinator$OutputCommitCoordinatorEndpoint: OutputCommitCoordinator stopped!
[2022-01-31 15:53:49,614] {spark_submit_hook.py:479} INFO - 22/01/31 15:53:49 INFO SparkContext: Successfully stopped SparkContext
[2022-01-31 15:53:49,616] {spark_submit_hook.py:479} INFO - 22/01/31 15:53:49 INFO ShutdownHookManager: Shutdown hook called
[2022-01-31 15:53:49,616] {spark_submit_hook.py:479} INFO - 22/01/31 15:53:49 INFO ShutdownHookManager: Deleting directory /tmp/spark-d56781d9-38d2-4c9e-9b21-b7a4473dc1e4
[2022-01-31 15:53:49,618] {spark_submit_hook.py:479} INFO - 22/01/31 15:53:49 INFO ShutdownHookManager: Deleting directory /tmp/spark-d56781d9-38d2-4c9e-9b21-b7a4473dc1e4/pyspark-28f5fb9a-0cc2-4713-9b66-92ef39760cf8
[2022-01-31 15:53:49,620] {spark_submit_hook.py:479} INFO - 22/01/31 15:53:49 INFO ShutdownHookManager: Deleting directory /tmp/spark-fee514ab-9392-4c80-ba0c-698eaa1b2a6c
[2022-01-31 15:53:49,661] {taskinstance.py:1057} INFO - Marking task as SUCCESS.dag_id=twitter_dag, task_id=transform_twitter_aluraonline, execution_date=20220129T090000, start_date=20220131T155342, end_date=20220131T155349
[2022-01-31 15:53:52,588] {local_task_job.py:102} INFO - Task exited with return code 0
