[2022-03-15 19:21:23,610] {taskinstance.py:670} INFO - Dependencies all met for <TaskInstance: twitter_dag.twitter_aluraonline 2022-03-09T09:00:00+00:00 [queued]>
[2022-03-15 19:21:23,614] {taskinstance.py:670} INFO - Dependencies all met for <TaskInstance: twitter_dag.twitter_aluraonline 2022-03-09T09:00:00+00:00 [queued]>
[2022-03-15 19:21:23,615] {taskinstance.py:880} INFO - 
--------------------------------------------------------------------------------
[2022-03-15 19:21:23,615] {taskinstance.py:881} INFO - Starting attempt 1 of 1
[2022-03-15 19:21:23,615] {taskinstance.py:882} INFO - 
--------------------------------------------------------------------------------
[2022-03-15 19:21:23,620] {taskinstance.py:901} INFO - Executing <Task(TwitterOperator): twitter_aluraonline> on 2022-03-09T09:00:00+00:00
[2022-03-15 19:21:23,622] {standard_task_runner.py:54} INFO - Started process 25075 to run task
[2022-03-15 19:21:23,651] {standard_task_runner.py:77} INFO - Running: ['airflow', 'run', 'twitter_dag', 'twitter_aluraonline', '2022-03-09T09:00:00+00:00', '--job_id', '69', '--pool', 'default_pool', '--raw', '-sd', 'DAGS_FOLDER/twitter_dag.py', '--cfg_path', '/tmp/tmph_5oe63m']
[2022-03-15 19:21:23,651] {standard_task_runner.py:78} INFO - Job 69: Subtask twitter_aluraonline
[2022-03-15 19:21:23,666] {logging_mixin.py:112} INFO - Running <TaskInstance: twitter_dag.twitter_aluraonline 2022-03-09T09:00:00+00:00 [running]> on host 1a222f561522
[2022-03-15 19:21:23,697] {base_hook.py:89} INFO - Using connection to: id: twitter_default. Host: https://api.twitter.com, Port: None, Schema: None, Login: None, Password: None, extra: XXXXXXXX
[2022-03-15 19:21:23,698] {twitter_hook.py:37} INFO - URL: https://api.twitter.com/2/tweets/search/recent?query=AluraOnline&tweet.fields=author_id,conversation_id,created_at,id,in_reply_to_user_id,public_metrics,text&expansions=author_id&user.fields=id,name,username,created_at&start_time=2022-03-09T09:00:00.00Z&end_time=2022-03-10T09:00:00.00Z
[2022-03-15 19:21:23,728] {logging_mixin.py:112} WARNING - /run/datapipeline/.env/lib/python3.8/site-packages/urllib3/connectionpool.py:981: InsecureRequestWarning: Unverified HTTPS request is being made to host 'api.twitter.com'. Adding certificate verification is strongly advised. See: https://urllib3.readthedocs.io/en/latest/advanced-usage.html#ssl-warnings
  warnings.warn(
[2022-03-15 19:21:24,001] {twitter_hook.py:37} INFO - URL: https://api.twitter.com/2/tweets/search/recent?query=AluraOnline&tweet.fields=author_id,conversation_id,created_at,id,in_reply_to_user_id,public_metrics,text&expansions=author_id&user.fields=id,name,username,created_at&start_time=2022-03-09T09:00:00.00Z&end_time=2022-03-10T09:00:00.00Z&next_token=b26v89c19zqg8o3fpyqlo4pl1cp6ece11gaxz28mkltod
[2022-03-15 19:21:24,002] {logging_mixin.py:112} WARNING - /run/datapipeline/.env/lib/python3.8/site-packages/urllib3/connectionpool.py:981: InsecureRequestWarning: Unverified HTTPS request is being made to host 'api.twitter.com'. Adding certificate verification is strongly advised. See: https://urllib3.readthedocs.io/en/latest/advanced-usage.html#ssl-warnings
  warnings.warn(
[2022-03-15 19:21:24,279] {twitter_hook.py:37} INFO - URL: https://api.twitter.com/2/tweets/search/recent?query=AluraOnline&tweet.fields=author_id,conversation_id,created_at,id,in_reply_to_user_id,public_metrics,text&expansions=author_id&user.fields=id,name,username,created_at&start_time=2022-03-09T09:00:00.00Z&end_time=2022-03-10T09:00:00.00Z&next_token=b26v89c19zqg8o3fpyqlo4mvvy7q4y5flhfd7q4hpyvlp
[2022-03-15 19:21:24,279] {logging_mixin.py:112} WARNING - /run/datapipeline/.env/lib/python3.8/site-packages/urllib3/connectionpool.py:981: InsecureRequestWarning: Unverified HTTPS request is being made to host 'api.twitter.com'. Adding certificate verification is strongly advised. See: https://urllib3.readthedocs.io/en/latest/advanced-usage.html#ssl-warnings
  warnings.warn(
[2022-03-15 19:21:24,512] {twitter_hook.py:37} INFO - URL: https://api.twitter.com/2/tweets/search/recent?query=AluraOnline&tweet.fields=author_id,conversation_id,created_at,id,in_reply_to_user_id,public_metrics,text&expansions=author_id&user.fields=id,name,username,created_at&start_time=2022-03-09T09:00:00.00Z&end_time=2022-03-10T09:00:00.00Z&next_token=b26v89c19zqg8o3fpyqlo2jytcrgc3r91ccvgckguceil
[2022-03-15 19:21:24,512] {logging_mixin.py:112} WARNING - /run/datapipeline/.env/lib/python3.8/site-packages/urllib3/connectionpool.py:981: InsecureRequestWarning: Unverified HTTPS request is being made to host 'api.twitter.com'. Adding certificate verification is strongly advised. See: https://urllib3.readthedocs.io/en/latest/advanced-usage.html#ssl-warnings
  warnings.warn(
[2022-03-15 19:21:24,762] {taskinstance.py:1057} INFO - Marking task as SUCCESS.dag_id=twitter_dag, task_id=twitter_aluraonline, execution_date=20220309T090000, start_date=20220315T192123, end_date=20220315T192124
[2022-03-15 19:21:28,608] {local_task_job.py:102} INFO - Task exited with return code 0
[2022-03-15 21:22:08,229] {taskinstance.py:670} INFO - Dependencies all met for <TaskInstance: twitter_dag.twitter_aluraonline 2022-03-09T09:00:00+00:00 [queued]>
[2022-03-15 21:22:08,234] {taskinstance.py:670} INFO - Dependencies all met for <TaskInstance: twitter_dag.twitter_aluraonline 2022-03-09T09:00:00+00:00 [queued]>
[2022-03-15 21:22:08,234] {taskinstance.py:880} INFO - 
--------------------------------------------------------------------------------
[2022-03-15 21:22:08,234] {taskinstance.py:881} INFO - Starting attempt 1 of 1
[2022-03-15 21:22:08,234] {taskinstance.py:882} INFO - 
--------------------------------------------------------------------------------
[2022-03-15 21:22:08,241] {taskinstance.py:901} INFO - Executing <Task(TwitterOperator): twitter_aluraonline> on 2022-03-09T09:00:00+00:00
[2022-03-15 21:22:08,242] {standard_task_runner.py:54} INFO - Started process 526 to run task
[2022-03-15 21:22:08,274] {standard_task_runner.py:77} INFO - Running: ['airflow', 'run', 'twitter_dag', 'twitter_aluraonline', '2022-03-09T09:00:00+00:00', '--job_id', '70', '--pool', 'default_pool', '--raw', '-sd', 'DAGS_FOLDER/twitter_dag.py', '--cfg_path', '/tmp/tmpsx9bq9yy']
[2022-03-15 21:22:08,274] {standard_task_runner.py:78} INFO - Job 70: Subtask twitter_aluraonline
[2022-03-15 21:22:08,291] {logging_mixin.py:112} INFO - Running <TaskInstance: twitter_dag.twitter_aluraonline 2022-03-09T09:00:00+00:00 [running]> on host 1a222f561522
[2022-03-15 21:22:08,339] {base_hook.py:89} INFO - Using connection to: id: twitter_default. Host: https://api.twitter.com, Port: None, Schema: None, Login: None, Password: None, extra: XXXXXXXX
[2022-03-15 21:22:08,340] {twitter_hook.py:37} INFO - URL: https://api.twitter.com/2/tweets/search/recent?query=AluraOnline&tweet.fields=author_id,conversation_id,created_at,id,in_reply_to_user_id,public_metrics,text&expansions=author_id&user.fields=id,name,username,created_at&start_time=2022-03-09T09:00:00.00Z&end_time=2022-03-10T09:00:00.00Z
[2022-03-15 21:22:08,372] {logging_mixin.py:112} WARNING - /run/datapipeline/.env/lib/python3.8/site-packages/urllib3/connectionpool.py:981: InsecureRequestWarning: Unverified HTTPS request is being made to host 'api.twitter.com'. Adding certificate verification is strongly advised. See: https://urllib3.readthedocs.io/en/latest/advanced-usage.html#ssl-warnings
  warnings.warn(
[2022-03-15 21:22:08,640] {twitter_hook.py:37} INFO - URL: https://api.twitter.com/2/tweets/search/recent?query=AluraOnline&tweet.fields=author_id,conversation_id,created_at,id,in_reply_to_user_id,public_metrics,text&expansions=author_id&user.fields=id,name,username,created_at&start_time=2022-03-09T09:00:00.00Z&end_time=2022-03-10T09:00:00.00Z&next_token=b26v89c19zqg8o3fpyqlo4pl1cp6ece11gaxz28mkltod
[2022-03-15 21:22:08,641] {logging_mixin.py:112} WARNING - /run/datapipeline/.env/lib/python3.8/site-packages/urllib3/connectionpool.py:981: InsecureRequestWarning: Unverified HTTPS request is being made to host 'api.twitter.com'. Adding certificate verification is strongly advised. See: https://urllib3.readthedocs.io/en/latest/advanced-usage.html#ssl-warnings
  warnings.warn(
[2022-03-15 21:22:08,924] {twitter_hook.py:37} INFO - URL: https://api.twitter.com/2/tweets/search/recent?query=AluraOnline&tweet.fields=author_id,conversation_id,created_at,id,in_reply_to_user_id,public_metrics,text&expansions=author_id&user.fields=id,name,username,created_at&start_time=2022-03-09T09:00:00.00Z&end_time=2022-03-10T09:00:00.00Z&next_token=b26v89c19zqg8o3fpyqlo4mvvy7q4y5flhfd7q4hpyvlp
[2022-03-15 21:22:08,925] {logging_mixin.py:112} WARNING - /run/datapipeline/.env/lib/python3.8/site-packages/urllib3/connectionpool.py:981: InsecureRequestWarning: Unverified HTTPS request is being made to host 'api.twitter.com'. Adding certificate verification is strongly advised. See: https://urllib3.readthedocs.io/en/latest/advanced-usage.html#ssl-warnings
  warnings.warn(
[2022-03-15 21:22:09,149] {twitter_hook.py:37} INFO - URL: https://api.twitter.com/2/tweets/search/recent?query=AluraOnline&tweet.fields=author_id,conversation_id,created_at,id,in_reply_to_user_id,public_metrics,text&expansions=author_id&user.fields=id,name,username,created_at&start_time=2022-03-09T09:00:00.00Z&end_time=2022-03-10T09:00:00.00Z&next_token=b26v89c19zqg8o3fpyqlo2jytcrgc3r91ccvgckguceil
[2022-03-15 21:22:09,150] {logging_mixin.py:112} WARNING - /run/datapipeline/.env/lib/python3.8/site-packages/urllib3/connectionpool.py:981: InsecureRequestWarning: Unverified HTTPS request is being made to host 'api.twitter.com'. Adding certificate verification is strongly advised. See: https://urllib3.readthedocs.io/en/latest/advanced-usage.html#ssl-warnings
  warnings.warn(
[2022-03-15 21:22:09,402] {taskinstance.py:1057} INFO - Marking task as SUCCESS.dag_id=twitter_dag, task_id=twitter_aluraonline, execution_date=20220309T090000, start_date=20220315T212208, end_date=20220315T212209
[2022-03-15 21:22:13,223] {local_task_job.py:102} INFO - Task exited with return code 0
