[2022-03-15 19:25:11,843] {taskinstance.py:670} INFO - Dependencies all met for <TaskInstance: twitter_dag.transform_twiiter_aluraonline 2022-03-10T09:00:00+00:00 [queued]>
[2022-03-15 19:25:11,848] {taskinstance.py:670} INFO - Dependencies all met for <TaskInstance: twitter_dag.transform_twiiter_aluraonline 2022-03-10T09:00:00+00:00 [queued]>
[2022-03-15 19:25:11,849] {taskinstance.py:880} INFO - 
--------------------------------------------------------------------------------
[2022-03-15 19:25:11,849] {taskinstance.py:881} INFO - Starting attempt 1 of 1
[2022-03-15 19:25:11,849] {taskinstance.py:882} INFO - 
--------------------------------------------------------------------------------
[2022-03-15 19:25:11,854] {taskinstance.py:901} INFO - Executing <Task(SparkSubmitOperator): transform_twiiter_aluraonline> on 2022-03-10T09:00:00+00:00
[2022-03-15 19:25:11,856] {standard_task_runner.py:54} INFO - Started process 28909 to run task
[2022-03-15 19:25:11,884] {standard_task_runner.py:77} INFO - Running: ['airflow', 'run', 'twitter_dag', 'transform_twiiter_aluraonline', '2022-03-10T09:00:00+00:00', '--job_id', '72', '--pool', 'default_pool', '--raw', '-sd', 'DAGS_FOLDER/twitter_dag.py', '--cfg_path', '/tmp/tmpjjkjfdgo']
[2022-03-15 19:25:11,885] {standard_task_runner.py:78} INFO - Job 72: Subtask transform_twiiter_aluraonline
[2022-03-15 19:25:11,898] {logging_mixin.py:112} INFO - Running <TaskInstance: twitter_dag.transform_twiiter_aluraonline 2022-03-10T09:00:00+00:00 [running]> on host 1a222f561522
[2022-03-15 19:25:11,926] {base_hook.py:89} INFO - Using connection to: id: spark_default. Host: local, Port: None, Schema: None, Login: None, Password: None, extra: XXXXXXXX
[2022-03-15 19:25:11,927] {spark_submit_hook.py:325} INFO - Spark-Submit cmd: /run/pypsark/spark-3.1.2-bin-hadoop2.7/bin/spark-submit --master local --name twitter_transformation /run/datapipeline/spark/transformation.py --src /run/datapipeline/datalake/bronze/twitter_bbb22/extract_date=2022-03-10 --dest /run/datapipeline/datalake/silver/twitter_bbb22/ --process-date 2022-03-10
[2022-03-15 19:25:12,873] {spark_submit_hook.py:479} INFO - WARNING: An illegal reflective access operation has occurred
[2022-03-15 19:25:12,873] {spark_submit_hook.py:479} INFO - WARNING: Illegal reflective access by org.apache.spark.unsafe.Platform (file:/run/pypsark/spark-3.1.2-bin-hadoop2.7/jars/spark-unsafe_2.12-3.1.2.jar) to constructor java.nio.DirectByteBuffer(long,int)
[2022-03-15 19:25:12,873] {spark_submit_hook.py:479} INFO - WARNING: Please consider reporting this to the maintainers of org.apache.spark.unsafe.Platform
[2022-03-15 19:25:12,873] {spark_submit_hook.py:479} INFO - WARNING: Use --illegal-access=warn to enable warnings of further illegal reflective access operations
[2022-03-15 19:25:12,873] {spark_submit_hook.py:479} INFO - WARNING: All illegal access operations will be denied in a future release
[2022-03-15 19:25:13,313] {spark_submit_hook.py:479} INFO - 22/03/15 19:25:13 WARN NativeCodeLoader: Unable to load native-hadoop library for your platform... using builtin-java classes where applicable
[2022-03-15 19:25:13,910] {spark_submit_hook.py:479} INFO - Using Spark's default log4j profile: org/apache/spark/log4j-defaults.properties
[2022-03-15 19:25:13,920] {spark_submit_hook.py:479} INFO - 22/03/15 19:25:13 INFO SparkContext: Running Spark version 3.1.2
[2022-03-15 19:25:13,955] {spark_submit_hook.py:479} INFO - 22/03/15 19:25:13 INFO ResourceUtils: ==============================================================
[2022-03-15 19:25:13,956] {spark_submit_hook.py:479} INFO - 22/03/15 19:25:13 INFO ResourceUtils: No custom resources configured for spark.driver.
[2022-03-15 19:25:13,956] {spark_submit_hook.py:479} INFO - 22/03/15 19:25:13 INFO ResourceUtils: ==============================================================
[2022-03-15 19:25:13,956] {spark_submit_hook.py:479} INFO - 22/03/15 19:25:13 INFO SparkContext: Submitted application: twitter_transformation
[2022-03-15 19:25:13,998] {spark_submit_hook.py:479} INFO - 22/03/15 19:25:13 INFO ResourceProfile: Default ResourceProfile created, executor resources: Map(cores -> name: cores, amount: 1, script: , vendor: , memory -> name: memory, amount: 1024, script: , vendor: , offHeap -> name: offHeap, amount: 0, script: , vendor: ), task resources: Map(cpus -> name: cpus, amount: 1.0)
[2022-03-15 19:25:14,020] {spark_submit_hook.py:479} INFO - 22/03/15 19:25:14 INFO ResourceProfile: Limiting resource is cpu
[2022-03-15 19:25:14,021] {spark_submit_hook.py:479} INFO - 22/03/15 19:25:14 INFO ResourceProfileManager: Added ResourceProfile id: 0
[2022-03-15 19:25:14,103] {spark_submit_hook.py:479} INFO - 22/03/15 19:25:14 INFO SecurityManager: Changing view acls to: root
[2022-03-15 19:25:14,103] {spark_submit_hook.py:479} INFO - 22/03/15 19:25:14 INFO SecurityManager: Changing modify acls to: root
[2022-03-15 19:25:14,104] {spark_submit_hook.py:479} INFO - 22/03/15 19:25:14 INFO SecurityManager: Changing view acls groups to:
[2022-03-15 19:25:14,104] {spark_submit_hook.py:479} INFO - 22/03/15 19:25:14 INFO SecurityManager: Changing modify acls groups to:
[2022-03-15 19:25:14,104] {spark_submit_hook.py:479} INFO - 22/03/15 19:25:14 INFO SecurityManager: SecurityManager: authentication disabled; ui acls disabled; users  with view permissions: Set(root); groups with view permissions: Set(); users  with modify permissions: Set(root); groups with modify permissions: Set()
[2022-03-15 19:25:14,282] {spark_submit_hook.py:479} INFO - 22/03/15 19:25:14 INFO Utils: Successfully started service 'sparkDriver' on port 40485.
[2022-03-15 19:25:14,307] {spark_submit_hook.py:479} INFO - 22/03/15 19:25:14 INFO SparkEnv: Registering MapOutputTracker
[2022-03-15 19:25:14,331] {spark_submit_hook.py:479} INFO - 22/03/15 19:25:14 INFO SparkEnv: Registering BlockManagerMaster
[2022-03-15 19:25:14,344] {spark_submit_hook.py:479} INFO - 22/03/15 19:25:14 INFO BlockManagerMasterEndpoint: Using org.apache.spark.storage.DefaultTopologyMapper for getting topology information
[2022-03-15 19:25:14,345] {spark_submit_hook.py:479} INFO - 22/03/15 19:25:14 INFO BlockManagerMasterEndpoint: BlockManagerMasterEndpoint up
[2022-03-15 19:25:14,348] {spark_submit_hook.py:479} INFO - 22/03/15 19:25:14 INFO SparkEnv: Registering BlockManagerMasterHeartbeat
[2022-03-15 19:25:14,360] {spark_submit_hook.py:479} INFO - 22/03/15 19:25:14 INFO DiskBlockManager: Created local directory at /tmp/blockmgr-849ac60c-eb0c-4b5e-991f-2db6d3b6be8d
[2022-03-15 19:25:14,379] {spark_submit_hook.py:479} INFO - 22/03/15 19:25:14 INFO MemoryStore: MemoryStore started with capacity 434.4 MiB
[2022-03-15 19:25:14,396] {spark_submit_hook.py:479} INFO - 22/03/15 19:25:14 INFO SparkEnv: Registering OutputCommitCoordinator
[2022-03-15 19:25:14,573] {spark_submit_hook.py:479} INFO - 22/03/15 19:25:14 INFO Utils: Successfully started service 'SparkUI' on port 4040.
[2022-03-15 19:25:14,612] {spark_submit_hook.py:479} INFO - 22/03/15 19:25:14 INFO SparkUI: Bound SparkUI to 0.0.0.0, and started at http://1a222f561522:4040
[2022-03-15 19:25:14,769] {spark_submit_hook.py:479} INFO - 22/03/15 19:25:14 INFO Executor: Starting executor ID driver on host 1a222f561522
[2022-03-15 19:25:14,806] {spark_submit_hook.py:479} INFO - 22/03/15 19:25:14 INFO Utils: Successfully started service 'org.apache.spark.network.netty.NettyBlockTransferService' on port 39113.
[2022-03-15 19:25:14,807] {spark_submit_hook.py:479} INFO - 22/03/15 19:25:14 INFO NettyBlockTransferService: Server created on 1a222f561522:39113
[2022-03-15 19:25:14,822] {spark_submit_hook.py:479} INFO - 22/03/15 19:25:14 INFO BlockManager: Using org.apache.spark.storage.RandomBlockReplicationPolicy for block replication policy
[2022-03-15 19:25:14,830] {spark_submit_hook.py:479} INFO - 22/03/15 19:25:14 INFO BlockManagerMaster: Registering BlockManager BlockManagerId(driver, 1a222f561522, 39113, None)
[2022-03-15 19:25:14,848] {spark_submit_hook.py:479} INFO - 22/03/15 19:25:14 INFO BlockManagerMasterEndpoint: Registering block manager 1a222f561522:39113 with 434.4 MiB RAM, BlockManagerId(driver, 1a222f561522, 39113, None)
[2022-03-15 19:25:14,851] {spark_submit_hook.py:479} INFO - 22/03/15 19:25:14 INFO BlockManagerMaster: Registered BlockManager BlockManagerId(driver, 1a222f561522, 39113, None)
[2022-03-15 19:25:14,852] {spark_submit_hook.py:479} INFO - 22/03/15 19:25:14 INFO BlockManager: Initialized BlockManager: BlockManagerId(driver, 1a222f561522, 39113, None)
[2022-03-15 19:25:15,233] {spark_submit_hook.py:479} INFO - 22/03/15 19:25:15 INFO SharedState: Setting hive.metastore.warehouse.dir ('null') to the value of spark.sql.warehouse.dir ('file:/run/datapipeline/spark-warehouse').
[2022-03-15 19:25:15,234] {spark_submit_hook.py:479} INFO - 22/03/15 19:25:15 INFO SharedState: Warehouse path is 'file:/run/datapipeline/spark-warehouse'.
[2022-03-15 19:25:15,806] {spark_submit_hook.py:479} INFO - 22/03/15 19:25:15 INFO InMemoryFileIndex: It took 31 ms to list leaf files for 1 paths.
[2022-03-15 19:25:15,850] {spark_submit_hook.py:479} INFO - 22/03/15 19:25:15 INFO InMemoryFileIndex: It took 1 ms to list leaf files for 1 paths.
[2022-03-15 19:25:17,041] {spark_submit_hook.py:479} INFO - 22/03/15 19:25:17 INFO FileSourceStrategy: Pushed Filters:
[2022-03-15 19:25:17,041] {spark_submit_hook.py:479} INFO - 22/03/15 19:25:17 INFO FileSourceStrategy: Post-Scan Filters:
[2022-03-15 19:25:17,044] {spark_submit_hook.py:479} INFO - 22/03/15 19:25:17 INFO FileSourceStrategy: Output Data Schema: struct<value: string>
[2022-03-15 19:25:17,226] {spark_submit_hook.py:479} INFO - 22/03/15 19:25:17 INFO MemoryStore: Block broadcast_0 stored as values in memory (estimated size 171.5 KiB, free 434.2 MiB)
[2022-03-15 19:25:17,264] {spark_submit_hook.py:479} INFO - 22/03/15 19:25:17 INFO MemoryStore: Block broadcast_0_piece0 stored as bytes in memory (estimated size 24.0 KiB, free 434.2 MiB)
[2022-03-15 19:25:17,266] {spark_submit_hook.py:479} INFO - 22/03/15 19:25:17 INFO BlockManagerInfo: Added broadcast_0_piece0 in memory on 1a222f561522:39113 (size: 24.0 KiB, free: 434.4 MiB)
[2022-03-15 19:25:17,269] {spark_submit_hook.py:479} INFO - 22/03/15 19:25:17 INFO SparkContext: Created broadcast 0 from json at NativeMethodAccessorImpl.java:0
[2022-03-15 19:25:17,274] {spark_submit_hook.py:479} INFO - 22/03/15 19:25:17 INFO FileSourceScanExec: Planning scan with bin packing, max size: 4207564 bytes, open cost is considered as scanning 4194304 bytes.
[2022-03-15 19:25:17,392] {spark_submit_hook.py:479} INFO - 22/03/15 19:25:17 INFO SparkContext: Starting job: json at NativeMethodAccessorImpl.java:0
[2022-03-15 19:25:17,404] {spark_submit_hook.py:479} INFO - 22/03/15 19:25:17 INFO DAGScheduler: Got job 0 (json at NativeMethodAccessorImpl.java:0) with 1 output partitions
[2022-03-15 19:25:17,404] {spark_submit_hook.py:479} INFO - 22/03/15 19:25:17 INFO DAGScheduler: Final stage: ResultStage 0 (json at NativeMethodAccessorImpl.java:0)
[2022-03-15 19:25:17,404] {spark_submit_hook.py:479} INFO - 22/03/15 19:25:17 INFO DAGScheduler: Parents of final stage: List()
[2022-03-15 19:25:17,405] {spark_submit_hook.py:479} INFO - 22/03/15 19:25:17 INFO DAGScheduler: Missing parents: List()
[2022-03-15 19:25:17,409] {spark_submit_hook.py:479} INFO - 22/03/15 19:25:17 INFO DAGScheduler: Submitting ResultStage 0 (MapPartitionsRDD[3] at json at NativeMethodAccessorImpl.java:0), which has no missing parents
[2022-03-15 19:25:17,469] {spark_submit_hook.py:479} INFO - 22/03/15 19:25:17 INFO MemoryStore: Block broadcast_1 stored as values in memory (estimated size 12.0 KiB, free 434.2 MiB)
[2022-03-15 19:25:17,473] {spark_submit_hook.py:479} INFO - 22/03/15 19:25:17 INFO MemoryStore: Block broadcast_1_piece0 stored as bytes in memory (estimated size 6.3 KiB, free 434.2 MiB)
[2022-03-15 19:25:17,474] {spark_submit_hook.py:479} INFO - 22/03/15 19:25:17 INFO BlockManagerInfo: Added broadcast_1_piece0 in memory on 1a222f561522:39113 (size: 6.3 KiB, free: 434.4 MiB)
[2022-03-15 19:25:17,474] {spark_submit_hook.py:479} INFO - 22/03/15 19:25:17 INFO SparkContext: Created broadcast 1 from broadcast at DAGScheduler.scala:1388
[2022-03-15 19:25:17,483] {spark_submit_hook.py:479} INFO - 22/03/15 19:25:17 INFO DAGScheduler: Submitting 1 missing tasks from ResultStage 0 (MapPartitionsRDD[3] at json at NativeMethodAccessorImpl.java:0) (first 15 tasks are for partitions Vector(0))
[2022-03-15 19:25:17,484] {spark_submit_hook.py:479} INFO - 22/03/15 19:25:17 INFO TaskSchedulerImpl: Adding task set 0.0 with 1 tasks resource profile 0
[2022-03-15 19:25:17,517] {spark_submit_hook.py:479} INFO - 22/03/15 19:25:17 INFO TaskSetManager: Starting task 0.0 in stage 0.0 (TID 0) (1a222f561522, executor driver, partition 0, PROCESS_LOCAL, 4923 bytes) taskResourceAssignments Map()
[2022-03-15 19:25:17,527] {spark_submit_hook.py:479} INFO - 22/03/15 19:25:17 INFO Executor: Running task 0.0 in stage 0.0 (TID 0)
[2022-03-15 19:25:17,616] {spark_submit_hook.py:479} INFO - 22/03/15 19:25:17 INFO FileScanRDD: Reading File path: file:///run/datapipeline/datalake/bronze/twitter_bbb22/extract_date=2022-03-10/bbb22_20220310.json, range: 0-13260, partition values: [empty row]
[2022-03-15 19:25:17,821] {spark_submit_hook.py:479} INFO - 22/03/15 19:25:17 INFO CodeGenerator: Code generated in 112.182478 ms
[2022-03-15 19:25:17,858] {spark_submit_hook.py:479} INFO - 22/03/15 19:25:17 INFO Executor: Finished task 0.0 in stage 0.0 (TID 0). 2858 bytes result sent to driver
[2022-03-15 19:25:17,864] {spark_submit_hook.py:479} INFO - 22/03/15 19:25:17 INFO TaskSetManager: Finished task 0.0 in stage 0.0 (TID 0) in 354 ms on 1a222f561522 (executor driver) (1/1)
[2022-03-15 19:25:17,866] {spark_submit_hook.py:479} INFO - 22/03/15 19:25:17 INFO TaskSchedulerImpl: Removed TaskSet 0.0, whose tasks have all completed, from pool
[2022-03-15 19:25:17,870] {spark_submit_hook.py:479} INFO - 22/03/15 19:25:17 INFO DAGScheduler: ResultStage 0 (json at NativeMethodAccessorImpl.java:0) finished in 0.451 s
[2022-03-15 19:25:17,872] {spark_submit_hook.py:479} INFO - 22/03/15 19:25:17 INFO DAGScheduler: Job 0 is finished. Cancelling potential speculative or zombie tasks for this job
[2022-03-15 19:25:17,873] {spark_submit_hook.py:479} INFO - 22/03/15 19:25:17 INFO TaskSchedulerImpl: Killing all running tasks in stage 0: Stage finished
[2022-03-15 19:25:17,874] {spark_submit_hook.py:479} INFO - 22/03/15 19:25:17 INFO DAGScheduler: Job 0 finished: json at NativeMethodAccessorImpl.java:0, took 0.481567 s
[2022-03-15 19:25:18,190] {spark_submit_hook.py:479} INFO - 22/03/15 19:25:18 INFO FileSourceStrategy: Pushed Filters: IsNotNull(data)
[2022-03-15 19:25:18,191] {spark_submit_hook.py:479} INFO - 22/03/15 19:25:18 INFO FileSourceStrategy: Post-Scan Filters: (size(data#7, true) > 0),isnotnull(data#7)
[2022-03-15 19:25:18,192] {spark_submit_hook.py:479} INFO - 22/03/15 19:25:18 INFO FileSourceStrategy: Output Data Schema: struct<data: array<struct<author_id:string,conversation_id:string,created_at:string,id:string,in_reply_to_user_id:string,public_metrics:struct<like_count:bigint,quote_count:bigint,reply_count:bigint,retweet_count:bigint>,text:string>>>
[2022-03-15 19:25:18,237] {spark_submit_hook.py:479} INFO - 22/03/15 19:25:18 INFO BlockManagerInfo: Removed broadcast_1_piece0 on 1a222f561522:39113 in memory (size: 6.3 KiB, free: 434.4 MiB)
[2022-03-15 19:25:18,243] {spark_submit_hook.py:479} INFO - 22/03/15 19:25:18 INFO BlockManagerInfo: Removed broadcast_0_piece0 on 1a222f561522:39113 in memory (size: 24.0 KiB, free: 434.4 MiB)
[2022-03-15 19:25:18,262] {spark_submit_hook.py:479} INFO - 22/03/15 19:25:18 INFO FileOutputCommitter: File Output Committer Algorithm version is 1
[2022-03-15 19:25:18,263] {spark_submit_hook.py:479} INFO - 22/03/15 19:25:18 INFO SQLHadoopMapReduceCommitProtocol: Using output committer class org.apache.hadoop.mapreduce.lib.output.FileOutputCommitter
[2022-03-15 19:25:18,322] {spark_submit_hook.py:479} INFO - 22/03/15 19:25:18 INFO CodeGenerator: Code generated in 30.371281 ms
[2022-03-15 19:25:18,359] {spark_submit_hook.py:479} INFO - 22/03/15 19:25:18 INFO CodeGenerator: Code generated in 22.668544 ms
[2022-03-15 19:25:18,364] {spark_submit_hook.py:479} INFO - 22/03/15 19:25:18 INFO MemoryStore: Block broadcast_2 stored as values in memory (estimated size 171.4 KiB, free 434.2 MiB)
[2022-03-15 19:25:18,370] {spark_submit_hook.py:479} INFO - 22/03/15 19:25:18 INFO MemoryStore: Block broadcast_2_piece0 stored as bytes in memory (estimated size 23.9 KiB, free 434.2 MiB)
[2022-03-15 19:25:18,371] {spark_submit_hook.py:479} INFO - 22/03/15 19:25:18 INFO BlockManagerInfo: Added broadcast_2_piece0 in memory on 1a222f561522:39113 (size: 23.9 KiB, free: 434.4 MiB)
[2022-03-15 19:25:18,372] {spark_submit_hook.py:479} INFO - 22/03/15 19:25:18 INFO SparkContext: Created broadcast 2 from json at NativeMethodAccessorImpl.java:0
[2022-03-15 19:25:18,374] {spark_submit_hook.py:479} INFO - 22/03/15 19:25:18 INFO FileSourceScanExec: Planning scan with bin packing, max size: 4207564 bytes, open cost is considered as scanning 4194304 bytes.
[2022-03-15 19:25:18,433] {spark_submit_hook.py:479} INFO - 22/03/15 19:25:18 INFO SparkContext: Starting job: json at NativeMethodAccessorImpl.java:0
[2022-03-15 19:25:18,434] {spark_submit_hook.py:479} INFO - 22/03/15 19:25:18 INFO DAGScheduler: Got job 1 (json at NativeMethodAccessorImpl.java:0) with 1 output partitions
[2022-03-15 19:25:18,435] {spark_submit_hook.py:479} INFO - 22/03/15 19:25:18 INFO DAGScheduler: Final stage: ResultStage 1 (json at NativeMethodAccessorImpl.java:0)
[2022-03-15 19:25:18,435] {spark_submit_hook.py:479} INFO - 22/03/15 19:25:18 INFO DAGScheduler: Parents of final stage: List()
[2022-03-15 19:25:18,435] {spark_submit_hook.py:479} INFO - 22/03/15 19:25:18 INFO DAGScheduler: Missing parents: List()
[2022-03-15 19:25:18,436] {spark_submit_hook.py:479} INFO - 22/03/15 19:25:18 INFO DAGScheduler: Submitting ResultStage 1 (CoalescedRDD[13] at json at NativeMethodAccessorImpl.java:0), which has no missing parents
[2022-03-15 19:25:18,466] {spark_submit_hook.py:479} INFO - 22/03/15 19:25:18 INFO MemoryStore: Block broadcast_3 stored as values in memory (estimated size 167.6 KiB, free 434.0 MiB)
[2022-03-15 19:25:18,469] {spark_submit_hook.py:479} INFO - 22/03/15 19:25:18 INFO MemoryStore: Block broadcast_3_piece0 stored as bytes in memory (estimated size 59.6 KiB, free 434.0 MiB)
[2022-03-15 19:25:18,470] {spark_submit_hook.py:479} INFO - 22/03/15 19:25:18 INFO BlockManagerInfo: Added broadcast_3_piece0 in memory on 1a222f561522:39113 (size: 59.6 KiB, free: 434.3 MiB)
[2022-03-15 19:25:18,470] {spark_submit_hook.py:479} INFO - 22/03/15 19:25:18 INFO SparkContext: Created broadcast 3 from broadcast at DAGScheduler.scala:1388
[2022-03-15 19:25:18,471] {spark_submit_hook.py:479} INFO - 22/03/15 19:25:18 INFO DAGScheduler: Submitting 1 missing tasks from ResultStage 1 (CoalescedRDD[13] at json at NativeMethodAccessorImpl.java:0) (first 15 tasks are for partitions Vector(0))
[2022-03-15 19:25:18,471] {spark_submit_hook.py:479} INFO - 22/03/15 19:25:18 INFO TaskSchedulerImpl: Adding task set 1.0 with 1 tasks resource profile 0
[2022-03-15 19:25:18,474] {spark_submit_hook.py:479} INFO - 22/03/15 19:25:18 INFO TaskSetManager: Starting task 0.0 in stage 1.0 (TID 1) (1a222f561522, executor driver, partition 0, PROCESS_LOCAL, 5152 bytes) taskResourceAssignments Map()
[2022-03-15 19:25:18,474] {spark_submit_hook.py:479} INFO - 22/03/15 19:25:18 INFO Executor: Running task 0.0 in stage 1.0 (TID 1)
[2022-03-15 19:25:18,517] {spark_submit_hook.py:479} INFO - 22/03/15 19:25:18 INFO FileOutputCommitter: File Output Committer Algorithm version is 1
[2022-03-15 19:25:18,517] {spark_submit_hook.py:479} INFO - 22/03/15 19:25:18 INFO SQLHadoopMapReduceCommitProtocol: Using output committer class org.apache.hadoop.mapreduce.lib.output.FileOutputCommitter
[2022-03-15 19:25:18,560] {spark_submit_hook.py:479} INFO - 22/03/15 19:25:18 INFO CodeGenerator: Code generated in 14.79607 ms
[2022-03-15 19:25:18,562] {spark_submit_hook.py:479} INFO - 22/03/15 19:25:18 INFO FileScanRDD: Reading File path: file:///run/datapipeline/datalake/bronze/twitter_bbb22/extract_date=2022-03-10/bbb22_20220310.json, range: 0-13260, partition values: [empty row]
[2022-03-15 19:25:18,581] {spark_submit_hook.py:479} INFO - 22/03/15 19:25:18 INFO CodeGenerator: Code generated in 16.421043 ms
[2022-03-15 19:25:18,595] {spark_submit_hook.py:479} INFO - 22/03/15 19:25:18 INFO CodeGenerator: Code generated in 3.5102 ms
[2022-03-15 19:25:18,624] {spark_submit_hook.py:479} INFO - 22/03/15 19:25:18 INFO FileOutputCommitter: Saved output of task 'attempt_202203151925188341974969085375152_0001_m_000000_1' to file:/run/datapipeline/datalake/silver/twitter_bbb22/tweet/process_date=2022-03-10/_temporary/0/task_202203151925188341974969085375152_0001_m_000000
[2022-03-15 19:25:18,624] {spark_submit_hook.py:479} INFO - 22/03/15 19:25:18 INFO SparkHadoopMapRedUtil: attempt_202203151925188341974969085375152_0001_m_000000_1: Committed
[2022-03-15 19:25:18,627] {spark_submit_hook.py:479} INFO - 22/03/15 19:25:18 INFO Executor: Finished task 0.0 in stage 1.0 (TID 1). 2901 bytes result sent to driver
[2022-03-15 19:25:18,629] {spark_submit_hook.py:479} INFO - 22/03/15 19:25:18 INFO TaskSetManager: Finished task 0.0 in stage 1.0 (TID 1) in 157 ms on 1a222f561522 (executor driver) (1/1)
[2022-03-15 19:25:18,629] {spark_submit_hook.py:479} INFO - 22/03/15 19:25:18 INFO TaskSchedulerImpl: Removed TaskSet 1.0, whose tasks have all completed, from pool
[2022-03-15 19:25:18,630] {spark_submit_hook.py:479} INFO - 22/03/15 19:25:18 INFO DAGScheduler: ResultStage 1 (json at NativeMethodAccessorImpl.java:0) finished in 0.193 s
[2022-03-15 19:25:18,630] {spark_submit_hook.py:479} INFO - 22/03/15 19:25:18 INFO DAGScheduler: Job 1 is finished. Cancelling potential speculative or zombie tasks for this job
[2022-03-15 19:25:18,631] {spark_submit_hook.py:479} INFO - 22/03/15 19:25:18 INFO TaskSchedulerImpl: Killing all running tasks in stage 1: Stage finished
[2022-03-15 19:25:18,631] {spark_submit_hook.py:479} INFO - 22/03/15 19:25:18 INFO DAGScheduler: Job 1 finished: json at NativeMethodAccessorImpl.java:0, took 0.197971 s
[2022-03-15 19:25:18,642] {spark_submit_hook.py:479} INFO - 22/03/15 19:25:18 INFO FileFormatWriter: Write Job 3204e7c8-f2a8-4d75-8820-9c55757af818 committed.
[2022-03-15 19:25:18,644] {spark_submit_hook.py:479} INFO - 22/03/15 19:25:18 INFO FileFormatWriter: Finished processing stats for write job 3204e7c8-f2a8-4d75-8820-9c55757af818.
[2022-03-15 19:25:18,682] {spark_submit_hook.py:479} INFO - 22/03/15 19:25:18 INFO FileSourceStrategy: Pushed Filters: IsNotNull(includes)
[2022-03-15 19:25:18,682] {spark_submit_hook.py:479} INFO - 22/03/15 19:25:18 INFO FileSourceStrategy: Post-Scan Filters: isnotnull(includes#8),(size(includes#8.users, true) > 0),isnotnull(includes#8.users)
[2022-03-15 19:25:18,683] {spark_submit_hook.py:479} INFO - 22/03/15 19:25:18 INFO FileSourceStrategy: Output Data Schema: struct<includes: struct<users: array<struct<created_at:string,id:string,name:string,username:string>>>>
[2022-03-15 19:25:18,693] {spark_submit_hook.py:479} INFO - 22/03/15 19:25:18 INFO FileOutputCommitter: File Output Committer Algorithm version is 1
[2022-03-15 19:25:18,694] {spark_submit_hook.py:479} INFO - 22/03/15 19:25:18 INFO SQLHadoopMapReduceCommitProtocol: Using output committer class org.apache.hadoop.mapreduce.lib.output.FileOutputCommitter
[2022-03-15 19:25:18,706] {spark_submit_hook.py:479} INFO - 22/03/15 19:25:18 INFO CodeGenerator: Code generated in 8.902989 ms
[2022-03-15 19:25:18,722] {spark_submit_hook.py:479} INFO - 22/03/15 19:25:18 INFO CodeGenerator: Code generated in 12.099059 ms
[2022-03-15 19:25:18,726] {spark_submit_hook.py:479} INFO - 22/03/15 19:25:18 INFO MemoryStore: Block broadcast_4 stored as values in memory (estimated size 171.4 KiB, free 433.8 MiB)
[2022-03-15 19:25:18,735] {spark_submit_hook.py:479} INFO - 22/03/15 19:25:18 INFO MemoryStore: Block broadcast_4_piece0 stored as bytes in memory (estimated size 23.9 KiB, free 433.8 MiB)
[2022-03-15 19:25:18,736] {spark_submit_hook.py:479} INFO - 22/03/15 19:25:18 INFO BlockManagerInfo: Added broadcast_4_piece0 in memory on 1a222f561522:39113 (size: 23.9 KiB, free: 434.3 MiB)
[2022-03-15 19:25:18,737] {spark_submit_hook.py:479} INFO - 22/03/15 19:25:18 INFO SparkContext: Created broadcast 4 from json at NativeMethodAccessorImpl.java:0
[2022-03-15 19:25:18,737] {spark_submit_hook.py:479} INFO - 22/03/15 19:25:18 INFO FileSourceScanExec: Planning scan with bin packing, max size: 4207564 bytes, open cost is considered as scanning 4194304 bytes.
[2022-03-15 19:25:18,770] {spark_submit_hook.py:479} INFO - 22/03/15 19:25:18 INFO SparkContext: Starting job: json at NativeMethodAccessorImpl.java:0
[2022-03-15 19:25:18,773] {spark_submit_hook.py:479} INFO - 22/03/15 19:25:18 INFO DAGScheduler: Got job 2 (json at NativeMethodAccessorImpl.java:0) with 1 output partitions
[2022-03-15 19:25:18,774] {spark_submit_hook.py:479} INFO - 22/03/15 19:25:18 INFO DAGScheduler: Final stage: ResultStage 2 (json at NativeMethodAccessorImpl.java:0)
[2022-03-15 19:25:18,774] {spark_submit_hook.py:479} INFO - 22/03/15 19:25:18 INFO DAGScheduler: Parents of final stage: List()
[2022-03-15 19:25:18,774] {spark_submit_hook.py:479} INFO - 22/03/15 19:25:18 INFO DAGScheduler: Missing parents: List()
[2022-03-15 19:25:18,774] {spark_submit_hook.py:479} INFO - 22/03/15 19:25:18 INFO DAGScheduler: Submitting ResultStage 2 (CoalescedRDD[25] at json at NativeMethodAccessorImpl.java:0), which has no missing parents
[2022-03-15 19:25:18,794] {spark_submit_hook.py:479} INFO - 22/03/15 19:25:18 INFO MemoryStore: Block broadcast_5 stored as values in memory (estimated size 163.9 KiB, free 433.6 MiB)
[2022-03-15 19:25:18,797] {spark_submit_hook.py:479} INFO - 22/03/15 19:25:18 INFO MemoryStore: Block broadcast_5_piece0 stored as bytes in memory (estimated size 58.8 KiB, free 433.6 MiB)
[2022-03-15 19:25:18,798] {spark_submit_hook.py:479} INFO - 22/03/15 19:25:18 INFO BlockManagerInfo: Added broadcast_5_piece0 in memory on 1a222f561522:39113 (size: 58.8 KiB, free: 434.2 MiB)
[2022-03-15 19:25:18,798] {spark_submit_hook.py:479} INFO - 22/03/15 19:25:18 INFO SparkContext: Created broadcast 5 from broadcast at DAGScheduler.scala:1388
[2022-03-15 19:25:18,799] {spark_submit_hook.py:479} INFO - 22/03/15 19:25:18 INFO DAGScheduler: Submitting 1 missing tasks from ResultStage 2 (CoalescedRDD[25] at json at NativeMethodAccessorImpl.java:0) (first 15 tasks are for partitions Vector(0))
[2022-03-15 19:25:18,799] {spark_submit_hook.py:479} INFO - 22/03/15 19:25:18 INFO TaskSchedulerImpl: Adding task set 2.0 with 1 tasks resource profile 0
[2022-03-15 19:25:18,800] {spark_submit_hook.py:479} INFO - 22/03/15 19:25:18 INFO TaskSetManager: Starting task 0.0 in stage 2.0 (TID 2) (1a222f561522, executor driver, partition 0, PROCESS_LOCAL, 5152 bytes) taskResourceAssignments Map()
[2022-03-15 19:25:18,801] {spark_submit_hook.py:479} INFO - 22/03/15 19:25:18 INFO Executor: Running task 0.0 in stage 2.0 (TID 2)
[2022-03-15 19:25:18,813] {spark_submit_hook.py:479} INFO - 22/03/15 19:25:18 INFO FileOutputCommitter: File Output Committer Algorithm version is 1
[2022-03-15 19:25:18,814] {spark_submit_hook.py:479} INFO - 22/03/15 19:25:18 INFO SQLHadoopMapReduceCommitProtocol: Using output committer class org.apache.hadoop.mapreduce.lib.output.FileOutputCommitter
[2022-03-15 19:25:18,831] {spark_submit_hook.py:479} INFO - 22/03/15 19:25:18 INFO CodeGenerator: Code generated in 8.265633 ms
[2022-03-15 19:25:18,833] {spark_submit_hook.py:479} INFO - 22/03/15 19:25:18 INFO FileScanRDD: Reading File path: file:///run/datapipeline/datalake/bronze/twitter_bbb22/extract_date=2022-03-10/bbb22_20220310.json, range: 0-13260, partition values: [empty row]
[2022-03-15 19:25:18,849] {spark_submit_hook.py:479} INFO - 22/03/15 19:25:18 INFO CodeGenerator: Code generated in 13.594445 ms
[2022-03-15 19:25:18,857] {spark_submit_hook.py:479} INFO - 22/03/15 19:25:18 INFO CodeGenerator: Code generated in 4.896428 ms
[2022-03-15 19:25:18,865] {spark_submit_hook.py:479} INFO - 22/03/15 19:25:18 INFO FileOutputCommitter: Saved output of task 'attempt_202203151925181452907983995547614_0002_m_000000_2' to file:/run/datapipeline/datalake/silver/twitter_bbb22/user/process_date=2022-03-10/_temporary/0/task_202203151925181452907983995547614_0002_m_000000
[2022-03-15 19:25:18,866] {spark_submit_hook.py:479} INFO - 22/03/15 19:25:18 INFO SparkHadoopMapRedUtil: attempt_202203151925181452907983995547614_0002_m_000000_2: Committed
[2022-03-15 19:25:18,867] {spark_submit_hook.py:479} INFO - 22/03/15 19:25:18 INFO Executor: Finished task 0.0 in stage 2.0 (TID 2). 2858 bytes result sent to driver
[2022-03-15 19:25:18,869] {spark_submit_hook.py:479} INFO - 22/03/15 19:25:18 INFO TaskSetManager: Finished task 0.0 in stage 2.0 (TID 2) in 69 ms on 1a222f561522 (executor driver) (1/1)
[2022-03-15 19:25:18,870] {spark_submit_hook.py:479} INFO - 22/03/15 19:25:18 INFO TaskSchedulerImpl: Removed TaskSet 2.0, whose tasks have all completed, from pool
[2022-03-15 19:25:18,872] {spark_submit_hook.py:479} INFO - 22/03/15 19:25:18 INFO DAGScheduler: ResultStage 2 (json at NativeMethodAccessorImpl.java:0) finished in 0.098 s
[2022-03-15 19:25:18,872] {spark_submit_hook.py:479} INFO - 22/03/15 19:25:18 INFO DAGScheduler: Job 2 is finished. Cancelling potential speculative or zombie tasks for this job
[2022-03-15 19:25:18,872] {spark_submit_hook.py:479} INFO - 22/03/15 19:25:18 INFO TaskSchedulerImpl: Killing all running tasks in stage 2: Stage finished
[2022-03-15 19:25:18,872] {spark_submit_hook.py:479} INFO - 22/03/15 19:25:18 INFO DAGScheduler: Job 2 finished: json at NativeMethodAccessorImpl.java:0, took 0.101076 s
[2022-03-15 19:25:18,890] {spark_submit_hook.py:479} INFO - 22/03/15 19:25:18 INFO FileFormatWriter: Write Job bc5a55a9-fde9-4f88-ad17-a9a31b70fcfa committed.
[2022-03-15 19:25:18,890] {spark_submit_hook.py:479} INFO - 22/03/15 19:25:18 INFO FileFormatWriter: Finished processing stats for write job bc5a55a9-fde9-4f88-ad17-a9a31b70fcfa.
[2022-03-15 19:25:18,934] {spark_submit_hook.py:479} INFO - 22/03/15 19:25:18 INFO SparkUI: Stopped Spark web UI at http://1a222f561522:4040
[2022-03-15 19:25:18,945] {spark_submit_hook.py:479} INFO - 22/03/15 19:25:18 INFO MapOutputTrackerMasterEndpoint: MapOutputTrackerMasterEndpoint stopped!
[2022-03-15 19:25:18,955] {spark_submit_hook.py:479} INFO - 22/03/15 19:25:18 INFO MemoryStore: MemoryStore cleared
[2022-03-15 19:25:18,955] {spark_submit_hook.py:479} INFO - 22/03/15 19:25:18 INFO BlockManager: BlockManager stopped
[2022-03-15 19:25:18,957] {spark_submit_hook.py:479} INFO - 22/03/15 19:25:18 INFO BlockManagerMaster: BlockManagerMaster stopped
[2022-03-15 19:25:18,959] {spark_submit_hook.py:479} INFO - 22/03/15 19:25:18 INFO OutputCommitCoordinator$OutputCommitCoordinatorEndpoint: OutputCommitCoordinator stopped!
[2022-03-15 19:25:18,962] {spark_submit_hook.py:479} INFO - 22/03/15 19:25:18 INFO SparkContext: Successfully stopped SparkContext
[2022-03-15 19:25:18,964] {spark_submit_hook.py:479} INFO - 22/03/15 19:25:18 INFO ShutdownHookManager: Shutdown hook called
[2022-03-15 19:25:18,964] {spark_submit_hook.py:479} INFO - 22/03/15 19:25:18 INFO ShutdownHookManager: Deleting directory /tmp/spark-6d1efc7e-2757-47cf-a76e-e166d643f21f
[2022-03-15 19:25:18,965] {spark_submit_hook.py:479} INFO - 22/03/15 19:25:18 INFO ShutdownHookManager: Deleting directory /tmp/spark-6a3c7c6c-53d4-42ed-9fb3-589d44fa3efe
[2022-03-15 19:25:18,967] {spark_submit_hook.py:479} INFO - 22/03/15 19:25:18 INFO ShutdownHookManager: Deleting directory /tmp/spark-6d1efc7e-2757-47cf-a76e-e166d643f21f/pyspark-25ca9661-2ec8-4671-badd-4ccc0a5e9a1c
[2022-03-15 19:25:18,996] {taskinstance.py:1057} INFO - Marking task as SUCCESS.dag_id=twitter_dag, task_id=transform_twiiter_aluraonline, execution_date=20220310T090000, start_date=20220315T192511, end_date=20220315T192518
[2022-03-15 19:25:21,843] {local_task_job.py:102} INFO - Task exited with return code 0
[2022-03-15 21:25:56,482] {taskinstance.py:670} INFO - Dependencies all met for <TaskInstance: twitter_dag.transform_twiiter_aluraonline 2022-03-10T09:00:00+00:00 [queued]>
[2022-03-15 21:25:56,487] {taskinstance.py:670} INFO - Dependencies all met for <TaskInstance: twitter_dag.transform_twiiter_aluraonline 2022-03-10T09:00:00+00:00 [queued]>
[2022-03-15 21:25:56,488] {taskinstance.py:880} INFO - 
--------------------------------------------------------------------------------
[2022-03-15 21:25:56,488] {taskinstance.py:881} INFO - Starting attempt 1 of 1
[2022-03-15 21:25:56,488] {taskinstance.py:882} INFO - 
--------------------------------------------------------------------------------
[2022-03-15 21:25:56,494] {taskinstance.py:901} INFO - Executing <Task(SparkSubmitOperator): transform_twiiter_aluraonline> on 2022-03-10T09:00:00+00:00
[2022-03-15 21:25:56,497] {standard_task_runner.py:54} INFO - Started process 3409 to run task
[2022-03-15 21:25:56,526] {standard_task_runner.py:77} INFO - Running: ['airflow', 'run', 'twitter_dag', 'transform_twiiter_aluraonline', '2022-03-10T09:00:00+00:00', '--job_id', '73', '--pool', 'default_pool', '--raw', '-sd', 'DAGS_FOLDER/twitter_dag.py', '--cfg_path', '/tmp/tmpc03fbvca']
[2022-03-15 21:25:56,526] {standard_task_runner.py:78} INFO - Job 73: Subtask transform_twiiter_aluraonline
[2022-03-15 21:25:56,541] {logging_mixin.py:112} INFO - Running <TaskInstance: twitter_dag.transform_twiiter_aluraonline 2022-03-10T09:00:00+00:00 [running]> on host 1a222f561522
[2022-03-15 21:25:56,580] {base_hook.py:89} INFO - Using connection to: id: spark_default. Host: local, Port: None, Schema: None, Login: None, Password: None, extra: XXXXXXXX
[2022-03-15 21:25:56,581] {spark_submit_hook.py:325} INFO - Spark-Submit cmd: /run/pypsark/spark-3.1.2-bin-hadoop2.7/bin/spark-submit --master local --name twitter_transformation /run/datapipeline/spark/transformation.py --src /run/datapipeline/datalake/bronze/twitter_bbb22/extract_date=2022-03-10 --dest /run/datapipeline/datalake/silver/twitter_bbb22/ --process-date 2022-03-10
[2022-03-15 21:25:57,512] {spark_submit_hook.py:479} INFO - WARNING: An illegal reflective access operation has occurred
[2022-03-15 21:25:57,512] {spark_submit_hook.py:479} INFO - WARNING: Illegal reflective access by org.apache.spark.unsafe.Platform (file:/run/pypsark/spark-3.1.2-bin-hadoop2.7/jars/spark-unsafe_2.12-3.1.2.jar) to constructor java.nio.DirectByteBuffer(long,int)
[2022-03-15 21:25:57,512] {spark_submit_hook.py:479} INFO - WARNING: Please consider reporting this to the maintainers of org.apache.spark.unsafe.Platform
[2022-03-15 21:25:57,512] {spark_submit_hook.py:479} INFO - WARNING: Use --illegal-access=warn to enable warnings of further illegal reflective access operations
[2022-03-15 21:25:57,512] {spark_submit_hook.py:479} INFO - WARNING: All illegal access operations will be denied in a future release
[2022-03-15 21:25:57,874] {spark_submit_hook.py:479} INFO - 22/03/15 21:25:57 WARN NativeCodeLoader: Unable to load native-hadoop library for your platform... using builtin-java classes where applicable
[2022-03-15 21:25:58,413] {spark_submit_hook.py:479} INFO - Using Spark's default log4j profile: org/apache/spark/log4j-defaults.properties
[2022-03-15 21:25:58,421] {spark_submit_hook.py:479} INFO - 22/03/15 21:25:58 INFO SparkContext: Running Spark version 3.1.2
[2022-03-15 21:25:58,447] {spark_submit_hook.py:479} INFO - 22/03/15 21:25:58 INFO ResourceUtils: ==============================================================
[2022-03-15 21:25:58,447] {spark_submit_hook.py:479} INFO - 22/03/15 21:25:58 INFO ResourceUtils: No custom resources configured for spark.driver.
[2022-03-15 21:25:58,448] {spark_submit_hook.py:479} INFO - 22/03/15 21:25:58 INFO ResourceUtils: ==============================================================
[2022-03-15 21:25:58,448] {spark_submit_hook.py:479} INFO - 22/03/15 21:25:58 INFO SparkContext: Submitted application: twitter_transformation
[2022-03-15 21:25:58,471] {spark_submit_hook.py:479} INFO - 22/03/15 21:25:58 INFO ResourceProfile: Default ResourceProfile created, executor resources: Map(cores -> name: cores, amount: 1, script: , vendor: , memory -> name: memory, amount: 1024, script: , vendor: , offHeap -> name: offHeap, amount: 0, script: , vendor: ), task resources: Map(cpus -> name: cpus, amount: 1.0)
[2022-03-15 21:25:58,487] {spark_submit_hook.py:479} INFO - 22/03/15 21:25:58 INFO ResourceProfile: Limiting resource is cpu
[2022-03-15 21:25:58,487] {spark_submit_hook.py:479} INFO - 22/03/15 21:25:58 INFO ResourceProfileManager: Added ResourceProfile id: 0
[2022-03-15 21:25:58,517] {spark_submit_hook.py:479} INFO - 22/03/15 21:25:58 INFO SecurityManager: Changing view acls to: root
[2022-03-15 21:25:58,517] {spark_submit_hook.py:479} INFO - 22/03/15 21:25:58 INFO SecurityManager: Changing modify acls to: root
[2022-03-15 21:25:58,517] {spark_submit_hook.py:479} INFO - 22/03/15 21:25:58 INFO SecurityManager: Changing view acls groups to:
[2022-03-15 21:25:58,518] {spark_submit_hook.py:479} INFO - 22/03/15 21:25:58 INFO SecurityManager: Changing modify acls groups to:
[2022-03-15 21:25:58,518] {spark_submit_hook.py:479} INFO - 22/03/15 21:25:58 INFO SecurityManager: SecurityManager: authentication disabled; ui acls disabled; users  with view permissions: Set(root); groups with view permissions: Set(); users  with modify permissions: Set(root); groups with modify permissions: Set()
[2022-03-15 21:25:58,671] {spark_submit_hook.py:479} INFO - 22/03/15 21:25:58 INFO Utils: Successfully started service 'sparkDriver' on port 35007.
[2022-03-15 21:25:58,693] {spark_submit_hook.py:479} INFO - 22/03/15 21:25:58 INFO SparkEnv: Registering MapOutputTracker
[2022-03-15 21:25:58,713] {spark_submit_hook.py:479} INFO - 22/03/15 21:25:58 INFO SparkEnv: Registering BlockManagerMaster
[2022-03-15 21:25:58,729] {spark_submit_hook.py:479} INFO - 22/03/15 21:25:58 INFO BlockManagerMasterEndpoint: Using org.apache.spark.storage.DefaultTopologyMapper for getting topology information
[2022-03-15 21:25:58,729] {spark_submit_hook.py:479} INFO - 22/03/15 21:25:58 INFO BlockManagerMasterEndpoint: BlockManagerMasterEndpoint up
[2022-03-15 21:25:58,732] {spark_submit_hook.py:479} INFO - 22/03/15 21:25:58 INFO SparkEnv: Registering BlockManagerMasterHeartbeat
[2022-03-15 21:25:58,742] {spark_submit_hook.py:479} INFO - 22/03/15 21:25:58 INFO DiskBlockManager: Created local directory at /tmp/blockmgr-84fa9b3b-74d1-4a23-8e73-6ae1ea59db30
[2022-03-15 21:25:58,759] {spark_submit_hook.py:479} INFO - 22/03/15 21:25:58 INFO MemoryStore: MemoryStore started with capacity 434.4 MiB
[2022-03-15 21:25:58,771] {spark_submit_hook.py:479} INFO - 22/03/15 21:25:58 INFO SparkEnv: Registering OutputCommitCoordinator
[2022-03-15 21:25:58,923] {spark_submit_hook.py:479} INFO - 22/03/15 21:25:58 WARN Utils: Service 'SparkUI' could not bind on port 4040. Attempting port 4041.
[2022-03-15 21:25:58,929] {spark_submit_hook.py:479} INFO - 22/03/15 21:25:58 INFO Utils: Successfully started service 'SparkUI' on port 4041.
[2022-03-15 21:25:58,971] {spark_submit_hook.py:479} INFO - 22/03/15 21:25:58 INFO SparkUI: Bound SparkUI to 0.0.0.0, and started at http://1a222f561522:4041
[2022-03-15 21:25:59,114] {spark_submit_hook.py:479} INFO - 22/03/15 21:25:59 INFO Executor: Starting executor ID driver on host 1a222f561522
[2022-03-15 21:25:59,136] {spark_submit_hook.py:479} INFO - 22/03/15 21:25:59 INFO Utils: Successfully started service 'org.apache.spark.network.netty.NettyBlockTransferService' on port 43585.
[2022-03-15 21:25:59,136] {spark_submit_hook.py:479} INFO - 22/03/15 21:25:59 INFO NettyBlockTransferService: Server created on 1a222f561522:43585
[2022-03-15 21:25:59,137] {spark_submit_hook.py:479} INFO - 22/03/15 21:25:59 INFO BlockManager: Using org.apache.spark.storage.RandomBlockReplicationPolicy for block replication policy
[2022-03-15 21:25:59,141] {spark_submit_hook.py:479} INFO - 22/03/15 21:25:59 INFO BlockManagerMaster: Registering BlockManager BlockManagerId(driver, 1a222f561522, 43585, None)
[2022-03-15 21:25:59,145] {spark_submit_hook.py:479} INFO - 22/03/15 21:25:59 INFO BlockManagerMasterEndpoint: Registering block manager 1a222f561522:43585 with 434.4 MiB RAM, BlockManagerId(driver, 1a222f561522, 43585, None)
[2022-03-15 21:25:59,147] {spark_submit_hook.py:479} INFO - 22/03/15 21:25:59 INFO BlockManagerMaster: Registered BlockManager BlockManagerId(driver, 1a222f561522, 43585, None)
[2022-03-15 21:25:59,148] {spark_submit_hook.py:479} INFO - 22/03/15 21:25:59 INFO BlockManager: Initialized BlockManager: BlockManagerId(driver, 1a222f561522, 43585, None)
[2022-03-15 21:25:59,487] {spark_submit_hook.py:479} INFO - 22/03/15 21:25:59 INFO SharedState: Setting hive.metastore.warehouse.dir ('null') to the value of spark.sql.warehouse.dir ('file:/run/datapipeline/spark-warehouse').
[2022-03-15 21:25:59,487] {spark_submit_hook.py:479} INFO - 22/03/15 21:25:59 INFO SharedState: Warehouse path is 'file:/run/datapipeline/spark-warehouse'.
[2022-03-15 21:26:00,038] {spark_submit_hook.py:479} INFO - 22/03/15 21:26:00 INFO InMemoryFileIndex: It took 34 ms to list leaf files for 1 paths.
[2022-03-15 21:26:00,090] {spark_submit_hook.py:479} INFO - 22/03/15 21:26:00 INFO InMemoryFileIndex: It took 2 ms to list leaf files for 1 paths.
[2022-03-15 21:26:01,349] {spark_submit_hook.py:479} INFO - 22/03/15 21:26:01 INFO FileSourceStrategy: Pushed Filters:
[2022-03-15 21:26:01,350] {spark_submit_hook.py:479} INFO - 22/03/15 21:26:01 INFO FileSourceStrategy: Post-Scan Filters:
[2022-03-15 21:26:01,351] {spark_submit_hook.py:479} INFO - 22/03/15 21:26:01 INFO FileSourceStrategy: Output Data Schema: struct<value: string>
[2022-03-15 21:26:01,535] {spark_submit_hook.py:479} INFO - 22/03/15 21:26:01 INFO MemoryStore: Block broadcast_0 stored as values in memory (estimated size 171.5 KiB, free 434.2 MiB)
[2022-03-15 21:26:01,574] {spark_submit_hook.py:479} INFO - 22/03/15 21:26:01 INFO MemoryStore: Block broadcast_0_piece0 stored as bytes in memory (estimated size 24.0 KiB, free 434.2 MiB)
[2022-03-15 21:26:01,576] {spark_submit_hook.py:479} INFO - 22/03/15 21:26:01 INFO BlockManagerInfo: Added broadcast_0_piece0 in memory on 1a222f561522:43585 (size: 24.0 KiB, free: 434.4 MiB)
[2022-03-15 21:26:01,579] {spark_submit_hook.py:479} INFO - 22/03/15 21:26:01 INFO SparkContext: Created broadcast 0 from json at NativeMethodAccessorImpl.java:0
[2022-03-15 21:26:01,584] {spark_submit_hook.py:479} INFO - 22/03/15 21:26:01 INFO FileSourceScanExec: Planning scan with bin packing, max size: 4207564 bytes, open cost is considered as scanning 4194304 bytes.
[2022-03-15 21:26:01,693] {spark_submit_hook.py:479} INFO - 22/03/15 21:26:01 INFO SparkContext: Starting job: json at NativeMethodAccessorImpl.java:0
[2022-03-15 21:26:01,703] {spark_submit_hook.py:479} INFO - 22/03/15 21:26:01 INFO DAGScheduler: Got job 0 (json at NativeMethodAccessorImpl.java:0) with 1 output partitions
[2022-03-15 21:26:01,703] {spark_submit_hook.py:479} INFO - 22/03/15 21:26:01 INFO DAGScheduler: Final stage: ResultStage 0 (json at NativeMethodAccessorImpl.java:0)
[2022-03-15 21:26:01,703] {spark_submit_hook.py:479} INFO - 22/03/15 21:26:01 INFO DAGScheduler: Parents of final stage: List()
[2022-03-15 21:26:01,704] {spark_submit_hook.py:479} INFO - 22/03/15 21:26:01 INFO DAGScheduler: Missing parents: List()
[2022-03-15 21:26:01,707] {spark_submit_hook.py:479} INFO - 22/03/15 21:26:01 INFO DAGScheduler: Submitting ResultStage 0 (MapPartitionsRDD[3] at json at NativeMethodAccessorImpl.java:0), which has no missing parents
[2022-03-15 21:26:01,766] {spark_submit_hook.py:479} INFO - 22/03/15 21:26:01 INFO MemoryStore: Block broadcast_1 stored as values in memory (estimated size 12.0 KiB, free 434.2 MiB)
[2022-03-15 21:26:01,770] {spark_submit_hook.py:479} INFO - 22/03/15 21:26:01 INFO MemoryStore: Block broadcast_1_piece0 stored as bytes in memory (estimated size 6.3 KiB, free 434.2 MiB)
[2022-03-15 21:26:01,771] {spark_submit_hook.py:479} INFO - 22/03/15 21:26:01 INFO BlockManagerInfo: Added broadcast_1_piece0 in memory on 1a222f561522:43585 (size: 6.3 KiB, free: 434.4 MiB)
[2022-03-15 21:26:01,772] {spark_submit_hook.py:479} INFO - 22/03/15 21:26:01 INFO SparkContext: Created broadcast 1 from broadcast at DAGScheduler.scala:1388
[2022-03-15 21:26:01,781] {spark_submit_hook.py:479} INFO - 22/03/15 21:26:01 INFO DAGScheduler: Submitting 1 missing tasks from ResultStage 0 (MapPartitionsRDD[3] at json at NativeMethodAccessorImpl.java:0) (first 15 tasks are for partitions Vector(0))
[2022-03-15 21:26:01,782] {spark_submit_hook.py:479} INFO - 22/03/15 21:26:01 INFO TaskSchedulerImpl: Adding task set 0.0 with 1 tasks resource profile 0
[2022-03-15 21:26:01,815] {spark_submit_hook.py:479} INFO - 22/03/15 21:26:01 INFO TaskSetManager: Starting task 0.0 in stage 0.0 (TID 0) (1a222f561522, executor driver, partition 0, PROCESS_LOCAL, 4923 bytes) taskResourceAssignments Map()
[2022-03-15 21:26:01,825] {spark_submit_hook.py:479} INFO - 22/03/15 21:26:01 INFO Executor: Running task 0.0 in stage 0.0 (TID 0)
[2022-03-15 21:26:01,917] {spark_submit_hook.py:479} INFO - 22/03/15 21:26:01 INFO FileScanRDD: Reading File path: file:///run/datapipeline/datalake/bronze/twitter_bbb22/extract_date=2022-03-10/bbb22_20220310.json, range: 0-13260, partition values: [empty row]
[2022-03-15 21:26:02,116] {spark_submit_hook.py:479} INFO - 22/03/15 21:26:02 INFO CodeGenerator: Code generated in 122.079323 ms
[2022-03-15 21:26:02,154] {spark_submit_hook.py:479} INFO - 22/03/15 21:26:02 INFO Executor: Finished task 0.0 in stage 0.0 (TID 0). 2858 bytes result sent to driver
[2022-03-15 21:26:02,161] {spark_submit_hook.py:479} INFO - 22/03/15 21:26:02 INFO TaskSetManager: Finished task 0.0 in stage 0.0 (TID 0) in 351 ms on 1a222f561522 (executor driver) (1/1)
[2022-03-15 21:26:02,162] {spark_submit_hook.py:479} INFO - 22/03/15 21:26:02 INFO TaskSchedulerImpl: Removed TaskSet 0.0, whose tasks have all completed, from pool
[2022-03-15 21:26:02,166] {spark_submit_hook.py:479} INFO - 22/03/15 21:26:02 INFO DAGScheduler: ResultStage 0 (json at NativeMethodAccessorImpl.java:0) finished in 0.450 s
[2022-03-15 21:26:02,169] {spark_submit_hook.py:479} INFO - 22/03/15 21:26:02 INFO DAGScheduler: Job 0 is finished. Cancelling potential speculative or zombie tasks for this job
[2022-03-15 21:26:02,169] {spark_submit_hook.py:479} INFO - 22/03/15 21:26:02 INFO TaskSchedulerImpl: Killing all running tasks in stage 0: Stage finished
[2022-03-15 21:26:02,171] {spark_submit_hook.py:479} INFO - 22/03/15 21:26:02 INFO DAGScheduler: Job 0 finished: json at NativeMethodAccessorImpl.java:0, took 0.477547 s
[2022-03-15 21:26:02,474] {spark_submit_hook.py:479} INFO - 22/03/15 21:26:02 INFO FileSourceStrategy: Pushed Filters: IsNotNull(data)
[2022-03-15 21:26:02,475] {spark_submit_hook.py:479} INFO - 22/03/15 21:26:02 INFO FileSourceStrategy: Post-Scan Filters: (size(data#7, true) > 0),isnotnull(data#7)
[2022-03-15 21:26:02,475] {spark_submit_hook.py:479} INFO - 22/03/15 21:26:02 INFO FileSourceStrategy: Output Data Schema: struct<data: array<struct<author_id:string,conversation_id:string,created_at:string,id:string,in_reply_to_user_id:string,public_metrics:struct<like_count:bigint,quote_count:bigint,reply_count:bigint,retweet_count:bigint>,text:string>>>
[2022-03-15 21:26:02,519] {spark_submit_hook.py:479} INFO - 22/03/15 21:26:02 INFO FileOutputCommitter: File Output Committer Algorithm version is 1
[2022-03-15 21:26:02,519] {spark_submit_hook.py:479} INFO - 22/03/15 21:26:02 INFO SQLHadoopMapReduceCommitProtocol: Using output committer class org.apache.hadoop.mapreduce.lib.output.FileOutputCommitter
[2022-03-15 21:26:02,546] {spark_submit_hook.py:479} INFO - 22/03/15 21:26:02 INFO BlockManagerInfo: Removed broadcast_0_piece0 on 1a222f561522:43585 in memory (size: 24.0 KiB, free: 434.4 MiB)
[2022-03-15 21:26:02,553] {spark_submit_hook.py:479} INFO - 22/03/15 21:26:02 INFO BlockManagerInfo: Removed broadcast_1_piece0 on 1a222f561522:43585 in memory (size: 6.3 KiB, free: 434.4 MiB)
[2022-03-15 21:26:02,597] {spark_submit_hook.py:479} INFO - 22/03/15 21:26:02 INFO CodeGenerator: Code generated in 37.857243 ms
[2022-03-15 21:26:02,629] {spark_submit_hook.py:479} INFO - 22/03/15 21:26:02 INFO CodeGenerator: Code generated in 19.670003 ms
[2022-03-15 21:26:02,634] {spark_submit_hook.py:479} INFO - 22/03/15 21:26:02 INFO MemoryStore: Block broadcast_2 stored as values in memory (estimated size 171.4 KiB, free 434.2 MiB)
[2022-03-15 21:26:02,640] {spark_submit_hook.py:479} INFO - 22/03/15 21:26:02 INFO MemoryStore: Block broadcast_2_piece0 stored as bytes in memory (estimated size 23.9 KiB, free 434.2 MiB)
[2022-03-15 21:26:02,641] {spark_submit_hook.py:479} INFO - 22/03/15 21:26:02 INFO BlockManagerInfo: Added broadcast_2_piece0 in memory on 1a222f561522:43585 (size: 23.9 KiB, free: 434.4 MiB)
[2022-03-15 21:26:02,642] {spark_submit_hook.py:479} INFO - 22/03/15 21:26:02 INFO SparkContext: Created broadcast 2 from json at NativeMethodAccessorImpl.java:0
[2022-03-15 21:26:02,643] {spark_submit_hook.py:479} INFO - 22/03/15 21:26:02 INFO FileSourceScanExec: Planning scan with bin packing, max size: 4207564 bytes, open cost is considered as scanning 4194304 bytes.
[2022-03-15 21:26:02,703] {spark_submit_hook.py:479} INFO - 22/03/15 21:26:02 INFO SparkContext: Starting job: json at NativeMethodAccessorImpl.java:0
[2022-03-15 21:26:02,705] {spark_submit_hook.py:479} INFO - 22/03/15 21:26:02 INFO DAGScheduler: Got job 1 (json at NativeMethodAccessorImpl.java:0) with 1 output partitions
[2022-03-15 21:26:02,705] {spark_submit_hook.py:479} INFO - 22/03/15 21:26:02 INFO DAGScheduler: Final stage: ResultStage 1 (json at NativeMethodAccessorImpl.java:0)
[2022-03-15 21:26:02,705] {spark_submit_hook.py:479} INFO - 22/03/15 21:26:02 INFO DAGScheduler: Parents of final stage: List()
[2022-03-15 21:26:02,705] {spark_submit_hook.py:479} INFO - 22/03/15 21:26:02 INFO DAGScheduler: Missing parents: List()
[2022-03-15 21:26:02,706] {spark_submit_hook.py:479} INFO - 22/03/15 21:26:02 INFO DAGScheduler: Submitting ResultStage 1 (CoalescedRDD[13] at json at NativeMethodAccessorImpl.java:0), which has no missing parents
[2022-03-15 21:26:02,735] {spark_submit_hook.py:479} INFO - 22/03/15 21:26:02 INFO MemoryStore: Block broadcast_3 stored as values in memory (estimated size 167.6 KiB, free 434.0 MiB)
[2022-03-15 21:26:02,738] {spark_submit_hook.py:479} INFO - 22/03/15 21:26:02 INFO MemoryStore: Block broadcast_3_piece0 stored as bytes in memory (estimated size 59.6 KiB, free 434.0 MiB)
[2022-03-15 21:26:02,739] {spark_submit_hook.py:479} INFO - 22/03/15 21:26:02 INFO BlockManagerInfo: Added broadcast_3_piece0 in memory on 1a222f561522:43585 (size: 59.6 KiB, free: 434.3 MiB)
[2022-03-15 21:26:02,739] {spark_submit_hook.py:479} INFO - 22/03/15 21:26:02 INFO SparkContext: Created broadcast 3 from broadcast at DAGScheduler.scala:1388
[2022-03-15 21:26:02,740] {spark_submit_hook.py:479} INFO - 22/03/15 21:26:02 INFO DAGScheduler: Submitting 1 missing tasks from ResultStage 1 (CoalescedRDD[13] at json at NativeMethodAccessorImpl.java:0) (first 15 tasks are for partitions Vector(0))
[2022-03-15 21:26:02,740] {spark_submit_hook.py:479} INFO - 22/03/15 21:26:02 INFO TaskSchedulerImpl: Adding task set 1.0 with 1 tasks resource profile 0
[2022-03-15 21:26:02,744] {spark_submit_hook.py:479} INFO - 22/03/15 21:26:02 INFO TaskSetManager: Starting task 0.0 in stage 1.0 (TID 1) (1a222f561522, executor driver, partition 0, PROCESS_LOCAL, 5152 bytes) taskResourceAssignments Map()
[2022-03-15 21:26:02,744] {spark_submit_hook.py:479} INFO - 22/03/15 21:26:02 INFO Executor: Running task 0.0 in stage 1.0 (TID 1)
[2022-03-15 21:26:02,787] {spark_submit_hook.py:479} INFO - 22/03/15 21:26:02 INFO FileOutputCommitter: File Output Committer Algorithm version is 1
[2022-03-15 21:26:02,788] {spark_submit_hook.py:479} INFO - 22/03/15 21:26:02 INFO SQLHadoopMapReduceCommitProtocol: Using output committer class org.apache.hadoop.mapreduce.lib.output.FileOutputCommitter
[2022-03-15 21:26:02,832] {spark_submit_hook.py:479} INFO - 22/03/15 21:26:02 INFO CodeGenerator: Code generated in 15.493203 ms
[2022-03-15 21:26:02,835] {spark_submit_hook.py:479} INFO - 22/03/15 21:26:02 INFO FileScanRDD: Reading File path: file:///run/datapipeline/datalake/bronze/twitter_bbb22/extract_date=2022-03-10/bbb22_20220310.json, range: 0-13260, partition values: [empty row]
[2022-03-15 21:26:02,852] {spark_submit_hook.py:479} INFO - 22/03/15 21:26:02 INFO CodeGenerator: Code generated in 14.512189 ms
[2022-03-15 21:26:02,868] {spark_submit_hook.py:479} INFO - 22/03/15 21:26:02 INFO CodeGenerator: Code generated in 3.853714 ms
[2022-03-15 21:26:02,897] {spark_submit_hook.py:479} INFO - 22/03/15 21:26:02 INFO FileOutputCommitter: Saved output of task 'attempt_20220315212602428399482509292477_0001_m_000000_1' to file:/run/datapipeline/datalake/silver/twitter_bbb22/tweet/process_date=2022-03-10/_temporary/0/task_20220315212602428399482509292477_0001_m_000000
[2022-03-15 21:26:02,897] {spark_submit_hook.py:479} INFO - 22/03/15 21:26:02 INFO SparkHadoopMapRedUtil: attempt_20220315212602428399482509292477_0001_m_000000_1: Committed
[2022-03-15 21:26:02,900] {spark_submit_hook.py:479} INFO - 22/03/15 21:26:02 INFO Executor: Finished task 0.0 in stage 1.0 (TID 1). 2901 bytes result sent to driver
[2022-03-15 21:26:02,902] {spark_submit_hook.py:479} INFO - 22/03/15 21:26:02 INFO TaskSetManager: Finished task 0.0 in stage 1.0 (TID 1) in 161 ms on 1a222f561522 (executor driver) (1/1)
[2022-03-15 21:26:02,902] {spark_submit_hook.py:479} INFO - 22/03/15 21:26:02 INFO TaskSchedulerImpl: Removed TaskSet 1.0, whose tasks have all completed, from pool
[2022-03-15 21:26:02,903] {spark_submit_hook.py:479} INFO - 22/03/15 21:26:02 INFO DAGScheduler: ResultStage 1 (json at NativeMethodAccessorImpl.java:0) finished in 0.196 s
[2022-03-15 21:26:02,903] {spark_submit_hook.py:479} INFO - 22/03/15 21:26:02 INFO DAGScheduler: Job 1 is finished. Cancelling potential speculative or zombie tasks for this job
[2022-03-15 21:26:02,904] {spark_submit_hook.py:479} INFO - 22/03/15 21:26:02 INFO TaskSchedulerImpl: Killing all running tasks in stage 1: Stage finished
[2022-03-15 21:26:02,904] {spark_submit_hook.py:479} INFO - 22/03/15 21:26:02 INFO DAGScheduler: Job 1 finished: json at NativeMethodAccessorImpl.java:0, took 0.201170 s
[2022-03-15 21:26:02,916] {spark_submit_hook.py:479} INFO - 22/03/15 21:26:02 INFO FileFormatWriter: Write Job d5ff7e8a-d16a-4a27-bc2b-4041c9e35d18 committed.
[2022-03-15 21:26:02,918] {spark_submit_hook.py:479} INFO - 22/03/15 21:26:02 INFO FileFormatWriter: Finished processing stats for write job d5ff7e8a-d16a-4a27-bc2b-4041c9e35d18.
[2022-03-15 21:26:02,955] {spark_submit_hook.py:479} INFO - 22/03/15 21:26:02 INFO FileSourceStrategy: Pushed Filters: IsNotNull(includes)
[2022-03-15 21:26:02,955] {spark_submit_hook.py:479} INFO - 22/03/15 21:26:02 INFO FileSourceStrategy: Post-Scan Filters: isnotnull(includes#8),(size(includes#8.users, true) > 0),isnotnull(includes#8.users)
[2022-03-15 21:26:02,956] {spark_submit_hook.py:479} INFO - 22/03/15 21:26:02 INFO FileSourceStrategy: Output Data Schema: struct<includes: struct<users: array<struct<created_at:string,id:string,name:string,username:string>>>>
[2022-03-15 21:26:02,965] {spark_submit_hook.py:479} INFO - 22/03/15 21:26:02 INFO FileOutputCommitter: File Output Committer Algorithm version is 1
[2022-03-15 21:26:02,965] {spark_submit_hook.py:479} INFO - 22/03/15 21:26:02 INFO SQLHadoopMapReduceCommitProtocol: Using output committer class org.apache.hadoop.mapreduce.lib.output.FileOutputCommitter
[2022-03-15 21:26:02,978] {spark_submit_hook.py:479} INFO - 22/03/15 21:26:02 INFO CodeGenerator: Code generated in 8.228935 ms
[2022-03-15 21:26:02,998] {spark_submit_hook.py:479} INFO - 22/03/15 21:26:02 INFO CodeGenerator: Code generated in 14.984499 ms
[2022-03-15 21:26:03,002] {spark_submit_hook.py:479} INFO - 22/03/15 21:26:03 INFO MemoryStore: Block broadcast_4 stored as values in memory (estimated size 171.4 KiB, free 433.8 MiB)
[2022-03-15 21:26:03,011] {spark_submit_hook.py:479} INFO - 22/03/15 21:26:03 INFO MemoryStore: Block broadcast_4_piece0 stored as bytes in memory (estimated size 23.9 KiB, free 433.8 MiB)
[2022-03-15 21:26:03,011] {spark_submit_hook.py:479} INFO - 22/03/15 21:26:03 INFO BlockManagerInfo: Added broadcast_4_piece0 in memory on 1a222f561522:43585 (size: 23.9 KiB, free: 434.3 MiB)
[2022-03-15 21:26:03,012] {spark_submit_hook.py:479} INFO - 22/03/15 21:26:03 INFO SparkContext: Created broadcast 4 from json at NativeMethodAccessorImpl.java:0
[2022-03-15 21:26:03,013] {spark_submit_hook.py:479} INFO - 22/03/15 21:26:03 INFO FileSourceScanExec: Planning scan with bin packing, max size: 4207564 bytes, open cost is considered as scanning 4194304 bytes.
[2022-03-15 21:26:03,039] {spark_submit_hook.py:479} INFO - 22/03/15 21:26:03 INFO SparkContext: Starting job: json at NativeMethodAccessorImpl.java:0
[2022-03-15 21:26:03,040] {spark_submit_hook.py:479} INFO - 22/03/15 21:26:03 INFO DAGScheduler: Got job 2 (json at NativeMethodAccessorImpl.java:0) with 1 output partitions
[2022-03-15 21:26:03,041] {spark_submit_hook.py:479} INFO - 22/03/15 21:26:03 INFO DAGScheduler: Final stage: ResultStage 2 (json at NativeMethodAccessorImpl.java:0)
[2022-03-15 21:26:03,041] {spark_submit_hook.py:479} INFO - 22/03/15 21:26:03 INFO DAGScheduler: Parents of final stage: List()
[2022-03-15 21:26:03,041] {spark_submit_hook.py:479} INFO - 22/03/15 21:26:03 INFO DAGScheduler: Missing parents: List()
[2022-03-15 21:26:03,042] {spark_submit_hook.py:479} INFO - 22/03/15 21:26:03 INFO DAGScheduler: Submitting ResultStage 2 (CoalescedRDD[25] at json at NativeMethodAccessorImpl.java:0), which has no missing parents
[2022-03-15 21:26:03,062] {spark_submit_hook.py:479} INFO - 22/03/15 21:26:03 INFO MemoryStore: Block broadcast_5 stored as values in memory (estimated size 163.9 KiB, free 433.6 MiB)
[2022-03-15 21:26:03,066] {spark_submit_hook.py:479} INFO - 22/03/15 21:26:03 INFO MemoryStore: Block broadcast_5_piece0 stored as bytes in memory (estimated size 58.7 KiB, free 433.6 MiB)
[2022-03-15 21:26:03,067] {spark_submit_hook.py:479} INFO - 22/03/15 21:26:03 INFO BlockManagerInfo: Added broadcast_5_piece0 in memory on 1a222f561522:43585 (size: 58.7 KiB, free: 434.2 MiB)
[2022-03-15 21:26:03,068] {spark_submit_hook.py:479} INFO - 22/03/15 21:26:03 INFO SparkContext: Created broadcast 5 from broadcast at DAGScheduler.scala:1388
[2022-03-15 21:26:03,068] {spark_submit_hook.py:479} INFO - 22/03/15 21:26:03 INFO DAGScheduler: Submitting 1 missing tasks from ResultStage 2 (CoalescedRDD[25] at json at NativeMethodAccessorImpl.java:0) (first 15 tasks are for partitions Vector(0))
[2022-03-15 21:26:03,068] {spark_submit_hook.py:479} INFO - 22/03/15 21:26:03 INFO TaskSchedulerImpl: Adding task set 2.0 with 1 tasks resource profile 0
[2022-03-15 21:26:03,070] {spark_submit_hook.py:479} INFO - 22/03/15 21:26:03 INFO TaskSetManager: Starting task 0.0 in stage 2.0 (TID 2) (1a222f561522, executor driver, partition 0, PROCESS_LOCAL, 5152 bytes) taskResourceAssignments Map()
[2022-03-15 21:26:03,070] {spark_submit_hook.py:479} INFO - 22/03/15 21:26:03 INFO Executor: Running task 0.0 in stage 2.0 (TID 2)
[2022-03-15 21:26:03,085] {spark_submit_hook.py:479} INFO - 22/03/15 21:26:03 INFO FileOutputCommitter: File Output Committer Algorithm version is 1
[2022-03-15 21:26:03,085] {spark_submit_hook.py:479} INFO - 22/03/15 21:26:03 INFO SQLHadoopMapReduceCommitProtocol: Using output committer class org.apache.hadoop.mapreduce.lib.output.FileOutputCommitter
[2022-03-15 21:26:03,110] {spark_submit_hook.py:479} INFO - 22/03/15 21:26:03 INFO CodeGenerator: Code generated in 8.78097 ms
[2022-03-15 21:26:03,111] {spark_submit_hook.py:479} INFO - 22/03/15 21:26:03 INFO FileScanRDD: Reading File path: file:///run/datapipeline/datalake/bronze/twitter_bbb22/extract_date=2022-03-10/bbb22_20220310.json, range: 0-13260, partition values: [empty row]
[2022-03-15 21:26:03,125] {spark_submit_hook.py:479} INFO - 22/03/15 21:26:03 INFO CodeGenerator: Code generated in 11.51755 ms
[2022-03-15 21:26:03,133] {spark_submit_hook.py:479} INFO - 22/03/15 21:26:03 INFO CodeGenerator: Code generated in 4.910044 ms
[2022-03-15 21:26:03,144] {spark_submit_hook.py:479} INFO - 22/03/15 21:26:03 INFO FileOutputCommitter: Saved output of task 'attempt_202203152126035169525537480472456_0002_m_000000_2' to file:/run/datapipeline/datalake/silver/twitter_bbb22/user/process_date=2022-03-10/_temporary/0/task_202203152126035169525537480472456_0002_m_000000
[2022-03-15 21:26:03,145] {spark_submit_hook.py:479} INFO - 22/03/15 21:26:03 INFO SparkHadoopMapRedUtil: attempt_202203152126035169525537480472456_0002_m_000000_2: Committed
[2022-03-15 21:26:03,146] {spark_submit_hook.py:479} INFO - 22/03/15 21:26:03 INFO Executor: Finished task 0.0 in stage 2.0 (TID 2). 2858 bytes result sent to driver
[2022-03-15 21:26:03,148] {spark_submit_hook.py:479} INFO - 22/03/15 21:26:03 INFO TaskSetManager: Finished task 0.0 in stage 2.0 (TID 2) in 79 ms on 1a222f561522 (executor driver) (1/1)
[2022-03-15 21:26:03,149] {spark_submit_hook.py:479} INFO - 22/03/15 21:26:03 INFO TaskSchedulerImpl: Removed TaskSet 2.0, whose tasks have all completed, from pool
[2022-03-15 21:26:03,149] {spark_submit_hook.py:479} INFO - 22/03/15 21:26:03 INFO DAGScheduler: ResultStage 2 (json at NativeMethodAccessorImpl.java:0) finished in 0.106 s
[2022-03-15 21:26:03,149] {spark_submit_hook.py:479} INFO - 22/03/15 21:26:03 INFO DAGScheduler: Job 2 is finished. Cancelling potential speculative or zombie tasks for this job
[2022-03-15 21:26:03,149] {spark_submit_hook.py:479} INFO - 22/03/15 21:26:03 INFO TaskSchedulerImpl: Killing all running tasks in stage 2: Stage finished
[2022-03-15 21:26:03,149] {spark_submit_hook.py:479} INFO - 22/03/15 21:26:03 INFO DAGScheduler: Job 2 finished: json at NativeMethodAccessorImpl.java:0, took 0.109833 s
[2022-03-15 21:26:03,163] {spark_submit_hook.py:479} INFO - 22/03/15 21:26:03 INFO FileFormatWriter: Write Job 657b46f1-fd6a-4415-894a-e63ff8fc70cd committed.
[2022-03-15 21:26:03,163] {spark_submit_hook.py:479} INFO - 22/03/15 21:26:03 INFO FileFormatWriter: Finished processing stats for write job 657b46f1-fd6a-4415-894a-e63ff8fc70cd.
[2022-03-15 21:26:03,219] {spark_submit_hook.py:479} INFO - 22/03/15 21:26:03 INFO SparkUI: Stopped Spark web UI at http://1a222f561522:4041
[2022-03-15 21:26:03,235] {spark_submit_hook.py:479} INFO - 22/03/15 21:26:03 INFO MapOutputTrackerMasterEndpoint: MapOutputTrackerMasterEndpoint stopped!
[2022-03-15 21:26:03,242] {spark_submit_hook.py:479} INFO - 22/03/15 21:26:03 INFO MemoryStore: MemoryStore cleared
[2022-03-15 21:26:03,242] {spark_submit_hook.py:479} INFO - 22/03/15 21:26:03 INFO BlockManager: BlockManager stopped
[2022-03-15 21:26:03,244] {spark_submit_hook.py:479} INFO - 22/03/15 21:26:03 INFO BlockManagerMaster: BlockManagerMaster stopped
[2022-03-15 21:26:03,245] {spark_submit_hook.py:479} INFO - 22/03/15 21:26:03 INFO OutputCommitCoordinator$OutputCommitCoordinatorEndpoint: OutputCommitCoordinator stopped!
[2022-03-15 21:26:03,248] {spark_submit_hook.py:479} INFO - 22/03/15 21:26:03 INFO SparkContext: Successfully stopped SparkContext
[2022-03-15 21:26:03,249] {spark_submit_hook.py:479} INFO - 22/03/15 21:26:03 INFO ShutdownHookManager: Shutdown hook called
[2022-03-15 21:26:03,250] {spark_submit_hook.py:479} INFO - 22/03/15 21:26:03 INFO ShutdownHookManager: Deleting directory /tmp/spark-f721bb04-4c5a-4310-bee1-01d98c7ec001/pyspark-f929dde7-e19d-4af2-b7cb-144efb61f6fc
[2022-03-15 21:26:03,252] {spark_submit_hook.py:479} INFO - 22/03/15 21:26:03 INFO ShutdownHookManager: Deleting directory /tmp/spark-a9f650f4-84b1-4d27-a587-593f72f8f7fe
[2022-03-15 21:26:03,254] {spark_submit_hook.py:479} INFO - 22/03/15 21:26:03 INFO ShutdownHookManager: Deleting directory /tmp/spark-f721bb04-4c5a-4310-bee1-01d98c7ec001
[2022-03-15 21:26:03,280] {taskinstance.py:1057} INFO - Marking task as SUCCESS.dag_id=twitter_dag, task_id=transform_twiiter_aluraonline, execution_date=20220310T090000, start_date=20220315T212556, end_date=20220315T212603
[2022-03-15 21:26:06,477] {local_task_job.py:102} INFO - Task exited with return code 0
