[2022-01-31 15:19:11,199] {taskinstance.py:670} INFO - Dependencies all met for <TaskInstance: twitter_dag.transform_twitter_aluraonline 2022-01-25T09:00:00+00:00 [queued]>
[2022-01-31 15:19:11,206] {taskinstance.py:670} INFO - Dependencies all met for <TaskInstance: twitter_dag.transform_twitter_aluraonline 2022-01-25T09:00:00+00:00 [queued]>
[2022-01-31 15:19:11,206] {taskinstance.py:880} INFO - 
--------------------------------------------------------------------------------
[2022-01-31 15:19:11,206] {taskinstance.py:881} INFO - Starting attempt 1 of 1
[2022-01-31 15:19:11,206] {taskinstance.py:882} INFO - 
--------------------------------------------------------------------------------
[2022-01-31 15:19:11,211] {taskinstance.py:901} INFO - Executing <Task(SparkSubmitOperator): transform_twitter_aluraonline> on 2022-01-25T09:00:00+00:00
[2022-01-31 15:19:11,213] {standard_task_runner.py:54} INFO - Started process 16717 to run task
[2022-01-31 15:19:11,242] {standard_task_runner.py:77} INFO - Running: ['airflow', 'run', 'twitter_dag', 'transform_twitter_aluraonline', '2022-01-25T09:00:00+00:00', '--job_id', '9', '--pool', 'default_pool', '--raw', '-sd', 'DAGS_FOLDER/twitter_dag.py', '--cfg_path', '/tmp/tmp97on0vgo']
[2022-01-31 15:19:11,243] {standard_task_runner.py:78} INFO - Job 9: Subtask transform_twitter_aluraonline
[2022-01-31 15:19:11,258] {logging_mixin.py:112} INFO - Running <TaskInstance: twitter_dag.transform_twitter_aluraonline 2022-01-25T09:00:00+00:00 [running]> on host 1a222f561522
[2022-01-31 15:19:11,287] {base_hook.py:89} INFO - Using connection to: id: spark_default. Host: local, Port: None, Schema: None, Login: None, Password: None, extra: XXXXXXXX
[2022-01-31 15:19:11,288] {spark_submit_hook.py:325} INFO - Spark-Submit cmd: /run/pypsark/spark-3.1.2-bin-hadoop2.7/bin/spark-submit --master local --name twitter_transformation /spark/transformation.py --src /root/run/datapipeline/datalake/bronze/twitter_aluraonline/extract_date=2022-01-25 --dest /root/run/datapipeline/datalake/silver/twitter_aluraonline/ --process-date 2022-01-25
[2022-01-31 15:19:12,696] {spark_submit_hook.py:479} INFO - WARNING: An illegal reflective access operation has occurred
[2022-01-31 15:19:12,697] {spark_submit_hook.py:479} INFO - WARNING: Illegal reflective access by org.apache.spark.unsafe.Platform (file:/run/pypsark/spark-3.1.2-bin-hadoop2.7/jars/spark-unsafe_2.12-3.1.2.jar) to constructor java.nio.DirectByteBuffer(long,int)
[2022-01-31 15:19:12,697] {spark_submit_hook.py:479} INFO - WARNING: Please consider reporting this to the maintainers of org.apache.spark.unsafe.Platform
[2022-01-31 15:19:12,697] {spark_submit_hook.py:479} INFO - WARNING: Use --illegal-access=warn to enable warnings of further illegal reflective access operations
[2022-01-31 15:19:12,697] {spark_submit_hook.py:479} INFO - WARNING: All illegal access operations will be denied in a future release
[2022-01-31 15:19:13,218] {spark_submit_hook.py:479} INFO - 22/01/31 15:19:13 WARN NativeCodeLoader: Unable to load native-hadoop library for your platform... using builtin-java classes where applicable
[2022-01-31 15:19:13,492] {spark_submit_hook.py:479} INFO - python3: can't open file '/spark/transformation.py': [Errno 2] No such file or directory
[2022-01-31 15:19:13,500] {spark_submit_hook.py:479} INFO - log4j:WARN No appenders could be found for logger (org.apache.spark.util.ShutdownHookManager).
[2022-01-31 15:19:13,500] {spark_submit_hook.py:479} INFO - log4j:WARN Please initialize the log4j system properly.
[2022-01-31 15:19:13,500] {spark_submit_hook.py:479} INFO - log4j:WARN See http://logging.apache.org/log4j/1.2/faq.html#noconfig for more info.
[2022-01-31 15:19:13,512] {taskinstance.py:1150} ERROR - Cannot execute: /run/pypsark/spark-3.1.2-bin-hadoop2.7/bin/spark-submit --master local --name twitter_transformation /spark/transformation.py --src /root/run/datapipeline/datalake/bronze/twitter_aluraonline/extract_date=2022-01-25 --dest /root/run/datapipeline/datalake/silver/twitter_aluraonline/ --process-date 2022-01-25. Error code is: 2.
Traceback (most recent call last):
  File "/run/datapipeline/.env/lib/python3.8/site-packages/airflow/models/taskinstance.py", line 984, in _run_raw_task
    result = task_copy.execute(context=context)
  File "/run/datapipeline/.env/lib/python3.8/site-packages/airflow/contrib/operators/spark_submit_operator.py", line 187, in execute
    self._hook.submit(self._application)
  File "/run/datapipeline/.env/lib/python3.8/site-packages/airflow/contrib/hooks/spark_submit_hook.py", line 403, in submit
    raise AirflowException(
airflow.exceptions.AirflowException: Cannot execute: /run/pypsark/spark-3.1.2-bin-hadoop2.7/bin/spark-submit --master local --name twitter_transformation /spark/transformation.py --src /root/run/datapipeline/datalake/bronze/twitter_aluraonline/extract_date=2022-01-25 --dest /root/run/datapipeline/datalake/silver/twitter_aluraonline/ --process-date 2022-01-25. Error code is: 2.
[2022-01-31 15:19:13,513] {taskinstance.py:1187} INFO - Marking task as FAILED. dag_id=twitter_dag, task_id=transform_twitter_aluraonline, execution_date=20220125T090000, start_date=20220131T151911, end_date=20220131T151913
[2022-01-31 15:19:16,196] {local_task_job.py:102} INFO - Task exited with return code 1
[2022-01-31 15:26:15,474] {taskinstance.py:670} INFO - Dependencies all met for <TaskInstance: twitter_dag.transform_twitter_aluraonline 2022-01-25T09:00:00+00:00 [queued]>
[2022-01-31 15:26:15,479] {taskinstance.py:670} INFO - Dependencies all met for <TaskInstance: twitter_dag.transform_twitter_aluraonline 2022-01-25T09:00:00+00:00 [queued]>
[2022-01-31 15:26:15,479] {taskinstance.py:880} INFO - 
--------------------------------------------------------------------------------
[2022-01-31 15:26:15,479] {taskinstance.py:881} INFO - Starting attempt 1 of 1
[2022-01-31 15:26:15,479] {taskinstance.py:882} INFO - 
--------------------------------------------------------------------------------
[2022-01-31 15:26:15,485] {taskinstance.py:901} INFO - Executing <Task(SparkSubmitOperator): transform_twitter_aluraonline> on 2022-01-25T09:00:00+00:00
[2022-01-31 15:26:15,488] {standard_task_runner.py:54} INFO - Started process 24095 to run task
[2022-01-31 15:26:15,519] {standard_task_runner.py:77} INFO - Running: ['airflow', 'run', 'twitter_dag', 'transform_twitter_aluraonline', '2022-01-25T09:00:00+00:00', '--job_id', '10', '--pool', 'default_pool', '--raw', '-sd', 'DAGS_FOLDER/twitter_dag.py', '--cfg_path', '/tmp/tmpd33ae2zd']
[2022-01-31 15:26:15,519] {standard_task_runner.py:78} INFO - Job 10: Subtask transform_twitter_aluraonline
[2022-01-31 15:26:15,534] {logging_mixin.py:112} INFO - Running <TaskInstance: twitter_dag.transform_twitter_aluraonline 2022-01-25T09:00:00+00:00 [running]> on host 1a222f561522
[2022-01-31 15:26:15,572] {base_hook.py:89} INFO - Using connection to: id: spark_default. Host: local, Port: None, Schema: None, Login: None, Password: None, extra: XXXXXXXX
[2022-01-31 15:26:15,573] {spark_submit_hook.py:325} INFO - Spark-Submit cmd: /run/pypsark/spark-3.1.2-bin-hadoop2.7/bin/spark-submit --master local --name twitter_transformation /spark/transformation.py --src /run/datapipeline/datalake/bronze/twitter_aluraonline/extract_date=2022-01-25 --dest /run/datapipeline/datalake/silver/twitter_aluraonline/ --process-date 2022-01-25
[2022-01-31 15:26:16,592] {spark_submit_hook.py:479} INFO - WARNING: An illegal reflective access operation has occurred
[2022-01-31 15:26:16,592] {spark_submit_hook.py:479} INFO - WARNING: Illegal reflective access by org.apache.spark.unsafe.Platform (file:/run/pypsark/spark-3.1.2-bin-hadoop2.7/jars/spark-unsafe_2.12-3.1.2.jar) to constructor java.nio.DirectByteBuffer(long,int)
[2022-01-31 15:26:16,592] {spark_submit_hook.py:479} INFO - WARNING: Please consider reporting this to the maintainers of org.apache.spark.unsafe.Platform
[2022-01-31 15:26:16,592] {spark_submit_hook.py:479} INFO - WARNING: Use --illegal-access=warn to enable warnings of further illegal reflective access operations
[2022-01-31 15:26:16,592] {spark_submit_hook.py:479} INFO - WARNING: All illegal access operations will be denied in a future release
[2022-01-31 15:26:16,991] {spark_submit_hook.py:479} INFO - 22/01/31 15:26:16 WARN NativeCodeLoader: Unable to load native-hadoop library for your platform... using builtin-java classes where applicable
[2022-01-31 15:26:17,212] {spark_submit_hook.py:479} INFO - python3: can't open file '/spark/transformation.py': [Errno 2] No such file or directory
[2022-01-31 15:26:17,221] {spark_submit_hook.py:479} INFO - log4j:WARN No appenders could be found for logger (org.apache.spark.util.ShutdownHookManager).
[2022-01-31 15:26:17,222] {spark_submit_hook.py:479} INFO - log4j:WARN Please initialize the log4j system properly.
[2022-01-31 15:26:17,222] {spark_submit_hook.py:479} INFO - log4j:WARN See http://logging.apache.org/log4j/1.2/faq.html#noconfig for more info.
[2022-01-31 15:26:17,251] {taskinstance.py:1150} ERROR - Cannot execute: /run/pypsark/spark-3.1.2-bin-hadoop2.7/bin/spark-submit --master local --name twitter_transformation /spark/transformation.py --src /run/datapipeline/datalake/bronze/twitter_aluraonline/extract_date=2022-01-25 --dest /run/datapipeline/datalake/silver/twitter_aluraonline/ --process-date 2022-01-25. Error code is: 2.
Traceback (most recent call last):
  File "/run/datapipeline/.env/lib/python3.8/site-packages/airflow/models/taskinstance.py", line 984, in _run_raw_task
    result = task_copy.execute(context=context)
  File "/run/datapipeline/.env/lib/python3.8/site-packages/airflow/contrib/operators/spark_submit_operator.py", line 187, in execute
    self._hook.submit(self._application)
  File "/run/datapipeline/.env/lib/python3.8/site-packages/airflow/contrib/hooks/spark_submit_hook.py", line 403, in submit
    raise AirflowException(
airflow.exceptions.AirflowException: Cannot execute: /run/pypsark/spark-3.1.2-bin-hadoop2.7/bin/spark-submit --master local --name twitter_transformation /spark/transformation.py --src /run/datapipeline/datalake/bronze/twitter_aluraonline/extract_date=2022-01-25 --dest /run/datapipeline/datalake/silver/twitter_aluraonline/ --process-date 2022-01-25. Error code is: 2.
[2022-01-31 15:26:17,252] {taskinstance.py:1187} INFO - Marking task as FAILED. dag_id=twitter_dag, task_id=transform_twitter_aluraonline, execution_date=20220125T090000, start_date=20220131T152615, end_date=20220131T152617
[2022-01-31 15:26:20,469] {local_task_job.py:102} INFO - Task exited with return code 1
[2022-01-31 15:38:29,235] {taskinstance.py:670} INFO - Dependencies all met for <TaskInstance: twitter_dag.transform_twitter_aluraonline 2022-01-25T09:00:00+00:00 [queued]>
[2022-01-31 15:38:29,240] {taskinstance.py:670} INFO - Dependencies all met for <TaskInstance: twitter_dag.transform_twitter_aluraonline 2022-01-25T09:00:00+00:00 [queued]>
[2022-01-31 15:38:29,240] {taskinstance.py:880} INFO - 
--------------------------------------------------------------------------------
[2022-01-31 15:38:29,240] {taskinstance.py:881} INFO - Starting attempt 1 of 1
[2022-01-31 15:38:29,240] {taskinstance.py:882} INFO - 
--------------------------------------------------------------------------------
[2022-01-31 15:38:29,246] {taskinstance.py:901} INFO - Executing <Task(SparkSubmitOperator): transform_twitter_aluraonline> on 2022-01-25T09:00:00+00:00
[2022-01-31 15:38:29,248] {standard_task_runner.py:54} INFO - Started process 3728 to run task
[2022-01-31 15:38:29,276] {standard_task_runner.py:77} INFO - Running: ['airflow', 'run', 'twitter_dag', 'transform_twitter_aluraonline', '2022-01-25T09:00:00+00:00', '--job_id', '11', '--pool', 'default_pool', '--raw', '-sd', 'DAGS_FOLDER/twitter_dag.py', '--cfg_path', '/tmp/tmp_jmtpw8o']
[2022-01-31 15:38:29,276] {standard_task_runner.py:78} INFO - Job 11: Subtask transform_twitter_aluraonline
[2022-01-31 15:38:29,290] {logging_mixin.py:112} INFO - Running <TaskInstance: twitter_dag.transform_twitter_aluraonline 2022-01-25T09:00:00+00:00 [running]> on host 1a222f561522
[2022-01-31 15:38:29,321] {base_hook.py:89} INFO - Using connection to: id: spark_default. Host: local, Port: None, Schema: None, Login: None, Password: None, extra: XXXXXXXX
[2022-01-31 15:38:29,322] {spark_submit_hook.py:325} INFO - Spark-Submit cmd: /run/pypsark/spark-3.1.2-bin-hadoop2.7/bin/spark-submit --master local --name twitter_transformation /run/datapipeline/sparktransformation.py --src /run/datapipeline/datalake/bronze/twitter_aluraonline/extract_date=2022-01-25 --dest /run/datapipeline/datalake/silver/twitter_aluraonline/ --process-date 2022-01-25
[2022-01-31 15:38:30,287] {spark_submit_hook.py:479} INFO - WARNING: An illegal reflective access operation has occurred
[2022-01-31 15:38:30,287] {spark_submit_hook.py:479} INFO - WARNING: Illegal reflective access by org.apache.spark.unsafe.Platform (file:/run/pypsark/spark-3.1.2-bin-hadoop2.7/jars/spark-unsafe_2.12-3.1.2.jar) to constructor java.nio.DirectByteBuffer(long,int)
[2022-01-31 15:38:30,287] {spark_submit_hook.py:479} INFO - WARNING: Please consider reporting this to the maintainers of org.apache.spark.unsafe.Platform
[2022-01-31 15:38:30,287] {spark_submit_hook.py:479} INFO - WARNING: Use --illegal-access=warn to enable warnings of further illegal reflective access operations
[2022-01-31 15:38:30,287] {spark_submit_hook.py:479} INFO - WARNING: All illegal access operations will be denied in a future release
[2022-01-31 15:38:30,635] {spark_submit_hook.py:479} INFO - 22/01/31 15:38:30 WARN NativeCodeLoader: Unable to load native-hadoop library for your platform... using builtin-java classes where applicable
[2022-01-31 15:38:30,831] {spark_submit_hook.py:479} INFO - python3: can't open file '/run/datapipeline/sparktransformation.py': [Errno 2] No such file or directory
[2022-01-31 15:38:30,839] {spark_submit_hook.py:479} INFO - log4j:WARN No appenders could be found for logger (org.apache.spark.util.ShutdownHookManager).
[2022-01-31 15:38:30,840] {spark_submit_hook.py:479} INFO - log4j:WARN Please initialize the log4j system properly.
[2022-01-31 15:38:30,840] {spark_submit_hook.py:479} INFO - log4j:WARN See http://logging.apache.org/log4j/1.2/faq.html#noconfig for more info.
[2022-01-31 15:38:30,861] {taskinstance.py:1150} ERROR - Cannot execute: /run/pypsark/spark-3.1.2-bin-hadoop2.7/bin/spark-submit --master local --name twitter_transformation /run/datapipeline/sparktransformation.py --src /run/datapipeline/datalake/bronze/twitter_aluraonline/extract_date=2022-01-25 --dest /run/datapipeline/datalake/silver/twitter_aluraonline/ --process-date 2022-01-25. Error code is: 2.
Traceback (most recent call last):
  File "/run/datapipeline/.env/lib/python3.8/site-packages/airflow/models/taskinstance.py", line 984, in _run_raw_task
    result = task_copy.execute(context=context)
  File "/run/datapipeline/.env/lib/python3.8/site-packages/airflow/contrib/operators/spark_submit_operator.py", line 187, in execute
    self._hook.submit(self._application)
  File "/run/datapipeline/.env/lib/python3.8/site-packages/airflow/contrib/hooks/spark_submit_hook.py", line 403, in submit
    raise AirflowException(
airflow.exceptions.AirflowException: Cannot execute: /run/pypsark/spark-3.1.2-bin-hadoop2.7/bin/spark-submit --master local --name twitter_transformation /run/datapipeline/sparktransformation.py --src /run/datapipeline/datalake/bronze/twitter_aluraonline/extract_date=2022-01-25 --dest /run/datapipeline/datalake/silver/twitter_aluraonline/ --process-date 2022-01-25. Error code is: 2.
[2022-01-31 15:38:30,862] {taskinstance.py:1187} INFO - Marking task as FAILED. dag_id=twitter_dag, task_id=transform_twitter_aluraonline, execution_date=20220125T090000, start_date=20220131T153829, end_date=20220131T153830
[2022-01-31 15:38:34,232] {local_task_job.py:102} INFO - Task exited with return code 1
[2022-01-31 15:42:17,981] {taskinstance.py:670} INFO - Dependencies all met for <TaskInstance: twitter_dag.transform_twitter_aluraonline 2022-01-25T09:00:00+00:00 [queued]>
[2022-01-31 15:42:17,986] {taskinstance.py:670} INFO - Dependencies all met for <TaskInstance: twitter_dag.transform_twitter_aluraonline 2022-01-25T09:00:00+00:00 [queued]>
[2022-01-31 15:42:17,986] {taskinstance.py:880} INFO - 
--------------------------------------------------------------------------------
[2022-01-31 15:42:17,986] {taskinstance.py:881} INFO - Starting attempt 1 of 1
[2022-01-31 15:42:17,986] {taskinstance.py:882} INFO - 
--------------------------------------------------------------------------------
[2022-01-31 15:42:17,993] {taskinstance.py:901} INFO - Executing <Task(SparkSubmitOperator): transform_twitter_aluraonline> on 2022-01-25T09:00:00+00:00
[2022-01-31 15:42:17,995] {standard_task_runner.py:54} INFO - Started process 7389 to run task
[2022-01-31 15:42:18,028] {standard_task_runner.py:77} INFO - Running: ['airflow', 'run', 'twitter_dag', 'transform_twitter_aluraonline', '2022-01-25T09:00:00+00:00', '--job_id', '12', '--pool', 'default_pool', '--raw', '-sd', 'DAGS_FOLDER/twitter_dag.py', '--cfg_path', '/tmp/tmp0xoyt79v']
[2022-01-31 15:42:18,029] {standard_task_runner.py:78} INFO - Job 12: Subtask transform_twitter_aluraonline
[2022-01-31 15:42:18,044] {logging_mixin.py:112} INFO - Running <TaskInstance: twitter_dag.transform_twitter_aluraonline 2022-01-25T09:00:00+00:00 [running]> on host 1a222f561522
[2022-01-31 15:42:18,074] {base_hook.py:89} INFO - Using connection to: id: spark_default. Host: local, Port: None, Schema: None, Login: None, Password: None, extra: XXXXXXXX
[2022-01-31 15:42:18,075] {spark_submit_hook.py:325} INFO - Spark-Submit cmd: /run/pypsark/spark-3.1.2-bin-hadoop2.7/bin/spark-submit --master local --name twitter_transformation /run/datapipeline/spark/transformation.py --src /run/datapipeline/datalake/bronze/twitter_aluraonline/extract_date=2022-01-25 --dest /run/datapipeline/datalake/silver/twitter_aluraonline/ --process-date 2022-01-25
[2022-01-31 15:42:19,059] {spark_submit_hook.py:479} INFO - WARNING: An illegal reflective access operation has occurred
[2022-01-31 15:42:19,060] {spark_submit_hook.py:479} INFO - WARNING: Illegal reflective access by org.apache.spark.unsafe.Platform (file:/run/pypsark/spark-3.1.2-bin-hadoop2.7/jars/spark-unsafe_2.12-3.1.2.jar) to constructor java.nio.DirectByteBuffer(long,int)
[2022-01-31 15:42:19,060] {spark_submit_hook.py:479} INFO - WARNING: Please consider reporting this to the maintainers of org.apache.spark.unsafe.Platform
[2022-01-31 15:42:19,060] {spark_submit_hook.py:479} INFO - WARNING: Use --illegal-access=warn to enable warnings of further illegal reflective access operations
[2022-01-31 15:42:19,060] {spark_submit_hook.py:479} INFO - WARNING: All illegal access operations will be denied in a future release
[2022-01-31 15:42:19,506] {spark_submit_hook.py:479} INFO - 22/01/31 15:42:19 WARN NativeCodeLoader: Unable to load native-hadoop library for your platform... using builtin-java classes where applicable
[2022-01-31 15:42:20,086] {spark_submit_hook.py:479} INFO - Using Spark's default log4j profile: org/apache/spark/log4j-defaults.properties
[2022-01-31 15:42:20,094] {spark_submit_hook.py:479} INFO - 22/01/31 15:42:20 INFO SparkContext: Running Spark version 3.1.2
[2022-01-31 15:42:20,128] {spark_submit_hook.py:479} INFO - 22/01/31 15:42:20 INFO ResourceUtils: ==============================================================
[2022-01-31 15:42:20,129] {spark_submit_hook.py:479} INFO - 22/01/31 15:42:20 INFO ResourceUtils: No custom resources configured for spark.driver.
[2022-01-31 15:42:20,129] {spark_submit_hook.py:479} INFO - 22/01/31 15:42:20 INFO ResourceUtils: ==============================================================
[2022-01-31 15:42:20,129] {spark_submit_hook.py:479} INFO - 22/01/31 15:42:20 INFO SparkContext: Submitted application: twitter_transformation
[2022-01-31 15:42:20,163] {spark_submit_hook.py:479} INFO - 22/01/31 15:42:20 INFO ResourceProfile: Default ResourceProfile created, executor resources: Map(cores -> name: cores, amount: 1, script: , vendor: , memory -> name: memory, amount: 1024, script: , vendor: , offHeap -> name: offHeap, amount: 0, script: , vendor: ), task resources: Map(cpus -> name: cpus, amount: 1.0)
[2022-01-31 15:42:20,173] {spark_submit_hook.py:479} INFO - 22/01/31 15:42:20 INFO ResourceProfile: Limiting resource is cpu
[2022-01-31 15:42:20,173] {spark_submit_hook.py:479} INFO - 22/01/31 15:42:20 INFO ResourceProfileManager: Added ResourceProfile id: 0
[2022-01-31 15:42:20,220] {spark_submit_hook.py:479} INFO - 22/01/31 15:42:20 INFO SecurityManager: Changing view acls to: root
[2022-01-31 15:42:20,220] {spark_submit_hook.py:479} INFO - 22/01/31 15:42:20 INFO SecurityManager: Changing modify acls to: root
[2022-01-31 15:42:20,220] {spark_submit_hook.py:479} INFO - 22/01/31 15:42:20 INFO SecurityManager: Changing view acls groups to:
[2022-01-31 15:42:20,221] {spark_submit_hook.py:479} INFO - 22/01/31 15:42:20 INFO SecurityManager: Changing modify acls groups to:
[2022-01-31 15:42:20,221] {spark_submit_hook.py:479} INFO - 22/01/31 15:42:20 INFO SecurityManager: SecurityManager: authentication disabled; ui acls disabled; users  with view permissions: Set(root); groups with view permissions: Set(); users  with modify permissions: Set(root); groups with modify permissions: Set()
[2022-01-31 15:42:20,427] {spark_submit_hook.py:479} INFO - 22/01/31 15:42:20 INFO Utils: Successfully started service 'sparkDriver' on port 41971.
[2022-01-31 15:42:20,454] {spark_submit_hook.py:479} INFO - 22/01/31 15:42:20 INFO SparkEnv: Registering MapOutputTracker
[2022-01-31 15:42:20,482] {spark_submit_hook.py:479} INFO - 22/01/31 15:42:20 INFO SparkEnv: Registering BlockManagerMaster
[2022-01-31 15:42:20,501] {spark_submit_hook.py:479} INFO - 22/01/31 15:42:20 INFO BlockManagerMasterEndpoint: Using org.apache.spark.storage.DefaultTopologyMapper for getting topology information
[2022-01-31 15:42:20,501] {spark_submit_hook.py:479} INFO - 22/01/31 15:42:20 INFO BlockManagerMasterEndpoint: BlockManagerMasterEndpoint up
[2022-01-31 15:42:20,505] {spark_submit_hook.py:479} INFO - 22/01/31 15:42:20 INFO SparkEnv: Registering BlockManagerMasterHeartbeat
[2022-01-31 15:42:20,517] {spark_submit_hook.py:479} INFO - 22/01/31 15:42:20 INFO DiskBlockManager: Created local directory at /tmp/blockmgr-42512e70-cac5-41d7-920d-28ed73f5a468
[2022-01-31 15:42:20,534] {spark_submit_hook.py:479} INFO - 22/01/31 15:42:20 INFO MemoryStore: MemoryStore started with capacity 434.4 MiB
[2022-01-31 15:42:20,547] {spark_submit_hook.py:479} INFO - 22/01/31 15:42:20 INFO SparkEnv: Registering OutputCommitCoordinator
[2022-01-31 15:42:20,750] {spark_submit_hook.py:479} INFO - 22/01/31 15:42:20 INFO Utils: Successfully started service 'SparkUI' on port 4040.
[2022-01-31 15:42:20,802] {spark_submit_hook.py:479} INFO - 22/01/31 15:42:20 INFO SparkUI: Bound SparkUI to 0.0.0.0, and started at http://1a222f561522:4040
[2022-01-31 15:42:20,975] {spark_submit_hook.py:479} INFO - 22/01/31 15:42:20 INFO Executor: Starting executor ID driver on host 1a222f561522
[2022-01-31 15:42:20,995] {spark_submit_hook.py:479} INFO - 22/01/31 15:42:20 INFO Utils: Successfully started service 'org.apache.spark.network.netty.NettyBlockTransferService' on port 35281.
[2022-01-31 15:42:20,996] {spark_submit_hook.py:479} INFO - 22/01/31 15:42:20 INFO NettyBlockTransferService: Server created on 1a222f561522:35281
[2022-01-31 15:42:20,997] {spark_submit_hook.py:479} INFO - 22/01/31 15:42:20 INFO BlockManager: Using org.apache.spark.storage.RandomBlockReplicationPolicy for block replication policy
[2022-01-31 15:42:21,008] {spark_submit_hook.py:479} INFO - 22/01/31 15:42:21 INFO BlockManagerMaster: Registering BlockManager BlockManagerId(driver, 1a222f561522, 35281, None)
[2022-01-31 15:42:21,016] {spark_submit_hook.py:479} INFO - 22/01/31 15:42:21 INFO BlockManagerMasterEndpoint: Registering block manager 1a222f561522:35281 with 434.4 MiB RAM, BlockManagerId(driver, 1a222f561522, 35281, None)
[2022-01-31 15:42:21,023] {spark_submit_hook.py:479} INFO - 22/01/31 15:42:21 INFO BlockManagerMaster: Registered BlockManager BlockManagerId(driver, 1a222f561522, 35281, None)
[2022-01-31 15:42:21,024] {spark_submit_hook.py:479} INFO - 22/01/31 15:42:21 INFO BlockManager: Initialized BlockManager: BlockManagerId(driver, 1a222f561522, 35281, None)
[2022-01-31 15:42:21,456] {spark_submit_hook.py:479} INFO - 22/01/31 15:42:21 INFO SharedState: Setting hive.metastore.warehouse.dir ('null') to the value of spark.sql.warehouse.dir ('file:/run/datapipeline/spark-warehouse').
[2022-01-31 15:42:21,456] {spark_submit_hook.py:479} INFO - 22/01/31 15:42:21 INFO SharedState: Warehouse path is 'file:/run/datapipeline/spark-warehouse'.
[2022-01-31 15:42:22,252] {spark_submit_hook.py:479} INFO - 22/01/31 15:42:22 INFO InMemoryFileIndex: It took 35 ms to list leaf files for 1 paths.
[2022-01-31 15:42:22,308] {spark_submit_hook.py:479} INFO - 22/01/31 15:42:22 INFO InMemoryFileIndex: It took 1 ms to list leaf files for 1 paths.
[2022-01-31 15:42:23,782] {spark_submit_hook.py:479} INFO - 22/01/31 15:42:23 INFO FileSourceStrategy: Pushed Filters:
[2022-01-31 15:42:23,783] {spark_submit_hook.py:479} INFO - 22/01/31 15:42:23 INFO FileSourceStrategy: Post-Scan Filters:
[2022-01-31 15:42:23,784] {spark_submit_hook.py:479} INFO - 22/01/31 15:42:23 INFO FileSourceStrategy: Output Data Schema: struct<value: string>
[2022-01-31 15:42:23,982] {spark_submit_hook.py:479} INFO - 22/01/31 15:42:23 INFO MemoryStore: Block broadcast_0 stored as values in memory (estimated size 171.5 KiB, free 434.2 MiB)
[2022-01-31 15:42:24,028] {spark_submit_hook.py:479} INFO - 22/01/31 15:42:24 INFO MemoryStore: Block broadcast_0_piece0 stored as bytes in memory (estimated size 24.0 KiB, free 434.2 MiB)
[2022-01-31 15:42:24,030] {spark_submit_hook.py:479} INFO - 22/01/31 15:42:24 INFO BlockManagerInfo: Added broadcast_0_piece0 in memory on 1a222f561522:35281 (size: 24.0 KiB, free: 434.4 MiB)
[2022-01-31 15:42:24,033] {spark_submit_hook.py:479} INFO - 22/01/31 15:42:24 INFO SparkContext: Created broadcast 0 from json at NativeMethodAccessorImpl.java:0
[2022-01-31 15:42:24,039] {spark_submit_hook.py:479} INFO - 22/01/31 15:42:24 INFO FileSourceScanExec: Planning scan with bin packing, max size: 4227718 bytes, open cost is considered as scanning 4194304 bytes.
[2022-01-31 15:42:24,196] {spark_submit_hook.py:479} INFO - 22/01/31 15:42:24 INFO SparkContext: Starting job: json at NativeMethodAccessorImpl.java:0
[2022-01-31 15:42:24,207] {spark_submit_hook.py:479} INFO - 22/01/31 15:42:24 INFO DAGScheduler: Got job 0 (json at NativeMethodAccessorImpl.java:0) with 1 output partitions
[2022-01-31 15:42:24,208] {spark_submit_hook.py:479} INFO - 22/01/31 15:42:24 INFO DAGScheduler: Final stage: ResultStage 0 (json at NativeMethodAccessorImpl.java:0)
[2022-01-31 15:42:24,208] {spark_submit_hook.py:479} INFO - 22/01/31 15:42:24 INFO DAGScheduler: Parents of final stage: List()
[2022-01-31 15:42:24,210] {spark_submit_hook.py:479} INFO - 22/01/31 15:42:24 INFO DAGScheduler: Missing parents: List()
[2022-01-31 15:42:24,214] {spark_submit_hook.py:479} INFO - 22/01/31 15:42:24 INFO DAGScheduler: Submitting ResultStage 0 (MapPartitionsRDD[3] at json at NativeMethodAccessorImpl.java:0), which has no missing parents
[2022-01-31 15:42:24,283] {spark_submit_hook.py:479} INFO - 22/01/31 15:42:24 INFO MemoryStore: Block broadcast_1 stored as values in memory (estimated size 12.0 KiB, free 434.2 MiB)
[2022-01-31 15:42:24,286] {spark_submit_hook.py:479} INFO - 22/01/31 15:42:24 INFO MemoryStore: Block broadcast_1_piece0 stored as bytes in memory (estimated size 6.3 KiB, free 434.2 MiB)
[2022-01-31 15:42:24,287] {spark_submit_hook.py:479} INFO - 22/01/31 15:42:24 INFO BlockManagerInfo: Added broadcast_1_piece0 in memory on 1a222f561522:35281 (size: 6.3 KiB, free: 434.4 MiB)
[2022-01-31 15:42:24,288] {spark_submit_hook.py:479} INFO - 22/01/31 15:42:24 INFO SparkContext: Created broadcast 1 from broadcast at DAGScheduler.scala:1388
[2022-01-31 15:42:24,297] {spark_submit_hook.py:479} INFO - 22/01/31 15:42:24 INFO DAGScheduler: Submitting 1 missing tasks from ResultStage 0 (MapPartitionsRDD[3] at json at NativeMethodAccessorImpl.java:0) (first 15 tasks are for partitions Vector(0))
[2022-01-31 15:42:24,297] {spark_submit_hook.py:479} INFO - 22/01/31 15:42:24 INFO TaskSchedulerImpl: Adding task set 0.0 with 1 tasks resource profile 0
[2022-01-31 15:42:24,336] {spark_submit_hook.py:479} INFO - 22/01/31 15:42:24 INFO TaskSetManager: Starting task 0.0 in stage 0.0 (TID 0) (1a222f561522, executor driver, partition 0, PROCESS_LOCAL, 4935 bytes) taskResourceAssignments Map()
[2022-01-31 15:42:24,346] {spark_submit_hook.py:479} INFO - 22/01/31 15:42:24 INFO Executor: Running task 0.0 in stage 0.0 (TID 0)
[2022-01-31 15:42:24,453] {spark_submit_hook.py:479} INFO - 22/01/31 15:42:24 INFO FileScanRDD: Reading File path: file:///run/datapipeline/datalake/bronze/twitter_aluraonline/extract_date=2022-01-25/AluraOnline_20220125.json, range: 0-33414, partition values: [empty row]
[2022-01-31 15:42:24,736] {spark_submit_hook.py:479} INFO - 22/01/31 15:42:24 INFO CodeGenerator: Code generated in 145.760721 ms
[2022-01-31 15:42:24,789] {spark_submit_hook.py:479} INFO - 22/01/31 15:42:24 INFO Executor: Finished task 0.0 in stage 0.0 (TID 0). 2858 bytes result sent to driver
[2022-01-31 15:42:24,798] {spark_submit_hook.py:479} INFO - 22/01/31 15:42:24 INFO TaskSetManager: Finished task 0.0 in stage 0.0 (TID 0) in 467 ms on 1a222f561522 (executor driver) (1/1)
[2022-01-31 15:42:24,799] {spark_submit_hook.py:479} INFO - 22/01/31 15:42:24 INFO TaskSchedulerImpl: Removed TaskSet 0.0, whose tasks have all completed, from pool
[2022-01-31 15:42:24,804] {spark_submit_hook.py:479} INFO - 22/01/31 15:42:24 INFO DAGScheduler: ResultStage 0 (json at NativeMethodAccessorImpl.java:0) finished in 0.577 s
[2022-01-31 15:42:24,808] {spark_submit_hook.py:479} INFO - 22/01/31 15:42:24 INFO DAGScheduler: Job 0 is finished. Cancelling potential speculative or zombie tasks for this job
[2022-01-31 15:42:24,808] {spark_submit_hook.py:479} INFO - 22/01/31 15:42:24 INFO TaskSchedulerImpl: Killing all running tasks in stage 0: Stage finished
[2022-01-31 15:42:24,811] {spark_submit_hook.py:479} INFO - 22/01/31 15:42:24 INFO DAGScheduler: Job 0 finished: json at NativeMethodAccessorImpl.java:0, took 0.614230 s
[2022-01-31 15:42:25,151] {spark_submit_hook.py:479} INFO - 22/01/31 15:42:25 INFO FileSourceStrategy: Pushed Filters: IsNotNull(data)
[2022-01-31 15:42:25,152] {spark_submit_hook.py:479} INFO - 22/01/31 15:42:25 INFO FileSourceStrategy: Post-Scan Filters: (size(data#7, true) > 0),isnotnull(data#7)
[2022-01-31 15:42:25,152] {spark_submit_hook.py:479} INFO - 22/01/31 15:42:25 INFO FileSourceStrategy: Output Data Schema: struct<data: array<struct<author_id:string,conversation_id:string,created_at:string,id:string,in_reply_to_user_id:string,public_metrics:struct<like_count:bigint,quote_count:bigint,reply_count:bigint,retweet_count:bigint>,text:string>>>
[2022-01-31 15:42:25,197] {spark_submit_hook.py:479} INFO - 22/01/31 15:42:25 INFO BlockManagerInfo: Removed broadcast_0_piece0 on 1a222f561522:35281 in memory (size: 24.0 KiB, free: 434.4 MiB)
[2022-01-31 15:42:25,202] {spark_submit_hook.py:479} INFO - 22/01/31 15:42:25 INFO BlockManagerInfo: Removed broadcast_1_piece0 on 1a222f561522:35281 in memory (size: 6.3 KiB, free: 434.4 MiB)
[2022-01-31 15:42:25,222] {spark_submit_hook.py:479} INFO - 22/01/31 15:42:25 INFO FileOutputCommitter: File Output Committer Algorithm version is 1
[2022-01-31 15:42:25,223] {spark_submit_hook.py:479} INFO - 22/01/31 15:42:25 INFO SQLHadoopMapReduceCommitProtocol: Using output committer class org.apache.hadoop.mapreduce.lib.output.FileOutputCommitter
[2022-01-31 15:42:25,282] {spark_submit_hook.py:479} INFO - 22/01/31 15:42:25 INFO CodeGenerator: Code generated in 30.874947 ms
[2022-01-31 15:42:25,318] {spark_submit_hook.py:479} INFO - 22/01/31 15:42:25 INFO CodeGenerator: Code generated in 24.567822 ms
[2022-01-31 15:42:25,325] {spark_submit_hook.py:479} INFO - 22/01/31 15:42:25 INFO MemoryStore: Block broadcast_2 stored as values in memory (estimated size 171.4 KiB, free 434.2 MiB)
[2022-01-31 15:42:25,334] {spark_submit_hook.py:479} INFO - 22/01/31 15:42:25 INFO MemoryStore: Block broadcast_2_piece0 stored as bytes in memory (estimated size 23.9 KiB, free 434.2 MiB)
[2022-01-31 15:42:25,335] {spark_submit_hook.py:479} INFO - 22/01/31 15:42:25 INFO BlockManagerInfo: Added broadcast_2_piece0 in memory on 1a222f561522:35281 (size: 23.9 KiB, free: 434.4 MiB)
[2022-01-31 15:42:25,336] {spark_submit_hook.py:479} INFO - 22/01/31 15:42:25 INFO SparkContext: Created broadcast 2 from json at NativeMethodAccessorImpl.java:0
[2022-01-31 15:42:25,338] {spark_submit_hook.py:479} INFO - 22/01/31 15:42:25 INFO FileSourceScanExec: Planning scan with bin packing, max size: 4227718 bytes, open cost is considered as scanning 4194304 bytes.
[2022-01-31 15:42:25,405] {spark_submit_hook.py:479} INFO - 22/01/31 15:42:25 INFO SparkContext: Starting job: json at NativeMethodAccessorImpl.java:0
[2022-01-31 15:42:25,407] {spark_submit_hook.py:479} INFO - 22/01/31 15:42:25 INFO DAGScheduler: Got job 1 (json at NativeMethodAccessorImpl.java:0) with 1 output partitions
[2022-01-31 15:42:25,407] {spark_submit_hook.py:479} INFO - 22/01/31 15:42:25 INFO DAGScheduler: Final stage: ResultStage 1 (json at NativeMethodAccessorImpl.java:0)
[2022-01-31 15:42:25,407] {spark_submit_hook.py:479} INFO - 22/01/31 15:42:25 INFO DAGScheduler: Parents of final stage: List()
[2022-01-31 15:42:25,407] {spark_submit_hook.py:479} INFO - 22/01/31 15:42:25 INFO DAGScheduler: Missing parents: List()
[2022-01-31 15:42:25,408] {spark_submit_hook.py:479} INFO - 22/01/31 15:42:25 INFO DAGScheduler: Submitting ResultStage 1 (CoalescedRDD[13] at json at NativeMethodAccessorImpl.java:0), which has no missing parents
[2022-01-31 15:42:25,439] {spark_submit_hook.py:479} INFO - 22/01/31 15:42:25 INFO MemoryStore: Block broadcast_3 stored as values in memory (estimated size 167.6 KiB, free 434.0 MiB)
[2022-01-31 15:42:25,442] {spark_submit_hook.py:479} INFO - 22/01/31 15:42:25 INFO MemoryStore: Block broadcast_3_piece0 stored as bytes in memory (estimated size 59.6 KiB, free 434.0 MiB)
[2022-01-31 15:42:25,443] {spark_submit_hook.py:479} INFO - 22/01/31 15:42:25 INFO BlockManagerInfo: Added broadcast_3_piece0 in memory on 1a222f561522:35281 (size: 59.6 KiB, free: 434.3 MiB)
[2022-01-31 15:42:25,443] {spark_submit_hook.py:479} INFO - 22/01/31 15:42:25 INFO SparkContext: Created broadcast 3 from broadcast at DAGScheduler.scala:1388
[2022-01-31 15:42:25,444] {spark_submit_hook.py:479} INFO - 22/01/31 15:42:25 INFO DAGScheduler: Submitting 1 missing tasks from ResultStage 1 (CoalescedRDD[13] at json at NativeMethodAccessorImpl.java:0) (first 15 tasks are for partitions Vector(0))
[2022-01-31 15:42:25,444] {spark_submit_hook.py:479} INFO - 22/01/31 15:42:25 INFO TaskSchedulerImpl: Adding task set 1.0 with 1 tasks resource profile 0
[2022-01-31 15:42:25,447] {spark_submit_hook.py:479} INFO - 22/01/31 15:42:25 INFO TaskSetManager: Starting task 0.0 in stage 1.0 (TID 1) (1a222f561522, executor driver, partition 0, PROCESS_LOCAL, 5164 bytes) taskResourceAssignments Map()
[2022-01-31 15:42:25,448] {spark_submit_hook.py:479} INFO - 22/01/31 15:42:25 INFO Executor: Running task 0.0 in stage 1.0 (TID 1)
[2022-01-31 15:42:25,492] {spark_submit_hook.py:479} INFO - 22/01/31 15:42:25 INFO FileOutputCommitter: File Output Committer Algorithm version is 1
[2022-01-31 15:42:25,493] {spark_submit_hook.py:479} INFO - 22/01/31 15:42:25 INFO SQLHadoopMapReduceCommitProtocol: Using output committer class org.apache.hadoop.mapreduce.lib.output.FileOutputCommitter
[2022-01-31 15:42:25,540] {spark_submit_hook.py:479} INFO - 22/01/31 15:42:25 INFO CodeGenerator: Code generated in 17.500752 ms
[2022-01-31 15:42:25,542] {spark_submit_hook.py:479} INFO - 22/01/31 15:42:25 INFO FileScanRDD: Reading File path: file:///run/datapipeline/datalake/bronze/twitter_aluraonline/extract_date=2022-01-25/AluraOnline_20220125.json, range: 0-33414, partition values: [empty row]
[2022-01-31 15:42:25,562] {spark_submit_hook.py:479} INFO - 22/01/31 15:42:25 INFO CodeGenerator: Code generated in 17.796819 ms
[2022-01-31 15:42:25,586] {spark_submit_hook.py:479} INFO - 22/01/31 15:42:25 INFO CodeGenerator: Code generated in 5.025301 ms
[2022-01-31 15:42:25,632] {spark_submit_hook.py:479} INFO - 22/01/31 15:42:25 INFO FileOutputCommitter: Saved output of task 'attempt_20220131154225841865939034848067_0001_m_000000_1' to file:/run/datapipeline/datalake/silver/twitter_aluraonline/tweet/process_date=2022-01-25/_temporary/0/task_20220131154225841865939034848067_0001_m_000000
[2022-01-31 15:42:25,633] {spark_submit_hook.py:479} INFO - 22/01/31 15:42:25 INFO SparkHadoopMapRedUtil: attempt_20220131154225841865939034848067_0001_m_000000_1: Committed
[2022-01-31 15:42:25,636] {spark_submit_hook.py:479} INFO - 22/01/31 15:42:25 INFO Executor: Finished task 0.0 in stage 1.0 (TID 1). 2901 bytes result sent to driver
[2022-01-31 15:42:25,638] {spark_submit_hook.py:479} INFO - 22/01/31 15:42:25 INFO TaskSetManager: Finished task 0.0 in stage 1.0 (TID 1) in 193 ms on 1a222f561522 (executor driver) (1/1)
[2022-01-31 15:42:25,638] {spark_submit_hook.py:479} INFO - 22/01/31 15:42:25 INFO TaskSchedulerImpl: Removed TaskSet 1.0, whose tasks have all completed, from pool
[2022-01-31 15:42:25,639] {spark_submit_hook.py:479} INFO - 22/01/31 15:42:25 INFO DAGScheduler: ResultStage 1 (json at NativeMethodAccessorImpl.java:0) finished in 0.230 s
[2022-01-31 15:42:25,639] {spark_submit_hook.py:479} INFO - 22/01/31 15:42:25 INFO DAGScheduler: Job 1 is finished. Cancelling potential speculative or zombie tasks for this job
[2022-01-31 15:42:25,640] {spark_submit_hook.py:479} INFO - 22/01/31 15:42:25 INFO TaskSchedulerImpl: Killing all running tasks in stage 1: Stage finished
[2022-01-31 15:42:25,640] {spark_submit_hook.py:479} INFO - 22/01/31 15:42:25 INFO DAGScheduler: Job 1 finished: json at NativeMethodAccessorImpl.java:0, took 0.234872 s
[2022-01-31 15:42:25,652] {spark_submit_hook.py:479} INFO - 22/01/31 15:42:25 INFO FileFormatWriter: Write Job 621d88eb-60da-4221-8570-114dfd52ce1a committed.
[2022-01-31 15:42:25,654] {spark_submit_hook.py:479} INFO - 22/01/31 15:42:25 INFO FileFormatWriter: Finished processing stats for write job 621d88eb-60da-4221-8570-114dfd52ce1a.
[2022-01-31 15:42:25,702] {spark_submit_hook.py:479} INFO - 22/01/31 15:42:25 INFO FileSourceStrategy: Pushed Filters: IsNotNull(includes)
[2022-01-31 15:42:25,702] {spark_submit_hook.py:479} INFO - 22/01/31 15:42:25 INFO FileSourceStrategy: Post-Scan Filters: isnotnull(includes#8),(size(includes#8.users, true) > 0),isnotnull(includes#8.users)
[2022-01-31 15:42:25,702] {spark_submit_hook.py:479} INFO - 22/01/31 15:42:25 INFO FileSourceStrategy: Output Data Schema: struct<includes: struct<users: array<struct<created_at:string,id:string,name:string,username:string>>>>
[2022-01-31 15:42:25,715] {spark_submit_hook.py:479} INFO - 22/01/31 15:42:25 INFO FileOutputCommitter: File Output Committer Algorithm version is 1
[2022-01-31 15:42:25,716] {spark_submit_hook.py:479} INFO - 22/01/31 15:42:25 INFO SQLHadoopMapReduceCommitProtocol: Using output committer class org.apache.hadoop.mapreduce.lib.output.FileOutputCommitter
[2022-01-31 15:42:25,733] {spark_submit_hook.py:479} INFO - 22/01/31 15:42:25 INFO CodeGenerator: Code generated in 11.591408 ms
[2022-01-31 15:42:25,754] {spark_submit_hook.py:479} INFO - 22/01/31 15:42:25 INFO CodeGenerator: Code generated in 15.627708 ms
[2022-01-31 15:42:25,758] {spark_submit_hook.py:479} INFO - 22/01/31 15:42:25 INFO MemoryStore: Block broadcast_4 stored as values in memory (estimated size 171.4 KiB, free 433.8 MiB)
[2022-01-31 15:42:25,767] {spark_submit_hook.py:479} INFO - 22/01/31 15:42:25 INFO MemoryStore: Block broadcast_4_piece0 stored as bytes in memory (estimated size 23.9 KiB, free 433.8 MiB)
[2022-01-31 15:42:25,768] {spark_submit_hook.py:479} INFO - 22/01/31 15:42:25 INFO BlockManagerInfo: Added broadcast_4_piece0 in memory on 1a222f561522:35281 (size: 23.9 KiB, free: 434.3 MiB)
[2022-01-31 15:42:25,769] {spark_submit_hook.py:479} INFO - 22/01/31 15:42:25 INFO SparkContext: Created broadcast 4 from json at NativeMethodAccessorImpl.java:0
[2022-01-31 15:42:25,770] {spark_submit_hook.py:479} INFO - 22/01/31 15:42:25 INFO FileSourceScanExec: Planning scan with bin packing, max size: 4227718 bytes, open cost is considered as scanning 4194304 bytes.
[2022-01-31 15:42:25,803] {spark_submit_hook.py:479} INFO - 22/01/31 15:42:25 INFO SparkContext: Starting job: json at NativeMethodAccessorImpl.java:0
[2022-01-31 15:42:25,804] {spark_submit_hook.py:479} INFO - 22/01/31 15:42:25 INFO DAGScheduler: Got job 2 (json at NativeMethodAccessorImpl.java:0) with 1 output partitions
[2022-01-31 15:42:25,804] {spark_submit_hook.py:479} INFO - 22/01/31 15:42:25 INFO DAGScheduler: Final stage: ResultStage 2 (json at NativeMethodAccessorImpl.java:0)
[2022-01-31 15:42:25,804] {spark_submit_hook.py:479} INFO - 22/01/31 15:42:25 INFO DAGScheduler: Parents of final stage: List()
[2022-01-31 15:42:25,805] {spark_submit_hook.py:479} INFO - 22/01/31 15:42:25 INFO DAGScheduler: Missing parents: List()
[2022-01-31 15:42:25,806] {spark_submit_hook.py:479} INFO - 22/01/31 15:42:25 INFO DAGScheduler: Submitting ResultStage 2 (CoalescedRDD[25] at json at NativeMethodAccessorImpl.java:0), which has no missing parents
[2022-01-31 15:42:25,832] {spark_submit_hook.py:479} INFO - 22/01/31 15:42:25 INFO MemoryStore: Block broadcast_5 stored as values in memory (estimated size 164.0 KiB, free 433.6 MiB)
[2022-01-31 15:42:25,837] {spark_submit_hook.py:479} INFO - 22/01/31 15:42:25 INFO MemoryStore: Block broadcast_5_piece0 stored as bytes in memory (estimated size 58.8 KiB, free 433.6 MiB)
[2022-01-31 15:42:25,838] {spark_submit_hook.py:479} INFO - 22/01/31 15:42:25 INFO BlockManagerInfo: Added broadcast_5_piece0 in memory on 1a222f561522:35281 (size: 58.8 KiB, free: 434.2 MiB)
[2022-01-31 15:42:25,839] {spark_submit_hook.py:479} INFO - 22/01/31 15:42:25 INFO SparkContext: Created broadcast 5 from broadcast at DAGScheduler.scala:1388
[2022-01-31 15:42:25,839] {spark_submit_hook.py:479} INFO - 22/01/31 15:42:25 INFO DAGScheduler: Submitting 1 missing tasks from ResultStage 2 (CoalescedRDD[25] at json at NativeMethodAccessorImpl.java:0) (first 15 tasks are for partitions Vector(0))
[2022-01-31 15:42:25,839] {spark_submit_hook.py:479} INFO - 22/01/31 15:42:25 INFO TaskSchedulerImpl: Adding task set 2.0 with 1 tasks resource profile 0
[2022-01-31 15:42:25,841] {spark_submit_hook.py:479} INFO - 22/01/31 15:42:25 INFO TaskSetManager: Starting task 0.0 in stage 2.0 (TID 2) (1a222f561522, executor driver, partition 0, PROCESS_LOCAL, 5164 bytes) taskResourceAssignments Map()
[2022-01-31 15:42:25,842] {spark_submit_hook.py:479} INFO - 22/01/31 15:42:25 INFO Executor: Running task 0.0 in stage 2.0 (TID 2)
[2022-01-31 15:42:25,860] {spark_submit_hook.py:479} INFO - 22/01/31 15:42:25 INFO FileOutputCommitter: File Output Committer Algorithm version is 1
[2022-01-31 15:42:25,860] {spark_submit_hook.py:479} INFO - 22/01/31 15:42:25 INFO SQLHadoopMapReduceCommitProtocol: Using output committer class org.apache.hadoop.mapreduce.lib.output.FileOutputCommitter
[2022-01-31 15:42:25,881] {spark_submit_hook.py:479} INFO - 22/01/31 15:42:25 INFO CodeGenerator: Code generated in 8.96341 ms
[2022-01-31 15:42:25,884] {spark_submit_hook.py:479} INFO - 22/01/31 15:42:25 INFO FileScanRDD: Reading File path: file:///run/datapipeline/datalake/bronze/twitter_aluraonline/extract_date=2022-01-25/AluraOnline_20220125.json, range: 0-33414, partition values: [empty row]
[2022-01-31 15:42:25,897] {spark_submit_hook.py:479} INFO - 22/01/31 15:42:25 INFO CodeGenerator: Code generated in 11.738324 ms
[2022-01-31 15:42:25,907] {spark_submit_hook.py:479} INFO - 22/01/31 15:42:25 INFO CodeGenerator: Code generated in 6.075666 ms
[2022-01-31 15:42:25,922] {spark_submit_hook.py:479} INFO - 22/01/31 15:42:25 INFO FileOutputCommitter: Saved output of task 'attempt_202201311542258215245494467261989_0002_m_000000_2' to file:/run/datapipeline/datalake/silver/twitter_aluraonline/user/process_date=2022-01-25/_temporary/0/task_202201311542258215245494467261989_0002_m_000000
[2022-01-31 15:42:25,922] {spark_submit_hook.py:479} INFO - 22/01/31 15:42:25 INFO SparkHadoopMapRedUtil: attempt_202201311542258215245494467261989_0002_m_000000_2: Committed
[2022-01-31 15:42:25,924] {spark_submit_hook.py:479} INFO - 22/01/31 15:42:25 INFO Executor: Finished task 0.0 in stage 2.0 (TID 2). 2858 bytes result sent to driver
[2022-01-31 15:42:25,926] {spark_submit_hook.py:479} INFO - 22/01/31 15:42:25 INFO TaskSetManager: Finished task 0.0 in stage 2.0 (TID 2) in 86 ms on 1a222f561522 (executor driver) (1/1)
[2022-01-31 15:42:25,926] {spark_submit_hook.py:479} INFO - 22/01/31 15:42:25 INFO TaskSchedulerImpl: Removed TaskSet 2.0, whose tasks have all completed, from pool
[2022-01-31 15:42:25,927] {spark_submit_hook.py:479} INFO - 22/01/31 15:42:25 INFO DAGScheduler: ResultStage 2 (json at NativeMethodAccessorImpl.java:0) finished in 0.120 s
[2022-01-31 15:42:25,928] {spark_submit_hook.py:479} INFO - 22/01/31 15:42:25 INFO DAGScheduler: Job 2 is finished. Cancelling potential speculative or zombie tasks for this job
[2022-01-31 15:42:25,928] {spark_submit_hook.py:479} INFO - 22/01/31 15:42:25 INFO TaskSchedulerImpl: Killing all running tasks in stage 2: Stage finished
[2022-01-31 15:42:25,928] {spark_submit_hook.py:479} INFO - 22/01/31 15:42:25 INFO DAGScheduler: Job 2 finished: json at NativeMethodAccessorImpl.java:0, took 0.125255 s
[2022-01-31 15:42:25,937] {spark_submit_hook.py:479} INFO - 22/01/31 15:42:25 INFO FileFormatWriter: Write Job 8143ad0f-251a-4778-ab3b-f2145f2f0816 committed.
[2022-01-31 15:42:25,937] {spark_submit_hook.py:479} INFO - 22/01/31 15:42:25 INFO FileFormatWriter: Finished processing stats for write job 8143ad0f-251a-4778-ab3b-f2145f2f0816.
[2022-01-31 15:42:25,990] {spark_submit_hook.py:479} INFO - 22/01/31 15:42:25 INFO SparkUI: Stopped Spark web UI at http://1a222f561522:4040
[2022-01-31 15:42:26,012] {spark_submit_hook.py:479} INFO - 22/01/31 15:42:26 INFO MapOutputTrackerMasterEndpoint: MapOutputTrackerMasterEndpoint stopped!
[2022-01-31 15:42:26,023] {spark_submit_hook.py:479} INFO - 22/01/31 15:42:26 INFO MemoryStore: MemoryStore cleared
[2022-01-31 15:42:26,023] {spark_submit_hook.py:479} INFO - 22/01/31 15:42:26 INFO BlockManager: BlockManager stopped
[2022-01-31 15:42:26,028] {spark_submit_hook.py:479} INFO - 22/01/31 15:42:26 INFO BlockManagerMaster: BlockManagerMaster stopped
[2022-01-31 15:42:26,032] {spark_submit_hook.py:479} INFO - 22/01/31 15:42:26 INFO OutputCommitCoordinator$OutputCommitCoordinatorEndpoint: OutputCommitCoordinator stopped!
[2022-01-31 15:42:26,036] {spark_submit_hook.py:479} INFO - 22/01/31 15:42:26 INFO SparkContext: Successfully stopped SparkContext
[2022-01-31 15:42:26,038] {spark_submit_hook.py:479} INFO - 22/01/31 15:42:26 INFO ShutdownHookManager: Shutdown hook called
[2022-01-31 15:42:26,038] {spark_submit_hook.py:479} INFO - 22/01/31 15:42:26 INFO ShutdownHookManager: Deleting directory /tmp/spark-8d382d3e-c78f-4622-a946-54718c890e21
[2022-01-31 15:42:26,041] {spark_submit_hook.py:479} INFO - 22/01/31 15:42:26 INFO ShutdownHookManager: Deleting directory /tmp/spark-e29964b7-ce30-4f3d-8bf2-14c1d5c31c76/pyspark-cfa0a376-0de3-4d1d-829e-1c4a2628d967
[2022-01-31 15:42:26,042] {spark_submit_hook.py:479} INFO - 22/01/31 15:42:26 INFO ShutdownHookManager: Deleting directory /tmp/spark-e29964b7-ce30-4f3d-8bf2-14c1d5c31c76
[2022-01-31 15:42:26,146] {taskinstance.py:1057} INFO - Marking task as SUCCESS.dag_id=twitter_dag, task_id=transform_twitter_aluraonline, execution_date=20220125T090000, start_date=20220131T154217, end_date=20220131T154226
[2022-01-31 15:42:27,978] {local_task_job.py:102} INFO - Task exited with return code 0
