[2022-01-31 15:34:33,844] {taskinstance.py:670} INFO - Dependencies all met for <TaskInstance: twitter_dag.transform_twitter_aluraonline 2022-01-28T09:00:00+00:00 [queued]>
[2022-01-31 15:34:33,850] {taskinstance.py:670} INFO - Dependencies all met for <TaskInstance: twitter_dag.transform_twitter_aluraonline 2022-01-28T09:00:00+00:00 [queued]>
[2022-01-31 15:34:33,851] {taskinstance.py:880} INFO - 
--------------------------------------------------------------------------------
[2022-01-31 15:34:33,851] {taskinstance.py:881} INFO - Starting attempt 1 of 1
[2022-01-31 15:34:33,851] {taskinstance.py:882} INFO - 
--------------------------------------------------------------------------------
[2022-01-31 15:34:33,856] {taskinstance.py:901} INFO - Executing <Task(SparkSubmitOperator): transform_twitter_aluraonline> on 2022-01-28T09:00:00+00:00
[2022-01-31 15:34:33,858] {standard_task_runner.py:54} INFO - Started process 32464 to run task
[2022-01-31 15:34:33,889] {standard_task_runner.py:77} INFO - Running: ['airflow', 'run', 'twitter_dag', 'transform_twitter_aluraonline', '2022-01-28T09:00:00+00:00', '--job_id', '16', '--pool', 'default_pool', '--raw', '-sd', 'DAGS_FOLDER/twitter_dag.py', '--cfg_path', '/tmp/tmplz2rxv2k']
[2022-01-31 15:34:33,889] {standard_task_runner.py:78} INFO - Job 16: Subtask transform_twitter_aluraonline
[2022-01-31 15:34:33,905] {logging_mixin.py:112} INFO - Running <TaskInstance: twitter_dag.transform_twitter_aluraonline 2022-01-28T09:00:00+00:00 [running]> on host 1a222f561522
[2022-01-31 15:34:33,934] {base_hook.py:89} INFO - Using connection to: id: spark_default. Host: local, Port: None, Schema: None, Login: None, Password: None, extra: XXXXXXXX
[2022-01-31 15:34:33,935] {spark_submit_hook.py:325} INFO - Spark-Submit cmd: /run/pypsark/spark-3.1.2-bin-hadoop2.7/bin/spark-submit --master local --name twitter_transformation /run/datapipeline/sparktransformation.py --src /run/datapipeline/datalake/bronze/twitter_aluraonline/extract_date=2022-01-28 --dest /run/datapipeline/datalake/silver/twitter_aluraonline/ --process-date 2022-01-28
[2022-01-31 15:34:34,988] {spark_submit_hook.py:479} INFO - WARNING: An illegal reflective access operation has occurred
[2022-01-31 15:34:34,988] {spark_submit_hook.py:479} INFO - WARNING: Illegal reflective access by org.apache.spark.unsafe.Platform (file:/run/pypsark/spark-3.1.2-bin-hadoop2.7/jars/spark-unsafe_2.12-3.1.2.jar) to constructor java.nio.DirectByteBuffer(long,int)
[2022-01-31 15:34:34,988] {spark_submit_hook.py:479} INFO - WARNING: Please consider reporting this to the maintainers of org.apache.spark.unsafe.Platform
[2022-01-31 15:34:34,988] {spark_submit_hook.py:479} INFO - WARNING: Use --illegal-access=warn to enable warnings of further illegal reflective access operations
[2022-01-31 15:34:34,988] {spark_submit_hook.py:479} INFO - WARNING: All illegal access operations will be denied in a future release
[2022-01-31 15:34:35,398] {spark_submit_hook.py:479} INFO - 22/01/31 15:34:35 WARN NativeCodeLoader: Unable to load native-hadoop library for your platform... using builtin-java classes where applicable
[2022-01-31 15:34:35,650] {spark_submit_hook.py:479} INFO - python3: can't open file '/run/datapipeline/sparktransformation.py': [Errno 2] No such file or directory
[2022-01-31 15:34:35,660] {spark_submit_hook.py:479} INFO - log4j:WARN No appenders could be found for logger (org.apache.spark.util.ShutdownHookManager).
[2022-01-31 15:34:35,660] {spark_submit_hook.py:479} INFO - log4j:WARN Please initialize the log4j system properly.
[2022-01-31 15:34:35,661] {spark_submit_hook.py:479} INFO - log4j:WARN See http://logging.apache.org/log4j/1.2/faq.html#noconfig for more info.
[2022-01-31 15:34:35,692] {taskinstance.py:1150} ERROR - Cannot execute: /run/pypsark/spark-3.1.2-bin-hadoop2.7/bin/spark-submit --master local --name twitter_transformation /run/datapipeline/sparktransformation.py --src /run/datapipeline/datalake/bronze/twitter_aluraonline/extract_date=2022-01-28 --dest /run/datapipeline/datalake/silver/twitter_aluraonline/ --process-date 2022-01-28. Error code is: 2.
Traceback (most recent call last):
  File "/run/datapipeline/.env/lib/python3.8/site-packages/airflow/models/taskinstance.py", line 984, in _run_raw_task
    result = task_copy.execute(context=context)
  File "/run/datapipeline/.env/lib/python3.8/site-packages/airflow/contrib/operators/spark_submit_operator.py", line 187, in execute
    self._hook.submit(self._application)
  File "/run/datapipeline/.env/lib/python3.8/site-packages/airflow/contrib/hooks/spark_submit_hook.py", line 403, in submit
    raise AirflowException(
airflow.exceptions.AirflowException: Cannot execute: /run/pypsark/spark-3.1.2-bin-hadoop2.7/bin/spark-submit --master local --name twitter_transformation /run/datapipeline/sparktransformation.py --src /run/datapipeline/datalake/bronze/twitter_aluraonline/extract_date=2022-01-28 --dest /run/datapipeline/datalake/silver/twitter_aluraonline/ --process-date 2022-01-28. Error code is: 2.
[2022-01-31 15:34:35,692] {taskinstance.py:1187} INFO - Marking task as FAILED. dag_id=twitter_dag, task_id=transform_twitter_aluraonline, execution_date=20220128T090000, start_date=20220131T153433, end_date=20220131T153435
[2022-01-31 15:34:38,841] {local_task_job.py:102} INFO - Task exited with return code 1
[2022-01-31 15:50:51,402] {taskinstance.py:670} INFO - Dependencies all met for <TaskInstance: twitter_dag.transform_twitter_aluraonline 2022-01-28T09:00:00+00:00 [queued]>
[2022-01-31 15:50:51,408] {taskinstance.py:670} INFO - Dependencies all met for <TaskInstance: twitter_dag.transform_twitter_aluraonline 2022-01-28T09:00:00+00:00 [queued]>
[2022-01-31 15:50:51,408] {taskinstance.py:880} INFO - 
--------------------------------------------------------------------------------
[2022-01-31 15:50:51,408] {taskinstance.py:881} INFO - Starting attempt 1 of 1
[2022-01-31 15:50:51,408] {taskinstance.py:882} INFO - 
--------------------------------------------------------------------------------
[2022-01-31 15:50:51,414] {taskinstance.py:901} INFO - Executing <Task(SparkSubmitOperator): transform_twitter_aluraonline> on 2022-01-28T09:00:00+00:00
[2022-01-31 15:50:51,416] {standard_task_runner.py:54} INFO - Started process 14657 to run task
[2022-01-31 15:50:51,446] {standard_task_runner.py:77} INFO - Running: ['airflow', 'run', 'twitter_dag', 'transform_twitter_aluraonline', '2022-01-28T09:00:00+00:00', '--job_id', '18', '--pool', 'default_pool', '--raw', '-sd', 'DAGS_FOLDER/twitter_dag.py', '--cfg_path', '/tmp/tmpil6hem7i']
[2022-01-31 15:50:51,447] {standard_task_runner.py:78} INFO - Job 18: Subtask transform_twitter_aluraonline
[2022-01-31 15:50:51,461] {logging_mixin.py:112} INFO - Running <TaskInstance: twitter_dag.transform_twitter_aluraonline 2022-01-28T09:00:00+00:00 [running]> on host 1a222f561522
[2022-01-31 15:50:51,488] {base_hook.py:89} INFO - Using connection to: id: spark_default. Host: local, Port: None, Schema: None, Login: None, Password: None, extra: XXXXXXXX
[2022-01-31 15:50:51,489] {spark_submit_hook.py:325} INFO - Spark-Submit cmd: /run/pypsark/spark-3.1.2-bin-hadoop2.7/bin/spark-submit --master local --name twitter_transformation /run/datapipeline/spark/transformation.py --src /run/datapipeline/datalake/bronze/twitter_aluraonline/extract_date=2022-01-28 --dest /run/datapipeline/datalake/silver/twitter_aluraonline/ --process-date 2022-01-28
[2022-01-31 15:50:52,357] {spark_submit_hook.py:479} INFO - WARNING: An illegal reflective access operation has occurred
[2022-01-31 15:50:52,357] {spark_submit_hook.py:479} INFO - WARNING: Illegal reflective access by org.apache.spark.unsafe.Platform (file:/run/pypsark/spark-3.1.2-bin-hadoop2.7/jars/spark-unsafe_2.12-3.1.2.jar) to constructor java.nio.DirectByteBuffer(long,int)
[2022-01-31 15:50:52,357] {spark_submit_hook.py:479} INFO - WARNING: Please consider reporting this to the maintainers of org.apache.spark.unsafe.Platform
[2022-01-31 15:50:52,357] {spark_submit_hook.py:479} INFO - WARNING: Use --illegal-access=warn to enable warnings of further illegal reflective access operations
[2022-01-31 15:50:52,357] {spark_submit_hook.py:479} INFO - WARNING: All illegal access operations will be denied in a future release
[2022-01-31 15:50:52,715] {spark_submit_hook.py:479} INFO - 22/01/31 15:50:52 WARN NativeCodeLoader: Unable to load native-hadoop library for your platform... using builtin-java classes where applicable
[2022-01-31 15:50:53,239] {spark_submit_hook.py:479} INFO - Using Spark's default log4j profile: org/apache/spark/log4j-defaults.properties
[2022-01-31 15:50:53,246] {spark_submit_hook.py:479} INFO - 22/01/31 15:50:53 INFO SparkContext: Running Spark version 3.1.2
[2022-01-31 15:50:53,271] {spark_submit_hook.py:479} INFO - 22/01/31 15:50:53 INFO ResourceUtils: ==============================================================
[2022-01-31 15:50:53,271] {spark_submit_hook.py:479} INFO - 22/01/31 15:50:53 INFO ResourceUtils: No custom resources configured for spark.driver.
[2022-01-31 15:50:53,271] {spark_submit_hook.py:479} INFO - 22/01/31 15:50:53 INFO ResourceUtils: ==============================================================
[2022-01-31 15:50:53,271] {spark_submit_hook.py:479} INFO - 22/01/31 15:50:53 INFO SparkContext: Submitted application: twitter_transformation
[2022-01-31 15:50:53,296] {spark_submit_hook.py:479} INFO - 22/01/31 15:50:53 INFO ResourceProfile: Default ResourceProfile created, executor resources: Map(cores -> name: cores, amount: 1, script: , vendor: , memory -> name: memory, amount: 1024, script: , vendor: , offHeap -> name: offHeap, amount: 0, script: , vendor: ), task resources: Map(cpus -> name: cpus, amount: 1.0)
[2022-01-31 15:50:53,306] {spark_submit_hook.py:479} INFO - 22/01/31 15:50:53 INFO ResourceProfile: Limiting resource is cpu
[2022-01-31 15:50:53,307] {spark_submit_hook.py:479} INFO - 22/01/31 15:50:53 INFO ResourceProfileManager: Added ResourceProfile id: 0
[2022-01-31 15:50:53,339] {spark_submit_hook.py:479} INFO - 22/01/31 15:50:53 INFO SecurityManager: Changing view acls to: root
[2022-01-31 15:50:53,339] {spark_submit_hook.py:479} INFO - 22/01/31 15:50:53 INFO SecurityManager: Changing modify acls to: root
[2022-01-31 15:50:53,339] {spark_submit_hook.py:479} INFO - 22/01/31 15:50:53 INFO SecurityManager: Changing view acls groups to:
[2022-01-31 15:50:53,340] {spark_submit_hook.py:479} INFO - 22/01/31 15:50:53 INFO SecurityManager: Changing modify acls groups to:
[2022-01-31 15:50:53,340] {spark_submit_hook.py:479} INFO - 22/01/31 15:50:53 INFO SecurityManager: SecurityManager: authentication disabled; ui acls disabled; users  with view permissions: Set(root); groups with view permissions: Set(); users  with modify permissions: Set(root); groups with modify permissions: Set()
[2022-01-31 15:50:53,477] {spark_submit_hook.py:479} INFO - 22/01/31 15:50:53 INFO Utils: Successfully started service 'sparkDriver' on port 36097.
[2022-01-31 15:50:53,497] {spark_submit_hook.py:479} INFO - 22/01/31 15:50:53 INFO SparkEnv: Registering MapOutputTracker
[2022-01-31 15:50:53,517] {spark_submit_hook.py:479} INFO - 22/01/31 15:50:53 INFO SparkEnv: Registering BlockManagerMaster
[2022-01-31 15:50:53,529] {spark_submit_hook.py:479} INFO - 22/01/31 15:50:53 INFO BlockManagerMasterEndpoint: Using org.apache.spark.storage.DefaultTopologyMapper for getting topology information
[2022-01-31 15:50:53,530] {spark_submit_hook.py:479} INFO - 22/01/31 15:50:53 INFO BlockManagerMasterEndpoint: BlockManagerMasterEndpoint up
[2022-01-31 15:50:53,533] {spark_submit_hook.py:479} INFO - 22/01/31 15:50:53 INFO SparkEnv: Registering BlockManagerMasterHeartbeat
[2022-01-31 15:50:53,541] {spark_submit_hook.py:479} INFO - 22/01/31 15:50:53 INFO DiskBlockManager: Created local directory at /tmp/blockmgr-bf5d83a7-9423-4a6a-97ca-d88c8bb1e200
[2022-01-31 15:50:53,557] {spark_submit_hook.py:479} INFO - 22/01/31 15:50:53 INFO MemoryStore: MemoryStore started with capacity 434.4 MiB
[2022-01-31 15:50:53,568] {spark_submit_hook.py:479} INFO - 22/01/31 15:50:53 INFO SparkEnv: Registering OutputCommitCoordinator
[2022-01-31 15:50:53,721] {spark_submit_hook.py:479} INFO - 22/01/31 15:50:53 INFO Utils: Successfully started service 'SparkUI' on port 4040.
[2022-01-31 15:50:53,762] {spark_submit_hook.py:479} INFO - 22/01/31 15:50:53 INFO SparkUI: Bound SparkUI to 0.0.0.0, and started at http://1a222f561522:4040
[2022-01-31 15:50:53,898] {spark_submit_hook.py:479} INFO - 22/01/31 15:50:53 INFO Executor: Starting executor ID driver on host 1a222f561522
[2022-01-31 15:50:53,917] {spark_submit_hook.py:479} INFO - 22/01/31 15:50:53 INFO Utils: Successfully started service 'org.apache.spark.network.netty.NettyBlockTransferService' on port 37145.
[2022-01-31 15:50:53,917] {spark_submit_hook.py:479} INFO - 22/01/31 15:50:53 INFO NettyBlockTransferService: Server created on 1a222f561522:37145
[2022-01-31 15:50:53,918] {spark_submit_hook.py:479} INFO - 22/01/31 15:50:53 INFO BlockManager: Using org.apache.spark.storage.RandomBlockReplicationPolicy for block replication policy
[2022-01-31 15:50:53,939] {spark_submit_hook.py:479} INFO - 22/01/31 15:50:53 INFO BlockManagerMaster: Registering BlockManager BlockManagerId(driver, 1a222f561522, 37145, None)
[2022-01-31 15:50:53,945] {spark_submit_hook.py:479} INFO - 22/01/31 15:50:53 INFO BlockManagerMasterEndpoint: Registering block manager 1a222f561522:37145 with 434.4 MiB RAM, BlockManagerId(driver, 1a222f561522, 37145, None)
[2022-01-31 15:50:53,947] {spark_submit_hook.py:479} INFO - 22/01/31 15:50:53 INFO BlockManagerMaster: Registered BlockManager BlockManagerId(driver, 1a222f561522, 37145, None)
[2022-01-31 15:50:53,948] {spark_submit_hook.py:479} INFO - 22/01/31 15:50:53 INFO BlockManager: Initialized BlockManager: BlockManagerId(driver, 1a222f561522, 37145, None)
[2022-01-31 15:50:54,287] {spark_submit_hook.py:479} INFO - 22/01/31 15:50:54 INFO SharedState: Setting hive.metastore.warehouse.dir ('null') to the value of spark.sql.warehouse.dir ('file:/run/datapipeline/spark-warehouse').
[2022-01-31 15:50:54,287] {spark_submit_hook.py:479} INFO - 22/01/31 15:50:54 INFO SharedState: Warehouse path is 'file:/run/datapipeline/spark-warehouse'.
[2022-01-31 15:50:54,821] {spark_submit_hook.py:479} INFO - 22/01/31 15:50:54 INFO InMemoryFileIndex: It took 27 ms to list leaf files for 1 paths.
[2022-01-31 15:50:54,872] {spark_submit_hook.py:479} INFO - 22/01/31 15:50:54 INFO InMemoryFileIndex: It took 1 ms to list leaf files for 1 paths.
[2022-01-31 15:50:56,048] {spark_submit_hook.py:479} INFO - 22/01/31 15:50:56 INFO FileSourceStrategy: Pushed Filters:
[2022-01-31 15:50:56,049] {spark_submit_hook.py:479} INFO - 22/01/31 15:50:56 INFO FileSourceStrategy: Post-Scan Filters:
[2022-01-31 15:50:56,050] {spark_submit_hook.py:479} INFO - 22/01/31 15:50:56 INFO FileSourceStrategy: Output Data Schema: struct<value: string>
[2022-01-31 15:50:56,234] {spark_submit_hook.py:479} INFO - 22/01/31 15:50:56 INFO MemoryStore: Block broadcast_0 stored as values in memory (estimated size 171.5 KiB, free 434.2 MiB)
[2022-01-31 15:50:56,274] {spark_submit_hook.py:479} INFO - 22/01/31 15:50:56 INFO MemoryStore: Block broadcast_0_piece0 stored as bytes in memory (estimated size 24.0 KiB, free 434.2 MiB)
[2022-01-31 15:50:56,276] {spark_submit_hook.py:479} INFO - 22/01/31 15:50:56 INFO BlockManagerInfo: Added broadcast_0_piece0 in memory on 1a222f561522:37145 (size: 24.0 KiB, free: 434.4 MiB)
[2022-01-31 15:50:56,279] {spark_submit_hook.py:479} INFO - 22/01/31 15:50:56 INFO SparkContext: Created broadcast 0 from json at NativeMethodAccessorImpl.java:0
[2022-01-31 15:50:56,284] {spark_submit_hook.py:479} INFO - 22/01/31 15:50:56 INFO FileSourceScanExec: Planning scan with bin packing, max size: 4241598 bytes, open cost is considered as scanning 4194304 bytes.
[2022-01-31 15:50:56,408] {spark_submit_hook.py:479} INFO - 22/01/31 15:50:56 INFO SparkContext: Starting job: json at NativeMethodAccessorImpl.java:0
[2022-01-31 15:50:56,420] {spark_submit_hook.py:479} INFO - 22/01/31 15:50:56 INFO DAGScheduler: Got job 0 (json at NativeMethodAccessorImpl.java:0) with 1 output partitions
[2022-01-31 15:50:56,420] {spark_submit_hook.py:479} INFO - 22/01/31 15:50:56 INFO DAGScheduler: Final stage: ResultStage 0 (json at NativeMethodAccessorImpl.java:0)
[2022-01-31 15:50:56,420] {spark_submit_hook.py:479} INFO - 22/01/31 15:50:56 INFO DAGScheduler: Parents of final stage: List()
[2022-01-31 15:50:56,422] {spark_submit_hook.py:479} INFO - 22/01/31 15:50:56 INFO DAGScheduler: Missing parents: List()
[2022-01-31 15:50:56,426] {spark_submit_hook.py:479} INFO - 22/01/31 15:50:56 INFO DAGScheduler: Submitting ResultStage 0 (MapPartitionsRDD[3] at json at NativeMethodAccessorImpl.java:0), which has no missing parents
[2022-01-31 15:50:56,492] {spark_submit_hook.py:479} INFO - 22/01/31 15:50:56 INFO MemoryStore: Block broadcast_1 stored as values in memory (estimated size 12.0 KiB, free 434.2 MiB)
[2022-01-31 15:50:56,496] {spark_submit_hook.py:479} INFO - 22/01/31 15:50:56 INFO MemoryStore: Block broadcast_1_piece0 stored as bytes in memory (estimated size 6.3 KiB, free 434.2 MiB)
[2022-01-31 15:50:56,496] {spark_submit_hook.py:479} INFO - 22/01/31 15:50:56 INFO BlockManagerInfo: Added broadcast_1_piece0 in memory on 1a222f561522:37145 (size: 6.3 KiB, free: 434.4 MiB)
[2022-01-31 15:50:56,497] {spark_submit_hook.py:479} INFO - 22/01/31 15:50:56 INFO SparkContext: Created broadcast 1 from broadcast at DAGScheduler.scala:1388
[2022-01-31 15:50:56,508] {spark_submit_hook.py:479} INFO - 22/01/31 15:50:56 INFO DAGScheduler: Submitting 1 missing tasks from ResultStage 0 (MapPartitionsRDD[3] at json at NativeMethodAccessorImpl.java:0) (first 15 tasks are for partitions Vector(0))
[2022-01-31 15:50:56,509] {spark_submit_hook.py:479} INFO - 22/01/31 15:50:56 INFO TaskSchedulerImpl: Adding task set 0.0 with 1 tasks resource profile 0
[2022-01-31 15:50:56,543] {spark_submit_hook.py:479} INFO - 22/01/31 15:50:56 INFO TaskSetManager: Starting task 0.0 in stage 0.0 (TID 0) (1a222f561522, executor driver, partition 0, PROCESS_LOCAL, 4935 bytes) taskResourceAssignments Map()
[2022-01-31 15:50:56,553] {spark_submit_hook.py:479} INFO - 22/01/31 15:50:56 INFO Executor: Running task 0.0 in stage 0.0 (TID 0)
[2022-01-31 15:50:56,656] {spark_submit_hook.py:479} INFO - 22/01/31 15:50:56 INFO FileScanRDD: Reading File path: file:///run/datapipeline/datalake/bronze/twitter_aluraonline/extract_date=2022-01-28/AluraOnline_20220128.json, range: 0-47294, partition values: [empty row]
[2022-01-31 15:50:56,866] {spark_submit_hook.py:479} INFO - 22/01/31 15:50:56 INFO CodeGenerator: Code generated in 124.446877 ms
[2022-01-31 15:50:56,918] {spark_submit_hook.py:479} INFO - 22/01/31 15:50:56 INFO Executor: Finished task 0.0 in stage 0.0 (TID 0). 2858 bytes result sent to driver
[2022-01-31 15:50:56,928] {spark_submit_hook.py:479} INFO - 22/01/31 15:50:56 INFO TaskSetManager: Finished task 0.0 in stage 0.0 (TID 0) in 391 ms on 1a222f561522 (executor driver) (1/1)
[2022-01-31 15:50:56,930] {spark_submit_hook.py:479} INFO - 22/01/31 15:50:56 INFO TaskSchedulerImpl: Removed TaskSet 0.0, whose tasks have all completed, from pool
[2022-01-31 15:50:56,936] {spark_submit_hook.py:479} INFO - 22/01/31 15:50:56 INFO DAGScheduler: ResultStage 0 (json at NativeMethodAccessorImpl.java:0) finished in 0.500 s
[2022-01-31 15:50:56,939] {spark_submit_hook.py:479} INFO - 22/01/31 15:50:56 INFO DAGScheduler: Job 0 is finished. Cancelling potential speculative or zombie tasks for this job
[2022-01-31 15:50:56,939] {spark_submit_hook.py:479} INFO - 22/01/31 15:50:56 INFO TaskSchedulerImpl: Killing all running tasks in stage 0: Stage finished
[2022-01-31 15:50:56,941] {spark_submit_hook.py:479} INFO - 22/01/31 15:50:56 INFO DAGScheduler: Job 0 finished: json at NativeMethodAccessorImpl.java:0, took 0.532371 s
[2022-01-31 15:50:57,244] {spark_submit_hook.py:479} INFO - 22/01/31 15:50:57 INFO FileSourceStrategy: Pushed Filters: IsNotNull(data)
[2022-01-31 15:50:57,245] {spark_submit_hook.py:479} INFO - 22/01/31 15:50:57 INFO FileSourceStrategy: Post-Scan Filters: (size(data#7, true) > 0),isnotnull(data#7)
[2022-01-31 15:50:57,246] {spark_submit_hook.py:479} INFO - 22/01/31 15:50:57 INFO FileSourceStrategy: Output Data Schema: struct<data: array<struct<author_id:string,conversation_id:string,created_at:string,id:string,in_reply_to_user_id:string,public_metrics:struct<like_count:bigint,quote_count:bigint,reply_count:bigint,retweet_count:bigint>,text:string>>>
[2022-01-31 15:50:57,281] {spark_submit_hook.py:479} INFO - 22/01/31 15:50:57 INFO BlockManagerInfo: Removed broadcast_0_piece0 on 1a222f561522:37145 in memory (size: 24.0 KiB, free: 434.4 MiB)
[2022-01-31 15:50:57,287] {spark_submit_hook.py:479} INFO - 22/01/31 15:50:57 INFO BlockManagerInfo: Removed broadcast_1_piece0 on 1a222f561522:37145 in memory (size: 6.3 KiB, free: 434.4 MiB)
[2022-01-31 15:50:57,315] {spark_submit_hook.py:479} INFO - 22/01/31 15:50:57 INFO FileOutputCommitter: File Output Committer Algorithm version is 1
[2022-01-31 15:50:57,316] {spark_submit_hook.py:479} INFO - 22/01/31 15:50:57 INFO SQLHadoopMapReduceCommitProtocol: Using output committer class org.apache.hadoop.mapreduce.lib.output.FileOutputCommitter
[2022-01-31 15:50:57,374] {spark_submit_hook.py:479} INFO - 22/01/31 15:50:57 INFO CodeGenerator: Code generated in 29.895099 ms
[2022-01-31 15:50:57,411] {spark_submit_hook.py:479} INFO - 22/01/31 15:50:57 INFO CodeGenerator: Code generated in 23.677391 ms
[2022-01-31 15:50:57,416] {spark_submit_hook.py:479} INFO - 22/01/31 15:50:57 INFO MemoryStore: Block broadcast_2 stored as values in memory (estimated size 171.4 KiB, free 434.2 MiB)
[2022-01-31 15:50:57,425] {spark_submit_hook.py:479} INFO - 22/01/31 15:50:57 INFO MemoryStore: Block broadcast_2_piece0 stored as bytes in memory (estimated size 23.9 KiB, free 434.2 MiB)
[2022-01-31 15:50:57,426] {spark_submit_hook.py:479} INFO - 22/01/31 15:50:57 INFO BlockManagerInfo: Added broadcast_2_piece0 in memory on 1a222f561522:37145 (size: 23.9 KiB, free: 434.4 MiB)
[2022-01-31 15:50:57,427] {spark_submit_hook.py:479} INFO - 22/01/31 15:50:57 INFO SparkContext: Created broadcast 2 from json at NativeMethodAccessorImpl.java:0
[2022-01-31 15:50:57,429] {spark_submit_hook.py:479} INFO - 22/01/31 15:50:57 INFO FileSourceScanExec: Planning scan with bin packing, max size: 4241598 bytes, open cost is considered as scanning 4194304 bytes.
[2022-01-31 15:50:57,491] {spark_submit_hook.py:479} INFO - 22/01/31 15:50:57 INFO SparkContext: Starting job: json at NativeMethodAccessorImpl.java:0
[2022-01-31 15:50:57,492] {spark_submit_hook.py:479} INFO - 22/01/31 15:50:57 INFO DAGScheduler: Got job 1 (json at NativeMethodAccessorImpl.java:0) with 1 output partitions
[2022-01-31 15:50:57,492] {spark_submit_hook.py:479} INFO - 22/01/31 15:50:57 INFO DAGScheduler: Final stage: ResultStage 1 (json at NativeMethodAccessorImpl.java:0)
[2022-01-31 15:50:57,492] {spark_submit_hook.py:479} INFO - 22/01/31 15:50:57 INFO DAGScheduler: Parents of final stage: List()
[2022-01-31 15:50:57,492] {spark_submit_hook.py:479} INFO - 22/01/31 15:50:57 INFO DAGScheduler: Missing parents: List()
[2022-01-31 15:50:57,493] {spark_submit_hook.py:479} INFO - 22/01/31 15:50:57 INFO DAGScheduler: Submitting ResultStage 1 (CoalescedRDD[13] at json at NativeMethodAccessorImpl.java:0), which has no missing parents
[2022-01-31 15:50:57,521] {spark_submit_hook.py:479} INFO - 22/01/31 15:50:57 INFO MemoryStore: Block broadcast_3 stored as values in memory (estimated size 167.6 KiB, free 434.0 MiB)
[2022-01-31 15:50:57,524] {spark_submit_hook.py:479} INFO - 22/01/31 15:50:57 INFO MemoryStore: Block broadcast_3_piece0 stored as bytes in memory (estimated size 59.6 KiB, free 434.0 MiB)
[2022-01-31 15:50:57,525] {spark_submit_hook.py:479} INFO - 22/01/31 15:50:57 INFO BlockManagerInfo: Added broadcast_3_piece0 in memory on 1a222f561522:37145 (size: 59.6 KiB, free: 434.3 MiB)
[2022-01-31 15:50:57,526] {spark_submit_hook.py:479} INFO - 22/01/31 15:50:57 INFO SparkContext: Created broadcast 3 from broadcast at DAGScheduler.scala:1388
[2022-01-31 15:50:57,526] {spark_submit_hook.py:479} INFO - 22/01/31 15:50:57 INFO DAGScheduler: Submitting 1 missing tasks from ResultStage 1 (CoalescedRDD[13] at json at NativeMethodAccessorImpl.java:0) (first 15 tasks are for partitions Vector(0))
[2022-01-31 15:50:57,527] {spark_submit_hook.py:479} INFO - 22/01/31 15:50:57 INFO TaskSchedulerImpl: Adding task set 1.0 with 1 tasks resource profile 0
[2022-01-31 15:50:57,530] {spark_submit_hook.py:479} INFO - 22/01/31 15:50:57 INFO TaskSetManager: Starting task 0.0 in stage 1.0 (TID 1) (1a222f561522, executor driver, partition 0, PROCESS_LOCAL, 5164 bytes) taskResourceAssignments Map()
[2022-01-31 15:50:57,531] {spark_submit_hook.py:479} INFO - 22/01/31 15:50:57 INFO Executor: Running task 0.0 in stage 1.0 (TID 1)
[2022-01-31 15:50:57,573] {spark_submit_hook.py:479} INFO - 22/01/31 15:50:57 INFO FileOutputCommitter: File Output Committer Algorithm version is 1
[2022-01-31 15:50:57,574] {spark_submit_hook.py:479} INFO - 22/01/31 15:50:57 INFO SQLHadoopMapReduceCommitProtocol: Using output committer class org.apache.hadoop.mapreduce.lib.output.FileOutputCommitter
[2022-01-31 15:50:57,615] {spark_submit_hook.py:479} INFO - 22/01/31 15:50:57 INFO CodeGenerator: Code generated in 16.055611 ms
[2022-01-31 15:50:57,617] {spark_submit_hook.py:479} INFO - 22/01/31 15:50:57 INFO FileScanRDD: Reading File path: file:///run/datapipeline/datalake/bronze/twitter_aluraonline/extract_date=2022-01-28/AluraOnline_20220128.json, range: 0-47294, partition values: [empty row]
[2022-01-31 15:50:57,637] {spark_submit_hook.py:479} INFO - 22/01/31 15:50:57 INFO CodeGenerator: Code generated in 16.906043 ms
[2022-01-31 15:50:57,654] {spark_submit_hook.py:479} INFO - 22/01/31 15:50:57 INFO CodeGenerator: Code generated in 4.678522 ms
[2022-01-31 15:50:57,696] {spark_submit_hook.py:479} INFO - 22/01/31 15:50:57 INFO FileOutputCommitter: Saved output of task 'attempt_202201311550572339364795346278346_0001_m_000000_1' to file:/run/datapipeline/datalake/silver/twitter_aluraonline/tweet/process_date=2022-01-28/_temporary/0/task_202201311550572339364795346278346_0001_m_000000
[2022-01-31 15:50:57,696] {spark_submit_hook.py:479} INFO - 22/01/31 15:50:57 INFO SparkHadoopMapRedUtil: attempt_202201311550572339364795346278346_0001_m_000000_1: Committed
[2022-01-31 15:50:57,700] {spark_submit_hook.py:479} INFO - 22/01/31 15:50:57 INFO Executor: Finished task 0.0 in stage 1.0 (TID 1). 2901 bytes result sent to driver
[2022-01-31 15:50:57,702] {spark_submit_hook.py:479} INFO - 22/01/31 15:50:57 INFO TaskSetManager: Finished task 0.0 in stage 1.0 (TID 1) in 175 ms on 1a222f561522 (executor driver) (1/1)
[2022-01-31 15:50:57,702] {spark_submit_hook.py:479} INFO - 22/01/31 15:50:57 INFO TaskSchedulerImpl: Removed TaskSet 1.0, whose tasks have all completed, from pool
[2022-01-31 15:50:57,703] {spark_submit_hook.py:479} INFO - 22/01/31 15:50:57 INFO DAGScheduler: ResultStage 1 (json at NativeMethodAccessorImpl.java:0) finished in 0.209 s
[2022-01-31 15:50:57,703] {spark_submit_hook.py:479} INFO - 22/01/31 15:50:57 INFO DAGScheduler: Job 1 is finished. Cancelling potential speculative or zombie tasks for this job
[2022-01-31 15:50:57,703] {spark_submit_hook.py:479} INFO - 22/01/31 15:50:57 INFO TaskSchedulerImpl: Killing all running tasks in stage 1: Stage finished
[2022-01-31 15:50:57,704] {spark_submit_hook.py:479} INFO - 22/01/31 15:50:57 INFO DAGScheduler: Job 1 finished: json at NativeMethodAccessorImpl.java:0, took 0.213462 s
[2022-01-31 15:50:57,714] {spark_submit_hook.py:479} INFO - 22/01/31 15:50:57 INFO FileFormatWriter: Write Job 32d2ef8e-0068-408d-93b0-59a018259c62 committed.
[2022-01-31 15:50:57,716] {spark_submit_hook.py:479} INFO - 22/01/31 15:50:57 INFO FileFormatWriter: Finished processing stats for write job 32d2ef8e-0068-408d-93b0-59a018259c62.
[2022-01-31 15:50:57,756] {spark_submit_hook.py:479} INFO - 22/01/31 15:50:57 INFO FileSourceStrategy: Pushed Filters: IsNotNull(includes)
[2022-01-31 15:50:57,756] {spark_submit_hook.py:479} INFO - 22/01/31 15:50:57 INFO FileSourceStrategy: Post-Scan Filters: isnotnull(includes#8),(size(includes#8.users, true) > 0),isnotnull(includes#8.users)
[2022-01-31 15:50:57,756] {spark_submit_hook.py:479} INFO - 22/01/31 15:50:57 INFO FileSourceStrategy: Output Data Schema: struct<includes: struct<users: array<struct<created_at:string,id:string,name:string,username:string>>>>
[2022-01-31 15:50:57,768] {spark_submit_hook.py:479} INFO - 22/01/31 15:50:57 INFO FileOutputCommitter: File Output Committer Algorithm version is 1
[2022-01-31 15:50:57,768] {spark_submit_hook.py:479} INFO - 22/01/31 15:50:57 INFO SQLHadoopMapReduceCommitProtocol: Using output committer class org.apache.hadoop.mapreduce.lib.output.FileOutputCommitter
[2022-01-31 15:50:57,783] {spark_submit_hook.py:479} INFO - 22/01/31 15:50:57 INFO CodeGenerator: Code generated in 9.590984 ms
[2022-01-31 15:50:57,799] {spark_submit_hook.py:479} INFO - 22/01/31 15:50:57 INFO CodeGenerator: Code generated in 12.874588 ms
[2022-01-31 15:50:57,804] {spark_submit_hook.py:479} INFO - 22/01/31 15:50:57 INFO MemoryStore: Block broadcast_4 stored as values in memory (estimated size 171.4 KiB, free 433.8 MiB)
[2022-01-31 15:50:57,811] {spark_submit_hook.py:479} INFO - 22/01/31 15:50:57 INFO MemoryStore: Block broadcast_4_piece0 stored as bytes in memory (estimated size 23.9 KiB, free 433.8 MiB)
[2022-01-31 15:50:57,812] {spark_submit_hook.py:479} INFO - 22/01/31 15:50:57 INFO BlockManagerInfo: Added broadcast_4_piece0 in memory on 1a222f561522:37145 (size: 23.9 KiB, free: 434.3 MiB)
[2022-01-31 15:50:57,813] {spark_submit_hook.py:479} INFO - 22/01/31 15:50:57 INFO SparkContext: Created broadcast 4 from json at NativeMethodAccessorImpl.java:0
[2022-01-31 15:50:57,814] {spark_submit_hook.py:479} INFO - 22/01/31 15:50:57 INFO FileSourceScanExec: Planning scan with bin packing, max size: 4241598 bytes, open cost is considered as scanning 4194304 bytes.
[2022-01-31 15:50:57,848] {spark_submit_hook.py:479} INFO - 22/01/31 15:50:57 INFO SparkContext: Starting job: json at NativeMethodAccessorImpl.java:0
[2022-01-31 15:50:57,849] {spark_submit_hook.py:479} INFO - 22/01/31 15:50:57 INFO DAGScheduler: Got job 2 (json at NativeMethodAccessorImpl.java:0) with 1 output partitions
[2022-01-31 15:50:57,849] {spark_submit_hook.py:479} INFO - 22/01/31 15:50:57 INFO DAGScheduler: Final stage: ResultStage 2 (json at NativeMethodAccessorImpl.java:0)
[2022-01-31 15:50:57,849] {spark_submit_hook.py:479} INFO - 22/01/31 15:50:57 INFO DAGScheduler: Parents of final stage: List()
[2022-01-31 15:50:57,849] {spark_submit_hook.py:479} INFO - 22/01/31 15:50:57 INFO DAGScheduler: Missing parents: List()
[2022-01-31 15:50:57,850] {spark_submit_hook.py:479} INFO - 22/01/31 15:50:57 INFO DAGScheduler: Submitting ResultStage 2 (CoalescedRDD[25] at json at NativeMethodAccessorImpl.java:0), which has no missing parents
[2022-01-31 15:50:57,867] {spark_submit_hook.py:479} INFO - 22/01/31 15:50:57 INFO MemoryStore: Block broadcast_5 stored as values in memory (estimated size 164.0 KiB, free 433.6 MiB)
[2022-01-31 15:50:57,872] {spark_submit_hook.py:479} INFO - 22/01/31 15:50:57 INFO MemoryStore: Block broadcast_5_piece0 stored as bytes in memory (estimated size 58.8 KiB, free 433.6 MiB)
[2022-01-31 15:50:57,872] {spark_submit_hook.py:479} INFO - 22/01/31 15:50:57 INFO BlockManagerInfo: Added broadcast_5_piece0 in memory on 1a222f561522:37145 (size: 58.8 KiB, free: 434.2 MiB)
[2022-01-31 15:50:57,873] {spark_submit_hook.py:479} INFO - 22/01/31 15:50:57 INFO SparkContext: Created broadcast 5 from broadcast at DAGScheduler.scala:1388
[2022-01-31 15:50:57,874] {spark_submit_hook.py:479} INFO - 22/01/31 15:50:57 INFO DAGScheduler: Submitting 1 missing tasks from ResultStage 2 (CoalescedRDD[25] at json at NativeMethodAccessorImpl.java:0) (first 15 tasks are for partitions Vector(0))
[2022-01-31 15:50:57,874] {spark_submit_hook.py:479} INFO - 22/01/31 15:50:57 INFO TaskSchedulerImpl: Adding task set 2.0 with 1 tasks resource profile 0
[2022-01-31 15:50:57,875] {spark_submit_hook.py:479} INFO - 22/01/31 15:50:57 INFO TaskSetManager: Starting task 0.0 in stage 2.0 (TID 2) (1a222f561522, executor driver, partition 0, PROCESS_LOCAL, 5164 bytes) taskResourceAssignments Map()
[2022-01-31 15:50:57,876] {spark_submit_hook.py:479} INFO - 22/01/31 15:50:57 INFO Executor: Running task 0.0 in stage 2.0 (TID 2)
[2022-01-31 15:50:57,888] {spark_submit_hook.py:479} INFO - 22/01/31 15:50:57 INFO FileOutputCommitter: File Output Committer Algorithm version is 1
[2022-01-31 15:50:57,888] {spark_submit_hook.py:479} INFO - 22/01/31 15:50:57 INFO SQLHadoopMapReduceCommitProtocol: Using output committer class org.apache.hadoop.mapreduce.lib.output.FileOutputCommitter
[2022-01-31 15:50:57,905] {spark_submit_hook.py:479} INFO - 22/01/31 15:50:57 INFO CodeGenerator: Code generated in 7.466643 ms
[2022-01-31 15:50:57,906] {spark_submit_hook.py:479} INFO - 22/01/31 15:50:57 INFO FileScanRDD: Reading File path: file:///run/datapipeline/datalake/bronze/twitter_aluraonline/extract_date=2022-01-28/AluraOnline_20220128.json, range: 0-47294, partition values: [empty row]
[2022-01-31 15:50:57,918] {spark_submit_hook.py:479} INFO - 22/01/31 15:50:57 INFO CodeGenerator: Code generated in 9.993077 ms
[2022-01-31 15:50:57,925] {spark_submit_hook.py:479} INFO - 22/01/31 15:50:57 INFO CodeGenerator: Code generated in 4.466902 ms
[2022-01-31 15:50:57,937] {spark_submit_hook.py:479} INFO - 22/01/31 15:50:57 INFO FileOutputCommitter: Saved output of task 'attempt_202201311550573971971883760872553_0002_m_000000_2' to file:/run/datapipeline/datalake/silver/twitter_aluraonline/user/process_date=2022-01-28/_temporary/0/task_202201311550573971971883760872553_0002_m_000000
[2022-01-31 15:50:57,938] {spark_submit_hook.py:479} INFO - 22/01/31 15:50:57 INFO SparkHadoopMapRedUtil: attempt_202201311550573971971883760872553_0002_m_000000_2: Committed
[2022-01-31 15:50:57,939] {spark_submit_hook.py:479} INFO - 22/01/31 15:50:57 INFO Executor: Finished task 0.0 in stage 2.0 (TID 2). 2858 bytes result sent to driver
[2022-01-31 15:50:57,940] {spark_submit_hook.py:479} INFO - 22/01/31 15:50:57 INFO TaskSetManager: Finished task 0.0 in stage 2.0 (TID 2) in 65 ms on 1a222f561522 (executor driver) (1/1)
[2022-01-31 15:50:57,940] {spark_submit_hook.py:479} INFO - 22/01/31 15:50:57 INFO TaskSchedulerImpl: Removed TaskSet 2.0, whose tasks have all completed, from pool
[2022-01-31 15:50:57,941] {spark_submit_hook.py:479} INFO - 22/01/31 15:50:57 INFO DAGScheduler: ResultStage 2 (json at NativeMethodAccessorImpl.java:0) finished in 0.090 s
[2022-01-31 15:50:57,941] {spark_submit_hook.py:479} INFO - 22/01/31 15:50:57 INFO DAGScheduler: Job 2 is finished. Cancelling potential speculative or zombie tasks for this job
[2022-01-31 15:50:57,941] {spark_submit_hook.py:479} INFO - 22/01/31 15:50:57 INFO TaskSchedulerImpl: Killing all running tasks in stage 2: Stage finished
[2022-01-31 15:50:57,942] {spark_submit_hook.py:479} INFO - 22/01/31 15:50:57 INFO DAGScheduler: Job 2 finished: json at NativeMethodAccessorImpl.java:0, took 0.093917 s
[2022-01-31 15:50:57,951] {spark_submit_hook.py:479} INFO - 22/01/31 15:50:57 INFO FileFormatWriter: Write Job 643e5d7d-0434-4eb6-9958-fa9c75cc9808 committed.
[2022-01-31 15:50:57,951] {spark_submit_hook.py:479} INFO - 22/01/31 15:50:57 INFO FileFormatWriter: Finished processing stats for write job 643e5d7d-0434-4eb6-9958-fa9c75cc9808.
[2022-01-31 15:50:57,994] {spark_submit_hook.py:479} INFO - 22/01/31 15:50:57 INFO SparkUI: Stopped Spark web UI at http://1a222f561522:4040
[2022-01-31 15:50:58,007] {spark_submit_hook.py:479} INFO - 22/01/31 15:50:58 INFO MapOutputTrackerMasterEndpoint: MapOutputTrackerMasterEndpoint stopped!
[2022-01-31 15:50:58,013] {spark_submit_hook.py:479} INFO - 22/01/31 15:50:58 INFO MemoryStore: MemoryStore cleared
[2022-01-31 15:50:58,014] {spark_submit_hook.py:479} INFO - 22/01/31 15:50:58 INFO BlockManager: BlockManager stopped
[2022-01-31 15:50:58,016] {spark_submit_hook.py:479} INFO - 22/01/31 15:50:58 INFO BlockManagerMaster: BlockManagerMaster stopped
[2022-01-31 15:50:58,018] {spark_submit_hook.py:479} INFO - 22/01/31 15:50:58 INFO OutputCommitCoordinator$OutputCommitCoordinatorEndpoint: OutputCommitCoordinator stopped!
[2022-01-31 15:50:58,021] {spark_submit_hook.py:479} INFO - 22/01/31 15:50:58 INFO SparkContext: Successfully stopped SparkContext
[2022-01-31 15:50:58,023] {spark_submit_hook.py:479} INFO - 22/01/31 15:50:58 INFO ShutdownHookManager: Shutdown hook called
[2022-01-31 15:50:58,023] {spark_submit_hook.py:479} INFO - 22/01/31 15:50:58 INFO ShutdownHookManager: Deleting directory /tmp/spark-de4b546d-4d93-470b-acb3-2784132ddda8
[2022-01-31 15:50:58,025] {spark_submit_hook.py:479} INFO - 22/01/31 15:50:58 INFO ShutdownHookManager: Deleting directory /tmp/spark-de4b546d-4d93-470b-acb3-2784132ddda8/pyspark-ee8dbfb2-9cf1-40e7-967e-800f16021b3c
[2022-01-31 15:50:58,027] {spark_submit_hook.py:479} INFO - 22/01/31 15:50:58 INFO ShutdownHookManager: Deleting directory /tmp/spark-5c6331c6-b12c-47a2-94b3-dca346e1e641
[2022-01-31 15:50:58,108] {taskinstance.py:1057} INFO - Marking task as SUCCESS.dag_id=twitter_dag, task_id=transform_twitter_aluraonline, execution_date=20220128T090000, start_date=20220131T155051, end_date=20220131T155058
[2022-01-31 15:51:01,404] {local_task_job.py:102} INFO - Task exited with return code 0
