[2022-01-31 15:30:50,644] {taskinstance.py:670} INFO - Dependencies all met for <TaskInstance: twitter_dag.twitter_aluraonline 2022-01-27T09:00:00+00:00 [queued]>
[2022-01-31 15:30:50,649] {taskinstance.py:670} INFO - Dependencies all met for <TaskInstance: twitter_dag.twitter_aluraonline 2022-01-27T09:00:00+00:00 [queued]>
[2022-01-31 15:30:50,649] {taskinstance.py:880} INFO - 
--------------------------------------------------------------------------------
[2022-01-31 15:30:50,649] {taskinstance.py:881} INFO - Starting attempt 1 of 1
[2022-01-31 15:30:50,649] {taskinstance.py:882} INFO - 
--------------------------------------------------------------------------------
[2022-01-31 15:30:50,654] {taskinstance.py:901} INFO - Executing <Task(TwitterOperator): twitter_aluraonline> on 2022-01-27T09:00:00+00:00
[2022-01-31 15:30:50,656] {standard_task_runner.py:54} INFO - Started process 28517 to run task
[2022-01-31 15:30:50,686] {standard_task_runner.py:77} INFO - Running: ['airflow', 'run', 'twitter_dag', 'twitter_aluraonline', '2022-01-27T09:00:00+00:00', '--job_id', '13', '--pool', 'default_pool', '--raw', '-sd', 'DAGS_FOLDER/twitter_dag.py', '--cfg_path', '/tmp/tmpnefc1hmr']
[2022-01-31 15:30:50,686] {standard_task_runner.py:78} INFO - Job 13: Subtask twitter_aluraonline
[2022-01-31 15:30:50,701] {logging_mixin.py:112} INFO - Running <TaskInstance: twitter_dag.twitter_aluraonline 2022-01-27T09:00:00+00:00 [running]> on host 1a222f561522
[2022-01-31 15:30:50,731] {base_hook.py:89} INFO - Using connection to: id: twitter_default. Host: https://api.twitter.com, Port: None, Schema: None, Login: None, Password: None, extra: XXXXXXXX
[2022-01-31 15:30:50,732] {twitter_hook.py:36} INFO - URL: https://api.twitter.com/2/tweets/search/recent?query=AluraOnline&tweet.fields=author_id,conversation_id,created_at,id,in_reply_to_user_id,public_metrics,text&expansions=author_id&user.fields=id,name,username,created_at&start_time=2022-01-27T09:00:00.00Z&end_time=2022-01-28T09:00:00.00Z
[2022-01-31 15:30:50,751] {logging_mixin.py:112} WARNING - /run/datapipeline/.env/lib/python3.8/site-packages/urllib3/connectionpool.py:981: InsecureRequestWarning: Unverified HTTPS request is being made to host 'api.twitter.com'. Adding certificate verification is strongly advised. See: https://urllib3.readthedocs.io/en/latest/advanced-usage.html#ssl-warnings
  warnings.warn(
[2022-01-31 15:30:51,037] {twitter_hook.py:36} INFO - URL: https://api.twitter.com/2/tweets/search/recent?query=AluraOnline&tweet.fields=author_id,conversation_id,created_at,id,in_reply_to_user_id,public_metrics,text&expansions=author_id&user.fields=id,name,username,created_at&start_time=2022-01-27T09:00:00.00Z&end_time=2022-01-28T09:00:00.00Z&next_token=b26v89c19zqg8o3fpe47ncr7g476azg2u00dl0izoq3jx
[2022-01-31 15:30:51,037] {logging_mixin.py:112} WARNING - /run/datapipeline/.env/lib/python3.8/site-packages/urllib3/connectionpool.py:981: InsecureRequestWarning: Unverified HTTPS request is being made to host 'api.twitter.com'. Adding certificate verification is strongly advised. See: https://urllib3.readthedocs.io/en/latest/advanced-usage.html#ssl-warnings
  warnings.warn(
[2022-01-31 15:30:51,311] {twitter_hook.py:36} INFO - URL: https://api.twitter.com/2/tweets/search/recent?query=AluraOnline&tweet.fields=author_id,conversation_id,created_at,id,in_reply_to_user_id,public_metrics,text&expansions=author_id&user.fields=id,name,username,created_at&start_time=2022-01-27T09:00:00.00Z&end_time=2022-01-28T09:00:00.00Z&next_token=b26v89c19zqg8o3fpe47ncqb4coycfo1fhq8j0p88vlh9
[2022-01-31 15:30:51,312] {logging_mixin.py:112} WARNING - /run/datapipeline/.env/lib/python3.8/site-packages/urllib3/connectionpool.py:981: InsecureRequestWarning: Unverified HTTPS request is being made to host 'api.twitter.com'. Adding certificate verification is strongly advised. See: https://urllib3.readthedocs.io/en/latest/advanced-usage.html#ssl-warnings
  warnings.warn(
[2022-01-31 15:30:51,610] {twitter_hook.py:36} INFO - URL: https://api.twitter.com/2/tweets/search/recent?query=AluraOnline&tweet.fields=author_id,conversation_id,created_at,id,in_reply_to_user_id,public_metrics,text&expansions=author_id&user.fields=id,name,username,created_at&start_time=2022-01-27T09:00:00.00Z&end_time=2022-01-28T09:00:00.00Z&next_token=b26v89c19zqg8o3fpe47ncq0aep2ta8nt6xsnnufofb0d
[2022-01-31 15:30:51,611] {logging_mixin.py:112} WARNING - /run/datapipeline/.env/lib/python3.8/site-packages/urllib3/connectionpool.py:981: InsecureRequestWarning: Unverified HTTPS request is being made to host 'api.twitter.com'. Adding certificate verification is strongly advised. See: https://urllib3.readthedocs.io/en/latest/advanced-usage.html#ssl-warnings
  warnings.warn(
[2022-01-31 15:30:51,905] {twitter_hook.py:36} INFO - URL: https://api.twitter.com/2/tweets/search/recent?query=AluraOnline&tweet.fields=author_id,conversation_id,created_at,id,in_reply_to_user_id,public_metrics,text&expansions=author_id&user.fields=id,name,username,created_at&start_time=2022-01-27T09:00:00.00Z&end_time=2022-01-28T09:00:00.00Z&next_token=b26v89c19zqg8o3fpe47nan2slj4icks4o7wyz02kkha5
[2022-01-31 15:30:51,905] {logging_mixin.py:112} WARNING - /run/datapipeline/.env/lib/python3.8/site-packages/urllib3/connectionpool.py:981: InsecureRequestWarning: Unverified HTTPS request is being made to host 'api.twitter.com'. Adding certificate verification is strongly advised. See: https://urllib3.readthedocs.io/en/latest/advanced-usage.html#ssl-warnings
  warnings.warn(
[2022-01-31 15:30:52,185] {twitter_hook.py:36} INFO - URL: https://api.twitter.com/2/tweets/search/recent?query=AluraOnline&tweet.fields=author_id,conversation_id,created_at,id,in_reply_to_user_id,public_metrics,text&expansions=author_id&user.fields=id,name,username,created_at&start_time=2022-01-27T09:00:00.00Z&end_time=2022-01-28T09:00:00.00Z&next_token=b26v89c19zqg8o3fpe47nams1o4vmycuc6bcwlt675g8t
[2022-01-31 15:30:52,185] {logging_mixin.py:112} WARNING - /run/datapipeline/.env/lib/python3.8/site-packages/urllib3/connectionpool.py:981: InsecureRequestWarning: Unverified HTTPS request is being made to host 'api.twitter.com'. Adding certificate verification is strongly advised. See: https://urllib3.readthedocs.io/en/latest/advanced-usage.html#ssl-warnings
  warnings.warn(
[2022-01-31 15:30:52,473] {twitter_hook.py:36} INFO - URL: https://api.twitter.com/2/tweets/search/recent?query=AluraOnline&tweet.fields=author_id,conversation_id,created_at,id,in_reply_to_user_id,public_metrics,text&expansions=author_id&user.fields=id,name,username,created_at&start_time=2022-01-27T09:00:00.00Z&end_time=2022-01-28T09:00:00.00Z&next_token=b26v89c19zqg8o3fpe47namh67iohmyoo81787rbwgarh
[2022-01-31 15:30:52,474] {logging_mixin.py:112} WARNING - /run/datapipeline/.env/lib/python3.8/site-packages/urllib3/connectionpool.py:981: InsecureRequestWarning: Unverified HTTPS request is being made to host 'api.twitter.com'. Adding certificate verification is strongly advised. See: https://urllib3.readthedocs.io/en/latest/advanced-usage.html#ssl-warnings
  warnings.warn(
[2022-01-31 15:30:52,737] {twitter_hook.py:36} INFO - URL: https://api.twitter.com/2/tweets/search/recent?query=AluraOnline&tweet.fields=author_id,conversation_id,created_at,id,in_reply_to_user_id,public_metrics,text&expansions=author_id&user.fields=id,name,username,created_at&start_time=2022-01-27T09:00:00.00Z&end_time=2022-01-28T09:00:00.00Z&next_token=b26v89c19zqg8o3fpe47nakzcmxnnolm4xsqm6o4eceil
[2022-01-31 15:30:52,738] {logging_mixin.py:112} WARNING - /run/datapipeline/.env/lib/python3.8/site-packages/urllib3/connectionpool.py:981: InsecureRequestWarning: Unverified HTTPS request is being made to host 'api.twitter.com'. Adding certificate verification is strongly advised. See: https://urllib3.readthedocs.io/en/latest/advanced-usage.html#ssl-warnings
  warnings.warn(
[2022-01-31 15:30:52,998] {taskinstance.py:1057} INFO - Marking task as SUCCESS.dag_id=twitter_dag, task_id=twitter_aluraonline, execution_date=20220127T090000, start_date=20220131T153050, end_date=20220131T153052
[2022-01-31 15:30:55,641] {local_task_job.py:102} INFO - Task exited with return code 0
[2022-01-31 15:47:03,297] {taskinstance.py:670} INFO - Dependencies all met for <TaskInstance: twitter_dag.twitter_aluraonline 2022-01-27T09:00:00+00:00 [queued]>
[2022-01-31 15:47:03,303] {taskinstance.py:670} INFO - Dependencies all met for <TaskInstance: twitter_dag.twitter_aluraonline 2022-01-27T09:00:00+00:00 [queued]>
[2022-01-31 15:47:03,303] {taskinstance.py:880} INFO - 
--------------------------------------------------------------------------------
[2022-01-31 15:47:03,303] {taskinstance.py:881} INFO - Starting attempt 1 of 1
[2022-01-31 15:47:03,303] {taskinstance.py:882} INFO - 
--------------------------------------------------------------------------------
[2022-01-31 15:47:03,308] {taskinstance.py:901} INFO - Executing <Task(TwitterOperator): twitter_aluraonline> on 2022-01-27T09:00:00+00:00
[2022-01-31 15:47:03,310] {standard_task_runner.py:54} INFO - Started process 11516 to run task
[2022-01-31 15:47:03,340] {standard_task_runner.py:77} INFO - Running: ['airflow', 'run', 'twitter_dag', 'twitter_aluraonline', '2022-01-27T09:00:00+00:00', '--job_id', '15', '--pool', 'default_pool', '--raw', '-sd', 'DAGS_FOLDER/twitter_dag.py', '--cfg_path', '/tmp/tmp7j9nf8iu']
[2022-01-31 15:47:03,340] {standard_task_runner.py:78} INFO - Job 15: Subtask twitter_aluraonline
[2022-01-31 15:47:03,354] {logging_mixin.py:112} INFO - Running <TaskInstance: twitter_dag.twitter_aluraonline 2022-01-27T09:00:00+00:00 [running]> on host 1a222f561522
[2022-01-31 15:47:03,384] {base_hook.py:89} INFO - Using connection to: id: twitter_default. Host: https://api.twitter.com, Port: None, Schema: None, Login: None, Password: None, extra: XXXXXXXX
[2022-01-31 15:47:03,385] {twitter_hook.py:36} INFO - URL: https://api.twitter.com/2/tweets/search/recent?query=AluraOnline&tweet.fields=author_id,conversation_id,created_at,id,in_reply_to_user_id,public_metrics,text&expansions=author_id&user.fields=id,name,username,created_at&start_time=2022-01-27T09:00:00.00Z&end_time=2022-01-28T09:00:00.00Z
[2022-01-31 15:47:03,405] {logging_mixin.py:112} WARNING - /run/datapipeline/.env/lib/python3.8/site-packages/urllib3/connectionpool.py:981: InsecureRequestWarning: Unverified HTTPS request is being made to host 'api.twitter.com'. Adding certificate verification is strongly advised. See: https://urllib3.readthedocs.io/en/latest/advanced-usage.html#ssl-warnings
  warnings.warn(
[2022-01-31 15:47:03,693] {twitter_hook.py:36} INFO - URL: https://api.twitter.com/2/tweets/search/recent?query=AluraOnline&tweet.fields=author_id,conversation_id,created_at,id,in_reply_to_user_id,public_metrics,text&expansions=author_id&user.fields=id,name,username,created_at&start_time=2022-01-27T09:00:00.00Z&end_time=2022-01-28T09:00:00.00Z&next_token=b26v89c19zqg8o3fpe47ncr7g476azg2u00dl0izoq3jx
[2022-01-31 15:47:03,694] {logging_mixin.py:112} WARNING - /run/datapipeline/.env/lib/python3.8/site-packages/urllib3/connectionpool.py:981: InsecureRequestWarning: Unverified HTTPS request is being made to host 'api.twitter.com'. Adding certificate verification is strongly advised. See: https://urllib3.readthedocs.io/en/latest/advanced-usage.html#ssl-warnings
  warnings.warn(
[2022-01-31 15:47:04,005] {twitter_hook.py:36} INFO - URL: https://api.twitter.com/2/tweets/search/recent?query=AluraOnline&tweet.fields=author_id,conversation_id,created_at,id,in_reply_to_user_id,public_metrics,text&expansions=author_id&user.fields=id,name,username,created_at&start_time=2022-01-27T09:00:00.00Z&end_time=2022-01-28T09:00:00.00Z&next_token=b26v89c19zqg8o3fpe47ncqb4coycfo1fhq8j0p88vlh9
[2022-01-31 15:47:04,006] {logging_mixin.py:112} WARNING - /run/datapipeline/.env/lib/python3.8/site-packages/urllib3/connectionpool.py:981: InsecureRequestWarning: Unverified HTTPS request is being made to host 'api.twitter.com'. Adding certificate verification is strongly advised. See: https://urllib3.readthedocs.io/en/latest/advanced-usage.html#ssl-warnings
  warnings.warn(
[2022-01-31 15:47:04,324] {twitter_hook.py:36} INFO - URL: https://api.twitter.com/2/tweets/search/recent?query=AluraOnline&tweet.fields=author_id,conversation_id,created_at,id,in_reply_to_user_id,public_metrics,text&expansions=author_id&user.fields=id,name,username,created_at&start_time=2022-01-27T09:00:00.00Z&end_time=2022-01-28T09:00:00.00Z&next_token=b26v89c19zqg8o3fpe47ncq0aep2ta8nt6xsnnufofb0d
[2022-01-31 15:47:04,325] {logging_mixin.py:112} WARNING - /run/datapipeline/.env/lib/python3.8/site-packages/urllib3/connectionpool.py:981: InsecureRequestWarning: Unverified HTTPS request is being made to host 'api.twitter.com'. Adding certificate verification is strongly advised. See: https://urllib3.readthedocs.io/en/latest/advanced-usage.html#ssl-warnings
  warnings.warn(
[2022-01-31 15:47:04,603] {twitter_hook.py:36} INFO - URL: https://api.twitter.com/2/tweets/search/recent?query=AluraOnline&tweet.fields=author_id,conversation_id,created_at,id,in_reply_to_user_id,public_metrics,text&expansions=author_id&user.fields=id,name,username,created_at&start_time=2022-01-27T09:00:00.00Z&end_time=2022-01-28T09:00:00.00Z&next_token=b26v89c19zqg8o3fpe47nan2slj4icks4o7wyz02kkha5
[2022-01-31 15:47:04,603] {logging_mixin.py:112} WARNING - /run/datapipeline/.env/lib/python3.8/site-packages/urllib3/connectionpool.py:981: InsecureRequestWarning: Unverified HTTPS request is being made to host 'api.twitter.com'. Adding certificate verification is strongly advised. See: https://urllib3.readthedocs.io/en/latest/advanced-usage.html#ssl-warnings
  warnings.warn(
[2022-01-31 15:47:04,904] {twitter_hook.py:36} INFO - URL: https://api.twitter.com/2/tweets/search/recent?query=AluraOnline&tweet.fields=author_id,conversation_id,created_at,id,in_reply_to_user_id,public_metrics,text&expansions=author_id&user.fields=id,name,username,created_at&start_time=2022-01-27T09:00:00.00Z&end_time=2022-01-28T09:00:00.00Z&next_token=b26v89c19zqg8o3fpe47nams1o4vmycuc6bcwlt675g8t
[2022-01-31 15:47:04,905] {logging_mixin.py:112} WARNING - /run/datapipeline/.env/lib/python3.8/site-packages/urllib3/connectionpool.py:981: InsecureRequestWarning: Unverified HTTPS request is being made to host 'api.twitter.com'. Adding certificate verification is strongly advised. See: https://urllib3.readthedocs.io/en/latest/advanced-usage.html#ssl-warnings
  warnings.warn(
[2022-01-31 15:47:05,190] {twitter_hook.py:36} INFO - URL: https://api.twitter.com/2/tweets/search/recent?query=AluraOnline&tweet.fields=author_id,conversation_id,created_at,id,in_reply_to_user_id,public_metrics,text&expansions=author_id&user.fields=id,name,username,created_at&start_time=2022-01-27T09:00:00.00Z&end_time=2022-01-28T09:00:00.00Z&next_token=b26v89c19zqg8o3fpe47namh67iohmyoo81787rbwgarh
[2022-01-31 15:47:05,190] {logging_mixin.py:112} WARNING - /run/datapipeline/.env/lib/python3.8/site-packages/urllib3/connectionpool.py:981: InsecureRequestWarning: Unverified HTTPS request is being made to host 'api.twitter.com'. Adding certificate verification is strongly advised. See: https://urllib3.readthedocs.io/en/latest/advanced-usage.html#ssl-warnings
  warnings.warn(
[2022-01-31 15:47:05,495] {twitter_hook.py:36} INFO - URL: https://api.twitter.com/2/tweets/search/recent?query=AluraOnline&tweet.fields=author_id,conversation_id,created_at,id,in_reply_to_user_id,public_metrics,text&expansions=author_id&user.fields=id,name,username,created_at&start_time=2022-01-27T09:00:00.00Z&end_time=2022-01-28T09:00:00.00Z&next_token=b26v89c19zqg8o3fpe47nakzcmxnnolm4xsqm6o4eceil
[2022-01-31 15:47:05,496] {logging_mixin.py:112} WARNING - /run/datapipeline/.env/lib/python3.8/site-packages/urllib3/connectionpool.py:981: InsecureRequestWarning: Unverified HTTPS request is being made to host 'api.twitter.com'. Adding certificate verification is strongly advised. See: https://urllib3.readthedocs.io/en/latest/advanced-usage.html#ssl-warnings
  warnings.warn(
[2022-01-31 15:47:05,752] {taskinstance.py:1057} INFO - Marking task as SUCCESS.dag_id=twitter_dag, task_id=twitter_aluraonline, execution_date=20220127T090000, start_date=20220131T154703, end_date=20220131T154705
[2022-01-31 15:47:08,295] {local_task_job.py:102} INFO - Task exited with return code 0
