[2022-03-15 19:36:36,595] {taskinstance.py:670} INFO - Dependencies all met for <TaskInstance: twitter_dag.transform_twiiter_aluraonline 2022-03-14T09:00:00+00:00 [queued]>
[2022-03-15 19:36:36,600] {taskinstance.py:670} INFO - Dependencies all met for <TaskInstance: twitter_dag.transform_twiiter_aluraonline 2022-03-14T09:00:00+00:00 [queued]>
[2022-03-15 19:36:36,601] {taskinstance.py:880} INFO - 
--------------------------------------------------------------------------------
[2022-03-15 19:36:36,601] {taskinstance.py:881} INFO - Starting attempt 1 of 1
[2022-03-15 19:36:36,601] {taskinstance.py:882} INFO - 
--------------------------------------------------------------------------------
[2022-03-15 19:36:36,607] {taskinstance.py:901} INFO - Executing <Task(SparkSubmitOperator): transform_twiiter_aluraonline> on 2022-03-14T09:00:00+00:00
[2022-03-15 19:36:36,609] {standard_task_runner.py:54} INFO - Started process 7261 to run task
[2022-03-15 19:36:36,643] {standard_task_runner.py:77} INFO - Running: ['airflow', 'run', 'twitter_dag', 'transform_twiiter_aluraonline', '2022-03-14T09:00:00+00:00', '--job_id', '80', '--pool', 'default_pool', '--raw', '-sd', 'DAGS_FOLDER/twitter_dag.py', '--cfg_path', '/tmp/tmpj_in8ybz']
[2022-03-15 19:36:36,643] {standard_task_runner.py:78} INFO - Job 80: Subtask transform_twiiter_aluraonline
[2022-03-15 19:36:36,662] {logging_mixin.py:112} INFO - Running <TaskInstance: twitter_dag.transform_twiiter_aluraonline 2022-03-14T09:00:00+00:00 [running]> on host 1a222f561522
[2022-03-15 19:36:36,699] {base_hook.py:89} INFO - Using connection to: id: spark_default. Host: local, Port: None, Schema: None, Login: None, Password: None, extra: XXXXXXXX
[2022-03-15 19:36:36,700] {spark_submit_hook.py:325} INFO - Spark-Submit cmd: /run/pypsark/spark-3.1.2-bin-hadoop2.7/bin/spark-submit --master local --name twitter_transformation /run/datapipeline/spark/transformation.py --src /run/datapipeline/datalake/bronze/twitter_bbb22/extract_date=2022-03-14 --dest /run/datapipeline/datalake/silver/twitter_bbb22/ --process-date 2022-03-14
[2022-03-15 19:36:37,736] {spark_submit_hook.py:479} INFO - WARNING: An illegal reflective access operation has occurred
[2022-03-15 19:36:37,736] {spark_submit_hook.py:479} INFO - WARNING: Illegal reflective access by org.apache.spark.unsafe.Platform (file:/run/pypsark/spark-3.1.2-bin-hadoop2.7/jars/spark-unsafe_2.12-3.1.2.jar) to constructor java.nio.DirectByteBuffer(long,int)
[2022-03-15 19:36:37,736] {spark_submit_hook.py:479} INFO - WARNING: Please consider reporting this to the maintainers of org.apache.spark.unsafe.Platform
[2022-03-15 19:36:37,736] {spark_submit_hook.py:479} INFO - WARNING: Use --illegal-access=warn to enable warnings of further illegal reflective access operations
[2022-03-15 19:36:37,736] {spark_submit_hook.py:479} INFO - WARNING: All illegal access operations will be denied in a future release
[2022-03-15 19:36:38,204] {spark_submit_hook.py:479} INFO - 22/03/15 19:36:38 WARN NativeCodeLoader: Unable to load native-hadoop library for your platform... using builtin-java classes where applicable
[2022-03-15 19:36:38,810] {spark_submit_hook.py:479} INFO - Using Spark's default log4j profile: org/apache/spark/log4j-defaults.properties
[2022-03-15 19:36:38,817] {spark_submit_hook.py:479} INFO - 22/03/15 19:36:38 INFO SparkContext: Running Spark version 3.1.2
[2022-03-15 19:36:38,862] {spark_submit_hook.py:479} INFO - 22/03/15 19:36:38 INFO ResourceUtils: ==============================================================
[2022-03-15 19:36:38,866] {spark_submit_hook.py:479} INFO - 22/03/15 19:36:38 INFO ResourceUtils: No custom resources configured for spark.driver.
[2022-03-15 19:36:38,866] {spark_submit_hook.py:479} INFO - 22/03/15 19:36:38 INFO ResourceUtils: ==============================================================
[2022-03-15 19:36:38,866] {spark_submit_hook.py:479} INFO - 22/03/15 19:36:38 INFO SparkContext: Submitted application: twitter_transformation
[2022-03-15 19:36:38,938] {spark_submit_hook.py:479} INFO - 22/03/15 19:36:38 INFO ResourceProfile: Default ResourceProfile created, executor resources: Map(cores -> name: cores, amount: 1, script: , vendor: , memory -> name: memory, amount: 1024, script: , vendor: , offHeap -> name: offHeap, amount: 0, script: , vendor: ), task resources: Map(cpus -> name: cpus, amount: 1.0)
[2022-03-15 19:36:38,978] {spark_submit_hook.py:479} INFO - 22/03/15 19:36:38 INFO ResourceProfile: Limiting resource is cpu
[2022-03-15 19:36:38,978] {spark_submit_hook.py:479} INFO - 22/03/15 19:36:38 INFO ResourceProfileManager: Added ResourceProfile id: 0
[2022-03-15 19:36:39,014] {spark_submit_hook.py:479} INFO - 22/03/15 19:36:39 INFO SecurityManager: Changing view acls to: root
[2022-03-15 19:36:39,014] {spark_submit_hook.py:479} INFO - 22/03/15 19:36:39 INFO SecurityManager: Changing modify acls to: root
[2022-03-15 19:36:39,014] {spark_submit_hook.py:479} INFO - 22/03/15 19:36:39 INFO SecurityManager: Changing view acls groups to:
[2022-03-15 19:36:39,014] {spark_submit_hook.py:479} INFO - 22/03/15 19:36:39 INFO SecurityManager: Changing modify acls groups to:
[2022-03-15 19:36:39,014] {spark_submit_hook.py:479} INFO - 22/03/15 19:36:39 INFO SecurityManager: SecurityManager: authentication disabled; ui acls disabled; users  with view permissions: Set(root); groups with view permissions: Set(); users  with modify permissions: Set(root); groups with modify permissions: Set()
[2022-03-15 19:36:39,186] {spark_submit_hook.py:479} INFO - 22/03/15 19:36:39 INFO Utils: Successfully started service 'sparkDriver' on port 34239.
[2022-03-15 19:36:39,207] {spark_submit_hook.py:479} INFO - 22/03/15 19:36:39 INFO SparkEnv: Registering MapOutputTracker
[2022-03-15 19:36:39,230] {spark_submit_hook.py:479} INFO - 22/03/15 19:36:39 INFO SparkEnv: Registering BlockManagerMaster
[2022-03-15 19:36:39,244] {spark_submit_hook.py:479} INFO - 22/03/15 19:36:39 INFO BlockManagerMasterEndpoint: Using org.apache.spark.storage.DefaultTopologyMapper for getting topology information
[2022-03-15 19:36:39,244] {spark_submit_hook.py:479} INFO - 22/03/15 19:36:39 INFO BlockManagerMasterEndpoint: BlockManagerMasterEndpoint up
[2022-03-15 19:36:39,248] {spark_submit_hook.py:479} INFO - 22/03/15 19:36:39 INFO SparkEnv: Registering BlockManagerMasterHeartbeat
[2022-03-15 19:36:39,257] {spark_submit_hook.py:479} INFO - 22/03/15 19:36:39 INFO DiskBlockManager: Created local directory at /tmp/blockmgr-fbac2a16-325e-4b2d-898f-ee39023960b9
[2022-03-15 19:36:39,274] {spark_submit_hook.py:479} INFO - 22/03/15 19:36:39 INFO MemoryStore: MemoryStore started with capacity 434.4 MiB
[2022-03-15 19:36:39,287] {spark_submit_hook.py:479} INFO - 22/03/15 19:36:39 INFO SparkEnv: Registering OutputCommitCoordinator
[2022-03-15 19:36:39,423] {spark_submit_hook.py:479} INFO - 22/03/15 19:36:39 WARN Utils: Service 'SparkUI' could not bind on port 4040. Attempting port 4041.
[2022-03-15 19:36:39,428] {spark_submit_hook.py:479} INFO - 22/03/15 19:36:39 INFO Utils: Successfully started service 'SparkUI' on port 4041.
[2022-03-15 19:36:39,471] {spark_submit_hook.py:479} INFO - 22/03/15 19:36:39 INFO SparkUI: Bound SparkUI to 0.0.0.0, and started at http://1a222f561522:4041
[2022-03-15 19:36:39,607] {spark_submit_hook.py:479} INFO - 22/03/15 19:36:39 INFO Executor: Starting executor ID driver on host 1a222f561522
[2022-03-15 19:36:39,625] {spark_submit_hook.py:479} INFO - 22/03/15 19:36:39 INFO Utils: Successfully started service 'org.apache.spark.network.netty.NettyBlockTransferService' on port 43775.
[2022-03-15 19:36:39,625] {spark_submit_hook.py:479} INFO - 22/03/15 19:36:39 INFO NettyBlockTransferService: Server created on 1a222f561522:43775
[2022-03-15 19:36:39,626] {spark_submit_hook.py:479} INFO - 22/03/15 19:36:39 INFO BlockManager: Using org.apache.spark.storage.RandomBlockReplicationPolicy for block replication policy
[2022-03-15 19:36:39,631] {spark_submit_hook.py:479} INFO - 22/03/15 19:36:39 INFO BlockManagerMaster: Registering BlockManager BlockManagerId(driver, 1a222f561522, 43775, None)
[2022-03-15 19:36:39,635] {spark_submit_hook.py:479} INFO - 22/03/15 19:36:39 INFO BlockManagerMasterEndpoint: Registering block manager 1a222f561522:43775 with 434.4 MiB RAM, BlockManagerId(driver, 1a222f561522, 43775, None)
[2022-03-15 19:36:39,637] {spark_submit_hook.py:479} INFO - 22/03/15 19:36:39 INFO BlockManagerMaster: Registered BlockManager BlockManagerId(driver, 1a222f561522, 43775, None)
[2022-03-15 19:36:39,637] {spark_submit_hook.py:479} INFO - 22/03/15 19:36:39 INFO BlockManager: Initialized BlockManager: BlockManagerId(driver, 1a222f561522, 43775, None)
[2022-03-15 19:36:39,977] {spark_submit_hook.py:479} INFO - 22/03/15 19:36:39 INFO SharedState: Setting hive.metastore.warehouse.dir ('null') to the value of spark.sql.warehouse.dir ('file:/run/datapipeline/spark-warehouse').
[2022-03-15 19:36:39,978] {spark_submit_hook.py:479} INFO - 22/03/15 19:36:39 INFO SharedState: Warehouse path is 'file:/run/datapipeline/spark-warehouse'.
[2022-03-15 19:36:40,532] {spark_submit_hook.py:479} INFO - 22/03/15 19:36:40 INFO InMemoryFileIndex: It took 30 ms to list leaf files for 1 paths.
[2022-03-15 19:36:40,579] {spark_submit_hook.py:479} INFO - 22/03/15 19:36:40 INFO InMemoryFileIndex: It took 1 ms to list leaf files for 1 paths.
[2022-03-15 19:36:41,839] {spark_submit_hook.py:479} INFO - 22/03/15 19:36:41 INFO FileSourceStrategy: Pushed Filters:
[2022-03-15 19:36:41,840] {spark_submit_hook.py:479} INFO - 22/03/15 19:36:41 INFO FileSourceStrategy: Post-Scan Filters:
[2022-03-15 19:36:41,842] {spark_submit_hook.py:479} INFO - 22/03/15 19:36:41 INFO FileSourceStrategy: Output Data Schema: struct<value: string>
[2022-03-15 19:36:42,027] {spark_submit_hook.py:479} INFO - 22/03/15 19:36:42 INFO MemoryStore: Block broadcast_0 stored as values in memory (estimated size 171.5 KiB, free 434.2 MiB)
[2022-03-15 19:36:42,064] {spark_submit_hook.py:479} INFO - 22/03/15 19:36:42 INFO MemoryStore: Block broadcast_0_piece0 stored as bytes in memory (estimated size 24.0 KiB, free 434.2 MiB)
[2022-03-15 19:36:42,066] {spark_submit_hook.py:479} INFO - 22/03/15 19:36:42 INFO BlockManagerInfo: Added broadcast_0_piece0 in memory on 1a222f561522:43775 (size: 24.0 KiB, free: 434.4 MiB)
[2022-03-15 19:36:42,069] {spark_submit_hook.py:479} INFO - 22/03/15 19:36:42 INFO SparkContext: Created broadcast 0 from json at NativeMethodAccessorImpl.java:0
[2022-03-15 19:36:42,074] {spark_submit_hook.py:479} INFO - 22/03/15 19:36:42 INFO FileSourceScanExec: Planning scan with bin packing, max size: 4217762 bytes, open cost is considered as scanning 4194304 bytes.
[2022-03-15 19:36:42,193] {spark_submit_hook.py:479} INFO - 22/03/15 19:36:42 INFO SparkContext: Starting job: json at NativeMethodAccessorImpl.java:0
[2022-03-15 19:36:42,203] {spark_submit_hook.py:479} INFO - 22/03/15 19:36:42 INFO DAGScheduler: Got job 0 (json at NativeMethodAccessorImpl.java:0) with 1 output partitions
[2022-03-15 19:36:42,203] {spark_submit_hook.py:479} INFO - 22/03/15 19:36:42 INFO DAGScheduler: Final stage: ResultStage 0 (json at NativeMethodAccessorImpl.java:0)
[2022-03-15 19:36:42,204] {spark_submit_hook.py:479} INFO - 22/03/15 19:36:42 INFO DAGScheduler: Parents of final stage: List()
[2022-03-15 19:36:42,205] {spark_submit_hook.py:479} INFO - 22/03/15 19:36:42 INFO DAGScheduler: Missing parents: List()
[2022-03-15 19:36:42,208] {spark_submit_hook.py:479} INFO - 22/03/15 19:36:42 INFO DAGScheduler: Submitting ResultStage 0 (MapPartitionsRDD[3] at json at NativeMethodAccessorImpl.java:0), which has no missing parents
[2022-03-15 19:36:42,273] {spark_submit_hook.py:479} INFO - 22/03/15 19:36:42 INFO MemoryStore: Block broadcast_1 stored as values in memory (estimated size 12.0 KiB, free 434.2 MiB)
[2022-03-15 19:36:42,276] {spark_submit_hook.py:479} INFO - 22/03/15 19:36:42 INFO MemoryStore: Block broadcast_1_piece0 stored as bytes in memory (estimated size 6.3 KiB, free 434.2 MiB)
[2022-03-15 19:36:42,277] {spark_submit_hook.py:479} INFO - 22/03/15 19:36:42 INFO BlockManagerInfo: Added broadcast_1_piece0 in memory on 1a222f561522:43775 (size: 6.3 KiB, free: 434.4 MiB)
[2022-03-15 19:36:42,278] {spark_submit_hook.py:479} INFO - 22/03/15 19:36:42 INFO SparkContext: Created broadcast 1 from broadcast at DAGScheduler.scala:1388
[2022-03-15 19:36:42,287] {spark_submit_hook.py:479} INFO - 22/03/15 19:36:42 INFO DAGScheduler: Submitting 1 missing tasks from ResultStage 0 (MapPartitionsRDD[3] at json at NativeMethodAccessorImpl.java:0) (first 15 tasks are for partitions Vector(0))
[2022-03-15 19:36:42,287] {spark_submit_hook.py:479} INFO - 22/03/15 19:36:42 INFO TaskSchedulerImpl: Adding task set 0.0 with 1 tasks resource profile 0
[2022-03-15 19:36:42,321] {spark_submit_hook.py:479} INFO - 22/03/15 19:36:42 INFO TaskSetManager: Starting task 0.0 in stage 0.0 (TID 0) (1a222f561522, executor driver, partition 0, PROCESS_LOCAL, 4923 bytes) taskResourceAssignments Map()
[2022-03-15 19:36:42,330] {spark_submit_hook.py:479} INFO - 22/03/15 19:36:42 INFO Executor: Running task 0.0 in stage 0.0 (TID 0)
[2022-03-15 19:36:42,421] {spark_submit_hook.py:479} INFO - 22/03/15 19:36:42 INFO FileScanRDD: Reading File path: file:///run/datapipeline/datalake/bronze/twitter_bbb22/extract_date=2022-03-14/bbb22_20220314.json, range: 0-23458, partition values: [empty row]
[2022-03-15 19:36:42,628] {spark_submit_hook.py:479} INFO - 22/03/15 19:36:42 INFO CodeGenerator: Code generated in 123.153216 ms
[2022-03-15 19:36:42,678] {spark_submit_hook.py:479} INFO - 22/03/15 19:36:42 INFO Executor: Finished task 0.0 in stage 0.0 (TID 0). 2858 bytes result sent to driver
[2022-03-15 19:36:42,686] {spark_submit_hook.py:479} INFO - 22/03/15 19:36:42 INFO TaskSetManager: Finished task 0.0 in stage 0.0 (TID 0) in 370 ms on 1a222f561522 (executor driver) (1/1)
[2022-03-15 19:36:42,688] {spark_submit_hook.py:479} INFO - 22/03/15 19:36:42 INFO TaskSchedulerImpl: Removed TaskSet 0.0, whose tasks have all completed, from pool
[2022-03-15 19:36:42,694] {spark_submit_hook.py:479} INFO - 22/03/15 19:36:42 INFO DAGScheduler: ResultStage 0 (json at NativeMethodAccessorImpl.java:0) finished in 0.475 s
[2022-03-15 19:36:42,697] {spark_submit_hook.py:479} INFO - 22/03/15 19:36:42 INFO DAGScheduler: Job 0 is finished. Cancelling potential speculative or zombie tasks for this job
[2022-03-15 19:36:42,697] {spark_submit_hook.py:479} INFO - 22/03/15 19:36:42 INFO TaskSchedulerImpl: Killing all running tasks in stage 0: Stage finished
[2022-03-15 19:36:42,700] {spark_submit_hook.py:479} INFO - 22/03/15 19:36:42 INFO DAGScheduler: Job 0 finished: json at NativeMethodAccessorImpl.java:0, took 0.505989 s
[2022-03-15 19:36:42,995] {spark_submit_hook.py:479} INFO - 22/03/15 19:36:42 INFO FileSourceStrategy: Pushed Filters: IsNotNull(data)
[2022-03-15 19:36:42,996] {spark_submit_hook.py:479} INFO - 22/03/15 19:36:42 INFO FileSourceStrategy: Post-Scan Filters: (size(data#7, true) > 0),isnotnull(data#7)
[2022-03-15 19:36:42,996] {spark_submit_hook.py:479} INFO - 22/03/15 19:36:42 INFO FileSourceStrategy: Output Data Schema: struct<data: array<struct<author_id:string,conversation_id:string,created_at:string,id:string,in_reply_to_user_id:string,public_metrics:struct<like_count:bigint,quote_count:bigint,reply_count:bigint,retweet_count:bigint>,text:string>>>
[2022-03-15 19:36:43,041] {spark_submit_hook.py:479} INFO - 22/03/15 19:36:43 INFO FileOutputCommitter: File Output Committer Algorithm version is 1
[2022-03-15 19:36:43,042] {spark_submit_hook.py:479} INFO - 22/03/15 19:36:43 INFO SQLHadoopMapReduceCommitProtocol: Using output committer class org.apache.hadoop.mapreduce.lib.output.FileOutputCommitter
[2022-03-15 19:36:43,109] {spark_submit_hook.py:479} INFO - 22/03/15 19:36:43 INFO CodeGenerator: Code generated in 40.162304 ms
[2022-03-15 19:36:43,150] {spark_submit_hook.py:479} INFO - 22/03/15 19:36:43 INFO BlockManagerInfo: Removed broadcast_0_piece0 on 1a222f561522:43775 in memory (size: 24.0 KiB, free: 434.4 MiB)
[2022-03-15 19:36:43,166] {spark_submit_hook.py:479} INFO - 22/03/15 19:36:43 INFO CodeGenerator: Code generated in 33.020807 ms
[2022-03-15 19:36:43,170] {spark_submit_hook.py:479} INFO - 22/03/15 19:36:43 INFO MemoryStore: Block broadcast_2 stored as values in memory (estimated size 171.4 KiB, free 434.2 MiB)
[2022-03-15 19:36:43,175] {spark_submit_hook.py:479} INFO - 22/03/15 19:36:43 INFO BlockManagerInfo: Removed broadcast_1_piece0 on 1a222f561522:43775 in memory (size: 6.3 KiB, free: 434.4 MiB)
[2022-03-15 19:36:43,178] {spark_submit_hook.py:479} INFO - 22/03/15 19:36:43 INFO MemoryStore: Block broadcast_2_piece0 stored as bytes in memory (estimated size 23.9 KiB, free 434.2 MiB)
[2022-03-15 19:36:43,178] {spark_submit_hook.py:479} INFO - 22/03/15 19:36:43 INFO BlockManagerInfo: Added broadcast_2_piece0 in memory on 1a222f561522:43775 (size: 23.9 KiB, free: 434.4 MiB)
[2022-03-15 19:36:43,183] {spark_submit_hook.py:479} INFO - 22/03/15 19:36:43 INFO SparkContext: Created broadcast 2 from json at NativeMethodAccessorImpl.java:0
[2022-03-15 19:36:43,183] {spark_submit_hook.py:479} INFO - 22/03/15 19:36:43 INFO FileSourceScanExec: Planning scan with bin packing, max size: 4217762 bytes, open cost is considered as scanning 4194304 bytes.
[2022-03-15 19:36:43,252] {spark_submit_hook.py:479} INFO - 22/03/15 19:36:43 INFO SparkContext: Starting job: json at NativeMethodAccessorImpl.java:0
[2022-03-15 19:36:43,254] {spark_submit_hook.py:479} INFO - 22/03/15 19:36:43 INFO DAGScheduler: Got job 1 (json at NativeMethodAccessorImpl.java:0) with 1 output partitions
[2022-03-15 19:36:43,254] {spark_submit_hook.py:479} INFO - 22/03/15 19:36:43 INFO DAGScheduler: Final stage: ResultStage 1 (json at NativeMethodAccessorImpl.java:0)
[2022-03-15 19:36:43,254] {spark_submit_hook.py:479} INFO - 22/03/15 19:36:43 INFO DAGScheduler: Parents of final stage: List()
[2022-03-15 19:36:43,254] {spark_submit_hook.py:479} INFO - 22/03/15 19:36:43 INFO DAGScheduler: Missing parents: List()
[2022-03-15 19:36:43,255] {spark_submit_hook.py:479} INFO - 22/03/15 19:36:43 INFO DAGScheduler: Submitting ResultStage 1 (CoalescedRDD[13] at json at NativeMethodAccessorImpl.java:0), which has no missing parents
[2022-03-15 19:36:43,288] {spark_submit_hook.py:479} INFO - 22/03/15 19:36:43 INFO MemoryStore: Block broadcast_3 stored as values in memory (estimated size 167.6 KiB, free 434.0 MiB)
[2022-03-15 19:36:43,292] {spark_submit_hook.py:479} INFO - 22/03/15 19:36:43 INFO MemoryStore: Block broadcast_3_piece0 stored as bytes in memory (estimated size 59.6 KiB, free 434.0 MiB)
[2022-03-15 19:36:43,294] {spark_submit_hook.py:479} INFO - 22/03/15 19:36:43 INFO BlockManagerInfo: Added broadcast_3_piece0 in memory on 1a222f561522:43775 (size: 59.6 KiB, free: 434.3 MiB)
[2022-03-15 19:36:43,294] {spark_submit_hook.py:479} INFO - 22/03/15 19:36:43 INFO SparkContext: Created broadcast 3 from broadcast at DAGScheduler.scala:1388
[2022-03-15 19:36:43,295] {spark_submit_hook.py:479} INFO - 22/03/15 19:36:43 INFO DAGScheduler: Submitting 1 missing tasks from ResultStage 1 (CoalescedRDD[13] at json at NativeMethodAccessorImpl.java:0) (first 15 tasks are for partitions Vector(0))
[2022-03-15 19:36:43,295] {spark_submit_hook.py:479} INFO - 22/03/15 19:36:43 INFO TaskSchedulerImpl: Adding task set 1.0 with 1 tasks resource profile 0
[2022-03-15 19:36:43,298] {spark_submit_hook.py:479} INFO - 22/03/15 19:36:43 INFO TaskSetManager: Starting task 0.0 in stage 1.0 (TID 1) (1a222f561522, executor driver, partition 0, PROCESS_LOCAL, 5152 bytes) taskResourceAssignments Map()
[2022-03-15 19:36:43,299] {spark_submit_hook.py:479} INFO - 22/03/15 19:36:43 INFO Executor: Running task 0.0 in stage 1.0 (TID 1)
[2022-03-15 19:36:43,345] {spark_submit_hook.py:479} INFO - 22/03/15 19:36:43 INFO FileOutputCommitter: File Output Committer Algorithm version is 1
[2022-03-15 19:36:43,346] {spark_submit_hook.py:479} INFO - 22/03/15 19:36:43 INFO SQLHadoopMapReduceCommitProtocol: Using output committer class org.apache.hadoop.mapreduce.lib.output.FileOutputCommitter
[2022-03-15 19:36:43,392] {spark_submit_hook.py:479} INFO - 22/03/15 19:36:43 INFO CodeGenerator: Code generated in 15.430094 ms
[2022-03-15 19:36:43,395] {spark_submit_hook.py:479} INFO - 22/03/15 19:36:43 INFO FileScanRDD: Reading File path: file:///run/datapipeline/datalake/bronze/twitter_bbb22/extract_date=2022-03-14/bbb22_20220314.json, range: 0-23458, partition values: [empty row]
[2022-03-15 19:36:43,420] {spark_submit_hook.py:479} INFO - 22/03/15 19:36:43 INFO CodeGenerator: Code generated in 21.375497 ms
[2022-03-15 19:36:43,442] {spark_submit_hook.py:479} INFO - 22/03/15 19:36:43 INFO CodeGenerator: Code generated in 5.093102 ms
[2022-03-15 19:36:43,483] {spark_submit_hook.py:479} INFO - 22/03/15 19:36:43 INFO FileOutputCommitter: Saved output of task 'attempt_202203151936435668089125270301443_0001_m_000000_1' to file:/run/datapipeline/datalake/silver/twitter_bbb22/tweet/process_date=2022-03-14/_temporary/0/task_202203151936435668089125270301443_0001_m_000000
[2022-03-15 19:36:43,483] {spark_submit_hook.py:479} INFO - 22/03/15 19:36:43 INFO SparkHadoopMapRedUtil: attempt_202203151936435668089125270301443_0001_m_000000_1: Committed
[2022-03-15 19:36:43,486] {spark_submit_hook.py:479} INFO - 22/03/15 19:36:43 INFO Executor: Finished task 0.0 in stage 1.0 (TID 1). 2901 bytes result sent to driver
[2022-03-15 19:36:43,488] {spark_submit_hook.py:479} INFO - 22/03/15 19:36:43 INFO TaskSetManager: Finished task 0.0 in stage 1.0 (TID 1) in 192 ms on 1a222f561522 (executor driver) (1/1)
[2022-03-15 19:36:43,488] {spark_submit_hook.py:479} INFO - 22/03/15 19:36:43 INFO TaskSchedulerImpl: Removed TaskSet 1.0, whose tasks have all completed, from pool
[2022-03-15 19:36:43,489] {spark_submit_hook.py:479} INFO - 22/03/15 19:36:43 INFO DAGScheduler: ResultStage 1 (json at NativeMethodAccessorImpl.java:0) finished in 0.233 s
[2022-03-15 19:36:43,490] {spark_submit_hook.py:479} INFO - 22/03/15 19:36:43 INFO DAGScheduler: Job 1 is finished. Cancelling potential speculative or zombie tasks for this job
[2022-03-15 19:36:43,490] {spark_submit_hook.py:479} INFO - 22/03/15 19:36:43 INFO TaskSchedulerImpl: Killing all running tasks in stage 1: Stage finished
[2022-03-15 19:36:43,495] {spark_submit_hook.py:479} INFO - 22/03/15 19:36:43 INFO DAGScheduler: Job 1 finished: json at NativeMethodAccessorImpl.java:0, took 0.238515 s
[2022-03-15 19:36:43,503] {spark_submit_hook.py:479} INFO - 22/03/15 19:36:43 INFO FileFormatWriter: Write Job c30840c2-328c-4de9-a781-64b8a93fa7b2 committed.
[2022-03-15 19:36:43,505] {spark_submit_hook.py:479} INFO - 22/03/15 19:36:43 INFO FileFormatWriter: Finished processing stats for write job c30840c2-328c-4de9-a781-64b8a93fa7b2.
[2022-03-15 19:36:43,549] {spark_submit_hook.py:479} INFO - 22/03/15 19:36:43 INFO FileSourceStrategy: Pushed Filters: IsNotNull(includes)
[2022-03-15 19:36:43,550] {spark_submit_hook.py:479} INFO - 22/03/15 19:36:43 INFO FileSourceStrategy: Post-Scan Filters: isnotnull(includes#8),(size(includes#8.users, true) > 0),isnotnull(includes#8.users)
[2022-03-15 19:36:43,550] {spark_submit_hook.py:479} INFO - 22/03/15 19:36:43 INFO FileSourceStrategy: Output Data Schema: struct<includes: struct<users: array<struct<created_at:string,id:string,name:string,username:string>>>>
[2022-03-15 19:36:43,565] {spark_submit_hook.py:479} INFO - 22/03/15 19:36:43 INFO FileOutputCommitter: File Output Committer Algorithm version is 1
[2022-03-15 19:36:43,567] {spark_submit_hook.py:479} INFO - 22/03/15 19:36:43 INFO SQLHadoopMapReduceCommitProtocol: Using output committer class org.apache.hadoop.mapreduce.lib.output.FileOutputCommitter
[2022-03-15 19:36:43,582] {spark_submit_hook.py:479} INFO - 22/03/15 19:36:43 INFO CodeGenerator: Code generated in 9.94347 ms
[2022-03-15 19:36:43,604] {spark_submit_hook.py:479} INFO - 22/03/15 19:36:43 INFO CodeGenerator: Code generated in 14.476009 ms
[2022-03-15 19:36:43,608] {spark_submit_hook.py:479} INFO - 22/03/15 19:36:43 INFO MemoryStore: Block broadcast_4 stored as values in memory (estimated size 171.4 KiB, free 433.8 MiB)
[2022-03-15 19:36:43,617] {spark_submit_hook.py:479} INFO - 22/03/15 19:36:43 INFO MemoryStore: Block broadcast_4_piece0 stored as bytes in memory (estimated size 23.9 KiB, free 433.8 MiB)
[2022-03-15 19:36:43,618] {spark_submit_hook.py:479} INFO - 22/03/15 19:36:43 INFO BlockManagerInfo: Added broadcast_4_piece0 in memory on 1a222f561522:43775 (size: 23.9 KiB, free: 434.3 MiB)
[2022-03-15 19:36:43,625] {spark_submit_hook.py:479} INFO - 22/03/15 19:36:43 INFO SparkContext: Created broadcast 4 from json at NativeMethodAccessorImpl.java:0
[2022-03-15 19:36:43,628] {spark_submit_hook.py:479} INFO - 22/03/15 19:36:43 INFO FileSourceScanExec: Planning scan with bin packing, max size: 4217762 bytes, open cost is considered as scanning 4194304 bytes.
[2022-03-15 19:36:43,672] {spark_submit_hook.py:479} INFO - 22/03/15 19:36:43 INFO SparkContext: Starting job: json at NativeMethodAccessorImpl.java:0
[2022-03-15 19:36:43,673] {spark_submit_hook.py:479} INFO - 22/03/15 19:36:43 INFO DAGScheduler: Got job 2 (json at NativeMethodAccessorImpl.java:0) with 1 output partitions
[2022-03-15 19:36:43,673] {spark_submit_hook.py:479} INFO - 22/03/15 19:36:43 INFO DAGScheduler: Final stage: ResultStage 2 (json at NativeMethodAccessorImpl.java:0)
[2022-03-15 19:36:43,673] {spark_submit_hook.py:479} INFO - 22/03/15 19:36:43 INFO DAGScheduler: Parents of final stage: List()
[2022-03-15 19:36:43,673] {spark_submit_hook.py:479} INFO - 22/03/15 19:36:43 INFO DAGScheduler: Missing parents: List()
[2022-03-15 19:36:43,674] {spark_submit_hook.py:479} INFO - 22/03/15 19:36:43 INFO DAGScheduler: Submitting ResultStage 2 (CoalescedRDD[25] at json at NativeMethodAccessorImpl.java:0), which has no missing parents
[2022-03-15 19:36:43,693] {spark_submit_hook.py:479} INFO - 22/03/15 19:36:43 INFO MemoryStore: Block broadcast_5 stored as values in memory (estimated size 163.9 KiB, free 433.6 MiB)
[2022-03-15 19:36:43,698] {spark_submit_hook.py:479} INFO - 22/03/15 19:36:43 INFO MemoryStore: Block broadcast_5_piece0 stored as bytes in memory (estimated size 58.8 KiB, free 433.6 MiB)
[2022-03-15 19:36:43,700] {spark_submit_hook.py:479} INFO - 22/03/15 19:36:43 INFO BlockManagerInfo: Added broadcast_5_piece0 in memory on 1a222f561522:43775 (size: 58.8 KiB, free: 434.2 MiB)
[2022-03-15 19:36:43,701] {spark_submit_hook.py:479} INFO - 22/03/15 19:36:43 INFO SparkContext: Created broadcast 5 from broadcast at DAGScheduler.scala:1388
[2022-03-15 19:36:43,702] {spark_submit_hook.py:479} INFO - 22/03/15 19:36:43 INFO DAGScheduler: Submitting 1 missing tasks from ResultStage 2 (CoalescedRDD[25] at json at NativeMethodAccessorImpl.java:0) (first 15 tasks are for partitions Vector(0))
[2022-03-15 19:36:43,702] {spark_submit_hook.py:479} INFO - 22/03/15 19:36:43 INFO TaskSchedulerImpl: Adding task set 2.0 with 1 tasks resource profile 0
[2022-03-15 19:36:43,704] {spark_submit_hook.py:479} INFO - 22/03/15 19:36:43 INFO TaskSetManager: Starting task 0.0 in stage 2.0 (TID 2) (1a222f561522, executor driver, partition 0, PROCESS_LOCAL, 5152 bytes) taskResourceAssignments Map()
[2022-03-15 19:36:43,713] {spark_submit_hook.py:479} INFO - 22/03/15 19:36:43 INFO Executor: Running task 0.0 in stage 2.0 (TID 2)
[2022-03-15 19:36:43,721] {spark_submit_hook.py:479} INFO - 22/03/15 19:36:43 INFO FileOutputCommitter: File Output Committer Algorithm version is 1
[2022-03-15 19:36:43,721] {spark_submit_hook.py:479} INFO - 22/03/15 19:36:43 INFO SQLHadoopMapReduceCommitProtocol: Using output committer class org.apache.hadoop.mapreduce.lib.output.FileOutputCommitter
[2022-03-15 19:36:43,746] {spark_submit_hook.py:479} INFO - 22/03/15 19:36:43 INFO CodeGenerator: Code generated in 9.571191 ms
[2022-03-15 19:36:43,748] {spark_submit_hook.py:479} INFO - 22/03/15 19:36:43 INFO FileScanRDD: Reading File path: file:///run/datapipeline/datalake/bronze/twitter_bbb22/extract_date=2022-03-14/bbb22_20220314.json, range: 0-23458, partition values: [empty row]
[2022-03-15 19:36:43,770] {spark_submit_hook.py:479} INFO - 22/03/15 19:36:43 INFO CodeGenerator: Code generated in 16.44141 ms
[2022-03-15 19:36:43,774] {spark_submit_hook.py:479} INFO - 22/03/15 19:36:43 INFO CodeGenerator: Code generated in 4.755313 ms
[2022-03-15 19:36:43,786] {spark_submit_hook.py:479} INFO - 22/03/15 19:36:43 INFO FileOutputCommitter: Saved output of task 'attempt_202203151936437650753338298959310_0002_m_000000_2' to file:/run/datapipeline/datalake/silver/twitter_bbb22/user/process_date=2022-03-14/_temporary/0/task_202203151936437650753338298959310_0002_m_000000
[2022-03-15 19:36:43,786] {spark_submit_hook.py:479} INFO - 22/03/15 19:36:43 INFO SparkHadoopMapRedUtil: attempt_202203151936437650753338298959310_0002_m_000000_2: Committed
[2022-03-15 19:36:43,789] {spark_submit_hook.py:479} INFO - 22/03/15 19:36:43 INFO Executor: Finished task 0.0 in stage 2.0 (TID 2). 2858 bytes result sent to driver
[2022-03-15 19:36:43,792] {spark_submit_hook.py:479} INFO - 22/03/15 19:36:43 INFO TaskSetManager: Finished task 0.0 in stage 2.0 (TID 2) in 89 ms on 1a222f561522 (executor driver) (1/1)
[2022-03-15 19:36:43,792] {spark_submit_hook.py:479} INFO - 22/03/15 19:36:43 INFO TaskSchedulerImpl: Removed TaskSet 2.0, whose tasks have all completed, from pool
[2022-03-15 19:36:43,793] {spark_submit_hook.py:479} INFO - 22/03/15 19:36:43 INFO DAGScheduler: ResultStage 2 (json at NativeMethodAccessorImpl.java:0) finished in 0.118 s
[2022-03-15 19:36:43,793] {spark_submit_hook.py:479} INFO - 22/03/15 19:36:43 INFO DAGScheduler: Job 2 is finished. Cancelling potential speculative or zombie tasks for this job
[2022-03-15 19:36:43,794] {spark_submit_hook.py:479} INFO - 22/03/15 19:36:43 INFO TaskSchedulerImpl: Killing all running tasks in stage 2: Stage finished
[2022-03-15 19:36:43,794] {spark_submit_hook.py:479} INFO - 22/03/15 19:36:43 INFO DAGScheduler: Job 2 finished: json at NativeMethodAccessorImpl.java:0, took 0.122467 s
[2022-03-15 19:36:43,814] {spark_submit_hook.py:479} INFO - 22/03/15 19:36:43 INFO FileFormatWriter: Write Job 9ec8c972-b4f3-48e3-a823-30a9b6a246a2 committed.
[2022-03-15 19:36:43,816] {spark_submit_hook.py:479} INFO - 22/03/15 19:36:43 INFO FileFormatWriter: Finished processing stats for write job 9ec8c972-b4f3-48e3-a823-30a9b6a246a2.
[2022-03-15 19:36:43,872] {spark_submit_hook.py:479} INFO - 22/03/15 19:36:43 INFO SparkUI: Stopped Spark web UI at http://1a222f561522:4041
[2022-03-15 19:36:43,894] {spark_submit_hook.py:479} INFO - 22/03/15 19:36:43 INFO MapOutputTrackerMasterEndpoint: MapOutputTrackerMasterEndpoint stopped!
[2022-03-15 19:36:43,901] {spark_submit_hook.py:479} INFO - 22/03/15 19:36:43 INFO MemoryStore: MemoryStore cleared
[2022-03-15 19:36:43,901] {spark_submit_hook.py:479} INFO - 22/03/15 19:36:43 INFO BlockManager: BlockManager stopped
[2022-03-15 19:36:43,904] {spark_submit_hook.py:479} INFO - 22/03/15 19:36:43 INFO BlockManagerMaster: BlockManagerMaster stopped
[2022-03-15 19:36:43,905] {spark_submit_hook.py:479} INFO - 22/03/15 19:36:43 INFO OutputCommitCoordinator$OutputCommitCoordinatorEndpoint: OutputCommitCoordinator stopped!
[2022-03-15 19:36:43,909] {spark_submit_hook.py:479} INFO - 22/03/15 19:36:43 INFO SparkContext: Successfully stopped SparkContext
[2022-03-15 19:36:43,911] {spark_submit_hook.py:479} INFO - 22/03/15 19:36:43 INFO ShutdownHookManager: Shutdown hook called
[2022-03-15 19:36:43,911] {spark_submit_hook.py:479} INFO - 22/03/15 19:36:43 INFO ShutdownHookManager: Deleting directory /tmp/spark-6cabf9dd-08ba-4c72-aebb-3d55c470b5f2
[2022-03-15 19:36:43,913] {spark_submit_hook.py:479} INFO - 22/03/15 19:36:43 INFO ShutdownHookManager: Deleting directory /tmp/spark-e971104a-a378-436d-8a6e-90e0729c2e7b
[2022-03-15 19:36:43,915] {spark_submit_hook.py:479} INFO - 22/03/15 19:36:43 INFO ShutdownHookManager: Deleting directory /tmp/spark-e971104a-a378-436d-8a6e-90e0729c2e7b/pyspark-bc96f192-e221-4537-8a50-3a6a70fae80a
[2022-03-15 19:36:43,985] {taskinstance.py:1057} INFO - Marking task as SUCCESS.dag_id=twitter_dag, task_id=transform_twiiter_aluraonline, execution_date=20220314T090000, start_date=20220315T193636, end_date=20220315T193643
[2022-03-15 19:36:46,594] {local_task_job.py:102} INFO - Task exited with return code 0
[2022-03-15 21:37:21,212] {taskinstance.py:670} INFO - Dependencies all met for <TaskInstance: twitter_dag.transform_twiiter_aluraonline 2022-03-14T09:00:00+00:00 [queued]>
[2022-03-15 21:37:21,217] {taskinstance.py:670} INFO - Dependencies all met for <TaskInstance: twitter_dag.transform_twiiter_aluraonline 2022-03-14T09:00:00+00:00 [queued]>
[2022-03-15 21:37:21,217] {taskinstance.py:880} INFO - 
--------------------------------------------------------------------------------
[2022-03-15 21:37:21,217] {taskinstance.py:881} INFO - Starting attempt 1 of 1
[2022-03-15 21:37:21,218] {taskinstance.py:882} INFO - 
--------------------------------------------------------------------------------
[2022-03-15 21:37:21,223] {taskinstance.py:901} INFO - Executing <Task(SparkSubmitOperator): transform_twiiter_aluraonline> on 2022-03-14T09:00:00+00:00
[2022-03-15 21:37:21,226] {standard_task_runner.py:54} INFO - Started process 11766 to run task
[2022-03-15 21:37:21,256] {standard_task_runner.py:77} INFO - Running: ['airflow', 'run', 'twitter_dag', 'transform_twiiter_aluraonline', '2022-03-14T09:00:00+00:00', '--job_id', '81', '--pool', 'default_pool', '--raw', '-sd', 'DAGS_FOLDER/twitter_dag.py', '--cfg_path', '/tmp/tmpkmjppnks']
[2022-03-15 21:37:21,256] {standard_task_runner.py:78} INFO - Job 81: Subtask transform_twiiter_aluraonline
[2022-03-15 21:37:21,272] {logging_mixin.py:112} INFO - Running <TaskInstance: twitter_dag.transform_twiiter_aluraonline 2022-03-14T09:00:00+00:00 [running]> on host 1a222f561522
[2022-03-15 21:37:21,303] {base_hook.py:89} INFO - Using connection to: id: spark_default. Host: local, Port: None, Schema: None, Login: None, Password: None, extra: XXXXXXXX
[2022-03-15 21:37:21,304] {spark_submit_hook.py:325} INFO - Spark-Submit cmd: /run/pypsark/spark-3.1.2-bin-hadoop2.7/bin/spark-submit --master local --name twitter_transformation /run/datapipeline/spark/transformation.py --src /run/datapipeline/datalake/bronze/twitter_bbb22/extract_date=2022-03-14 --dest /run/datapipeline/datalake/silver/twitter_bbb22/ --process-date 2022-03-14
[2022-03-15 21:37:22,174] {spark_submit_hook.py:479} INFO - WARNING: An illegal reflective access operation has occurred
[2022-03-15 21:37:22,174] {spark_submit_hook.py:479} INFO - WARNING: Illegal reflective access by org.apache.spark.unsafe.Platform (file:/run/pypsark/spark-3.1.2-bin-hadoop2.7/jars/spark-unsafe_2.12-3.1.2.jar) to constructor java.nio.DirectByteBuffer(long,int)
[2022-03-15 21:37:22,174] {spark_submit_hook.py:479} INFO - WARNING: Please consider reporting this to the maintainers of org.apache.spark.unsafe.Platform
[2022-03-15 21:37:22,174] {spark_submit_hook.py:479} INFO - WARNING: Use --illegal-access=warn to enable warnings of further illegal reflective access operations
[2022-03-15 21:37:22,174] {spark_submit_hook.py:479} INFO - WARNING: All illegal access operations will be denied in a future release
[2022-03-15 21:37:22,552] {spark_submit_hook.py:479} INFO - 22/03/15 21:37:22 WARN NativeCodeLoader: Unable to load native-hadoop library for your platform... using builtin-java classes where applicable
[2022-03-15 21:37:23,066] {spark_submit_hook.py:479} INFO - Using Spark's default log4j profile: org/apache/spark/log4j-defaults.properties
[2022-03-15 21:37:23,074] {spark_submit_hook.py:479} INFO - 22/03/15 21:37:23 INFO SparkContext: Running Spark version 3.1.2
[2022-03-15 21:37:23,104] {spark_submit_hook.py:479} INFO - 22/03/15 21:37:23 INFO ResourceUtils: ==============================================================
[2022-03-15 21:37:23,104] {spark_submit_hook.py:479} INFO - 22/03/15 21:37:23 INFO ResourceUtils: No custom resources configured for spark.driver.
[2022-03-15 21:37:23,105] {spark_submit_hook.py:479} INFO - 22/03/15 21:37:23 INFO ResourceUtils: ==============================================================
[2022-03-15 21:37:23,105] {spark_submit_hook.py:479} INFO - 22/03/15 21:37:23 INFO SparkContext: Submitted application: twitter_transformation
[2022-03-15 21:37:23,130] {spark_submit_hook.py:479} INFO - 22/03/15 21:37:23 INFO ResourceProfile: Default ResourceProfile created, executor resources: Map(cores -> name: cores, amount: 1, script: , vendor: , memory -> name: memory, amount: 1024, script: , vendor: , offHeap -> name: offHeap, amount: 0, script: , vendor: ), task resources: Map(cpus -> name: cpus, amount: 1.0)
[2022-03-15 21:37:23,144] {spark_submit_hook.py:479} INFO - 22/03/15 21:37:23 INFO ResourceProfile: Limiting resource is cpu
[2022-03-15 21:37:23,145] {spark_submit_hook.py:479} INFO - 22/03/15 21:37:23 INFO ResourceProfileManager: Added ResourceProfile id: 0
[2022-03-15 21:37:23,178] {spark_submit_hook.py:479} INFO - 22/03/15 21:37:23 INFO SecurityManager: Changing view acls to: root
[2022-03-15 21:37:23,178] {spark_submit_hook.py:479} INFO - 22/03/15 21:37:23 INFO SecurityManager: Changing modify acls to: root
[2022-03-15 21:37:23,178] {spark_submit_hook.py:479} INFO - 22/03/15 21:37:23 INFO SecurityManager: Changing view acls groups to:
[2022-03-15 21:37:23,179] {spark_submit_hook.py:479} INFO - 22/03/15 21:37:23 INFO SecurityManager: Changing modify acls groups to:
[2022-03-15 21:37:23,179] {spark_submit_hook.py:479} INFO - 22/03/15 21:37:23 INFO SecurityManager: SecurityManager: authentication disabled; ui acls disabled; users  with view permissions: Set(root); groups with view permissions: Set(); users  with modify permissions: Set(root); groups with modify permissions: Set()
[2022-03-15 21:37:23,341] {spark_submit_hook.py:479} INFO - 22/03/15 21:37:23 INFO Utils: Successfully started service 'sparkDriver' on port 38255.
[2022-03-15 21:37:23,367] {spark_submit_hook.py:479} INFO - 22/03/15 21:37:23 INFO SparkEnv: Registering MapOutputTracker
[2022-03-15 21:37:23,393] {spark_submit_hook.py:479} INFO - 22/03/15 21:37:23 INFO SparkEnv: Registering BlockManagerMaster
[2022-03-15 21:37:23,406] {spark_submit_hook.py:479} INFO - 22/03/15 21:37:23 INFO BlockManagerMasterEndpoint: Using org.apache.spark.storage.DefaultTopologyMapper for getting topology information
[2022-03-15 21:37:23,407] {spark_submit_hook.py:479} INFO - 22/03/15 21:37:23 INFO BlockManagerMasterEndpoint: BlockManagerMasterEndpoint up
[2022-03-15 21:37:23,410] {spark_submit_hook.py:479} INFO - 22/03/15 21:37:23 INFO SparkEnv: Registering BlockManagerMasterHeartbeat
[2022-03-15 21:37:23,421] {spark_submit_hook.py:479} INFO - 22/03/15 21:37:23 INFO DiskBlockManager: Created local directory at /tmp/blockmgr-feca0607-0a1f-410e-8899-2d13b68e7718
[2022-03-15 21:37:23,438] {spark_submit_hook.py:479} INFO - 22/03/15 21:37:23 INFO MemoryStore: MemoryStore started with capacity 434.4 MiB
[2022-03-15 21:37:23,451] {spark_submit_hook.py:479} INFO - 22/03/15 21:37:23 INFO SparkEnv: Registering OutputCommitCoordinator
[2022-03-15 21:37:23,598] {spark_submit_hook.py:479} INFO - 22/03/15 21:37:23 WARN Utils: Service 'SparkUI' could not bind on port 4040. Attempting port 4041.
[2022-03-15 21:37:23,604] {spark_submit_hook.py:479} INFO - 22/03/15 21:37:23 INFO Utils: Successfully started service 'SparkUI' on port 4041.
[2022-03-15 21:37:23,646] {spark_submit_hook.py:479} INFO - 22/03/15 21:37:23 INFO SparkUI: Bound SparkUI to 0.0.0.0, and started at http://1a222f561522:4041
[2022-03-15 21:37:23,793] {spark_submit_hook.py:479} INFO - 22/03/15 21:37:23 INFO Executor: Starting executor ID driver on host 1a222f561522
[2022-03-15 21:37:23,827] {spark_submit_hook.py:479} INFO - 22/03/15 21:37:23 INFO Utils: Successfully started service 'org.apache.spark.network.netty.NettyBlockTransferService' on port 34661.
[2022-03-15 21:37:23,827] {spark_submit_hook.py:479} INFO - 22/03/15 21:37:23 INFO NettyBlockTransferService: Server created on 1a222f561522:34661
[2022-03-15 21:37:23,831] {spark_submit_hook.py:479} INFO - 22/03/15 21:37:23 INFO BlockManager: Using org.apache.spark.storage.RandomBlockReplicationPolicy for block replication policy
[2022-03-15 21:37:23,836] {spark_submit_hook.py:479} INFO - 22/03/15 21:37:23 INFO BlockManagerMaster: Registering BlockManager BlockManagerId(driver, 1a222f561522, 34661, None)
[2022-03-15 21:37:23,840] {spark_submit_hook.py:479} INFO - 22/03/15 21:37:23 INFO BlockManagerMasterEndpoint: Registering block manager 1a222f561522:34661 with 434.4 MiB RAM, BlockManagerId(driver, 1a222f561522, 34661, None)
[2022-03-15 21:37:23,842] {spark_submit_hook.py:479} INFO - 22/03/15 21:37:23 INFO BlockManagerMaster: Registered BlockManager BlockManagerId(driver, 1a222f561522, 34661, None)
[2022-03-15 21:37:23,843] {spark_submit_hook.py:479} INFO - 22/03/15 21:37:23 INFO BlockManager: Initialized BlockManager: BlockManagerId(driver, 1a222f561522, 34661, None)
[2022-03-15 21:37:24,167] {spark_submit_hook.py:479} INFO - 22/03/15 21:37:24 INFO SharedState: Setting hive.metastore.warehouse.dir ('null') to the value of spark.sql.warehouse.dir ('file:/run/datapipeline/spark-warehouse').
[2022-03-15 21:37:24,167] {spark_submit_hook.py:479} INFO - 22/03/15 21:37:24 INFO SharedState: Warehouse path is 'file:/run/datapipeline/spark-warehouse'.
[2022-03-15 21:37:24,705] {spark_submit_hook.py:479} INFO - 22/03/15 21:37:24 INFO InMemoryFileIndex: It took 31 ms to list leaf files for 1 paths.
[2022-03-15 21:37:24,753] {spark_submit_hook.py:479} INFO - 22/03/15 21:37:24 INFO InMemoryFileIndex: It took 1 ms to list leaf files for 1 paths.
[2022-03-15 21:37:25,960] {spark_submit_hook.py:479} INFO - 22/03/15 21:37:25 INFO FileSourceStrategy: Pushed Filters:
[2022-03-15 21:37:25,961] {spark_submit_hook.py:479} INFO - 22/03/15 21:37:25 INFO FileSourceStrategy: Post-Scan Filters:
[2022-03-15 21:37:25,963] {spark_submit_hook.py:479} INFO - 22/03/15 21:37:25 INFO FileSourceStrategy: Output Data Schema: struct<value: string>
[2022-03-15 21:37:26,143] {spark_submit_hook.py:479} INFO - 22/03/15 21:37:26 INFO MemoryStore: Block broadcast_0 stored as values in memory (estimated size 171.5 KiB, free 434.2 MiB)
[2022-03-15 21:37:26,182] {spark_submit_hook.py:479} INFO - 22/03/15 21:37:26 INFO MemoryStore: Block broadcast_0_piece0 stored as bytes in memory (estimated size 24.0 KiB, free 434.2 MiB)
[2022-03-15 21:37:26,184] {spark_submit_hook.py:479} INFO - 22/03/15 21:37:26 INFO BlockManagerInfo: Added broadcast_0_piece0 in memory on 1a222f561522:34661 (size: 24.0 KiB, free: 434.4 MiB)
[2022-03-15 21:37:26,186] {spark_submit_hook.py:479} INFO - 22/03/15 21:37:26 INFO SparkContext: Created broadcast 0 from json at NativeMethodAccessorImpl.java:0
[2022-03-15 21:37:26,191] {spark_submit_hook.py:479} INFO - 22/03/15 21:37:26 INFO FileSourceScanExec: Planning scan with bin packing, max size: 4217798 bytes, open cost is considered as scanning 4194304 bytes.
[2022-03-15 21:37:26,299] {spark_submit_hook.py:479} INFO - 22/03/15 21:37:26 INFO SparkContext: Starting job: json at NativeMethodAccessorImpl.java:0
[2022-03-15 21:37:26,308] {spark_submit_hook.py:479} INFO - 22/03/15 21:37:26 INFO DAGScheduler: Got job 0 (json at NativeMethodAccessorImpl.java:0) with 1 output partitions
[2022-03-15 21:37:26,308] {spark_submit_hook.py:479} INFO - 22/03/15 21:37:26 INFO DAGScheduler: Final stage: ResultStage 0 (json at NativeMethodAccessorImpl.java:0)
[2022-03-15 21:37:26,309] {spark_submit_hook.py:479} INFO - 22/03/15 21:37:26 INFO DAGScheduler: Parents of final stage: List()
[2022-03-15 21:37:26,310] {spark_submit_hook.py:479} INFO - 22/03/15 21:37:26 INFO DAGScheduler: Missing parents: List()
[2022-03-15 21:37:26,313] {spark_submit_hook.py:479} INFO - 22/03/15 21:37:26 INFO DAGScheduler: Submitting ResultStage 0 (MapPartitionsRDD[3] at json at NativeMethodAccessorImpl.java:0), which has no missing parents
[2022-03-15 21:37:26,373] {spark_submit_hook.py:479} INFO - 22/03/15 21:37:26 INFO MemoryStore: Block broadcast_1 stored as values in memory (estimated size 12.0 KiB, free 434.2 MiB)
[2022-03-15 21:37:26,377] {spark_submit_hook.py:479} INFO - 22/03/15 21:37:26 INFO MemoryStore: Block broadcast_1_piece0 stored as bytes in memory (estimated size 6.3 KiB, free 434.2 MiB)
[2022-03-15 21:37:26,378] {spark_submit_hook.py:479} INFO - 22/03/15 21:37:26 INFO BlockManagerInfo: Added broadcast_1_piece0 in memory on 1a222f561522:34661 (size: 6.3 KiB, free: 434.4 MiB)
[2022-03-15 21:37:26,378] {spark_submit_hook.py:479} INFO - 22/03/15 21:37:26 INFO SparkContext: Created broadcast 1 from broadcast at DAGScheduler.scala:1388
[2022-03-15 21:37:26,387] {spark_submit_hook.py:479} INFO - 22/03/15 21:37:26 INFO DAGScheduler: Submitting 1 missing tasks from ResultStage 0 (MapPartitionsRDD[3] at json at NativeMethodAccessorImpl.java:0) (first 15 tasks are for partitions Vector(0))
[2022-03-15 21:37:26,388] {spark_submit_hook.py:479} INFO - 22/03/15 21:37:26 INFO TaskSchedulerImpl: Adding task set 0.0 with 1 tasks resource profile 0
[2022-03-15 21:37:26,422] {spark_submit_hook.py:479} INFO - 22/03/15 21:37:26 INFO TaskSetManager: Starting task 0.0 in stage 0.0 (TID 0) (1a222f561522, executor driver, partition 0, PROCESS_LOCAL, 4923 bytes) taskResourceAssignments Map()
[2022-03-15 21:37:26,431] {spark_submit_hook.py:479} INFO - 22/03/15 21:37:26 INFO Executor: Running task 0.0 in stage 0.0 (TID 0)
[2022-03-15 21:37:26,525] {spark_submit_hook.py:479} INFO - 22/03/15 21:37:26 INFO FileScanRDD: Reading File path: file:///run/datapipeline/datalake/bronze/twitter_bbb22/extract_date=2022-03-14/bbb22_20220314.json, range: 0-23494, partition values: [empty row]
[2022-03-15 21:37:26,735] {spark_submit_hook.py:479} INFO - 22/03/15 21:37:26 INFO CodeGenerator: Code generated in 123.512095 ms
[2022-03-15 21:37:26,777] {spark_submit_hook.py:479} INFO - 22/03/15 21:37:26 INFO Executor: Finished task 0.0 in stage 0.0 (TID 0). 2858 bytes result sent to driver
[2022-03-15 21:37:26,784] {spark_submit_hook.py:479} INFO - 22/03/15 21:37:26 INFO TaskSetManager: Finished task 0.0 in stage 0.0 (TID 0) in 368 ms on 1a222f561522 (executor driver) (1/1)
[2022-03-15 21:37:26,785] {spark_submit_hook.py:479} INFO - 22/03/15 21:37:26 INFO TaskSchedulerImpl: Removed TaskSet 0.0, whose tasks have all completed, from pool
[2022-03-15 21:37:26,790] {spark_submit_hook.py:479} INFO - 22/03/15 21:37:26 INFO DAGScheduler: ResultStage 0 (json at NativeMethodAccessorImpl.java:0) finished in 0.468 s
[2022-03-15 21:37:26,793] {spark_submit_hook.py:479} INFO - 22/03/15 21:37:26 INFO DAGScheduler: Job 0 is finished. Cancelling potential speculative or zombie tasks for this job
[2022-03-15 21:37:26,793] {spark_submit_hook.py:479} INFO - 22/03/15 21:37:26 INFO TaskSchedulerImpl: Killing all running tasks in stage 0: Stage finished
[2022-03-15 21:37:26,795] {spark_submit_hook.py:479} INFO - 22/03/15 21:37:26 INFO DAGScheduler: Job 0 finished: json at NativeMethodAccessorImpl.java:0, took 0.496224 s
[2022-03-15 21:37:27,090] {spark_submit_hook.py:479} INFO - 22/03/15 21:37:27 INFO FileSourceStrategy: Pushed Filters: IsNotNull(data)
[2022-03-15 21:37:27,091] {spark_submit_hook.py:479} INFO - 22/03/15 21:37:27 INFO FileSourceStrategy: Post-Scan Filters: (size(data#7, true) > 0),isnotnull(data#7)
[2022-03-15 21:37:27,091] {spark_submit_hook.py:479} INFO - 22/03/15 21:37:27 INFO FileSourceStrategy: Output Data Schema: struct<data: array<struct<author_id:string,conversation_id:string,created_at:string,id:string,in_reply_to_user_id:string,public_metrics:struct<like_count:bigint,quote_count:bigint,reply_count:bigint,retweet_count:bigint>,text:string>>>
[2022-03-15 21:37:27,136] {spark_submit_hook.py:479} INFO - 22/03/15 21:37:27 INFO BlockManagerInfo: Removed broadcast_0_piece0 on 1a222f561522:34661 in memory (size: 24.0 KiB, free: 434.4 MiB)
[2022-03-15 21:37:27,164] {spark_submit_hook.py:479} INFO - 22/03/15 21:37:27 INFO BlockManagerInfo: Removed broadcast_1_piece0 on 1a222f561522:34661 in memory (size: 6.3 KiB, free: 434.4 MiB)
[2022-03-15 21:37:27,173] {spark_submit_hook.py:479} INFO - 22/03/15 21:37:27 INFO FileOutputCommitter: File Output Committer Algorithm version is 1
[2022-03-15 21:37:27,174] {spark_submit_hook.py:479} INFO - 22/03/15 21:37:27 INFO SQLHadoopMapReduceCommitProtocol: Using output committer class org.apache.hadoop.mapreduce.lib.output.FileOutputCommitter
[2022-03-15 21:37:27,232] {spark_submit_hook.py:479} INFO - 22/03/15 21:37:27 INFO CodeGenerator: Code generated in 29.56536 ms
[2022-03-15 21:37:27,263] {spark_submit_hook.py:479} INFO - 22/03/15 21:37:27 INFO CodeGenerator: Code generated in 19.544726 ms
[2022-03-15 21:37:27,267] {spark_submit_hook.py:479} INFO - 22/03/15 21:37:27 INFO MemoryStore: Block broadcast_2 stored as values in memory (estimated size 171.4 KiB, free 434.2 MiB)
[2022-03-15 21:37:27,273] {spark_submit_hook.py:479} INFO - 22/03/15 21:37:27 INFO MemoryStore: Block broadcast_2_piece0 stored as bytes in memory (estimated size 23.9 KiB, free 434.2 MiB)
[2022-03-15 21:37:27,274] {spark_submit_hook.py:479} INFO - 22/03/15 21:37:27 INFO BlockManagerInfo: Added broadcast_2_piece0 in memory on 1a222f561522:34661 (size: 23.9 KiB, free: 434.4 MiB)
[2022-03-15 21:37:27,275] {spark_submit_hook.py:479} INFO - 22/03/15 21:37:27 INFO SparkContext: Created broadcast 2 from json at NativeMethodAccessorImpl.java:0
[2022-03-15 21:37:27,277] {spark_submit_hook.py:479} INFO - 22/03/15 21:37:27 INFO FileSourceScanExec: Planning scan with bin packing, max size: 4217798 bytes, open cost is considered as scanning 4194304 bytes.
[2022-03-15 21:37:27,334] {spark_submit_hook.py:479} INFO - 22/03/15 21:37:27 INFO SparkContext: Starting job: json at NativeMethodAccessorImpl.java:0
[2022-03-15 21:37:27,336] {spark_submit_hook.py:479} INFO - 22/03/15 21:37:27 INFO DAGScheduler: Got job 1 (json at NativeMethodAccessorImpl.java:0) with 1 output partitions
[2022-03-15 21:37:27,336] {spark_submit_hook.py:479} INFO - 22/03/15 21:37:27 INFO DAGScheduler: Final stage: ResultStage 1 (json at NativeMethodAccessorImpl.java:0)
[2022-03-15 21:37:27,336] {spark_submit_hook.py:479} INFO - 22/03/15 21:37:27 INFO DAGScheduler: Parents of final stage: List()
[2022-03-15 21:37:27,336] {spark_submit_hook.py:479} INFO - 22/03/15 21:37:27 INFO DAGScheduler: Missing parents: List()
[2022-03-15 21:37:27,337] {spark_submit_hook.py:479} INFO - 22/03/15 21:37:27 INFO DAGScheduler: Submitting ResultStage 1 (CoalescedRDD[13] at json at NativeMethodAccessorImpl.java:0), which has no missing parents
[2022-03-15 21:37:27,365] {spark_submit_hook.py:479} INFO - 22/03/15 21:37:27 INFO MemoryStore: Block broadcast_3 stored as values in memory (estimated size 167.6 KiB, free 434.0 MiB)
[2022-03-15 21:37:27,368] {spark_submit_hook.py:479} INFO - 22/03/15 21:37:27 INFO MemoryStore: Block broadcast_3_piece0 stored as bytes in memory (estimated size 59.6 KiB, free 434.0 MiB)
[2022-03-15 21:37:27,369] {spark_submit_hook.py:479} INFO - 22/03/15 21:37:27 INFO BlockManagerInfo: Added broadcast_3_piece0 in memory on 1a222f561522:34661 (size: 59.6 KiB, free: 434.3 MiB)
[2022-03-15 21:37:27,369] {spark_submit_hook.py:479} INFO - 22/03/15 21:37:27 INFO SparkContext: Created broadcast 3 from broadcast at DAGScheduler.scala:1388
[2022-03-15 21:37:27,370] {spark_submit_hook.py:479} INFO - 22/03/15 21:37:27 INFO DAGScheduler: Submitting 1 missing tasks from ResultStage 1 (CoalescedRDD[13] at json at NativeMethodAccessorImpl.java:0) (first 15 tasks are for partitions Vector(0))
[2022-03-15 21:37:27,370] {spark_submit_hook.py:479} INFO - 22/03/15 21:37:27 INFO TaskSchedulerImpl: Adding task set 1.0 with 1 tasks resource profile 0
[2022-03-15 21:37:27,373] {spark_submit_hook.py:479} INFO - 22/03/15 21:37:27 INFO TaskSetManager: Starting task 0.0 in stage 1.0 (TID 1) (1a222f561522, executor driver, partition 0, PROCESS_LOCAL, 5152 bytes) taskResourceAssignments Map()
[2022-03-15 21:37:27,374] {spark_submit_hook.py:479} INFO - 22/03/15 21:37:27 INFO Executor: Running task 0.0 in stage 1.0 (TID 1)
[2022-03-15 21:37:27,416] {spark_submit_hook.py:479} INFO - 22/03/15 21:37:27 INFO FileOutputCommitter: File Output Committer Algorithm version is 1
[2022-03-15 21:37:27,417] {spark_submit_hook.py:479} INFO - 22/03/15 21:37:27 INFO SQLHadoopMapReduceCommitProtocol: Using output committer class org.apache.hadoop.mapreduce.lib.output.FileOutputCommitter
[2022-03-15 21:37:27,461] {spark_submit_hook.py:479} INFO - 22/03/15 21:37:27 INFO CodeGenerator: Code generated in 16.397137 ms
[2022-03-15 21:37:27,464] {spark_submit_hook.py:479} INFO - 22/03/15 21:37:27 INFO FileScanRDD: Reading File path: file:///run/datapipeline/datalake/bronze/twitter_bbb22/extract_date=2022-03-14/bbb22_20220314.json, range: 0-23494, partition values: [empty row]
[2022-03-15 21:37:27,484] {spark_submit_hook.py:479} INFO - 22/03/15 21:37:27 INFO CodeGenerator: Code generated in 17.421274 ms
[2022-03-15 21:37:27,500] {spark_submit_hook.py:479} INFO - 22/03/15 21:37:27 INFO CodeGenerator: Code generated in 3.704865 ms
[2022-03-15 21:37:27,536] {spark_submit_hook.py:479} INFO - 22/03/15 21:37:27 INFO FileOutputCommitter: Saved output of task 'attempt_20220315213727584883086915120568_0001_m_000000_1' to file:/run/datapipeline/datalake/silver/twitter_bbb22/tweet/process_date=2022-03-14/_temporary/0/task_20220315213727584883086915120568_0001_m_000000
[2022-03-15 21:37:27,536] {spark_submit_hook.py:479} INFO - 22/03/15 21:37:27 INFO SparkHadoopMapRedUtil: attempt_20220315213727584883086915120568_0001_m_000000_1: Committed
[2022-03-15 21:37:27,540] {spark_submit_hook.py:479} INFO - 22/03/15 21:37:27 INFO Executor: Finished task 0.0 in stage 1.0 (TID 1). 2901 bytes result sent to driver
[2022-03-15 21:37:27,541] {spark_submit_hook.py:479} INFO - 22/03/15 21:37:27 INFO TaskSetManager: Finished task 0.0 in stage 1.0 (TID 1) in 170 ms on 1a222f561522 (executor driver) (1/1)
[2022-03-15 21:37:27,541] {spark_submit_hook.py:479} INFO - 22/03/15 21:37:27 INFO TaskSchedulerImpl: Removed TaskSet 1.0, whose tasks have all completed, from pool
[2022-03-15 21:37:27,542] {spark_submit_hook.py:479} INFO - 22/03/15 21:37:27 INFO DAGScheduler: ResultStage 1 (json at NativeMethodAccessorImpl.java:0) finished in 0.204 s
[2022-03-15 21:37:27,543] {spark_submit_hook.py:479} INFO - 22/03/15 21:37:27 INFO DAGScheduler: Job 1 is finished. Cancelling potential speculative or zombie tasks for this job
[2022-03-15 21:37:27,543] {spark_submit_hook.py:479} INFO - 22/03/15 21:37:27 INFO TaskSchedulerImpl: Killing all running tasks in stage 1: Stage finished
[2022-03-15 21:37:27,543] {spark_submit_hook.py:479} INFO - 22/03/15 21:37:27 INFO DAGScheduler: Job 1 finished: json at NativeMethodAccessorImpl.java:0, took 0.209114 s
[2022-03-15 21:37:27,553] {spark_submit_hook.py:479} INFO - 22/03/15 21:37:27 INFO FileFormatWriter: Write Job cb994071-d2eb-4cc1-ab10-fd318a13648a committed.
[2022-03-15 21:37:27,555] {spark_submit_hook.py:479} INFO - 22/03/15 21:37:27 INFO FileFormatWriter: Finished processing stats for write job cb994071-d2eb-4cc1-ab10-fd318a13648a.
[2022-03-15 21:37:27,592] {spark_submit_hook.py:479} INFO - 22/03/15 21:37:27 INFO FileSourceStrategy: Pushed Filters: IsNotNull(includes)
[2022-03-15 21:37:27,592] {spark_submit_hook.py:479} INFO - 22/03/15 21:37:27 INFO FileSourceStrategy: Post-Scan Filters: isnotnull(includes#8),(size(includes#8.users, true) > 0),isnotnull(includes#8.users)
[2022-03-15 21:37:27,592] {spark_submit_hook.py:479} INFO - 22/03/15 21:37:27 INFO FileSourceStrategy: Output Data Schema: struct<includes: struct<users: array<struct<created_at:string,id:string,name:string,username:string>>>>
[2022-03-15 21:37:27,602] {spark_submit_hook.py:479} INFO - 22/03/15 21:37:27 INFO FileOutputCommitter: File Output Committer Algorithm version is 1
[2022-03-15 21:37:27,603] {spark_submit_hook.py:479} INFO - 22/03/15 21:37:27 INFO SQLHadoopMapReduceCommitProtocol: Using output committer class org.apache.hadoop.mapreduce.lib.output.FileOutputCommitter
[2022-03-15 21:37:27,617] {spark_submit_hook.py:479} INFO - 22/03/15 21:37:27 INFO CodeGenerator: Code generated in 9.797456 ms
[2022-03-15 21:37:27,635] {spark_submit_hook.py:479} INFO - 22/03/15 21:37:27 INFO CodeGenerator: Code generated in 12.932733 ms
[2022-03-15 21:37:27,638] {spark_submit_hook.py:479} INFO - 22/03/15 21:37:27 INFO MemoryStore: Block broadcast_4 stored as values in memory (estimated size 171.4 KiB, free 433.8 MiB)
[2022-03-15 21:37:27,648] {spark_submit_hook.py:479} INFO - 22/03/15 21:37:27 INFO MemoryStore: Block broadcast_4_piece0 stored as bytes in memory (estimated size 23.9 KiB, free 433.8 MiB)
[2022-03-15 21:37:27,649] {spark_submit_hook.py:479} INFO - 22/03/15 21:37:27 INFO BlockManagerInfo: Added broadcast_4_piece0 in memory on 1a222f561522:34661 (size: 23.9 KiB, free: 434.3 MiB)
[2022-03-15 21:37:27,650] {spark_submit_hook.py:479} INFO - 22/03/15 21:37:27 INFO SparkContext: Created broadcast 4 from json at NativeMethodAccessorImpl.java:0
[2022-03-15 21:37:27,651] {spark_submit_hook.py:479} INFO - 22/03/15 21:37:27 INFO FileSourceScanExec: Planning scan with bin packing, max size: 4217798 bytes, open cost is considered as scanning 4194304 bytes.
[2022-03-15 21:37:27,676] {spark_submit_hook.py:479} INFO - 22/03/15 21:37:27 INFO SparkContext: Starting job: json at NativeMethodAccessorImpl.java:0
[2022-03-15 21:37:27,677] {spark_submit_hook.py:479} INFO - 22/03/15 21:37:27 INFO DAGScheduler: Got job 2 (json at NativeMethodAccessorImpl.java:0) with 1 output partitions
[2022-03-15 21:37:27,677] {spark_submit_hook.py:479} INFO - 22/03/15 21:37:27 INFO DAGScheduler: Final stage: ResultStage 2 (json at NativeMethodAccessorImpl.java:0)
[2022-03-15 21:37:27,677] {spark_submit_hook.py:479} INFO - 22/03/15 21:37:27 INFO DAGScheduler: Parents of final stage: List()
[2022-03-15 21:37:27,678] {spark_submit_hook.py:479} INFO - 22/03/15 21:37:27 INFO DAGScheduler: Missing parents: List()
[2022-03-15 21:37:27,679] {spark_submit_hook.py:479} INFO - 22/03/15 21:37:27 INFO DAGScheduler: Submitting ResultStage 2 (CoalescedRDD[25] at json at NativeMethodAccessorImpl.java:0), which has no missing parents
[2022-03-15 21:37:27,697] {spark_submit_hook.py:479} INFO - 22/03/15 21:37:27 INFO MemoryStore: Block broadcast_5 stored as values in memory (estimated size 163.9 KiB, free 433.6 MiB)
[2022-03-15 21:37:27,700] {spark_submit_hook.py:479} INFO - 22/03/15 21:37:27 INFO MemoryStore: Block broadcast_5_piece0 stored as bytes in memory (estimated size 58.8 KiB, free 433.6 MiB)
[2022-03-15 21:37:27,701] {spark_submit_hook.py:479} INFO - 22/03/15 21:37:27 INFO BlockManagerInfo: Added broadcast_5_piece0 in memory on 1a222f561522:34661 (size: 58.8 KiB, free: 434.2 MiB)
[2022-03-15 21:37:27,702] {spark_submit_hook.py:479} INFO - 22/03/15 21:37:27 INFO SparkContext: Created broadcast 5 from broadcast at DAGScheduler.scala:1388
[2022-03-15 21:37:27,702] {spark_submit_hook.py:479} INFO - 22/03/15 21:37:27 INFO DAGScheduler: Submitting 1 missing tasks from ResultStage 2 (CoalescedRDD[25] at json at NativeMethodAccessorImpl.java:0) (first 15 tasks are for partitions Vector(0))
[2022-03-15 21:37:27,703] {spark_submit_hook.py:479} INFO - 22/03/15 21:37:27 INFO TaskSchedulerImpl: Adding task set 2.0 with 1 tasks resource profile 0
[2022-03-15 21:37:27,704] {spark_submit_hook.py:479} INFO - 22/03/15 21:37:27 INFO TaskSetManager: Starting task 0.0 in stage 2.0 (TID 2) (1a222f561522, executor driver, partition 0, PROCESS_LOCAL, 5152 bytes) taskResourceAssignments Map()
[2022-03-15 21:37:27,705] {spark_submit_hook.py:479} INFO - 22/03/15 21:37:27 INFO Executor: Running task 0.0 in stage 2.0 (TID 2)
[2022-03-15 21:37:27,717] {spark_submit_hook.py:479} INFO - 22/03/15 21:37:27 INFO FileOutputCommitter: File Output Committer Algorithm version is 1
[2022-03-15 21:37:27,717] {spark_submit_hook.py:479} INFO - 22/03/15 21:37:27 INFO SQLHadoopMapReduceCommitProtocol: Using output committer class org.apache.hadoop.mapreduce.lib.output.FileOutputCommitter
[2022-03-15 21:37:27,736] {spark_submit_hook.py:479} INFO - 22/03/15 21:37:27 INFO CodeGenerator: Code generated in 8.02879 ms
[2022-03-15 21:37:27,738] {spark_submit_hook.py:479} INFO - 22/03/15 21:37:27 INFO FileScanRDD: Reading File path: file:///run/datapipeline/datalake/bronze/twitter_bbb22/extract_date=2022-03-14/bbb22_20220314.json, range: 0-23494, partition values: [empty row]
[2022-03-15 21:37:27,751] {spark_submit_hook.py:479} INFO - 22/03/15 21:37:27 INFO CodeGenerator: Code generated in 10.620228 ms
[2022-03-15 21:37:27,758] {spark_submit_hook.py:479} INFO - 22/03/15 21:37:27 INFO CodeGenerator: Code generated in 4.696603 ms
[2022-03-15 21:37:27,772] {spark_submit_hook.py:479} INFO - 22/03/15 21:37:27 INFO FileOutputCommitter: Saved output of task 'attempt_202203152137271644730359557472285_0002_m_000000_2' to file:/run/datapipeline/datalake/silver/twitter_bbb22/user/process_date=2022-03-14/_temporary/0/task_202203152137271644730359557472285_0002_m_000000
[2022-03-15 21:37:27,773] {spark_submit_hook.py:479} INFO - 22/03/15 21:37:27 INFO SparkHadoopMapRedUtil: attempt_202203152137271644730359557472285_0002_m_000000_2: Committed
[2022-03-15 21:37:27,774] {spark_submit_hook.py:479} INFO - 22/03/15 21:37:27 INFO Executor: Finished task 0.0 in stage 2.0 (TID 2). 2858 bytes result sent to driver
[2022-03-15 21:37:27,797] {spark_submit_hook.py:479} INFO - 22/03/15 21:37:27 INFO TaskSetManager: Finished task 0.0 in stage 2.0 (TID 2) in 93 ms on 1a222f561522 (executor driver) (1/1)
[2022-03-15 21:37:27,797] {spark_submit_hook.py:479} INFO - 22/03/15 21:37:27 INFO TaskSchedulerImpl: Removed TaskSet 2.0, whose tasks have all completed, from pool
[2022-03-15 21:37:27,798] {spark_submit_hook.py:479} INFO - 22/03/15 21:37:27 INFO DAGScheduler: ResultStage 2 (json at NativeMethodAccessorImpl.java:0) finished in 0.119 s
[2022-03-15 21:37:27,798] {spark_submit_hook.py:479} INFO - 22/03/15 21:37:27 INFO DAGScheduler: Job 2 is finished. Cancelling potential speculative or zombie tasks for this job
[2022-03-15 21:37:27,798] {spark_submit_hook.py:479} INFO - 22/03/15 21:37:27 INFO TaskSchedulerImpl: Killing all running tasks in stage 2: Stage finished
[2022-03-15 21:37:27,804] {spark_submit_hook.py:479} INFO - 22/03/15 21:37:27 INFO DAGScheduler: Job 2 finished: json at NativeMethodAccessorImpl.java:0, took 0.122555 s
[2022-03-15 21:37:27,890] {spark_submit_hook.py:479} INFO - 22/03/15 21:37:27 INFO FileFormatWriter: Write Job 9a3a2488-12de-4fa1-8b69-5bd5f234407e committed.
[2022-03-15 21:37:27,890] {spark_submit_hook.py:479} INFO - 22/03/15 21:37:27 INFO FileFormatWriter: Finished processing stats for write job 9a3a2488-12de-4fa1-8b69-5bd5f234407e.
[2022-03-15 21:37:27,971] {spark_submit_hook.py:479} INFO - 22/03/15 21:37:27 INFO SparkUI: Stopped Spark web UI at http://1a222f561522:4041
[2022-03-15 21:37:27,994] {spark_submit_hook.py:479} INFO - 22/03/15 21:37:27 INFO MapOutputTrackerMasterEndpoint: MapOutputTrackerMasterEndpoint stopped!
[2022-03-15 21:37:28,016] {spark_submit_hook.py:479} INFO - 22/03/15 21:37:28 INFO MemoryStore: MemoryStore cleared
[2022-03-15 21:37:28,016] {spark_submit_hook.py:479} INFO - 22/03/15 21:37:28 INFO BlockManager: BlockManager stopped
[2022-03-15 21:37:28,021] {spark_submit_hook.py:479} INFO - 22/03/15 21:37:28 INFO BlockManagerMaster: BlockManagerMaster stopped
[2022-03-15 21:37:28,023] {spark_submit_hook.py:479} INFO - 22/03/15 21:37:28 INFO OutputCommitCoordinator$OutputCommitCoordinatorEndpoint: OutputCommitCoordinator stopped!
[2022-03-15 21:37:28,047] {spark_submit_hook.py:479} INFO - 22/03/15 21:37:28 INFO SparkContext: Successfully stopped SparkContext
[2022-03-15 21:37:28,070] {spark_submit_hook.py:479} INFO - 22/03/15 21:37:28 INFO ShutdownHookManager: Shutdown hook called
[2022-03-15 21:37:28,070] {spark_submit_hook.py:479} INFO - 22/03/15 21:37:28 INFO ShutdownHookManager: Deleting directory /tmp/spark-b0024869-8eac-498b-b743-f0990236f5ab
[2022-03-15 21:37:28,073] {spark_submit_hook.py:479} INFO - 22/03/15 21:37:28 INFO ShutdownHookManager: Deleting directory /tmp/spark-b0024869-8eac-498b-b743-f0990236f5ab/pyspark-91efdd3b-93dc-4030-b0df-05e263e86487
[2022-03-15 21:37:28,075] {spark_submit_hook.py:479} INFO - 22/03/15 21:37:28 INFO ShutdownHookManager: Deleting directory /tmp/spark-cd9657fe-7f37-4e2a-92d7-35605499235f
[2022-03-15 21:37:28,116] {taskinstance.py:1057} INFO - Marking task as SUCCESS.dag_id=twitter_dag, task_id=transform_twiiter_aluraonline, execution_date=20220314T090000, start_date=20220315T213721, end_date=20220315T213728
[2022-03-15 21:37:31,213] {local_task_job.py:102} INFO - Task exited with return code 0
