[2022-01-31 15:33:36,759] {taskinstance.py:670} INFO - Dependencies all met for <TaskInstance: twitter_dag.twitter_aluraonline 2022-01-28T09:00:00+00:00 [queued]>
[2022-01-31 15:33:36,764] {taskinstance.py:670} INFO - Dependencies all met for <TaskInstance: twitter_dag.twitter_aluraonline 2022-01-28T09:00:00+00:00 [queued]>
[2022-01-31 15:33:36,764] {taskinstance.py:880} INFO - 
--------------------------------------------------------------------------------
[2022-01-31 15:33:36,764] {taskinstance.py:881} INFO - Starting attempt 1 of 1
[2022-01-31 15:33:36,764] {taskinstance.py:882} INFO - 
--------------------------------------------------------------------------------
[2022-01-31 15:33:36,769] {taskinstance.py:901} INFO - Executing <Task(TwitterOperator): twitter_aluraonline> on 2022-01-28T09:00:00+00:00
[2022-01-31 15:33:36,771] {standard_task_runner.py:54} INFO - Started process 31397 to run task
[2022-01-31 15:33:36,800] {standard_task_runner.py:77} INFO - Running: ['airflow', 'run', 'twitter_dag', 'twitter_aluraonline', '2022-01-28T09:00:00+00:00', '--job_id', '15', '--pool', 'default_pool', '--raw', '-sd', 'DAGS_FOLDER/twitter_dag.py', '--cfg_path', '/tmp/tmp99rz66xx']
[2022-01-31 15:33:36,801] {standard_task_runner.py:78} INFO - Job 15: Subtask twitter_aluraonline
[2022-01-31 15:33:36,815] {logging_mixin.py:112} INFO - Running <TaskInstance: twitter_dag.twitter_aluraonline 2022-01-28T09:00:00+00:00 [running]> on host 1a222f561522
[2022-01-31 15:33:36,845] {base_hook.py:89} INFO - Using connection to: id: twitter_default. Host: https://api.twitter.com, Port: None, Schema: None, Login: None, Password: None, extra: XXXXXXXX
[2022-01-31 15:33:36,846] {twitter_hook.py:36} INFO - URL: https://api.twitter.com/2/tweets/search/recent?query=AluraOnline&tweet.fields=author_id,conversation_id,created_at,id,in_reply_to_user_id,public_metrics,text&expansions=author_id&user.fields=id,name,username,created_at&start_time=2022-01-28T09:00:00.00Z&end_time=2022-01-29T09:00:00.00Z
[2022-01-31 15:33:36,864] {logging_mixin.py:112} WARNING - /run/datapipeline/.env/lib/python3.8/site-packages/urllib3/connectionpool.py:981: InsecureRequestWarning: Unverified HTTPS request is being made to host 'api.twitter.com'. Adding certificate verification is strongly advised. See: https://urllib3.readthedocs.io/en/latest/advanced-usage.html#ssl-warnings
  warnings.warn(
[2022-01-31 15:33:37,154] {twitter_hook.py:36} INFO - URL: https://api.twitter.com/2/tweets/search/recent?query=AluraOnline&tweet.fields=author_id,conversation_id,created_at,id,in_reply_to_user_id,public_metrics,text&expansions=author_id&user.fields=id,name,username,created_at&start_time=2022-01-28T09:00:00.00Z&end_time=2022-01-29T09:00:00.00Z&next_token=b26v89c19zqg8o3fpe4823gd5s1g800fyl7iuq39l7se5
[2022-01-31 15:33:37,154] {logging_mixin.py:112} WARNING - /run/datapipeline/.env/lib/python3.8/site-packages/urllib3/connectionpool.py:981: InsecureRequestWarning: Unverified HTTPS request is being made to host 'api.twitter.com'. Adding certificate verification is strongly advised. See: https://urllib3.readthedocs.io/en/latest/advanced-usage.html#ssl-warnings
  warnings.warn(
[2022-01-31 15:33:37,401] {twitter_hook.py:36} INFO - URL: https://api.twitter.com/2/tweets/search/recent?query=AluraOnline&tweet.fields=author_id,conversation_id,created_at,id,in_reply_to_user_id,public_metrics,text&expansions=author_id&user.fields=id,name,username,created_at&start_time=2022-01-28T09:00:00.00Z&end_time=2022-01-29T09:00:00.00Z&next_token=b26v89c19zqg8o3fpe4823fgjdjhb47wbc98pvxjlcnel
[2022-01-31 15:33:37,402] {logging_mixin.py:112} WARNING - /run/datapipeline/.env/lib/python3.8/site-packages/urllib3/connectionpool.py:981: InsecureRequestWarning: Unverified HTTPS request is being made to host 'api.twitter.com'. Adding certificate verification is strongly advised. See: https://urllib3.readthedocs.io/en/latest/advanced-usage.html#ssl-warnings
  warnings.warn(
[2022-01-31 15:33:37,710] {twitter_hook.py:36} INFO - URL: https://api.twitter.com/2/tweets/search/recent?query=AluraOnline&tweet.fields=author_id,conversation_id,created_at,id,in_reply_to_user_id,public_metrics,text&expansions=author_id&user.fields=id,name,username,created_at&start_time=2022-01-28T09:00:00.00Z&end_time=2022-01-29T09:00:00.00Z&next_token=b26v89c19zqg8o3fpe4823evaou96m3ej1w0okiz99u9p
[2022-01-31 15:33:37,710] {logging_mixin.py:112} WARNING - /run/datapipeline/.env/lib/python3.8/site-packages/urllib3/connectionpool.py:981: InsecureRequestWarning: Unverified HTTPS request is being made to host 'api.twitter.com'. Adding certificate verification is strongly advised. See: https://urllib3.readthedocs.io/en/latest/advanced-usage.html#ssl-warnings
  warnings.warn(
[2022-01-31 15:33:38,010] {twitter_hook.py:36} INFO - URL: https://api.twitter.com/2/tweets/search/recent?query=AluraOnline&tweet.fields=author_id,conversation_id,created_at,id,in_reply_to_user_id,public_metrics,text&expansions=author_id&user.fields=id,name,username,created_at&start_time=2022-01-28T09:00:00.00Z&end_time=2022-01-29T09:00:00.00Z&next_token=b26v89c19zqg8o3fpe4823e9l8ihmly4qp9df1lkv62yl
[2022-01-31 15:33:38,010] {logging_mixin.py:112} WARNING - /run/datapipeline/.env/lib/python3.8/site-packages/urllib3/connectionpool.py:981: InsecureRequestWarning: Unverified HTTPS request is being made to host 'api.twitter.com'. Adding certificate verification is strongly advised. See: https://urllib3.readthedocs.io/en/latest/advanced-usage.html#ssl-warnings
  warnings.warn(
[2022-01-31 15:33:38,334] {twitter_hook.py:36} INFO - URL: https://api.twitter.com/2/tweets/search/recent?query=AluraOnline&tweet.fields=author_id,conversation_id,created_at,id,in_reply_to_user_id,public_metrics,text&expansions=author_id&user.fields=id,name,username,created_at&start_time=2022-01-28T09:00:00.00Z&end_time=2022-01-29T09:00:00.00Z&next_token=b26v89c19zqg8o3fpe4821c8f7x0jyxcar61mvfdxwxh9
[2022-01-31 15:33:38,334] {logging_mixin.py:112} WARNING - /run/datapipeline/.env/lib/python3.8/site-packages/urllib3/connectionpool.py:981: InsecureRequestWarning: Unverified HTTPS request is being made to host 'api.twitter.com'. Adding certificate verification is strongly advised. See: https://urllib3.readthedocs.io/en/latest/advanced-usage.html#ssl-warnings
  warnings.warn(
[2022-01-31 15:33:38,622] {twitter_hook.py:36} INFO - URL: https://api.twitter.com/2/tweets/search/recent?query=AluraOnline&tweet.fields=author_id,conversation_id,created_at,id,in_reply_to_user_id,public_metrics,text&expansions=author_id&user.fields=id,name,username,created_at&start_time=2022-01-28T09:00:00.00Z&end_time=2022-01-29T09:00:00.00Z&next_token=b26v89c19zqg8o3fpe4821bc0fdk62ebwugku4v38ehkt
[2022-01-31 15:33:38,623] {logging_mixin.py:112} WARNING - /run/datapipeline/.env/lib/python3.8/site-packages/urllib3/connectionpool.py:981: InsecureRequestWarning: Unverified HTTPS request is being made to host 'api.twitter.com'. Adding certificate verification is strongly advised. See: https://urllib3.readthedocs.io/en/latest/advanced-usage.html#ssl-warnings
  warnings.warn(
[2022-01-31 15:33:38,896] {twitter_hook.py:36} INFO - URL: https://api.twitter.com/2/tweets/search/recent?query=AluraOnline&tweet.fields=author_id,conversation_id,created_at,id,in_reply_to_user_id,public_metrics,text&expansions=author_id&user.fields=id,name,username,created_at&start_time=2022-01-28T09:00:00.00Z&end_time=2022-01-29T09:00:00.00Z&next_token=b26v89c19zqg8o3fpe4821aqh2edmiyfnrr7sqx22to59
[2022-01-31 15:33:38,897] {logging_mixin.py:112} WARNING - /run/datapipeline/.env/lib/python3.8/site-packages/urllib3/connectionpool.py:981: InsecureRequestWarning: Unverified HTTPS request is being made to host 'api.twitter.com'. Adding certificate verification is strongly advised. See: https://urllib3.readthedocs.io/en/latest/advanced-usage.html#ssl-warnings
  warnings.warn(
[2022-01-31 15:33:39,168] {twitter_hook.py:36} INFO - URL: https://api.twitter.com/2/tweets/search/recent?query=AluraOnline&tweet.fields=author_id,conversation_id,created_at,id,in_reply_to_user_id,public_metrics,text&expansions=author_id&user.fields=id,name,username,created_at&start_time=2022-01-28T09:00:00.00Z&end_time=2022-01-29T09:00:00.00Z&next_token=b26v89c19zqg8o3fpe4821afn59aczu7x7u1rhvrdvnnh
[2022-01-31 15:33:39,169] {logging_mixin.py:112} WARNING - /run/datapipeline/.env/lib/python3.8/site-packages/urllib3/connectionpool.py:981: InsecureRequestWarning: Unverified HTTPS request is being made to host 'api.twitter.com'. Adding certificate verification is strongly advised. See: https://urllib3.readthedocs.io/en/latest/advanced-usage.html#ssl-warnings
  warnings.warn(
[2022-01-31 15:33:39,424] {taskinstance.py:1057} INFO - Marking task as SUCCESS.dag_id=twitter_dag, task_id=twitter_aluraonline, execution_date=20220128T090000, start_date=20220131T153336, end_date=20220131T153339
[2022-01-31 15:33:41,756] {local_task_job.py:102} INFO - Task exited with return code 0
[2022-01-31 15:49:54,389] {taskinstance.py:670} INFO - Dependencies all met for <TaskInstance: twitter_dag.twitter_aluraonline 2022-01-28T09:00:00+00:00 [queued]>
[2022-01-31 15:49:54,393] {taskinstance.py:670} INFO - Dependencies all met for <TaskInstance: twitter_dag.twitter_aluraonline 2022-01-28T09:00:00+00:00 [queued]>
[2022-01-31 15:49:54,393] {taskinstance.py:880} INFO - 
--------------------------------------------------------------------------------
[2022-01-31 15:49:54,393] {taskinstance.py:881} INFO - Starting attempt 1 of 1
[2022-01-31 15:49:54,393] {taskinstance.py:882} INFO - 
--------------------------------------------------------------------------------
[2022-01-31 15:49:54,399] {taskinstance.py:901} INFO - Executing <Task(TwitterOperator): twitter_aluraonline> on 2022-01-28T09:00:00+00:00
[2022-01-31 15:49:54,401] {standard_task_runner.py:54} INFO - Started process 13950 to run task
[2022-01-31 15:49:54,430] {standard_task_runner.py:77} INFO - Running: ['airflow', 'run', 'twitter_dag', 'twitter_aluraonline', '2022-01-28T09:00:00+00:00', '--job_id', '17', '--pool', 'default_pool', '--raw', '-sd', 'DAGS_FOLDER/twitter_dag.py', '--cfg_path', '/tmp/tmpb2bd7bvj']
[2022-01-31 15:49:54,430] {standard_task_runner.py:78} INFO - Job 17: Subtask twitter_aluraonline
[2022-01-31 15:49:54,445] {logging_mixin.py:112} INFO - Running <TaskInstance: twitter_dag.twitter_aluraonline 2022-01-28T09:00:00+00:00 [running]> on host 1a222f561522
[2022-01-31 15:49:54,474] {base_hook.py:89} INFO - Using connection to: id: twitter_default. Host: https://api.twitter.com, Port: None, Schema: None, Login: None, Password: None, extra: XXXXXXXX
[2022-01-31 15:49:54,476] {twitter_hook.py:36} INFO - URL: https://api.twitter.com/2/tweets/search/recent?query=AluraOnline&tweet.fields=author_id,conversation_id,created_at,id,in_reply_to_user_id,public_metrics,text&expansions=author_id&user.fields=id,name,username,created_at&start_time=2022-01-28T09:00:00.00Z&end_time=2022-01-29T09:00:00.00Z
[2022-01-31 15:49:54,494] {logging_mixin.py:112} WARNING - /run/datapipeline/.env/lib/python3.8/site-packages/urllib3/connectionpool.py:981: InsecureRequestWarning: Unverified HTTPS request is being made to host 'api.twitter.com'. Adding certificate verification is strongly advised. See: https://urllib3.readthedocs.io/en/latest/advanced-usage.html#ssl-warnings
  warnings.warn(
[2022-01-31 15:49:54,788] {twitter_hook.py:36} INFO - URL: https://api.twitter.com/2/tweets/search/recent?query=AluraOnline&tweet.fields=author_id,conversation_id,created_at,id,in_reply_to_user_id,public_metrics,text&expansions=author_id&user.fields=id,name,username,created_at&start_time=2022-01-28T09:00:00.00Z&end_time=2022-01-29T09:00:00.00Z&next_token=b26v89c19zqg8o3fpe4823gd5s1g800fyl7iuq39l7se5
[2022-01-31 15:49:54,789] {logging_mixin.py:112} WARNING - /run/datapipeline/.env/lib/python3.8/site-packages/urllib3/connectionpool.py:981: InsecureRequestWarning: Unverified HTTPS request is being made to host 'api.twitter.com'. Adding certificate verification is strongly advised. See: https://urllib3.readthedocs.io/en/latest/advanced-usage.html#ssl-warnings
  warnings.warn(
[2022-01-31 15:49:55,053] {twitter_hook.py:36} INFO - URL: https://api.twitter.com/2/tweets/search/recent?query=AluraOnline&tweet.fields=author_id,conversation_id,created_at,id,in_reply_to_user_id,public_metrics,text&expansions=author_id&user.fields=id,name,username,created_at&start_time=2022-01-28T09:00:00.00Z&end_time=2022-01-29T09:00:00.00Z&next_token=b26v89c19zqg8o3fpe4823fgjdjhb47wbc98pvxjlcnel
[2022-01-31 15:49:55,053] {logging_mixin.py:112} WARNING - /run/datapipeline/.env/lib/python3.8/site-packages/urllib3/connectionpool.py:981: InsecureRequestWarning: Unverified HTTPS request is being made to host 'api.twitter.com'. Adding certificate verification is strongly advised. See: https://urllib3.readthedocs.io/en/latest/advanced-usage.html#ssl-warnings
  warnings.warn(
[2022-01-31 15:49:55,337] {twitter_hook.py:36} INFO - URL: https://api.twitter.com/2/tweets/search/recent?query=AluraOnline&tweet.fields=author_id,conversation_id,created_at,id,in_reply_to_user_id,public_metrics,text&expansions=author_id&user.fields=id,name,username,created_at&start_time=2022-01-28T09:00:00.00Z&end_time=2022-01-29T09:00:00.00Z&next_token=b26v89c19zqg8o3fpe4823evaou96m3ej1w0okiz99u9p
[2022-01-31 15:49:55,338] {logging_mixin.py:112} WARNING - /run/datapipeline/.env/lib/python3.8/site-packages/urllib3/connectionpool.py:981: InsecureRequestWarning: Unverified HTTPS request is being made to host 'api.twitter.com'. Adding certificate verification is strongly advised. See: https://urllib3.readthedocs.io/en/latest/advanced-usage.html#ssl-warnings
  warnings.warn(
[2022-01-31 15:49:55,646] {twitter_hook.py:36} INFO - URL: https://api.twitter.com/2/tweets/search/recent?query=AluraOnline&tweet.fields=author_id,conversation_id,created_at,id,in_reply_to_user_id,public_metrics,text&expansions=author_id&user.fields=id,name,username,created_at&start_time=2022-01-28T09:00:00.00Z&end_time=2022-01-29T09:00:00.00Z&next_token=b26v89c19zqg8o3fpe4823e9l8ihmly4qp9df1lkv62yl
[2022-01-31 15:49:55,646] {logging_mixin.py:112} WARNING - /run/datapipeline/.env/lib/python3.8/site-packages/urllib3/connectionpool.py:981: InsecureRequestWarning: Unverified HTTPS request is being made to host 'api.twitter.com'. Adding certificate verification is strongly advised. See: https://urllib3.readthedocs.io/en/latest/advanced-usage.html#ssl-warnings
  warnings.warn(
[2022-01-31 15:49:55,926] {twitter_hook.py:36} INFO - URL: https://api.twitter.com/2/tweets/search/recent?query=AluraOnline&tweet.fields=author_id,conversation_id,created_at,id,in_reply_to_user_id,public_metrics,text&expansions=author_id&user.fields=id,name,username,created_at&start_time=2022-01-28T09:00:00.00Z&end_time=2022-01-29T09:00:00.00Z&next_token=b26v89c19zqg8o3fpe4821c8f7x0jyxcar61mvfdxwxh9
[2022-01-31 15:49:55,926] {logging_mixin.py:112} WARNING - /run/datapipeline/.env/lib/python3.8/site-packages/urllib3/connectionpool.py:981: InsecureRequestWarning: Unverified HTTPS request is being made to host 'api.twitter.com'. Adding certificate verification is strongly advised. See: https://urllib3.readthedocs.io/en/latest/advanced-usage.html#ssl-warnings
  warnings.warn(
[2022-01-31 15:49:56,193] {twitter_hook.py:36} INFO - URL: https://api.twitter.com/2/tweets/search/recent?query=AluraOnline&tweet.fields=author_id,conversation_id,created_at,id,in_reply_to_user_id,public_metrics,text&expansions=author_id&user.fields=id,name,username,created_at&start_time=2022-01-28T09:00:00.00Z&end_time=2022-01-29T09:00:00.00Z&next_token=b26v89c19zqg8o3fpe4821bc0fdk62ebwugku4v38ehkt
[2022-01-31 15:49:56,194] {logging_mixin.py:112} WARNING - /run/datapipeline/.env/lib/python3.8/site-packages/urllib3/connectionpool.py:981: InsecureRequestWarning: Unverified HTTPS request is being made to host 'api.twitter.com'. Adding certificate verification is strongly advised. See: https://urllib3.readthedocs.io/en/latest/advanced-usage.html#ssl-warnings
  warnings.warn(
[2022-01-31 15:49:56,465] {twitter_hook.py:36} INFO - URL: https://api.twitter.com/2/tweets/search/recent?query=AluraOnline&tweet.fields=author_id,conversation_id,created_at,id,in_reply_to_user_id,public_metrics,text&expansions=author_id&user.fields=id,name,username,created_at&start_time=2022-01-28T09:00:00.00Z&end_time=2022-01-29T09:00:00.00Z&next_token=b26v89c19zqg8o3fpe4821aqh2edmiyfnrr7sqx22to59
[2022-01-31 15:49:56,466] {logging_mixin.py:112} WARNING - /run/datapipeline/.env/lib/python3.8/site-packages/urllib3/connectionpool.py:981: InsecureRequestWarning: Unverified HTTPS request is being made to host 'api.twitter.com'. Adding certificate verification is strongly advised. See: https://urllib3.readthedocs.io/en/latest/advanced-usage.html#ssl-warnings
  warnings.warn(
[2022-01-31 15:49:56,768] {twitter_hook.py:36} INFO - URL: https://api.twitter.com/2/tweets/search/recent?query=AluraOnline&tweet.fields=author_id,conversation_id,created_at,id,in_reply_to_user_id,public_metrics,text&expansions=author_id&user.fields=id,name,username,created_at&start_time=2022-01-28T09:00:00.00Z&end_time=2022-01-29T09:00:00.00Z&next_token=b26v89c19zqg8o3fpe4821afn59aczu7x7u1rhvrdvnnh
[2022-01-31 15:49:56,768] {logging_mixin.py:112} WARNING - /run/datapipeline/.env/lib/python3.8/site-packages/urllib3/connectionpool.py:981: InsecureRequestWarning: Unverified HTTPS request is being made to host 'api.twitter.com'. Adding certificate verification is strongly advised. See: https://urllib3.readthedocs.io/en/latest/advanced-usage.html#ssl-warnings
  warnings.warn(
[2022-01-31 15:49:57,020] {taskinstance.py:1057} INFO - Marking task as SUCCESS.dag_id=twitter_dag, task_id=twitter_aluraonline, execution_date=20220128T090000, start_date=20220131T154954, end_date=20220131T154957
[2022-01-31 15:49:59,387] {local_task_job.py:102} INFO - Task exited with return code 0
