[2022-01-31 15:56:33,723] {taskinstance.py:670} INFO - Dependencies all met for <TaskInstance: twitter_dag.transform_twitter_aluraonline 2022-01-30T09:00:00+00:00 [queued]>
[2022-01-31 15:56:33,729] {taskinstance.py:670} INFO - Dependencies all met for <TaskInstance: twitter_dag.transform_twitter_aluraonline 2022-01-30T09:00:00+00:00 [queued]>
[2022-01-31 15:56:33,729] {taskinstance.py:880} INFO - 
--------------------------------------------------------------------------------
[2022-01-31 15:56:33,729] {taskinstance.py:881} INFO - Starting attempt 1 of 1
[2022-01-31 15:56:33,729] {taskinstance.py:882} INFO - 
--------------------------------------------------------------------------------
[2022-01-31 15:56:33,735] {taskinstance.py:901} INFO - Executing <Task(SparkSubmitOperator): transform_twitter_aluraonline> on 2022-01-30T09:00:00+00:00
[2022-01-31 15:56:33,737] {standard_task_runner.py:54} INFO - Started process 19540 to run task
[2022-01-31 15:56:33,766] {standard_task_runner.py:77} INFO - Running: ['airflow', 'run', 'twitter_dag', 'transform_twitter_aluraonline', '2022-01-30T09:00:00+00:00', '--job_id', '22', '--pool', 'default_pool', '--raw', '-sd', 'DAGS_FOLDER/twitter_dag.py', '--cfg_path', '/tmp/tmp585dhtpf']
[2022-01-31 15:56:33,767] {standard_task_runner.py:78} INFO - Job 22: Subtask transform_twitter_aluraonline
[2022-01-31 15:56:33,781] {logging_mixin.py:112} INFO - Running <TaskInstance: twitter_dag.transform_twitter_aluraonline 2022-01-30T09:00:00+00:00 [running]> on host 1a222f561522
[2022-01-31 15:56:33,811] {base_hook.py:89} INFO - Using connection to: id: spark_default. Host: local, Port: None, Schema: None, Login: None, Password: None, extra: XXXXXXXX
[2022-01-31 15:56:33,812] {spark_submit_hook.py:325} INFO - Spark-Submit cmd: /run/pypsark/spark-3.1.2-bin-hadoop2.7/bin/spark-submit --master local --name twitter_transformation /run/datapipeline/spark/transformation.py --src /run/datapipeline/datalake/bronze/twitter_aluraonline/extract_date=2022-01-30 --dest /run/datapipeline/datalake/silver/twitter_aluraonline/ --process-date 2022-01-30
[2022-01-31 15:56:34,789] {spark_submit_hook.py:479} INFO - WARNING: An illegal reflective access operation has occurred
[2022-01-31 15:56:34,789] {spark_submit_hook.py:479} INFO - WARNING: Illegal reflective access by org.apache.spark.unsafe.Platform (file:/run/pypsark/spark-3.1.2-bin-hadoop2.7/jars/spark-unsafe_2.12-3.1.2.jar) to constructor java.nio.DirectByteBuffer(long,int)
[2022-01-31 15:56:34,789] {spark_submit_hook.py:479} INFO - WARNING: Please consider reporting this to the maintainers of org.apache.spark.unsafe.Platform
[2022-01-31 15:56:34,789] {spark_submit_hook.py:479} INFO - WARNING: Use --illegal-access=warn to enable warnings of further illegal reflective access operations
[2022-01-31 15:56:34,789] {spark_submit_hook.py:479} INFO - WARNING: All illegal access operations will be denied in a future release
[2022-01-31 15:56:35,198] {spark_submit_hook.py:479} INFO - 22/01/31 15:56:35 WARN NativeCodeLoader: Unable to load native-hadoop library for your platform... using builtin-java classes where applicable
[2022-01-31 15:56:35,795] {spark_submit_hook.py:479} INFO - Using Spark's default log4j profile: org/apache/spark/log4j-defaults.properties
[2022-01-31 15:56:35,805] {spark_submit_hook.py:479} INFO - 22/01/31 15:56:35 INFO SparkContext: Running Spark version 3.1.2
[2022-01-31 15:56:35,839] {spark_submit_hook.py:479} INFO - 22/01/31 15:56:35 INFO ResourceUtils: ==============================================================
[2022-01-31 15:56:35,839] {spark_submit_hook.py:479} INFO - 22/01/31 15:56:35 INFO ResourceUtils: No custom resources configured for spark.driver.
[2022-01-31 15:56:35,839] {spark_submit_hook.py:479} INFO - 22/01/31 15:56:35 INFO ResourceUtils: ==============================================================
[2022-01-31 15:56:35,840] {spark_submit_hook.py:479} INFO - 22/01/31 15:56:35 INFO SparkContext: Submitted application: twitter_transformation
[2022-01-31 15:56:35,871] {spark_submit_hook.py:479} INFO - 22/01/31 15:56:35 INFO ResourceProfile: Default ResourceProfile created, executor resources: Map(cores -> name: cores, amount: 1, script: , vendor: , memory -> name: memory, amount: 1024, script: , vendor: , offHeap -> name: offHeap, amount: 0, script: , vendor: ), task resources: Map(cpus -> name: cpus, amount: 1.0)
[2022-01-31 15:56:35,883] {spark_submit_hook.py:479} INFO - 22/01/31 15:56:35 INFO ResourceProfile: Limiting resource is cpu
[2022-01-31 15:56:35,884] {spark_submit_hook.py:479} INFO - 22/01/31 15:56:35 INFO ResourceProfileManager: Added ResourceProfile id: 0
[2022-01-31 15:56:35,916] {spark_submit_hook.py:479} INFO - 22/01/31 15:56:35 INFO SecurityManager: Changing view acls to: root
[2022-01-31 15:56:35,916] {spark_submit_hook.py:479} INFO - 22/01/31 15:56:35 INFO SecurityManager: Changing modify acls to: root
[2022-01-31 15:56:35,916] {spark_submit_hook.py:479} INFO - 22/01/31 15:56:35 INFO SecurityManager: Changing view acls groups to:
[2022-01-31 15:56:35,917] {spark_submit_hook.py:479} INFO - 22/01/31 15:56:35 INFO SecurityManager: Changing modify acls groups to:
[2022-01-31 15:56:35,917] {spark_submit_hook.py:479} INFO - 22/01/31 15:56:35 INFO SecurityManager: SecurityManager: authentication disabled; ui acls disabled; users  with view permissions: Set(root); groups with view permissions: Set(); users  with modify permissions: Set(root); groups with modify permissions: Set()
[2022-01-31 15:56:36,060] {spark_submit_hook.py:479} INFO - 22/01/31 15:56:36 INFO Utils: Successfully started service 'sparkDriver' on port 45711.
[2022-01-31 15:56:36,079] {spark_submit_hook.py:479} INFO - 22/01/31 15:56:36 INFO SparkEnv: Registering MapOutputTracker
[2022-01-31 15:56:36,099] {spark_submit_hook.py:479} INFO - 22/01/31 15:56:36 INFO SparkEnv: Registering BlockManagerMaster
[2022-01-31 15:56:36,111] {spark_submit_hook.py:479} INFO - 22/01/31 15:56:36 INFO BlockManagerMasterEndpoint: Using org.apache.spark.storage.DefaultTopologyMapper for getting topology information
[2022-01-31 15:56:36,111] {spark_submit_hook.py:479} INFO - 22/01/31 15:56:36 INFO BlockManagerMasterEndpoint: BlockManagerMasterEndpoint up
[2022-01-31 15:56:36,114] {spark_submit_hook.py:479} INFO - 22/01/31 15:56:36 INFO SparkEnv: Registering BlockManagerMasterHeartbeat
[2022-01-31 15:56:36,122] {spark_submit_hook.py:479} INFO - 22/01/31 15:56:36 INFO DiskBlockManager: Created local directory at /tmp/blockmgr-a2180b00-8fb6-4bcd-865f-2bf62d9674c8
[2022-01-31 15:56:36,138] {spark_submit_hook.py:479} INFO - 22/01/31 15:56:36 INFO MemoryStore: MemoryStore started with capacity 434.4 MiB
[2022-01-31 15:56:36,149] {spark_submit_hook.py:479} INFO - 22/01/31 15:56:36 INFO SparkEnv: Registering OutputCommitCoordinator
[2022-01-31 15:56:36,295] {spark_submit_hook.py:479} INFO - 22/01/31 15:56:36 INFO Utils: Successfully started service 'SparkUI' on port 4040.
[2022-01-31 15:56:36,336] {spark_submit_hook.py:479} INFO - 22/01/31 15:56:36 INFO SparkUI: Bound SparkUI to 0.0.0.0, and started at http://1a222f561522:4040
[2022-01-31 15:56:36,475] {spark_submit_hook.py:479} INFO - 22/01/31 15:56:36 INFO Executor: Starting executor ID driver on host 1a222f561522
[2022-01-31 15:56:36,496] {spark_submit_hook.py:479} INFO - 22/01/31 15:56:36 INFO Utils: Successfully started service 'org.apache.spark.network.netty.NettyBlockTransferService' on port 39669.
[2022-01-31 15:56:36,496] {spark_submit_hook.py:479} INFO - 22/01/31 15:56:36 INFO NettyBlockTransferService: Server created on 1a222f561522:39669
[2022-01-31 15:56:36,497] {spark_submit_hook.py:479} INFO - 22/01/31 15:56:36 INFO BlockManager: Using org.apache.spark.storage.RandomBlockReplicationPolicy for block replication policy
[2022-01-31 15:56:36,520] {spark_submit_hook.py:479} INFO - 22/01/31 15:56:36 INFO BlockManagerMaster: Registering BlockManager BlockManagerId(driver, 1a222f561522, 39669, None)
[2022-01-31 15:56:36,524] {spark_submit_hook.py:479} INFO - 22/01/31 15:56:36 INFO BlockManagerMasterEndpoint: Registering block manager 1a222f561522:39669 with 434.4 MiB RAM, BlockManagerId(driver, 1a222f561522, 39669, None)
[2022-01-31 15:56:36,526] {spark_submit_hook.py:479} INFO - 22/01/31 15:56:36 INFO BlockManagerMaster: Registered BlockManager BlockManagerId(driver, 1a222f561522, 39669, None)
[2022-01-31 15:56:36,527] {spark_submit_hook.py:479} INFO - 22/01/31 15:56:36 INFO BlockManager: Initialized BlockManager: BlockManagerId(driver, 1a222f561522, 39669, None)
[2022-01-31 15:56:36,851] {spark_submit_hook.py:479} INFO - 22/01/31 15:56:36 INFO SharedState: Setting hive.metastore.warehouse.dir ('null') to the value of spark.sql.warehouse.dir ('file:/run/datapipeline/spark-warehouse').
[2022-01-31 15:56:36,851] {spark_submit_hook.py:479} INFO - 22/01/31 15:56:36 INFO SharedState: Warehouse path is 'file:/run/datapipeline/spark-warehouse'.
[2022-01-31 15:56:37,398] {spark_submit_hook.py:479} INFO - 22/01/31 15:56:37 INFO InMemoryFileIndex: It took 28 ms to list leaf files for 1 paths.
[2022-01-31 15:56:37,447] {spark_submit_hook.py:479} INFO - 22/01/31 15:56:37 INFO InMemoryFileIndex: It took 1 ms to list leaf files for 1 paths.
[2022-01-31 15:56:38,650] {spark_submit_hook.py:479} INFO - 22/01/31 15:56:38 INFO FileSourceStrategy: Pushed Filters:
[2022-01-31 15:56:38,651] {spark_submit_hook.py:479} INFO - 22/01/31 15:56:38 INFO FileSourceStrategy: Post-Scan Filters:
[2022-01-31 15:56:38,652] {spark_submit_hook.py:479} INFO - 22/01/31 15:56:38 INFO FileSourceStrategy: Output Data Schema: struct<value: string>
[2022-01-31 15:56:38,842] {spark_submit_hook.py:479} INFO - 22/01/31 15:56:38 INFO MemoryStore: Block broadcast_0 stored as values in memory (estimated size 171.5 KiB, free 434.2 MiB)
[2022-01-31 15:56:38,883] {spark_submit_hook.py:479} INFO - 22/01/31 15:56:38 INFO MemoryStore: Block broadcast_0_piece0 stored as bytes in memory (estimated size 24.0 KiB, free 434.2 MiB)
[2022-01-31 15:56:38,886] {spark_submit_hook.py:479} INFO - 22/01/31 15:56:38 INFO BlockManagerInfo: Added broadcast_0_piece0 in memory on 1a222f561522:39669 (size: 24.0 KiB, free: 434.4 MiB)
[2022-01-31 15:56:38,889] {spark_submit_hook.py:479} INFO - 22/01/31 15:56:38 INFO SparkContext: Created broadcast 0 from json at NativeMethodAccessorImpl.java:0
[2022-01-31 15:56:38,894] {spark_submit_hook.py:479} INFO - 22/01/31 15:56:38 INFO FileSourceScanExec: Planning scan with bin packing, max size: 4203050 bytes, open cost is considered as scanning 4194304 bytes.
[2022-01-31 15:56:39,015] {spark_submit_hook.py:479} INFO - 22/01/31 15:56:39 INFO SparkContext: Starting job: json at NativeMethodAccessorImpl.java:0
[2022-01-31 15:56:39,024] {spark_submit_hook.py:479} INFO - 22/01/31 15:56:39 INFO DAGScheduler: Got job 0 (json at NativeMethodAccessorImpl.java:0) with 1 output partitions
[2022-01-31 15:56:39,025] {spark_submit_hook.py:479} INFO - 22/01/31 15:56:39 INFO DAGScheduler: Final stage: ResultStage 0 (json at NativeMethodAccessorImpl.java:0)
[2022-01-31 15:56:39,025] {spark_submit_hook.py:479} INFO - 22/01/31 15:56:39 INFO DAGScheduler: Parents of final stage: List()
[2022-01-31 15:56:39,026] {spark_submit_hook.py:479} INFO - 22/01/31 15:56:39 INFO DAGScheduler: Missing parents: List()
[2022-01-31 15:56:39,029] {spark_submit_hook.py:479} INFO - 22/01/31 15:56:39 INFO DAGScheduler: Submitting ResultStage 0 (MapPartitionsRDD[3] at json at NativeMethodAccessorImpl.java:0), which has no missing parents
[2022-01-31 15:56:39,090] {spark_submit_hook.py:479} INFO - 22/01/31 15:56:39 INFO MemoryStore: Block broadcast_1 stored as values in memory (estimated size 12.0 KiB, free 434.2 MiB)
[2022-01-31 15:56:39,093] {spark_submit_hook.py:479} INFO - 22/01/31 15:56:39 INFO MemoryStore: Block broadcast_1_piece0 stored as bytes in memory (estimated size 6.3 KiB, free 434.2 MiB)
[2022-01-31 15:56:39,094] {spark_submit_hook.py:479} INFO - 22/01/31 15:56:39 INFO BlockManagerInfo: Added broadcast_1_piece0 in memory on 1a222f561522:39669 (size: 6.3 KiB, free: 434.4 MiB)
[2022-01-31 15:56:39,095] {spark_submit_hook.py:479} INFO - 22/01/31 15:56:39 INFO SparkContext: Created broadcast 1 from broadcast at DAGScheduler.scala:1388
[2022-01-31 15:56:39,103] {spark_submit_hook.py:479} INFO - 22/01/31 15:56:39 INFO DAGScheduler: Submitting 1 missing tasks from ResultStage 0 (MapPartitionsRDD[3] at json at NativeMethodAccessorImpl.java:0) (first 15 tasks are for partitions Vector(0))
[2022-01-31 15:56:39,104] {spark_submit_hook.py:479} INFO - 22/01/31 15:56:39 INFO TaskSchedulerImpl: Adding task set 0.0 with 1 tasks resource profile 0
[2022-01-31 15:56:39,136] {spark_submit_hook.py:479} INFO - 22/01/31 15:56:39 INFO TaskSetManager: Starting task 0.0 in stage 0.0 (TID 0) (1a222f561522, executor driver, partition 0, PROCESS_LOCAL, 4935 bytes) taskResourceAssignments Map()
[2022-01-31 15:56:39,145] {spark_submit_hook.py:479} INFO - 22/01/31 15:56:39 INFO Executor: Running task 0.0 in stage 0.0 (TID 0)
[2022-01-31 15:56:39,242] {spark_submit_hook.py:479} INFO - 22/01/31 15:56:39 INFO FileScanRDD: Reading File path: file:///run/datapipeline/datalake/bronze/twitter_aluraonline/extract_date=2022-01-30/AluraOnline_20220130.json, range: 0-8746, partition values: [empty row]
[2022-01-31 15:56:39,461] {spark_submit_hook.py:479} INFO - 22/01/31 15:56:39 INFO CodeGenerator: Code generated in 130.451459 ms
[2022-01-31 15:56:39,501] {spark_submit_hook.py:479} INFO - 22/01/31 15:56:39 INFO Executor: Finished task 0.0 in stage 0.0 (TID 0). 2858 bytes result sent to driver
[2022-01-31 15:56:39,508] {spark_submit_hook.py:479} INFO - 22/01/31 15:56:39 INFO TaskSetManager: Finished task 0.0 in stage 0.0 (TID 0) in 378 ms on 1a222f561522 (executor driver) (1/1)
[2022-01-31 15:56:39,510] {spark_submit_hook.py:479} INFO - 22/01/31 15:56:39 INFO TaskSchedulerImpl: Removed TaskSet 0.0, whose tasks have all completed, from pool
[2022-01-31 15:56:39,514] {spark_submit_hook.py:479} INFO - 22/01/31 15:56:39 INFO DAGScheduler: ResultStage 0 (json at NativeMethodAccessorImpl.java:0) finished in 0.476 s
[2022-01-31 15:56:39,517] {spark_submit_hook.py:479} INFO - 22/01/31 15:56:39 INFO DAGScheduler: Job 0 is finished. Cancelling potential speculative or zombie tasks for this job
[2022-01-31 15:56:39,517] {spark_submit_hook.py:479} INFO - 22/01/31 15:56:39 INFO TaskSchedulerImpl: Killing all running tasks in stage 0: Stage finished
[2022-01-31 15:56:39,519] {spark_submit_hook.py:479} INFO - 22/01/31 15:56:39 INFO DAGScheduler: Job 0 finished: json at NativeMethodAccessorImpl.java:0, took 0.503778 s
[2022-01-31 15:56:39,827] {spark_submit_hook.py:479} INFO - 22/01/31 15:56:39 INFO FileSourceStrategy: Pushed Filters: IsNotNull(data)
[2022-01-31 15:56:39,828] {spark_submit_hook.py:479} INFO - 22/01/31 15:56:39 INFO FileSourceStrategy: Post-Scan Filters: (size(data#7, true) > 0),isnotnull(data#7)
[2022-01-31 15:56:39,828] {spark_submit_hook.py:479} INFO - 22/01/31 15:56:39 INFO FileSourceStrategy: Output Data Schema: struct<data: array<struct<author_id:string,conversation_id:string,created_at:string,id:string,in_reply_to_user_id:string,public_metrics:struct<like_count:bigint,quote_count:bigint,reply_count:bigint,retweet_count:bigint>,text:string>>>
[2022-01-31 15:56:39,867] {spark_submit_hook.py:479} INFO - 22/01/31 15:56:39 INFO BlockManagerInfo: Removed broadcast_0_piece0 on 1a222f561522:39669 in memory (size: 24.0 KiB, free: 434.4 MiB)
[2022-01-31 15:56:39,872] {spark_submit_hook.py:479} INFO - 22/01/31 15:56:39 INFO BlockManagerInfo: Removed broadcast_1_piece0 on 1a222f561522:39669 in memory (size: 6.3 KiB, free: 434.4 MiB)
[2022-01-31 15:56:39,895] {spark_submit_hook.py:479} INFO - 22/01/31 15:56:39 INFO FileOutputCommitter: File Output Committer Algorithm version is 1
[2022-01-31 15:56:39,896] {spark_submit_hook.py:479} INFO - 22/01/31 15:56:39 INFO SQLHadoopMapReduceCommitProtocol: Using output committer class org.apache.hadoop.mapreduce.lib.output.FileOutputCommitter
[2022-01-31 15:56:39,954] {spark_submit_hook.py:479} INFO - 22/01/31 15:56:39 INFO CodeGenerator: Code generated in 29.993229 ms
[2022-01-31 15:56:39,988] {spark_submit_hook.py:479} INFO - 22/01/31 15:56:39 INFO CodeGenerator: Code generated in 21.75538 ms
[2022-01-31 15:56:39,994] {spark_submit_hook.py:479} INFO - 22/01/31 15:56:39 INFO MemoryStore: Block broadcast_2 stored as values in memory (estimated size 171.4 KiB, free 434.2 MiB)
[2022-01-31 15:56:40,003] {spark_submit_hook.py:479} INFO - 22/01/31 15:56:40 INFO MemoryStore: Block broadcast_2_piece0 stored as bytes in memory (estimated size 23.9 KiB, free 434.2 MiB)
[2022-01-31 15:56:40,003] {spark_submit_hook.py:479} INFO - 22/01/31 15:56:40 INFO BlockManagerInfo: Added broadcast_2_piece0 in memory on 1a222f561522:39669 (size: 23.9 KiB, free: 434.4 MiB)
[2022-01-31 15:56:40,005] {spark_submit_hook.py:479} INFO - 22/01/31 15:56:40 INFO SparkContext: Created broadcast 2 from json at NativeMethodAccessorImpl.java:0
[2022-01-31 15:56:40,007] {spark_submit_hook.py:479} INFO - 22/01/31 15:56:40 INFO FileSourceScanExec: Planning scan with bin packing, max size: 4203050 bytes, open cost is considered as scanning 4194304 bytes.
[2022-01-31 15:56:40,070] {spark_submit_hook.py:479} INFO - 22/01/31 15:56:40 INFO SparkContext: Starting job: json at NativeMethodAccessorImpl.java:0
[2022-01-31 15:56:40,072] {spark_submit_hook.py:479} INFO - 22/01/31 15:56:40 INFO DAGScheduler: Got job 1 (json at NativeMethodAccessorImpl.java:0) with 1 output partitions
[2022-01-31 15:56:40,072] {spark_submit_hook.py:479} INFO - 22/01/31 15:56:40 INFO DAGScheduler: Final stage: ResultStage 1 (json at NativeMethodAccessorImpl.java:0)
[2022-01-31 15:56:40,072] {spark_submit_hook.py:479} INFO - 22/01/31 15:56:40 INFO DAGScheduler: Parents of final stage: List()
[2022-01-31 15:56:40,072] {spark_submit_hook.py:479} INFO - 22/01/31 15:56:40 INFO DAGScheduler: Missing parents: List()
[2022-01-31 15:56:40,073] {spark_submit_hook.py:479} INFO - 22/01/31 15:56:40 INFO DAGScheduler: Submitting ResultStage 1 (CoalescedRDD[13] at json at NativeMethodAccessorImpl.java:0), which has no missing parents
[2022-01-31 15:56:40,107] {spark_submit_hook.py:479} INFO - 22/01/31 15:56:40 INFO MemoryStore: Block broadcast_3 stored as values in memory (estimated size 167.6 KiB, free 434.0 MiB)
[2022-01-31 15:56:40,110] {spark_submit_hook.py:479} INFO - 22/01/31 15:56:40 INFO MemoryStore: Block broadcast_3_piece0 stored as bytes in memory (estimated size 59.6 KiB, free 434.0 MiB)
[2022-01-31 15:56:40,111] {spark_submit_hook.py:479} INFO - 22/01/31 15:56:40 INFO BlockManagerInfo: Added broadcast_3_piece0 in memory on 1a222f561522:39669 (size: 59.6 KiB, free: 434.3 MiB)
[2022-01-31 15:56:40,111] {spark_submit_hook.py:479} INFO - 22/01/31 15:56:40 INFO SparkContext: Created broadcast 3 from broadcast at DAGScheduler.scala:1388
[2022-01-31 15:56:40,112] {spark_submit_hook.py:479} INFO - 22/01/31 15:56:40 INFO DAGScheduler: Submitting 1 missing tasks from ResultStage 1 (CoalescedRDD[13] at json at NativeMethodAccessorImpl.java:0) (first 15 tasks are for partitions Vector(0))
[2022-01-31 15:56:40,112] {spark_submit_hook.py:479} INFO - 22/01/31 15:56:40 INFO TaskSchedulerImpl: Adding task set 1.0 with 1 tasks resource profile 0
[2022-01-31 15:56:40,115] {spark_submit_hook.py:479} INFO - 22/01/31 15:56:40 INFO TaskSetManager: Starting task 0.0 in stage 1.0 (TID 1) (1a222f561522, executor driver, partition 0, PROCESS_LOCAL, 5164 bytes) taskResourceAssignments Map()
[2022-01-31 15:56:40,116] {spark_submit_hook.py:479} INFO - 22/01/31 15:56:40 INFO Executor: Running task 0.0 in stage 1.0 (TID 1)
[2022-01-31 15:56:40,159] {spark_submit_hook.py:479} INFO - 22/01/31 15:56:40 INFO FileOutputCommitter: File Output Committer Algorithm version is 1
[2022-01-31 15:56:40,160] {spark_submit_hook.py:479} INFO - 22/01/31 15:56:40 INFO SQLHadoopMapReduceCommitProtocol: Using output committer class org.apache.hadoop.mapreduce.lib.output.FileOutputCommitter
[2022-01-31 15:56:40,205] {spark_submit_hook.py:479} INFO - 22/01/31 15:56:40 INFO CodeGenerator: Code generated in 16.930967 ms
[2022-01-31 15:56:40,207] {spark_submit_hook.py:479} INFO - 22/01/31 15:56:40 INFO FileScanRDD: Reading File path: file:///run/datapipeline/datalake/bronze/twitter_aluraonline/extract_date=2022-01-30/AluraOnline_20220130.json, range: 0-8746, partition values: [empty row]
[2022-01-31 15:56:40,225] {spark_submit_hook.py:479} INFO - 22/01/31 15:56:40 INFO CodeGenerator: Code generated in 15.164549 ms
[2022-01-31 15:56:40,243] {spark_submit_hook.py:479} INFO - 22/01/31 15:56:40 INFO CodeGenerator: Code generated in 4.230142 ms
[2022-01-31 15:56:40,276] {spark_submit_hook.py:479} INFO - 22/01/31 15:56:40 INFO FileOutputCommitter: Saved output of task 'attempt_202201311556402290652267307527124_0001_m_000000_1' to file:/run/datapipeline/datalake/silver/twitter_aluraonline/tweet/process_date=2022-01-30/_temporary/0/task_202201311556402290652267307527124_0001_m_000000
[2022-01-31 15:56:40,276] {spark_submit_hook.py:479} INFO - 22/01/31 15:56:40 INFO SparkHadoopMapRedUtil: attempt_202201311556402290652267307527124_0001_m_000000_1: Committed
[2022-01-31 15:56:40,280] {spark_submit_hook.py:479} INFO - 22/01/31 15:56:40 INFO Executor: Finished task 0.0 in stage 1.0 (TID 1). 2901 bytes result sent to driver
[2022-01-31 15:56:40,282] {spark_submit_hook.py:479} INFO - 22/01/31 15:56:40 INFO TaskSetManager: Finished task 0.0 in stage 1.0 (TID 1) in 169 ms on 1a222f561522 (executor driver) (1/1)
[2022-01-31 15:56:40,282] {spark_submit_hook.py:479} INFO - 22/01/31 15:56:40 INFO TaskSchedulerImpl: Removed TaskSet 1.0, whose tasks have all completed, from pool
[2022-01-31 15:56:40,283] {spark_submit_hook.py:479} INFO - 22/01/31 15:56:40 INFO DAGScheduler: ResultStage 1 (json at NativeMethodAccessorImpl.java:0) finished in 0.209 s
[2022-01-31 15:56:40,283] {spark_submit_hook.py:479} INFO - 22/01/31 15:56:40 INFO DAGScheduler: Job 1 is finished. Cancelling potential speculative or zombie tasks for this job
[2022-01-31 15:56:40,283] {spark_submit_hook.py:479} INFO - 22/01/31 15:56:40 INFO TaskSchedulerImpl: Killing all running tasks in stage 1: Stage finished
[2022-01-31 15:56:40,284] {spark_submit_hook.py:479} INFO - 22/01/31 15:56:40 INFO DAGScheduler: Job 1 finished: json at NativeMethodAccessorImpl.java:0, took 0.213234 s
[2022-01-31 15:56:40,296] {spark_submit_hook.py:479} INFO - 22/01/31 15:56:40 INFO FileFormatWriter: Write Job ed3a4a67-3691-4021-999e-61b069c69d6d committed.
[2022-01-31 15:56:40,299] {spark_submit_hook.py:479} INFO - 22/01/31 15:56:40 INFO FileFormatWriter: Finished processing stats for write job ed3a4a67-3691-4021-999e-61b069c69d6d.
[2022-01-31 15:56:40,340] {spark_submit_hook.py:479} INFO - 22/01/31 15:56:40 INFO FileSourceStrategy: Pushed Filters: IsNotNull(includes)
[2022-01-31 15:56:40,340] {spark_submit_hook.py:479} INFO - 22/01/31 15:56:40 INFO FileSourceStrategy: Post-Scan Filters: isnotnull(includes#8),(size(includes#8.users, true) > 0),isnotnull(includes#8.users)
[2022-01-31 15:56:40,340] {spark_submit_hook.py:479} INFO - 22/01/31 15:56:40 INFO FileSourceStrategy: Output Data Schema: struct<includes: struct<users: array<struct<created_at:string,id:string,name:string,username:string>>>>
[2022-01-31 15:56:40,352] {spark_submit_hook.py:479} INFO - 22/01/31 15:56:40 INFO FileOutputCommitter: File Output Committer Algorithm version is 1
[2022-01-31 15:56:40,353] {spark_submit_hook.py:479} INFO - 22/01/31 15:56:40 INFO SQLHadoopMapReduceCommitProtocol: Using output committer class org.apache.hadoop.mapreduce.lib.output.FileOutputCommitter
[2022-01-31 15:56:40,368] {spark_submit_hook.py:479} INFO - 22/01/31 15:56:40 INFO CodeGenerator: Code generated in 10.032378 ms
[2022-01-31 15:56:40,386] {spark_submit_hook.py:479} INFO - 22/01/31 15:56:40 INFO CodeGenerator: Code generated in 12.790157 ms
[2022-01-31 15:56:40,390] {spark_submit_hook.py:479} INFO - 22/01/31 15:56:40 INFO MemoryStore: Block broadcast_4 stored as values in memory (estimated size 171.4 KiB, free 433.8 MiB)
[2022-01-31 15:56:40,398] {spark_submit_hook.py:479} INFO - 22/01/31 15:56:40 INFO MemoryStore: Block broadcast_4_piece0 stored as bytes in memory (estimated size 23.9 KiB, free 433.8 MiB)
[2022-01-31 15:56:40,399] {spark_submit_hook.py:479} INFO - 22/01/31 15:56:40 INFO BlockManagerInfo: Added broadcast_4_piece0 in memory on 1a222f561522:39669 (size: 23.9 KiB, free: 434.3 MiB)
[2022-01-31 15:56:40,400] {spark_submit_hook.py:479} INFO - 22/01/31 15:56:40 INFO SparkContext: Created broadcast 4 from json at NativeMethodAccessorImpl.java:0
[2022-01-31 15:56:40,401] {spark_submit_hook.py:479} INFO - 22/01/31 15:56:40 INFO FileSourceScanExec: Planning scan with bin packing, max size: 4203050 bytes, open cost is considered as scanning 4194304 bytes.
[2022-01-31 15:56:40,431] {spark_submit_hook.py:479} INFO - 22/01/31 15:56:40 INFO SparkContext: Starting job: json at NativeMethodAccessorImpl.java:0
[2022-01-31 15:56:40,432] {spark_submit_hook.py:479} INFO - 22/01/31 15:56:40 INFO DAGScheduler: Got job 2 (json at NativeMethodAccessorImpl.java:0) with 1 output partitions
[2022-01-31 15:56:40,432] {spark_submit_hook.py:479} INFO - 22/01/31 15:56:40 INFO DAGScheduler: Final stage: ResultStage 2 (json at NativeMethodAccessorImpl.java:0)
[2022-01-31 15:56:40,432] {spark_submit_hook.py:479} INFO - 22/01/31 15:56:40 INFO DAGScheduler: Parents of final stage: List()
[2022-01-31 15:56:40,432] {spark_submit_hook.py:479} INFO - 22/01/31 15:56:40 INFO DAGScheduler: Missing parents: List()
[2022-01-31 15:56:40,433] {spark_submit_hook.py:479} INFO - 22/01/31 15:56:40 INFO DAGScheduler: Submitting ResultStage 2 (CoalescedRDD[25] at json at NativeMethodAccessorImpl.java:0), which has no missing parents
[2022-01-31 15:56:40,451] {spark_submit_hook.py:479} INFO - 22/01/31 15:56:40 INFO MemoryStore: Block broadcast_5 stored as values in memory (estimated size 164.0 KiB, free 433.6 MiB)
[2022-01-31 15:56:40,454] {spark_submit_hook.py:479} INFO - 22/01/31 15:56:40 INFO MemoryStore: Block broadcast_5_piece0 stored as bytes in memory (estimated size 58.8 KiB, free 433.6 MiB)
[2022-01-31 15:56:40,455] {spark_submit_hook.py:479} INFO - 22/01/31 15:56:40 INFO BlockManagerInfo: Added broadcast_5_piece0 in memory on 1a222f561522:39669 (size: 58.8 KiB, free: 434.2 MiB)
[2022-01-31 15:56:40,455] {spark_submit_hook.py:479} INFO - 22/01/31 15:56:40 INFO SparkContext: Created broadcast 5 from broadcast at DAGScheduler.scala:1388
[2022-01-31 15:56:40,456] {spark_submit_hook.py:479} INFO - 22/01/31 15:56:40 INFO DAGScheduler: Submitting 1 missing tasks from ResultStage 2 (CoalescedRDD[25] at json at NativeMethodAccessorImpl.java:0) (first 15 tasks are for partitions Vector(0))
[2022-01-31 15:56:40,456] {spark_submit_hook.py:479} INFO - 22/01/31 15:56:40 INFO TaskSchedulerImpl: Adding task set 2.0 with 1 tasks resource profile 0
[2022-01-31 15:56:40,458] {spark_submit_hook.py:479} INFO - 22/01/31 15:56:40 INFO TaskSetManager: Starting task 0.0 in stage 2.0 (TID 2) (1a222f561522, executor driver, partition 0, PROCESS_LOCAL, 5164 bytes) taskResourceAssignments Map()
[2022-01-31 15:56:40,458] {spark_submit_hook.py:479} INFO - 22/01/31 15:56:40 INFO Executor: Running task 0.0 in stage 2.0 (TID 2)
[2022-01-31 15:56:40,477] {spark_submit_hook.py:479} INFO - 22/01/31 15:56:40 INFO FileOutputCommitter: File Output Committer Algorithm version is 1
[2022-01-31 15:56:40,477] {spark_submit_hook.py:479} INFO - 22/01/31 15:56:40 INFO SQLHadoopMapReduceCommitProtocol: Using output committer class org.apache.hadoop.mapreduce.lib.output.FileOutputCommitter
[2022-01-31 15:56:40,500] {spark_submit_hook.py:479} INFO - 22/01/31 15:56:40 INFO CodeGenerator: Code generated in 10.899338 ms
[2022-01-31 15:56:40,503] {spark_submit_hook.py:479} INFO - 22/01/31 15:56:40 INFO FileScanRDD: Reading File path: file:///run/datapipeline/datalake/bronze/twitter_aluraonline/extract_date=2022-01-30/AluraOnline_20220130.json, range: 0-8746, partition values: [empty row]
[2022-01-31 15:56:40,515] {spark_submit_hook.py:479} INFO - 22/01/31 15:56:40 INFO CodeGenerator: Code generated in 10.583085 ms
[2022-01-31 15:56:40,524] {spark_submit_hook.py:479} INFO - 22/01/31 15:56:40 INFO CodeGenerator: Code generated in 5.383594 ms
[2022-01-31 15:56:40,535] {spark_submit_hook.py:479} INFO - 22/01/31 15:56:40 INFO FileOutputCommitter: Saved output of task 'attempt_202201311556405316135337909613070_0002_m_000000_2' to file:/run/datapipeline/datalake/silver/twitter_aluraonline/user/process_date=2022-01-30/_temporary/0/task_202201311556405316135337909613070_0002_m_000000
[2022-01-31 15:56:40,535] {spark_submit_hook.py:479} INFO - 22/01/31 15:56:40 INFO SparkHadoopMapRedUtil: attempt_202201311556405316135337909613070_0002_m_000000_2: Committed
[2022-01-31 15:56:40,537] {spark_submit_hook.py:479} INFO - 22/01/31 15:56:40 INFO Executor: Finished task 0.0 in stage 2.0 (TID 2). 2858 bytes result sent to driver
[2022-01-31 15:56:40,539] {spark_submit_hook.py:479} INFO - 22/01/31 15:56:40 INFO TaskSetManager: Finished task 0.0 in stage 2.0 (TID 2) in 81 ms on 1a222f561522 (executor driver) (1/1)
[2022-01-31 15:56:40,539] {spark_submit_hook.py:479} INFO - 22/01/31 15:56:40 INFO TaskSchedulerImpl: Removed TaskSet 2.0, whose tasks have all completed, from pool
[2022-01-31 15:56:40,540] {spark_submit_hook.py:479} INFO - 22/01/31 15:56:40 INFO DAGScheduler: ResultStage 2 (json at NativeMethodAccessorImpl.java:0) finished in 0.106 s
[2022-01-31 15:56:40,540] {spark_submit_hook.py:479} INFO - 22/01/31 15:56:40 INFO DAGScheduler: Job 2 is finished. Cancelling potential speculative or zombie tasks for this job
[2022-01-31 15:56:40,540] {spark_submit_hook.py:479} INFO - 22/01/31 15:56:40 INFO TaskSchedulerImpl: Killing all running tasks in stage 2: Stage finished
[2022-01-31 15:56:40,542] {spark_submit_hook.py:479} INFO - 22/01/31 15:56:40 INFO DAGScheduler: Job 2 finished: json at NativeMethodAccessorImpl.java:0, took 0.109780 s
[2022-01-31 15:56:40,553] {spark_submit_hook.py:479} INFO - 22/01/31 15:56:40 INFO FileFormatWriter: Write Job 923cd1df-d9a9-4d32-b803-7461892f0e6a committed.
[2022-01-31 15:56:40,554] {spark_submit_hook.py:479} INFO - 22/01/31 15:56:40 INFO FileFormatWriter: Finished processing stats for write job 923cd1df-d9a9-4d32-b803-7461892f0e6a.
[2022-01-31 15:56:40,599] {spark_submit_hook.py:479} INFO - 22/01/31 15:56:40 INFO SparkUI: Stopped Spark web UI at http://1a222f561522:4040
[2022-01-31 15:56:40,613] {spark_submit_hook.py:479} INFO - 22/01/31 15:56:40 INFO MapOutputTrackerMasterEndpoint: MapOutputTrackerMasterEndpoint stopped!
[2022-01-31 15:56:40,621] {spark_submit_hook.py:479} INFO - 22/01/31 15:56:40 INFO MemoryStore: MemoryStore cleared
[2022-01-31 15:56:40,621] {spark_submit_hook.py:479} INFO - 22/01/31 15:56:40 INFO BlockManager: BlockManager stopped
[2022-01-31 15:56:40,623] {spark_submit_hook.py:479} INFO - 22/01/31 15:56:40 INFO BlockManagerMaster: BlockManagerMaster stopped
[2022-01-31 15:56:40,625] {spark_submit_hook.py:479} INFO - 22/01/31 15:56:40 INFO OutputCommitCoordinator$OutputCommitCoordinatorEndpoint: OutputCommitCoordinator stopped!
[2022-01-31 15:56:40,628] {spark_submit_hook.py:479} INFO - 22/01/31 15:56:40 INFO SparkContext: Successfully stopped SparkContext
[2022-01-31 15:56:40,629] {spark_submit_hook.py:479} INFO - 22/01/31 15:56:40 INFO ShutdownHookManager: Shutdown hook called
[2022-01-31 15:56:40,629] {spark_submit_hook.py:479} INFO - 22/01/31 15:56:40 INFO ShutdownHookManager: Deleting directory /tmp/spark-3a674f1c-5573-4006-9765-020da3f05012/pyspark-6dd5b4fc-dd2b-4115-8abd-363c37de2482
[2022-01-31 15:56:40,631] {spark_submit_hook.py:479} INFO - 22/01/31 15:56:40 INFO ShutdownHookManager: Deleting directory /tmp/spark-d80d2c39-b58d-4495-9078-6b505a196391
[2022-01-31 15:56:40,632] {spark_submit_hook.py:479} INFO - 22/01/31 15:56:40 INFO ShutdownHookManager: Deleting directory /tmp/spark-3a674f1c-5573-4006-9765-020da3f05012
[2022-01-31 15:56:40,651] {taskinstance.py:1057} INFO - Marking task as SUCCESS.dag_id=twitter_dag, task_id=transform_twitter_aluraonline, execution_date=20220130T090000, start_date=20220131T155633, end_date=20220131T155640
[2022-01-31 15:56:43,726] {local_task_job.py:102} INFO - Task exited with return code 0
